CRITICAL - 2025-05-18 12:56:59 --> ErrorException: Attempt to read property "id" on int
in APPPATH\Controllers\ClientePlanos.php on line 76.
 1 APPPATH\Controllers\ClientePlanos.php(76): CodeIgniter\Debug\Exceptions->errorHandler(2, 'Attempt to read property "id" on int', 'C:\\wamp64\\www\\sites\\Projeto1\\Back-end\\app\\Controllers\\ClientePlanos.php', 76)
 2 SYSTEMPATH\CodeIgniter.php(941): App\Controllers\ClientePlanos->pesquisarId()
 3 SYSTEMPATH\CodeIgniter.php(502): CodeIgniter\CodeIgniter->runController(Object(App\Controllers\ClientePlanos))
 4 SYSTEMPATH\CodeIgniter.php(361): CodeIgniter\CodeIgniter->handleRequest(null, Object(Config\Cache), false)
 5 FCPATH\index.php(85): CodeIgniter\CodeIgniter->run()
ERROR - 2025-05-18 12:58:32 --> mysqli_sql_exception: Unknown column 'cliente_planos.plano_id' in 'on clause' in C:\wamp64\www\sites\Projeto1\Back-end\system\Database\MySQLi\Connection.php:306
Stack trace:
#0 C:\wamp64\www\sites\Projeto1\Back-end\system\Database\MySQLi\Connection.php(306): mysqli->query('SELECT *\nFROM `...', 0)
#1 C:\wamp64\www\sites\Projeto1\Back-end\system\Database\BaseConnection.php(693): CodeIgniter\Database\MySQLi\Connection->execute('SELECT *\nFROM `...')
#2 C:\wamp64\www\sites\Projeto1\Back-end\system\Database\BaseConnection.php(607): CodeIgniter\Database\BaseConnection->simpleQuery('SELECT *\nFROM `...')
#3 C:\wamp64\www\sites\Projeto1\Back-end\system\Database\BaseBuilder.php(1616): CodeIgniter\Database\BaseConnection->query('SELECT *\nFROM `...', Array, false)
#4 C:\wamp64\www\sites\Projeto1\Back-end\system\Model.php(872): CodeIgniter\Database\BaseBuilder->get()
#5 C:\wamp64\www\sites\Projeto1\Back-end\app\Controllers\ClientePlanos.php(78): CodeIgniter\Model->__call('get', Array)
#6 C:\wamp64\www\sites\Projeto1\Back-end\system\CodeIgniter.php(941): App\Controllers\ClientePlanos->pesquisarId()
#7 C:\wamp64\www\sites\Projeto1\Back-end\system\CodeIgniter.php(502): CodeIgniter\CodeIgniter->runController(Object(App\Controllers\ClientePlanos))
#8 C:\wamp64\www\sites\Projeto1\Back-end\system\CodeIgniter.php(361): CodeIgniter\CodeIgniter->handleRequest(NULL, Object(Config\Cache), false)
#9 C:\wamp64\www\sites\Projeto1\Back-end\public\index.php(85): CodeIgniter\CodeIgniter->run()
#10 {main}
CRITICAL - 2025-05-18 12:58:32 --> CodeIgniter\Database\Exceptions\DatabaseException: Unknown column 'cliente_planos.plano_id' in 'on clause'
in SYSTEMPATH\Database\BaseConnection.php on line 647.
 1 SYSTEMPATH\Database\BaseBuilder.php(1616): CodeIgniter\Database\BaseConnection->query('SELECT *
FROM `clientes_planos`
JOIN `planos` ON `cliente_planos`.`plano_id` = `planos`.`id`
WHERE `cliente_id` = :cliente_id:', [...], false)
 2 SYSTEMPATH\Model.php(872): CodeIgniter\Database\BaseBuilder->get()
 3 APPPATH\Controllers\ClientePlanos.php(78): CodeIgniter\Model->__call('get', [])
 4 SYSTEMPATH\CodeIgniter.php(941): App\Controllers\ClientePlanos->pesquisarId()
 5 SYSTEMPATH\CodeIgniter.php(502): CodeIgniter\CodeIgniter->runController(Object(App\Controllers\ClientePlanos))
 6 SYSTEMPATH\CodeIgniter.php(361): CodeIgniter\CodeIgniter->handleRequest(null, Object(Config\Cache), false)
 7 FCPATH\index.php(85): CodeIgniter\CodeIgniter->run()
CRITICAL - 2025-05-18 12:58:32 --> [Caused by] CodeIgniter\Database\Exceptions\DatabaseException: Unknown column 'cliente_planos.plano_id' in 'on clause'
in SYSTEMPATH\Database\MySQLi\Connection.php on line 311.
 1 SYSTEMPATH\Database\BaseConnection.php(693): CodeIgniter\Database\MySQLi\Connection->execute('SELECT *
FROM `clientes_planos`
JOIN `planos` ON `cliente_planos`.`plano_id` = `planos`.`id`
WHERE `cliente_id` = 124')
 2 SYSTEMPATH\Database\BaseConnection.php(607): CodeIgniter\Database\BaseConnection->simpleQuery('SELECT *
FROM `clientes_planos`
JOIN `planos` ON `cliente_planos`.`plano_id` = `planos`.`id`
WHERE `cliente_id` = 124')
 3 SYSTEMPATH\Database\BaseBuilder.php(1616): CodeIgniter\Database\BaseConnection->query('SELECT *
FROM `clientes_planos`
JOIN `planos` ON `cliente_planos`.`plano_id` = `planos`.`id`
WHERE `cliente_id` = :cliente_id:', [...], false)
 4 SYSTEMPATH\Model.php(872): CodeIgniter\Database\BaseBuilder->get()
 5 APPPATH\Controllers\ClientePlanos.php(78): CodeIgniter\Model->__call('get', [])
 6 SYSTEMPATH\CodeIgniter.php(941): App\Controllers\ClientePlanos->pesquisarId()
 7 SYSTEMPATH\CodeIgniter.php(502): CodeIgniter\CodeIgniter->runController(Object(App\Controllers\ClientePlanos))
 8 SYSTEMPATH\CodeIgniter.php(361): CodeIgniter\CodeIgniter->handleRequest(null, Object(Config\Cache), false)
 9 FCPATH\index.php(85): CodeIgniter\CodeIgniter->run()
CRITICAL - 2025-05-18 12:58:32 --> [Caused by] mysqli_sql_exception: Unknown column 'cliente_planos.plano_id' in 'on clause'
in SYSTEMPATH\Database\MySQLi\Connection.php on line 306.
 1 SYSTEMPATH\Database\MySQLi\Connection.php(306): mysqli->query('SELECT *
FROM `clientes_planos`
JOIN `planos` ON `cliente_planos`.`plano_id` = `planos`.`id`
WHERE `cliente_id` = 124', 0)
 2 SYSTEMPATH\Database\BaseConnection.php(693): CodeIgniter\Database\MySQLi\Connection->execute('SELECT *
FROM `clientes_planos`
JOIN `planos` ON `cliente_planos`.`plano_id` = `planos`.`id`
WHERE `cliente_id` = 124')
 3 SYSTEMPATH\Database\BaseConnection.php(607): CodeIgniter\Database\BaseConnection->simpleQuery('SELECT *
FROM `clientes_planos`
JOIN `planos` ON `cliente_planos`.`plano_id` = `planos`.`id`
WHERE `cliente_id` = 124')
 4 SYSTEMPATH\Database\BaseBuilder.php(1616): CodeIgniter\Database\BaseConnection->query('SELECT *
FROM `clientes_planos`
JOIN `planos` ON `cliente_planos`.`plano_id` = `planos`.`id`
WHERE `cliente_id` = :cliente_id:', [...], false)
 5 SYSTEMPATH\Model.php(872): CodeIgniter\Database\BaseBuilder->get()
 6 APPPATH\Controllers\ClientePlanos.php(78): CodeIgniter\Model->__call('get', [])
 7 SYSTEMPATH\CodeIgniter.php(941): App\Controllers\ClientePlanos->pesquisarId()
 8 SYSTEMPATH\CodeIgniter.php(502): CodeIgniter\CodeIgniter->runController(Object(App\Controllers\ClientePlanos))
 9 SYSTEMPATH\CodeIgniter.php(361): CodeIgniter\CodeIgniter->handleRequest(null, Object(Config\Cache), false)
10 FCPATH\index.php(85): CodeIgniter\CodeIgniter->run()
CRITICAL - 2025-05-18 13:00:36 --> ErrorException: Attempt to read property "id" on int
in APPPATH\Controllers\ClientePlanos.php on line 76.
 1 APPPATH\Controllers\ClientePlanos.php(76): CodeIgniter\Debug\Exceptions->errorHandler(2, 'Attempt to read property "id" on int', 'C:\\wamp64\\www\\sites\\Projeto1\\Back-end\\app\\Controllers\\ClientePlanos.php', 76)
 2 SYSTEMPATH\CodeIgniter.php(941): App\Controllers\ClientePlanos->pesquisarId()
 3 SYSTEMPATH\CodeIgniter.php(502): CodeIgniter\CodeIgniter->runController(Object(App\Controllers\ClientePlanos))
 4 SYSTEMPATH\CodeIgniter.php(361): CodeIgniter\CodeIgniter->handleRequest(null, Object(Config\Cache), false)
 5 FCPATH\index.php(85): CodeIgniter\CodeIgniter->run()
CRITICAL - 2025-05-18 13:00:51 --> ErrorException: Attempt to read property "id" on int
in APPPATH\Controllers\ClientePlanos.php on line 76.
 1 APPPATH\Controllers\ClientePlanos.php(76): CodeIgniter\Debug\Exceptions->errorHandler(2, 'Attempt to read property "id" on int', 'C:\\wamp64\\www\\sites\\Projeto1\\Back-end\\app\\Controllers\\ClientePlanos.php', 76)
 2 SYSTEMPATH\CodeIgniter.php(941): App\Controllers\ClientePlanos->pesquisarId()
 3 SYSTEMPATH\CodeIgniter.php(502): CodeIgniter\CodeIgniter->runController(Object(App\Controllers\ClientePlanos))
 4 SYSTEMPATH\CodeIgniter.php(361): CodeIgniter\CodeIgniter->handleRequest(null, Object(Config\Cache), false)
 5 FCPATH\index.php(85): CodeIgniter\CodeIgniter->run()
CRITICAL - 2025-05-18 13:01:11 --> ErrorException: Attempt to read property "id" on int
in APPPATH\Controllers\ClientePlanos.php on line 76.
 1 APPPATH\Controllers\ClientePlanos.php(76): CodeIgniter\Debug\Exceptions->errorHandler(2, 'Attempt to read property "id" on int', 'C:\\wamp64\\www\\sites\\Projeto1\\Back-end\\app\\Controllers\\ClientePlanos.php', 76)
 2 SYSTEMPATH\CodeIgniter.php(941): App\Controllers\ClientePlanos->pesquisarId()
 3 SYSTEMPATH\CodeIgniter.php(502): CodeIgniter\CodeIgniter->runController(Object(App\Controllers\ClientePlanos))
 4 SYSTEMPATH\CodeIgniter.php(361): CodeIgniter\CodeIgniter->handleRequest(null, Object(Config\Cache), false)
 5 FCPATH\index.php(85): CodeIgniter\CodeIgniter->run()
CRITICAL - 2025-05-18 13:01:43 --> ErrorException: Attempt to read property "id" on int
in APPPATH\Controllers\ClientePlanos.php on line 76.
 1 APPPATH\Controllers\ClientePlanos.php(76): CodeIgniter\Debug\Exceptions->errorHandler(2, 'Attempt to read property "id" on int', 'C:\\wamp64\\www\\sites\\Projeto1\\Back-end\\app\\Controllers\\ClientePlanos.php', 76)
 2 SYSTEMPATH\CodeIgniter.php(941): App\Controllers\ClientePlanos->pesquisarId()
 3 SYSTEMPATH\CodeIgniter.php(502): CodeIgniter\CodeIgniter->runController(Object(App\Controllers\ClientePlanos))
 4 SYSTEMPATH\CodeIgniter.php(361): CodeIgniter\CodeIgniter->handleRequest(null, Object(Config\Cache), false)
 5 FCPATH\index.php(85): CodeIgniter\CodeIgniter->run()
CRITICAL - 2025-05-18 13:01:53 --> ErrorException: Attempt to read property "id" on int
in APPPATH\Controllers\ClientePlanos.php on line 76.
 1 APPPATH\Controllers\ClientePlanos.php(76): CodeIgniter\Debug\Exceptions->errorHandler(2, 'Attempt to read property "id" on int', 'C:\\wamp64\\www\\sites\\Projeto1\\Back-end\\app\\Controllers\\ClientePlanos.php', 76)
 2 SYSTEMPATH\CodeIgniter.php(941): App\Controllers\ClientePlanos->pesquisarId()
 3 SYSTEMPATH\CodeIgniter.php(502): CodeIgniter\CodeIgniter->runController(Object(App\Controllers\ClientePlanos))
 4 SYSTEMPATH\CodeIgniter.php(361): CodeIgniter\CodeIgniter->handleRequest(null, Object(Config\Cache), false)
 5 FCPATH\index.php(85): CodeIgniter\CodeIgniter->run()
CRITICAL - 2025-05-18 13:01:53 --> ErrorException: Attempt to read property "id" on int
in APPPATH\Controllers\Ficha.php on line 71.
 1 APPPATH\Controllers\Ficha.php(71): CodeIgniter\Debug\Exceptions->errorHandler(2, 'Attempt to read property "id" on int', 'C:\\wamp64\\www\\sites\\Projeto1\\Back-end\\app\\Controllers\\Ficha.php', 71)
 2 SYSTEMPATH\CodeIgniter.php(941): App\Controllers\Ficha->pesquisarCli()
 3 SYSTEMPATH\CodeIgniter.php(502): CodeIgniter\CodeIgniter->runController(Object(App\Controllers\Ficha))
 4 SYSTEMPATH\CodeIgniter.php(361): CodeIgniter\CodeIgniter->handleRequest(null, Object(Config\Cache), false)
 5 FCPATH\index.php(85): CodeIgniter\CodeIgniter->run()
CRITICAL - 2025-05-18 13:01:58 --> ErrorException: Attempt to read property "id" on int
in APPPATH\Controllers\Ficha.php on line 71.
 1 APPPATH\Controllers\Ficha.php(71): CodeIgniter\Debug\Exceptions->errorHandler(2, 'Attempt to read property "id" on int', 'C:\\wamp64\\www\\sites\\Projeto1\\Back-end\\app\\Controllers\\Ficha.php', 71)
 2 SYSTEMPATH\CodeIgniter.php(941): App\Controllers\Ficha->pesquisarCli()
 3 SYSTEMPATH\CodeIgniter.php(502): CodeIgniter\CodeIgniter->runController(Object(App\Controllers\Ficha))
 4 SYSTEMPATH\CodeIgniter.php(361): CodeIgniter\CodeIgniter->handleRequest(null, Object(Config\Cache), false)
 5 FCPATH\index.php(85): CodeIgniter\CodeIgniter->run()
CRITICAL - 2025-05-18 13:01:58 --> ErrorException: Attempt to read property "id" on int
in APPPATH\Controllers\ClientePlanos.php on line 76.
 1 APPPATH\Controllers\ClientePlanos.php(76): CodeIgniter\Debug\Exceptions->errorHandler(2, 'Attempt to read property "id" on int', 'C:\\wamp64\\www\\sites\\Projeto1\\Back-end\\app\\Controllers\\ClientePlanos.php', 76)
 2 SYSTEMPATH\CodeIgniter.php(941): App\Controllers\ClientePlanos->pesquisarId()
 3 SYSTEMPATH\CodeIgniter.php(502): CodeIgniter\CodeIgniter->runController(Object(App\Controllers\ClientePlanos))
 4 SYSTEMPATH\CodeIgniter.php(361): CodeIgniter\CodeIgniter->handleRequest(null, Object(Config\Cache), false)
 5 FCPATH\index.php(85): CodeIgniter\CodeIgniter->run()
CRITICAL - 2025-05-18 13:02:04 --> ErrorException: Attempt to read property "id" on int
in APPPATH\Controllers\Ficha.php on line 71.
 1 APPPATH\Controllers\Ficha.php(71): CodeIgniter\Debug\Exceptions->errorHandler(2, 'Attempt to read property "id" on int', 'C:\\wamp64\\www\\sites\\Projeto1\\Back-end\\app\\Controllers\\Ficha.php', 71)
 2 SYSTEMPATH\CodeIgniter.php(941): App\Controllers\Ficha->pesquisarCli()
 3 SYSTEMPATH\CodeIgniter.php(502): CodeIgniter\CodeIgniter->runController(Object(App\Controllers\Ficha))
 4 SYSTEMPATH\CodeIgniter.php(361): CodeIgniter\CodeIgniter->handleRequest(null, Object(Config\Cache), false)
 5 FCPATH\index.php(85): CodeIgniter\CodeIgniter->run()
CRITICAL - 2025-05-18 13:02:04 --> ErrorException: Attempt to read property "id" on int
in APPPATH\Controllers\ClientePlanos.php on line 76.
 1 APPPATH\Controllers\ClientePlanos.php(76): CodeIgniter\Debug\Exceptions->errorHandler(2, 'Attempt to read property "id" on int', 'C:\\wamp64\\www\\sites\\Projeto1\\Back-end\\app\\Controllers\\ClientePlanos.php', 76)
 2 SYSTEMPATH\CodeIgniter.php(941): App\Controllers\ClientePlanos->pesquisarId()
 3 SYSTEMPATH\CodeIgniter.php(502): CodeIgniter\CodeIgniter->runController(Object(App\Controllers\ClientePlanos))
 4 SYSTEMPATH\CodeIgniter.php(361): CodeIgniter\CodeIgniter->handleRequest(null, Object(Config\Cache), false)
 5 FCPATH\index.php(85): CodeIgniter\CodeIgniter->run()
CRITICAL - 2025-05-18 13:02:17 --> ErrorException: Attempt to read property "id" on int
in APPPATH\Controllers\Ficha.php on line 71.
 1 APPPATH\Controllers\Ficha.php(71): CodeIgniter\Debug\Exceptions->errorHandler(2, 'Attempt to read property "id" on int', 'C:\\wamp64\\www\\sites\\Projeto1\\Back-end\\app\\Controllers\\Ficha.php', 71)
 2 SYSTEMPATH\CodeIgniter.php(941): App\Controllers\Ficha->pesquisarCli()
 3 SYSTEMPATH\CodeIgniter.php(502): CodeIgniter\CodeIgniter->runController(Object(App\Controllers\Ficha))
 4 SYSTEMPATH\CodeIgniter.php(361): CodeIgniter\CodeIgniter->handleRequest(null, Object(Config\Cache), false)
 5 FCPATH\index.php(85): CodeIgniter\CodeIgniter->run()
CRITICAL - 2025-05-18 13:02:17 --> ErrorException: Attempt to read property "id" on int
in APPPATH\Controllers\ClientePlanos.php on line 76.
 1 APPPATH\Controllers\ClientePlanos.php(76): CodeIgniter\Debug\Exceptions->errorHandler(2, 'Attempt to read property "id" on int', 'C:\\wamp64\\www\\sites\\Projeto1\\Back-end\\app\\Controllers\\ClientePlanos.php', 76)
 2 SYSTEMPATH\CodeIgniter.php(941): App\Controllers\ClientePlanos->pesquisarId()
 3 SYSTEMPATH\CodeIgniter.php(502): CodeIgniter\CodeIgniter->runController(Object(App\Controllers\ClientePlanos))
 4 SYSTEMPATH\CodeIgniter.php(361): CodeIgniter\CodeIgniter->handleRequest(null, Object(Config\Cache), false)
 5 FCPATH\index.php(85): CodeIgniter\CodeIgniter->run()
CRITICAL - 2025-05-18 13:02:37 --> ErrorException: Attempt to read property "id" on int
in APPPATH\Controllers\ClientePlanos.php on line 76.
 1 APPPATH\Controllers\ClientePlanos.php(76): CodeIgniter\Debug\Exceptions->errorHandler(2, 'Attempt to read property "id" on int', 'C:\\wamp64\\www\\sites\\Projeto1\\Back-end\\app\\Controllers\\ClientePlanos.php', 76)
 2 SYSTEMPATH\CodeIgniter.php(941): App\Controllers\ClientePlanos->pesquisarId()
 3 SYSTEMPATH\CodeIgniter.php(502): CodeIgniter\CodeIgniter->runController(Object(App\Controllers\ClientePlanos))
 4 SYSTEMPATH\CodeIgniter.php(361): CodeIgniter\CodeIgniter->handleRequest(null, Object(Config\Cache), false)
 5 FCPATH\index.php(85): CodeIgniter\CodeIgniter->run()
CRITICAL - 2025-05-18 13:02:37 --> ErrorException: Attempt to read property "id" on int
in APPPATH\Controllers\Ficha.php on line 71.
 1 APPPATH\Controllers\Ficha.php(71): CodeIgniter\Debug\Exceptions->errorHandler(2, 'Attempt to read property "id" on int', 'C:\\wamp64\\www\\sites\\Projeto1\\Back-end\\app\\Controllers\\Ficha.php', 71)
 2 SYSTEMPATH\CodeIgniter.php(941): App\Controllers\Ficha->pesquisarCli()
 3 SYSTEMPATH\CodeIgniter.php(502): CodeIgniter\CodeIgniter->runController(Object(App\Controllers\Ficha))
 4 SYSTEMPATH\CodeIgniter.php(361): CodeIgniter\CodeIgniter->handleRequest(null, Object(Config\Cache), false)
 5 FCPATH\index.php(85): CodeIgniter\CodeIgniter->run()
CRITICAL - 2025-05-18 13:03:08 --> ErrorException: Attempt to read property "id" on int
in APPPATH\Controllers\ClientePlanos.php on line 76.
 1 APPPATH\Controllers\ClientePlanos.php(76): CodeIgniter\Debug\Exceptions->errorHandler(2, 'Attempt to read property "id" on int', 'C:\\wamp64\\www\\sites\\Projeto1\\Back-end\\app\\Controllers\\ClientePlanos.php', 76)
 2 SYSTEMPATH\CodeIgniter.php(941): App\Controllers\ClientePlanos->pesquisarId()
 3 SYSTEMPATH\CodeIgniter.php(502): CodeIgniter\CodeIgniter->runController(Object(App\Controllers\ClientePlanos))
 4 SYSTEMPATH\CodeIgniter.php(361): CodeIgniter\CodeIgniter->handleRequest(null, Object(Config\Cache), false)
 5 FCPATH\index.php(85): CodeIgniter\CodeIgniter->run()
CRITICAL - 2025-05-18 13:03:08 --> ErrorException: Attempt to read property "id" on string
in APPPATH\Controllers\Ficha.php on line 71.
 1 APPPATH\Controllers\Ficha.php(71): CodeIgniter\Debug\Exceptions->errorHandler(2, 'Attempt to read property "id" on string', 'C:\\wamp64\\www\\sites\\Projeto1\\Back-end\\app\\Controllers\\Ficha.php', 71)
 2 SYSTEMPATH\CodeIgniter.php(941): App\Controllers\Ficha->pesquisarCli()
 3 SYSTEMPATH\CodeIgniter.php(502): CodeIgniter\CodeIgniter->runController(Object(App\Controllers\Ficha))
 4 SYSTEMPATH\CodeIgniter.php(361): CodeIgniter\CodeIgniter->handleRequest(null, Object(Config\Cache), false)
 5 FCPATH\index.php(85): CodeIgniter\CodeIgniter->run()
CRITICAL - 2025-05-18 13:03:19 --> ErrorException: Attempt to read property "id" on int
in APPPATH\Controllers\ClientePlanos.php on line 76.
 1 APPPATH\Controllers\ClientePlanos.php(76): CodeIgniter\Debug\Exceptions->errorHandler(2, 'Attempt to read property "id" on int', 'C:\\wamp64\\www\\sites\\Projeto1\\Back-end\\app\\Controllers\\ClientePlanos.php', 76)
 2 SYSTEMPATH\CodeIgniter.php(941): App\Controllers\ClientePlanos->pesquisarId()
 3 SYSTEMPATH\CodeIgniter.php(502): CodeIgniter\CodeIgniter->runController(Object(App\Controllers\ClientePlanos))
 4 SYSTEMPATH\CodeIgniter.php(361): CodeIgniter\CodeIgniter->handleRequest(null, Object(Config\Cache), false)
 5 FCPATH\index.php(85): CodeIgniter\CodeIgniter->run()
CRITICAL - 2025-05-18 14:16:25 --> ParseError: syntax error, unexpected token ")", expecting identifier or variable or "{" or "$"
in APPPATH\Controllers\Ficha.php on line 62.
 1 SYSTEMPATH\Autoloader\Autoloader.php(290): CodeIgniter\Autoloader\Autoloader->includeFile('C:\\wamp64\\www\\sites\\Projeto1\\Back-end\\app\\Controllers\\Ficha.php')
 2 SYSTEMPATH\Autoloader\Autoloader.php(266): CodeIgniter\Autoloader\Autoloader->loadInNamespace('App\\Controllers\\Ficha')
 3 [internal function]: CodeIgniter\Autoloader\Autoloader->loadClass('App\\Controllers\\Ficha')
 4 SYSTEMPATH\CodeIgniter.php(899): class_exists('\\App\\Controllers\\Ficha', true)
 5 SYSTEMPATH\CodeIgniter.php(489): CodeIgniter\CodeIgniter->startController()
 6 SYSTEMPATH\CodeIgniter.php(361): CodeIgniter\CodeIgniter->handleRequest(null, Object(Config\Cache), false)
 7 FCPATH\index.php(85): CodeIgniter\CodeIgniter->run()
CRITICAL - 2025-05-18 14:16:39 --> ParseError: syntax error, unexpected token ")", expecting identifier or variable or "{" or "$"
in APPPATH\Controllers\Ficha.php on line 62.
 1 SYSTEMPATH\Autoloader\Autoloader.php(290): CodeIgniter\Autoloader\Autoloader->includeFile('C:\\wamp64\\www\\sites\\Projeto1\\Back-end\\app\\Controllers\\Ficha.php')
 2 SYSTEMPATH\Autoloader\Autoloader.php(266): CodeIgniter\Autoloader\Autoloader->loadInNamespace('App\\Controllers\\Ficha')
 3 [internal function]: CodeIgniter\Autoloader\Autoloader->loadClass('App\\Controllers\\Ficha')
 4 SYSTEMPATH\CodeIgniter.php(899): class_exists('\\App\\Controllers\\Ficha', true)
 5 SYSTEMPATH\CodeIgniter.php(489): CodeIgniter\CodeIgniter->startController()
 6 SYSTEMPATH\CodeIgniter.php(361): CodeIgniter\CodeIgniter->handleRequest(null, Object(Config\Cache), false)
 7 FCPATH\index.php(85): CodeIgniter\CodeIgniter->run()
CRITICAL - 2025-05-18 18:05:55 --> ErrorException: Undefined property: stdClass::$id
in APPPATH\Controllers\ClientePlanos.php on line 76.
 1 APPPATH\Controllers\ClientePlanos.php(76): CodeIgniter\Debug\Exceptions->errorHandler(2, 'Undefined property: stdClass::$id', 'C:\\wamp64\\www\\sites\\Projeto1\\Back-end\\app\\Controllers\\ClientePlanos.php', 76)
 2 SYSTEMPATH\CodeIgniter.php(941): App\Controllers\ClientePlanos->pesquisarId()
 3 SYSTEMPATH\CodeIgniter.php(502): CodeIgniter\CodeIgniter->runController(Object(App\Controllers\ClientePlanos))
 4 SYSTEMPATH\CodeIgniter.php(361): CodeIgniter\CodeIgniter->handleRequest(null, Object(Config\Cache), false)
 5 FCPATH\index.php(85): CodeIgniter\CodeIgniter->run()
CRITICAL - 2025-05-18 18:05:55 --> ErrorException: Undefined property: stdClass::$id
in APPPATH\Controllers\Ficha.php on line 63.
 1 APPPATH\Controllers\Ficha.php(63): CodeIgniter\Debug\Exceptions->errorHandler(2, 'Undefined property: stdClass::$id', 'C:\\wamp64\\www\\sites\\Projeto1\\Back-end\\app\\Controllers\\Ficha.php', 63)
 2 SYSTEMPATH\CodeIgniter.php(941): App\Controllers\Ficha->pesquisarCli()
 3 SYSTEMPATH\CodeIgniter.php(502): CodeIgniter\CodeIgniter->runController(Object(App\Controllers\Ficha))
 4 SYSTEMPATH\CodeIgniter.php(361): CodeIgniter\CodeIgniter->handleRequest(null, Object(Config\Cache), false)
 5 FCPATH\index.php(85): CodeIgniter\CodeIgniter->run()
CRITICAL - 2025-05-18 18:05:59 --> ErrorException: Undefined property: stdClass::$id
in APPPATH\Controllers\ClientePlanos.php on line 76.
 1 APPPATH\Controllers\ClientePlanos.php(76): CodeIgniter\Debug\Exceptions->errorHandler(2, 'Undefined property: stdClass::$id', 'C:\\wamp64\\www\\sites\\Projeto1\\Back-end\\app\\Controllers\\ClientePlanos.php', 76)
 2 SYSTEMPATH\CodeIgniter.php(941): App\Controllers\ClientePlanos->pesquisarId()
 3 SYSTEMPATH\CodeIgniter.php(502): CodeIgniter\CodeIgniter->runController(Object(App\Controllers\ClientePlanos))
 4 SYSTEMPATH\CodeIgniter.php(361): CodeIgniter\CodeIgniter->handleRequest(null, Object(Config\Cache), false)
 5 FCPATH\index.php(85): CodeIgniter\CodeIgniter->run()
CRITICAL - 2025-05-18 18:05:59 --> ErrorException: Undefined property: stdClass::$id
in APPPATH\Controllers\Ficha.php on line 63.
 1 APPPATH\Controllers\Ficha.php(63): CodeIgniter\Debug\Exceptions->errorHandler(2, 'Undefined property: stdClass::$id', 'C:\\wamp64\\www\\sites\\Projeto1\\Back-end\\app\\Controllers\\Ficha.php', 63)
 2 SYSTEMPATH\CodeIgniter.php(941): App\Controllers\Ficha->pesquisarCli()
 3 SYSTEMPATH\CodeIgniter.php(502): CodeIgniter\CodeIgniter->runController(Object(App\Controllers\Ficha))
 4 SYSTEMPATH\CodeIgniter.php(361): CodeIgniter\CodeIgniter->handleRequest(null, Object(Config\Cache), false)
 5 FCPATH\index.php(85): CodeIgniter\CodeIgniter->run()
CRITICAL - 2025-05-18 18:12:13 --> ErrorException: Attempt to read property "id" on null
in APPPATH\Controllers\Ficha.php on line 74.
 1 APPPATH\Controllers\Ficha.php(74): CodeIgniter\Debug\Exceptions->errorHandler(2, 'Attempt to read property "id" on null', 'C:\\wamp64\\www\\sites\\Projeto1\\Back-end\\app\\Controllers\\Ficha.php', 74)
 2 SYSTEMPATH\CodeIgniter.php(941): App\Controllers\Ficha->pesquisarCli()
 3 SYSTEMPATH\CodeIgniter.php(502): CodeIgniter\CodeIgniter->runController(Object(App\Controllers\Ficha))
 4 SYSTEMPATH\CodeIgniter.php(361): CodeIgniter\CodeIgniter->handleRequest(null, Object(Config\Cache), false)
 5 FCPATH\index.php(85): CodeIgniter\CodeIgniter->run()
CRITICAL - 2025-05-18 18:12:30 --> ErrorException: Attempt to read property "id" on int
in APPPATH\Controllers\Ficha.php on line 74.
 1 APPPATH\Controllers\Ficha.php(74): CodeIgniter\Debug\Exceptions->errorHandler(2, 'Attempt to read property "id" on int', 'C:\\wamp64\\www\\sites\\Projeto1\\Back-end\\app\\Controllers\\Ficha.php', 74)
 2 SYSTEMPATH\CodeIgniter.php(941): App\Controllers\Ficha->pesquisarCli()
 3 SYSTEMPATH\CodeIgniter.php(502): CodeIgniter\CodeIgniter->runController(Object(App\Controllers\Ficha))
 4 SYSTEMPATH\CodeIgniter.php(361): CodeIgniter\CodeIgniter->handleRequest(null, Object(Config\Cache), false)
 5 FCPATH\index.php(85): CodeIgniter\CodeIgniter->run()
CRITICAL - 2025-05-18 18:12:51 --> ErrorException: Attempt to read property "id" on int
in APPPATH\Controllers\Ficha.php on line 74.
 1 APPPATH\Controllers\Ficha.php(74): CodeIgniter\Debug\Exceptions->errorHandler(2, 'Attempt to read property "id" on int', 'C:\\wamp64\\www\\sites\\Projeto1\\Back-end\\app\\Controllers\\Ficha.php', 74)
 2 SYSTEMPATH\CodeIgniter.php(941): App\Controllers\Ficha->pesquisarCli()
 3 SYSTEMPATH\CodeIgniter.php(502): CodeIgniter\CodeIgniter->runController(Object(App\Controllers\Ficha))
 4 SYSTEMPATH\CodeIgniter.php(361): CodeIgniter\CodeIgniter->handleRequest(null, Object(Config\Cache), false)
 5 FCPATH\index.php(85): CodeIgniter\CodeIgniter->run()
CRITICAL - 2025-05-18 19:17:32 --> ErrorException: Undefined array key "preco"
in APPPATH\Controllers\ClientePlanos.php on line 65.
 1 APPPATH\Controllers\ClientePlanos.php(65): CodeIgniter\Debug\Exceptions->errorHandler(2, 'Undefined array key "preco"', 'C:\\wamp64\\www\\sites\\Projeto1\\Back-end\\app\\Controllers\\ClientePlanos.php', 65)
 2 APPPATH\Controllers\Cliente.php(127): App\Controllers\ClientePlanos->create([...], 11)
 3 SYSTEMPATH\CodeIgniter.php(941): App\Controllers\Cliente->createComplete()
 4 SYSTEMPATH\CodeIgniter.php(502): CodeIgniter\CodeIgniter->runController(Object(App\Controllers\Cliente))
 5 SYSTEMPATH\CodeIgniter.php(361): CodeIgniter\CodeIgniter->handleRequest(null, Object(Config\Cache), false)
 6 FCPATH\index.php(85): CodeIgniter\CodeIgniter->run()
CRITICAL - 2025-05-18 19:26:28 --> Error: Class "App\Controllers\PagamentosModel" not found
in APPPATH\Controllers\Cliente.php on line 30.
 1 SYSTEMPATH\CodeIgniter.php(913): App\Controllers\Cliente->__construct()
 2 SYSTEMPATH\CodeIgniter.php(493): CodeIgniter\CodeIgniter->createController()
 3 SYSTEMPATH\CodeIgniter.php(361): CodeIgniter\CodeIgniter->handleRequest(null, Object(Config\Cache), false)
 4 FCPATH\index.php(85): CodeIgniter\CodeIgniter->run()
