CRITICAL - 2024-10-07 22:26:32 --> ErrorException: Undefined property: CodeIgniter\Database\MySQLi\Result::$foto_perfil
in APPPATH\Controllers\Admin.php on line 84.
 1 APPPATH\Controllers\Admin.php(84): CodeIgniter\Debug\Exceptions->errorHandler(2, 'Undefined property: CodeIgniter\\Database\\MySQLi\\Result::$foto_perfil', 'C:\\wamp64\\www\\sites\\Projeto1\\Back-end\\app\\Controllers\\Admin.php', 84)
 2 SYSTEMPATH\CodeIgniter.php(941): App\Controllers\Admin->buscar()
 3 SYSTEMPATH\CodeIgniter.php(502): CodeIgniter\CodeIgniter->runController(Object(App\Controllers\Admin))
 4 SYSTEMPATH\CodeIgniter.php(361): CodeIgniter\CodeIgniter->handleRequest(null, Object(Config\Cache), false)
 5 FCPATH\index.php(85): CodeIgniter\CodeIgniter->run()
CRITICAL - 2024-10-07 22:27:21 --> Error: Cannot use object of type CodeIgniter\Database\MySQLi\Result as array
in APPPATH\Controllers\Admin.php on line 84.
 1 SYSTEMPATH\CodeIgniter.php(941): App\Controllers\Admin->buscar()
 2 SYSTEMPATH\CodeIgniter.php(502): CodeIgniter\CodeIgniter->runController(Object(App\Controllers\Admin))
 3 SYSTEMPATH\CodeIgniter.php(361): CodeIgniter\CodeIgniter->handleRequest(null, Object(Config\Cache), false)
 4 FCPATH\index.php(85): CodeIgniter\CodeIgniter->run()
CRITICAL - 2024-10-07 22:27:38 --> Error: Cannot use object of type CodeIgniter\Database\MySQLi\Result as array
in APPPATH\Controllers\Admin.php on line 84.
 1 SYSTEMPATH\CodeIgniter.php(941): App\Controllers\Admin->buscar()
 2 SYSTEMPATH\CodeIgniter.php(502): CodeIgniter\CodeIgniter->runController(Object(App\Controllers\Admin))
 3 SYSTEMPATH\CodeIgniter.php(361): CodeIgniter\CodeIgniter->handleRequest(null, Object(Config\Cache), false)
 4 FCPATH\index.php(85): CodeIgniter\CodeIgniter->run()
CRITICAL - 2024-10-07 22:32:36 --> Error: Cannot use object of type CodeIgniter\Database\MySQLi\Result as array
in APPPATH\Controllers\Admin.php on line 91.
 1 SYSTEMPATH\CodeIgniter.php(941): App\Controllers\Admin->buscar()
 2 SYSTEMPATH\CodeIgniter.php(502): CodeIgniter\CodeIgniter->runController(Object(App\Controllers\Admin))
 3 SYSTEMPATH\CodeIgniter.php(361): CodeIgniter\CodeIgniter->handleRequest(null, Object(Config\Cache), false)
 4 FCPATH\index.php(85): CodeIgniter\CodeIgniter->run()
CRITICAL - 2024-10-07 22:32:46 --> Error: Cannot use object of type CodeIgniter\Database\MySQLi\Result as array
in APPPATH\Controllers\Admin.php on line 91.
 1 SYSTEMPATH\CodeIgniter.php(941): App\Controllers\Admin->buscar()
 2 SYSTEMPATH\CodeIgniter.php(502): CodeIgniter\CodeIgniter->runController(Object(App\Controllers\Admin))
 3 SYSTEMPATH\CodeIgniter.php(361): CodeIgniter\CodeIgniter->handleRequest(null, Object(Config\Cache), false)
 4 FCPATH\index.php(85): CodeIgniter\CodeIgniter->run()
CRITICAL - 2024-10-07 22:32:57 --> Error: Cannot use object of type CodeIgniter\Database\MySQLi\Result as array
in APPPATH\Controllers\Admin.php on line 91.
 1 SYSTEMPATH\CodeIgniter.php(941): App\Controllers\Admin->buscar()
 2 SYSTEMPATH\CodeIgniter.php(502): CodeIgniter\CodeIgniter->runController(Object(App\Controllers\Admin))
 3 SYSTEMPATH\CodeIgniter.php(361): CodeIgniter\CodeIgniter->handleRequest(null, Object(Config\Cache), false)
 4 FCPATH\index.php(85): CodeIgniter\CodeIgniter->run()
CRITICAL - 2024-10-07 22:33:52 --> Error: Cannot use object of type CodeIgniter\Database\MySQLi\Result as array
in APPPATH\Controllers\Admin.php on line 91.
 1 SYSTEMPATH\CodeIgniter.php(941): App\Controllers\Admin->buscar()
 2 SYSTEMPATH\CodeIgniter.php(502): CodeIgniter\CodeIgniter->runController(Object(App\Controllers\Admin))
 3 SYSTEMPATH\CodeIgniter.php(361): CodeIgniter\CodeIgniter->handleRequest(null, Object(Config\Cache), false)
 4 FCPATH\index.php(85): CodeIgniter\CodeIgniter->run()
CRITICAL - 2024-10-07 22:34:06 --> Error: Cannot use object of type CodeIgniter\Database\MySQLi\Result as array
in APPPATH\Controllers\Admin.php on line 91.
 1 SYSTEMPATH\CodeIgniter.php(941): App\Controllers\Admin->buscar()
 2 SYSTEMPATH\CodeIgniter.php(502): CodeIgniter\CodeIgniter->runController(Object(App\Controllers\Admin))
 3 SYSTEMPATH\CodeIgniter.php(361): CodeIgniter\CodeIgniter->handleRequest(null, Object(Config\Cache), false)
 4 FCPATH\index.php(85): CodeIgniter\CodeIgniter->run()
CRITICAL - 2024-10-07 22:34:41 --> Error: Cannot use object of type CodeIgniter\Database\MySQLi\Result as array
in APPPATH\Controllers\Admin.php on line 85.
 1 SYSTEMPATH\CodeIgniter.php(941): App\Controllers\Admin->buscar()
 2 SYSTEMPATH\CodeIgniter.php(502): CodeIgniter\CodeIgniter->runController(Object(App\Controllers\Admin))
 3 SYSTEMPATH\CodeIgniter.php(361): CodeIgniter\CodeIgniter->handleRequest(null, Object(Config\Cache), false)
 4 FCPATH\index.php(85): CodeIgniter\CodeIgniter->run()
CRITICAL - 2024-10-07 22:36:24 --> Error: Cannot use object of type CodeIgniter\Database\MySQLi\Result as array
in APPPATH\Controllers\Admin.php on line 85.
 1 SYSTEMPATH\CodeIgniter.php(941): App\Controllers\Admin->buscar()
 2 SYSTEMPATH\CodeIgniter.php(502): CodeIgniter\CodeIgniter->runController(Object(App\Controllers\Admin))
 3 SYSTEMPATH\CodeIgniter.php(361): CodeIgniter\CodeIgniter->handleRequest(null, Object(Config\Cache), false)
 4 FCPATH\index.php(85): CodeIgniter\CodeIgniter->run()
CRITICAL - 2024-10-07 22:36:25 --> Error: Cannot use object of type CodeIgniter\Database\MySQLi\Result as array
in APPPATH\Controllers\Admin.php on line 85.
 1 SYSTEMPATH\CodeIgniter.php(941): App\Controllers\Admin->buscar()
 2 SYSTEMPATH\CodeIgniter.php(502): CodeIgniter\CodeIgniter->runController(Object(App\Controllers\Admin))
 3 SYSTEMPATH\CodeIgniter.php(361): CodeIgniter\CodeIgniter->handleRequest(null, Object(Config\Cache), false)
 4 FCPATH\index.php(85): CodeIgniter\CodeIgniter->run()
CRITICAL - 2024-10-07 22:36:25 --> Error: Cannot use object of type CodeIgniter\Database\MySQLi\Result as array
in APPPATH\Controllers\Admin.php on line 85.
 1 SYSTEMPATH\CodeIgniter.php(941): App\Controllers\Admin->buscar()
 2 SYSTEMPATH\CodeIgniter.php(502): CodeIgniter\CodeIgniter->runController(Object(App\Controllers\Admin))
 3 SYSTEMPATH\CodeIgniter.php(361): CodeIgniter\CodeIgniter->handleRequest(null, Object(Config\Cache), false)
 4 FCPATH\index.php(85): CodeIgniter\CodeIgniter->run()
CRITICAL - 2024-10-07 22:37:05 --> Error: Cannot use object of type CodeIgniter\Database\MySQLi\Result as array
in APPPATH\Controllers\Admin.php on line 85.
 1 SYSTEMPATH\CodeIgniter.php(941): App\Controllers\Admin->buscar()
 2 SYSTEMPATH\CodeIgniter.php(502): CodeIgniter\CodeIgniter->runController(Object(App\Controllers\Admin))
 3 SYSTEMPATH\CodeIgniter.php(361): CodeIgniter\CodeIgniter->handleRequest(null, Object(Config\Cache), false)
 4 FCPATH\index.php(85): CodeIgniter\CodeIgniter->run()
CRITICAL - 2024-10-07 22:37:47 --> Error: Call to a member function getResult() on array
in APPPATH\Controllers\Admin.php on line 86.
 1 SYSTEMPATH\CodeIgniter.php(941): App\Controllers\Admin->buscar()
 2 SYSTEMPATH\CodeIgniter.php(502): CodeIgniter\CodeIgniter->runController(Object(App\Controllers\Admin))
 3 SYSTEMPATH\CodeIgniter.php(361): CodeIgniter\CodeIgniter->handleRequest(null, Object(Config\Cache), false)
 4 FCPATH\index.php(85): CodeIgniter\CodeIgniter->run()
CRITICAL - 2024-10-07 22:38:08 --> Error: Call to a member function getResult() on array
in APPPATH\Controllers\Admin.php on line 86.
 1 SYSTEMPATH\CodeIgniter.php(941): App\Controllers\Admin->buscar()
 2 SYSTEMPATH\CodeIgniter.php(502): CodeIgniter\CodeIgniter->runController(Object(App\Controllers\Admin))
 3 SYSTEMPATH\CodeIgniter.php(361): CodeIgniter\CodeIgniter->handleRequest(null, Object(Config\Cache), false)
 4 FCPATH\index.php(85): CodeIgniter\CodeIgniter->run()
CRITICAL - 2024-10-07 22:38:08 --> Error: Call to a member function getResult() on array
in APPPATH\Controllers\Admin.php on line 86.
 1 SYSTEMPATH\CodeIgniter.php(941): App\Controllers\Admin->buscar()
 2 SYSTEMPATH\CodeIgniter.php(502): CodeIgniter\CodeIgniter->runController(Object(App\Controllers\Admin))
 3 SYSTEMPATH\CodeIgniter.php(361): CodeIgniter\CodeIgniter->handleRequest(null, Object(Config\Cache), false)
 4 FCPATH\index.php(85): CodeIgniter\CodeIgniter->run()
CRITICAL - 2024-10-07 22:38:13 --> Error: Call to a member function getResult() on array
in APPPATH\Controllers\Admin.php on line 86.
 1 SYSTEMPATH\CodeIgniter.php(941): App\Controllers\Admin->buscar()
 2 SYSTEMPATH\CodeIgniter.php(502): CodeIgniter\CodeIgniter->runController(Object(App\Controllers\Admin))
 3 SYSTEMPATH\CodeIgniter.php(361): CodeIgniter\CodeIgniter->handleRequest(null, Object(Config\Cache), false)
 4 FCPATH\index.php(85): CodeIgniter\CodeIgniter->run()
CRITICAL - 2024-10-07 22:39:05 --> Error: Call to a member function getResult() on array
in APPPATH\Controllers\Admin.php on line 86.
 1 SYSTEMPATH\CodeIgniter.php(941): App\Controllers\Admin->buscar()
 2 SYSTEMPATH\CodeIgniter.php(502): CodeIgniter\CodeIgniter->runController(Object(App\Controllers\Admin))
 3 SYSTEMPATH\CodeIgniter.php(361): CodeIgniter\CodeIgniter->handleRequest(null, Object(Config\Cache), false)
 4 FCPATH\index.php(85): CodeIgniter\CodeIgniter->run()
CRITICAL - 2024-10-07 22:39:06 --> Error: Call to a member function getResult() on array
in APPPATH\Controllers\Admin.php on line 86.
 1 SYSTEMPATH\CodeIgniter.php(941): App\Controllers\Admin->buscar()
 2 SYSTEMPATH\CodeIgniter.php(502): CodeIgniter\CodeIgniter->runController(Object(App\Controllers\Admin))
 3 SYSTEMPATH\CodeIgniter.php(361): CodeIgniter\CodeIgniter->handleRequest(null, Object(Config\Cache), false)
 4 FCPATH\index.php(85): CodeIgniter\CodeIgniter->run()
CRITICAL - 2024-10-07 22:39:35 --> Error: Cannot use object of type CodeIgniter\Database\MySQLi\Result as array
in APPPATH\Controllers\Admin.php on line 85.
 1 SYSTEMPATH\CodeIgniter.php(941): App\Controllers\Admin->buscar()
 2 SYSTEMPATH\CodeIgniter.php(502): CodeIgniter\CodeIgniter->runController(Object(App\Controllers\Admin))
 3 SYSTEMPATH\CodeIgniter.php(361): CodeIgniter\CodeIgniter->handleRequest(null, Object(Config\Cache), false)
 4 FCPATH\index.php(85): CodeIgniter\CodeIgniter->run()
CRITICAL - 2024-10-07 22:40:06 --> Error: Cannot use object of type CodeIgniter\Database\MySQLi\Result as array
in APPPATH\Controllers\Admin.php on line 86.
 1 SYSTEMPATH\CodeIgniter.php(941): App\Controllers\Admin->buscar()
 2 SYSTEMPATH\CodeIgniter.php(502): CodeIgniter\CodeIgniter->runController(Object(App\Controllers\Admin))
 3 SYSTEMPATH\CodeIgniter.php(361): CodeIgniter\CodeIgniter->handleRequest(null, Object(Config\Cache), false)
 4 FCPATH\index.php(85): CodeIgniter\CodeIgniter->run()
CRITICAL - 2024-10-07 22:40:09 --> Error: Cannot use object of type CodeIgniter\Database\MySQLi\Result as array
in APPPATH\Controllers\Admin.php on line 86.
 1 SYSTEMPATH\CodeIgniter.php(941): App\Controllers\Admin->buscar()
 2 SYSTEMPATH\CodeIgniter.php(502): CodeIgniter\CodeIgniter->runController(Object(App\Controllers\Admin))
 3 SYSTEMPATH\CodeIgniter.php(361): CodeIgniter\CodeIgniter->handleRequest(null, Object(Config\Cache), false)
 4 FCPATH\index.php(85): CodeIgniter\CodeIgniter->run()
CRITICAL - 2024-10-07 22:40:17 --> Error: Call to a member function getResult() on array
in APPPATH\Controllers\Admin.php on line 86.
 1 SYSTEMPATH\CodeIgniter.php(941): App\Controllers\Admin->buscar()
 2 SYSTEMPATH\CodeIgniter.php(502): CodeIgniter\CodeIgniter->runController(Object(App\Controllers\Admin))
 3 SYSTEMPATH\CodeIgniter.php(361): CodeIgniter\CodeIgniter->handleRequest(null, Object(Config\Cache), false)
 4 FCPATH\index.php(85): CodeIgniter\CodeIgniter->run()
CRITICAL - 2024-10-07 22:40:24 --> Error: Call to a member function getRow() on array
in APPPATH\Controllers\Admin.php on line 87.
 1 SYSTEMPATH\CodeIgniter.php(941): App\Controllers\Admin->buscar()
 2 SYSTEMPATH\CodeIgniter.php(502): CodeIgniter\CodeIgniter->runController(Object(App\Controllers\Admin))
 3 SYSTEMPATH\CodeIgniter.php(361): CodeIgniter\CodeIgniter->handleRequest(null, Object(Config\Cache), false)
 4 FCPATH\index.php(85): CodeIgniter\CodeIgniter->run()
CRITICAL - 2024-10-07 22:40:30 --> Error: Call to a member function getRowArray() on array
in APPPATH\Controllers\Admin.php on line 87.
 1 SYSTEMPATH\CodeIgniter.php(941): App\Controllers\Admin->buscar()
 2 SYSTEMPATH\CodeIgniter.php(502): CodeIgniter\CodeIgniter->runController(Object(App\Controllers\Admin))
 3 SYSTEMPATH\CodeIgniter.php(361): CodeIgniter\CodeIgniter->handleRequest(null, Object(Config\Cache), false)
 4 FCPATH\index.php(85): CodeIgniter\CodeIgniter->run()
CRITICAL - 2024-10-07 22:40:45 --> ErrorException: Attempt to read property "getRow" on array
in APPPATH\Controllers\Admin.php on line 87.
 1 APPPATH\Controllers\Admin.php(87): CodeIgniter\Debug\Exceptions->errorHandler(2, 'Attempt to read property "getRow" on array', 'C:\\wamp64\\www\\sites\\Projeto1\\Back-end\\app\\Controllers\\Admin.php', 87)
 2 SYSTEMPATH\CodeIgniter.php(941): App\Controllers\Admin->buscar()
 3 SYSTEMPATH\CodeIgniter.php(502): CodeIgniter\CodeIgniter->runController(Object(App\Controllers\Admin))
 4 SYSTEMPATH\CodeIgniter.php(361): CodeIgniter\CodeIgniter->handleRequest(null, Object(Config\Cache), false)
 5 FCPATH\index.php(85): CodeIgniter\CodeIgniter->run()
CRITICAL - 2024-10-07 22:40:52 --> Error: Call to a member function getRow() on array
in APPPATH\Controllers\Admin.php on line 87.
 1 SYSTEMPATH\CodeIgniter.php(941): App\Controllers\Admin->buscar()
 2 SYSTEMPATH\CodeIgniter.php(502): CodeIgniter\CodeIgniter->runController(Object(App\Controllers\Admin))
 3 SYSTEMPATH\CodeIgniter.php(361): CodeIgniter\CodeIgniter->handleRequest(null, Object(Config\Cache), false)
 4 FCPATH\index.php(85): CodeIgniter\CodeIgniter->run()
