ERROR - 2025-10-22 11:55:56 --> mysqli_sql_exception: Unknown column 'pin' in 'where clause' in C:\wamp64\www\sites\Projeto1\Back-end\system\Database\MySQLi\Connection.php:306
Stack trace:
#0 C:\wamp64\www\sites\Projeto1\Back-end\system\Database\MySQLi\Connection.php(306): mysqli->query('SELECT *\nFROM `...', 0)
#1 C:\wamp64\www\sites\Projeto1\Back-end\system\Database\BaseConnection.php(693): CodeIgniter\Database\MySQLi\Connection->execute('SELECT *\nFROM `...')
#2 C:\wamp64\www\sites\Projeto1\Back-end\system\Database\BaseConnection.php(607): CodeIgniter\Database\BaseConnection->simpleQuery('SELECT *\nFROM `...')
#3 C:\wamp64\www\sites\Projeto1\Back-end\system\Database\BaseBuilder.php(1616): CodeIgniter\Database\BaseConnection->query('SELECT *\nFROM `...', Array, false)
#4 C:\wamp64\www\sites\Projeto1\Back-end\system\Model.php(270): CodeIgniter\Database\BaseBuilder->get()
#5 C:\wamp64\www\sites\Projeto1\Back-end\system\BaseModel.php(676): CodeIgniter\Model->doFirst()
#6 C:\wamp64\www\sites\Projeto1\Back-end\app\Controllers\Cliente.php(565): CodeIgniter\BaseModel->first()
#7 C:\wamp64\www\sites\Projeto1\Back-end\app\Controllers\Cliente.php(628): App\Controllers\Cliente->buscarCliPin('2f613c32066c499...')
#8 C:\wamp64\www\sites\Projeto1\Back-end\system\CodeIgniter.php(941): App\Controllers\Cliente->registrarPresenca()
#9 C:\wamp64\www\sites\Projeto1\Back-end\system\CodeIgniter.php(502): CodeIgniter\CodeIgniter->runController(Object(App\Controllers\Cliente))
#10 C:\wamp64\www\sites\Projeto1\Back-end\system\CodeIgniter.php(361): CodeIgniter\CodeIgniter->handleRequest(NULL, Object(Config\Cache), false)
#11 C:\wamp64\www\sites\Projeto1\Back-end\public\index.php(85): CodeIgniter\CodeIgniter->run()
#12 {main}
CRITICAL - 2025-10-22 11:55:56 --> CodeIgniter\Database\Exceptions\DatabaseException: Unknown column 'pin' in 'where clause'
in SYSTEMPATH\Database\BaseConnection.php on line 647.
 1 SYSTEMPATH\Database\BaseBuilder.php(1616): CodeIgniter\Database\BaseConnection->query('SELECT *
FROM `cliente`
WHERE `pin` = :pin:
 LIMIT 1', [...], false)
 2 SYSTEMPATH\Model.php(270): CodeIgniter\Database\BaseBuilder->get()
 3 SYSTEMPATH\BaseModel.php(676): CodeIgniter\Model->doFirst()
 4 APPPATH\Controllers\Cliente.php(565): CodeIgniter\BaseModel->first()
 5 APPPATH\Controllers\Cliente.php(628): App\Controllers\Cliente->buscarCliPin('2f613c32066c49912c1d4ad3bb1e4303d7568833f4ff85e9a9c80d4f8d07bfb7')
 6 SYSTEMPATH\CodeIgniter.php(941): App\Controllers\Cliente->registrarPresenca()
 7 SYSTEMPATH\CodeIgniter.php(502): CodeIgniter\CodeIgniter->runController(Object(App\Controllers\Cliente))
 8 SYSTEMPATH\CodeIgniter.php(361): CodeIgniter\CodeIgniter->handleRequest(null, Object(Config\Cache), false)
 9 FCPATH\index.php(85): CodeIgniter\CodeIgniter->run()
CRITICAL - 2025-10-22 11:55:56 --> [Caused by] CodeIgniter\Database\Exceptions\DatabaseException: Unknown column 'pin' in 'where clause'
in SYSTEMPATH\Database\MySQLi\Connection.php on line 311.
 1 SYSTEMPATH\Database\BaseConnection.php(693): CodeIgniter\Database\MySQLi\Connection->execute('SELECT *
FROM `cliente`
WHERE `pin` = \'2f613c32066c49912c1d4ad3bb1e4303d7568833f4ff85e9a9c80d4f8d07bfb7\'
 LIMIT 1')
 2 SYSTEMPATH\Database\BaseConnection.php(607): CodeIgniter\Database\BaseConnection->simpleQuery('SELECT *
FROM `cliente`
WHERE `pin` = \'2f613c32066c49912c1d4ad3bb1e4303d7568833f4ff85e9a9c80d4f8d07bfb7\'
 LIMIT 1')
 3 SYSTEMPATH\Database\BaseBuilder.php(1616): CodeIgniter\Database\BaseConnection->query('SELECT *
FROM `cliente`
WHERE `pin` = :pin:
 LIMIT 1', [...], false)
 4 SYSTEMPATH\Model.php(270): CodeIgniter\Database\BaseBuilder->get()
 5 SYSTEMPATH\BaseModel.php(676): CodeIgniter\Model->doFirst()
 6 APPPATH\Controllers\Cliente.php(565): CodeIgniter\BaseModel->first()
 7 APPPATH\Controllers\Cliente.php(628): App\Controllers\Cliente->buscarCliPin('2f613c32066c49912c1d4ad3bb1e4303d7568833f4ff85e9a9c80d4f8d07bfb7')
 8 SYSTEMPATH\CodeIgniter.php(941): App\Controllers\Cliente->registrarPresenca()
 9 SYSTEMPATH\CodeIgniter.php(502): CodeIgniter\CodeIgniter->runController(Object(App\Controllers\Cliente))
10 SYSTEMPATH\CodeIgniter.php(361): CodeIgniter\CodeIgniter->handleRequest(null, Object(Config\Cache), false)
11 FCPATH\index.php(85): CodeIgniter\CodeIgniter->run()
CRITICAL - 2025-10-22 11:55:56 --> [Caused by] mysqli_sql_exception: Unknown column 'pin' in 'where clause'
in SYSTEMPATH\Database\MySQLi\Connection.php on line 306.
 1 SYSTEMPATH\Database\MySQLi\Connection.php(306): mysqli->query('SELECT *
FROM `cliente`
WHERE `pin` = \'2f613c32066c49912c1d4ad3bb1e4303d7568833f4ff85e9a9c80d4f8d07bfb7\'
 LIMIT 1', 0)
 2 SYSTEMPATH\Database\BaseConnection.php(693): CodeIgniter\Database\MySQLi\Connection->execute('SELECT *
FROM `cliente`
WHERE `pin` = \'2f613c32066c49912c1d4ad3bb1e4303d7568833f4ff85e9a9c80d4f8d07bfb7\'
 LIMIT 1')
 3 SYSTEMPATH\Database\BaseConnection.php(607): CodeIgniter\Database\BaseConnection->simpleQuery('SELECT *
FROM `cliente`
WHERE `pin` = \'2f613c32066c49912c1d4ad3bb1e4303d7568833f4ff85e9a9c80d4f8d07bfb7\'
 LIMIT 1')
 4 SYSTEMPATH\Database\BaseBuilder.php(1616): CodeIgniter\Database\BaseConnection->query('SELECT *
FROM `cliente`
WHERE `pin` = :pin:
 LIMIT 1', [...], false)
 5 SYSTEMPATH\Model.php(270): CodeIgniter\Database\BaseBuilder->get()
 6 SYSTEMPATH\BaseModel.php(676): CodeIgniter\Model->doFirst()
 7 APPPATH\Controllers\Cliente.php(565): CodeIgniter\BaseModel->first()
 8 APPPATH\Controllers\Cliente.php(628): App\Controllers\Cliente->buscarCliPin('2f613c32066c49912c1d4ad3bb1e4303d7568833f4ff85e9a9c80d4f8d07bfb7')
 9 SYSTEMPATH\CodeIgniter.php(941): App\Controllers\Cliente->registrarPresenca()
10 SYSTEMPATH\CodeIgniter.php(502): CodeIgniter\CodeIgniter->runController(Object(App\Controllers\Cliente))
11 SYSTEMPATH\CodeIgniter.php(361): CodeIgniter\CodeIgniter->handleRequest(null, Object(Config\Cache), false)
12 FCPATH\index.php(85): CodeIgniter\CodeIgniter->run()
ERROR - 2025-10-22 11:57:57 --> mysqli_sql_exception: Unknown column 'pin' in 'where clause' in C:\wamp64\www\sites\Projeto1\Back-end\system\Database\MySQLi\Connection.php:306
Stack trace:
#0 C:\wamp64\www\sites\Projeto1\Back-end\system\Database\MySQLi\Connection.php(306): mysqli->query('SELECT *\nFROM `...', 0)
#1 C:\wamp64\www\sites\Projeto1\Back-end\system\Database\BaseConnection.php(693): CodeIgniter\Database\MySQLi\Connection->execute('SELECT *\nFROM `...')
#2 C:\wamp64\www\sites\Projeto1\Back-end\system\Database\BaseConnection.php(607): CodeIgniter\Database\BaseConnection->simpleQuery('SELECT *\nFROM `...')
#3 C:\wamp64\www\sites\Projeto1\Back-end\system\Database\BaseBuilder.php(1616): CodeIgniter\Database\BaseConnection->query('SELECT *\nFROM `...', Array, false)
#4 C:\wamp64\www\sites\Projeto1\Back-end\system\Model.php(270): CodeIgniter\Database\BaseBuilder->get()
#5 C:\wamp64\www\sites\Projeto1\Back-end\system\BaseModel.php(676): CodeIgniter\Model->doFirst()
#6 C:\wamp64\www\sites\Projeto1\Back-end\app\Controllers\Cliente.php(565): CodeIgniter\BaseModel->first()
#7 C:\wamp64\www\sites\Projeto1\Back-end\app\Controllers\Cliente.php(628): App\Controllers\Cliente->buscarCliPin('2f613c32066c499...')
#8 C:\wamp64\www\sites\Projeto1\Back-end\system\CodeIgniter.php(941): App\Controllers\Cliente->registrarPresenca()
#9 C:\wamp64\www\sites\Projeto1\Back-end\system\CodeIgniter.php(502): CodeIgniter\CodeIgniter->runController(Object(App\Controllers\Cliente))
#10 C:\wamp64\www\sites\Projeto1\Back-end\system\CodeIgniter.php(361): CodeIgniter\CodeIgniter->handleRequest(NULL, Object(Config\Cache), false)
#11 C:\wamp64\www\sites\Projeto1\Back-end\public\index.php(85): CodeIgniter\CodeIgniter->run()
#12 {main}
CRITICAL - 2025-10-22 11:57:57 --> CodeIgniter\Database\Exceptions\DatabaseException: Unknown column 'pin' in 'where clause'
in SYSTEMPATH\Database\BaseConnection.php on line 647.
 1 SYSTEMPATH\Database\BaseBuilder.php(1616): CodeIgniter\Database\BaseConnection->query('SELECT *
FROM `cliente`
WHERE `pin` = :pin:
 LIMIT 1', [...], false)
 2 SYSTEMPATH\Model.php(270): CodeIgniter\Database\BaseBuilder->get()
 3 SYSTEMPATH\BaseModel.php(676): CodeIgniter\Model->doFirst()
 4 APPPATH\Controllers\Cliente.php(565): CodeIgniter\BaseModel->first()
 5 APPPATH\Controllers\Cliente.php(628): App\Controllers\Cliente->buscarCliPin('2f613c32066c49912c1d4ad3bb1e4303d7568833f4ff85e9a9c80d4f8d07bfb7')
 6 SYSTEMPATH\CodeIgniter.php(941): App\Controllers\Cliente->registrarPresenca()
 7 SYSTEMPATH\CodeIgniter.php(502): CodeIgniter\CodeIgniter->runController(Object(App\Controllers\Cliente))
 8 SYSTEMPATH\CodeIgniter.php(361): CodeIgniter\CodeIgniter->handleRequest(null, Object(Config\Cache), false)
 9 FCPATH\index.php(85): CodeIgniter\CodeIgniter->run()
CRITICAL - 2025-10-22 11:57:57 --> [Caused by] CodeIgniter\Database\Exceptions\DatabaseException: Unknown column 'pin' in 'where clause'
in SYSTEMPATH\Database\MySQLi\Connection.php on line 311.
 1 SYSTEMPATH\Database\BaseConnection.php(693): CodeIgniter\Database\MySQLi\Connection->execute('SELECT *
FROM `cliente`
WHERE `pin` = \'2f613c32066c49912c1d4ad3bb1e4303d7568833f4ff85e9a9c80d4f8d07bfb7\'
 LIMIT 1')
 2 SYSTEMPATH\Database\BaseConnection.php(607): CodeIgniter\Database\BaseConnection->simpleQuery('SELECT *
FROM `cliente`
WHERE `pin` = \'2f613c32066c49912c1d4ad3bb1e4303d7568833f4ff85e9a9c80d4f8d07bfb7\'
 LIMIT 1')
 3 SYSTEMPATH\Database\BaseBuilder.php(1616): CodeIgniter\Database\BaseConnection->query('SELECT *
FROM `cliente`
WHERE `pin` = :pin:
 LIMIT 1', [...], false)
 4 SYSTEMPATH\Model.php(270): CodeIgniter\Database\BaseBuilder->get()
 5 SYSTEMPATH\BaseModel.php(676): CodeIgniter\Model->doFirst()
 6 APPPATH\Controllers\Cliente.php(565): CodeIgniter\BaseModel->first()
 7 APPPATH\Controllers\Cliente.php(628): App\Controllers\Cliente->buscarCliPin('2f613c32066c49912c1d4ad3bb1e4303d7568833f4ff85e9a9c80d4f8d07bfb7')
 8 SYSTEMPATH\CodeIgniter.php(941): App\Controllers\Cliente->registrarPresenca()
 9 SYSTEMPATH\CodeIgniter.php(502): CodeIgniter\CodeIgniter->runController(Object(App\Controllers\Cliente))
10 SYSTEMPATH\CodeIgniter.php(361): CodeIgniter\CodeIgniter->handleRequest(null, Object(Config\Cache), false)
11 FCPATH\index.php(85): CodeIgniter\CodeIgniter->run()
CRITICAL - 2025-10-22 11:57:57 --> [Caused by] mysqli_sql_exception: Unknown column 'pin' in 'where clause'
in SYSTEMPATH\Database\MySQLi\Connection.php on line 306.
 1 SYSTEMPATH\Database\MySQLi\Connection.php(306): mysqli->query('SELECT *
FROM `cliente`
WHERE `pin` = \'2f613c32066c49912c1d4ad3bb1e4303d7568833f4ff85e9a9c80d4f8d07bfb7\'
 LIMIT 1', 0)
 2 SYSTEMPATH\Database\BaseConnection.php(693): CodeIgniter\Database\MySQLi\Connection->execute('SELECT *
FROM `cliente`
WHERE `pin` = \'2f613c32066c49912c1d4ad3bb1e4303d7568833f4ff85e9a9c80d4f8d07bfb7\'
 LIMIT 1')
 3 SYSTEMPATH\Database\BaseConnection.php(607): CodeIgniter\Database\BaseConnection->simpleQuery('SELECT *
FROM `cliente`
WHERE `pin` = \'2f613c32066c49912c1d4ad3bb1e4303d7568833f4ff85e9a9c80d4f8d07bfb7\'
 LIMIT 1')
 4 SYSTEMPATH\Database\BaseBuilder.php(1616): CodeIgniter\Database\BaseConnection->query('SELECT *
FROM `cliente`
WHERE `pin` = :pin:
 LIMIT 1', [...], false)
 5 SYSTEMPATH\Model.php(270): CodeIgniter\Database\BaseBuilder->get()
 6 SYSTEMPATH\BaseModel.php(676): CodeIgniter\Model->doFirst()
 7 APPPATH\Controllers\Cliente.php(565): CodeIgniter\BaseModel->first()
 8 APPPATH\Controllers\Cliente.php(628): App\Controllers\Cliente->buscarCliPin('2f613c32066c49912c1d4ad3bb1e4303d7568833f4ff85e9a9c80d4f8d07bfb7')
 9 SYSTEMPATH\CodeIgniter.php(941): App\Controllers\Cliente->registrarPresenca()
10 SYSTEMPATH\CodeIgniter.php(502): CodeIgniter\CodeIgniter->runController(Object(App\Controllers\Cliente))
11 SYSTEMPATH\CodeIgniter.php(361): CodeIgniter\CodeIgniter->handleRequest(null, Object(Config\Cache), false)
12 FCPATH\index.php(85): CodeIgniter\CodeIgniter->run()
ERROR - 2025-10-22 11:58:03 --> mysqli_sql_exception: Unknown column 'pin' in 'where clause' in C:\wamp64\www\sites\Projeto1\Back-end\system\Database\MySQLi\Connection.php:306
Stack trace:
#0 C:\wamp64\www\sites\Projeto1\Back-end\system\Database\MySQLi\Connection.php(306): mysqli->query('SELECT *\nFROM `...', 0)
#1 C:\wamp64\www\sites\Projeto1\Back-end\system\Database\BaseConnection.php(693): CodeIgniter\Database\MySQLi\Connection->execute('SELECT *\nFROM `...')
#2 C:\wamp64\www\sites\Projeto1\Back-end\system\Database\BaseConnection.php(607): CodeIgniter\Database\BaseConnection->simpleQuery('SELECT *\nFROM `...')
#3 C:\wamp64\www\sites\Projeto1\Back-end\system\Database\BaseBuilder.php(1616): CodeIgniter\Database\BaseConnection->query('SELECT *\nFROM `...', Array, false)
#4 C:\wamp64\www\sites\Projeto1\Back-end\system\Model.php(270): CodeIgniter\Database\BaseBuilder->get()
#5 C:\wamp64\www\sites\Projeto1\Back-end\system\BaseModel.php(676): CodeIgniter\Model->doFirst()
#6 C:\wamp64\www\sites\Projeto1\Back-end\app\Controllers\Cliente.php(565): CodeIgniter\BaseModel->first()
#7 C:\wamp64\www\sites\Projeto1\Back-end\app\Controllers\Cliente.php(628): App\Controllers\Cliente->buscarCliPin('397db8d5594185d...')
#8 C:\wamp64\www\sites\Projeto1\Back-end\system\CodeIgniter.php(941): App\Controllers\Cliente->registrarPresenca()
#9 C:\wamp64\www\sites\Projeto1\Back-end\system\CodeIgniter.php(502): CodeIgniter\CodeIgniter->runController(Object(App\Controllers\Cliente))
#10 C:\wamp64\www\sites\Projeto1\Back-end\system\CodeIgniter.php(361): CodeIgniter\CodeIgniter->handleRequest(NULL, Object(Config\Cache), false)
#11 C:\wamp64\www\sites\Projeto1\Back-end\public\index.php(85): CodeIgniter\CodeIgniter->run()
#12 {main}
CRITICAL - 2025-10-22 11:58:03 --> CodeIgniter\Database\Exceptions\DatabaseException: Unknown column 'pin' in 'where clause'
in SYSTEMPATH\Database\BaseConnection.php on line 647.
 1 SYSTEMPATH\Database\BaseBuilder.php(1616): CodeIgniter\Database\BaseConnection->query('SELECT *
FROM `cliente`
WHERE `pin` = :pin:
 LIMIT 1', [...], false)
 2 SYSTEMPATH\Model.php(270): CodeIgniter\Database\BaseBuilder->get()
 3 SYSTEMPATH\BaseModel.php(676): CodeIgniter\Model->doFirst()
 4 APPPATH\Controllers\Cliente.php(565): CodeIgniter\BaseModel->first()
 5 APPPATH\Controllers\Cliente.php(628): App\Controllers\Cliente->buscarCliPin('397db8d5594185d0b58d355f071cee5315d9762adbc21d223d7a1af538b476b3')
 6 SYSTEMPATH\CodeIgniter.php(941): App\Controllers\Cliente->registrarPresenca()
 7 SYSTEMPATH\CodeIgniter.php(502): CodeIgniter\CodeIgniter->runController(Object(App\Controllers\Cliente))
 8 SYSTEMPATH\CodeIgniter.php(361): CodeIgniter\CodeIgniter->handleRequest(null, Object(Config\Cache), false)
 9 FCPATH\index.php(85): CodeIgniter\CodeIgniter->run()
CRITICAL - 2025-10-22 11:58:03 --> [Caused by] CodeIgniter\Database\Exceptions\DatabaseException: Unknown column 'pin' in 'where clause'
in SYSTEMPATH\Database\MySQLi\Connection.php on line 311.
 1 SYSTEMPATH\Database\BaseConnection.php(693): CodeIgniter\Database\MySQLi\Connection->execute('SELECT *
FROM `cliente`
WHERE `pin` = \'397db8d5594185d0b58d355f071cee5315d9762adbc21d223d7a1af538b476b3\'
 LIMIT 1')
 2 SYSTEMPATH\Database\BaseConnection.php(607): CodeIgniter\Database\BaseConnection->simpleQuery('SELECT *
FROM `cliente`
WHERE `pin` = \'397db8d5594185d0b58d355f071cee5315d9762adbc21d223d7a1af538b476b3\'
 LIMIT 1')
 3 SYSTEMPATH\Database\BaseBuilder.php(1616): CodeIgniter\Database\BaseConnection->query('SELECT *
FROM `cliente`
WHERE `pin` = :pin:
 LIMIT 1', [...], false)
 4 SYSTEMPATH\Model.php(270): CodeIgniter\Database\BaseBuilder->get()
 5 SYSTEMPATH\BaseModel.php(676): CodeIgniter\Model->doFirst()
 6 APPPATH\Controllers\Cliente.php(565): CodeIgniter\BaseModel->first()
 7 APPPATH\Controllers\Cliente.php(628): App\Controllers\Cliente->buscarCliPin('397db8d5594185d0b58d355f071cee5315d9762adbc21d223d7a1af538b476b3')
 8 SYSTEMPATH\CodeIgniter.php(941): App\Controllers\Cliente->registrarPresenca()
 9 SYSTEMPATH\CodeIgniter.php(502): CodeIgniter\CodeIgniter->runController(Object(App\Controllers\Cliente))
10 SYSTEMPATH\CodeIgniter.php(361): CodeIgniter\CodeIgniter->handleRequest(null, Object(Config\Cache), false)
11 FCPATH\index.php(85): CodeIgniter\CodeIgniter->run()
CRITICAL - 2025-10-22 11:58:03 --> [Caused by] mysqli_sql_exception: Unknown column 'pin' in 'where clause'
in SYSTEMPATH\Database\MySQLi\Connection.php on line 306.
 1 SYSTEMPATH\Database\MySQLi\Connection.php(306): mysqli->query('SELECT *
FROM `cliente`
WHERE `pin` = \'397db8d5594185d0b58d355f071cee5315d9762adbc21d223d7a1af538b476b3\'
 LIMIT 1', 0)
 2 SYSTEMPATH\Database\BaseConnection.php(693): CodeIgniter\Database\MySQLi\Connection->execute('SELECT *
FROM `cliente`
WHERE `pin` = \'397db8d5594185d0b58d355f071cee5315d9762adbc21d223d7a1af538b476b3\'
 LIMIT 1')
 3 SYSTEMPATH\Database\BaseConnection.php(607): CodeIgniter\Database\BaseConnection->simpleQuery('SELECT *
FROM `cliente`
WHERE `pin` = \'397db8d5594185d0b58d355f071cee5315d9762adbc21d223d7a1af538b476b3\'
 LIMIT 1')
 4 SYSTEMPATH\Database\BaseBuilder.php(1616): CodeIgniter\Database\BaseConnection->query('SELECT *
FROM `cliente`
WHERE `pin` = :pin:
 LIMIT 1', [...], false)
 5 SYSTEMPATH\Model.php(270): CodeIgniter\Database\BaseBuilder->get()
 6 SYSTEMPATH\BaseModel.php(676): CodeIgniter\Model->doFirst()
 7 APPPATH\Controllers\Cliente.php(565): CodeIgniter\BaseModel->first()
 8 APPPATH\Controllers\Cliente.php(628): App\Controllers\Cliente->buscarCliPin('397db8d5594185d0b58d355f071cee5315d9762adbc21d223d7a1af538b476b3')
 9 SYSTEMPATH\CodeIgniter.php(941): App\Controllers\Cliente->registrarPresenca()
10 SYSTEMPATH\CodeIgniter.php(502): CodeIgniter\CodeIgniter->runController(Object(App\Controllers\Cliente))
11 SYSTEMPATH\CodeIgniter.php(361): CodeIgniter\CodeIgniter->handleRequest(null, Object(Config\Cache), false)
12 FCPATH\index.php(85): CodeIgniter\CodeIgniter->run()
ERROR - 2025-10-22 12:01:04 --> mysqli_sql_exception: Column 'cliente_id' cannot be null in C:\wamp64\www\sites\Projeto1\Back-end\system\Database\MySQLi\Connection.php:306
Stack trace:
#0 C:\wamp64\www\sites\Projeto1\Back-end\system\Database\MySQLi\Connection.php(306): mysqli->query('INSERT INTO `pr...', 0)
#1 C:\wamp64\www\sites\Projeto1\Back-end\system\Database\BaseConnection.php(693): CodeIgniter\Database\MySQLi\Connection->execute('INSERT INTO `pr...')
#2 C:\wamp64\www\sites\Projeto1\Back-end\system\Database\BaseConnection.php(607): CodeIgniter\Database\BaseConnection->simpleQuery('INSERT INTO `pr...')
#3 C:\wamp64\www\sites\Projeto1\Back-end\system\Database\BaseBuilder.php(2307): CodeIgniter\Database\BaseConnection->query('INSERT INTO `pr...', Array, false)
#4 C:\wamp64\www\sites\Projeto1\Back-end\system\Model.php(326): CodeIgniter\Database\BaseBuilder->insert()
#5 C:\wamp64\www\sites\Projeto1\Back-end\system\BaseModel.php(802): CodeIgniter\Model->doInsert(Array)
#6 C:\wamp64\www\sites\Projeto1\Back-end\system\Model.php(744): CodeIgniter\BaseModel->insert(Array, true)
#7 C:\wamp64\www\sites\Projeto1\Back-end\app\Controllers\Cliente.php(672): CodeIgniter\Model->insert(Array)
#8 C:\wamp64\www\sites\Projeto1\Back-end\system\CodeIgniter.php(941): App\Controllers\Cliente->registrarPresenca()
#9 C:\wamp64\www\sites\Projeto1\Back-end\system\CodeIgniter.php(502): CodeIgniter\CodeIgniter->runController(Object(App\Controllers\Cliente))
#10 C:\wamp64\www\sites\Projeto1\Back-end\system\CodeIgniter.php(361): CodeIgniter\CodeIgniter->handleRequest(NULL, Object(Config\Cache), false)
#11 C:\wamp64\www\sites\Projeto1\Back-end\public\index.php(85): CodeIgniter\CodeIgniter->run()
#12 {main}
CRITICAL - 2025-10-22 12:01:04 --> CodeIgniter\Database\Exceptions\DatabaseException: Column 'cliente_id' cannot be null
in SYSTEMPATH\Database\BaseConnection.php on line 647.
 1 SYSTEMPATH\Database\BaseBuilder.php(2307): CodeIgniter\Database\BaseConnection->query('INSERT INTO `presenca_clientes` (`cliente_id`, `metodo_autenticacao`, `status`, `hora_entrada`, `observacao`) VALUES (:cliente_id:, :metodo_autenticacao:, :status:, :hora_entrada:, :observacao:)', [...], false)
 2 SYSTEMPATH\Model.php(326): CodeIgniter\Database\BaseBuilder->insert()
 3 SYSTEMPATH\BaseModel.php(802): CodeIgniter\Model->doInsert([...])
 4 SYSTEMPATH\Model.php(744): CodeIgniter\BaseModel->insert([...], true)
 5 APPPATH\Controllers\Cliente.php(672): CodeIgniter\Model->insert([...])
 6 SYSTEMPATH\CodeIgniter.php(941): App\Controllers\Cliente->registrarPresenca()
 7 SYSTEMPATH\CodeIgniter.php(502): CodeIgniter\CodeIgniter->runController(Object(App\Controllers\Cliente))
 8 SYSTEMPATH\CodeIgniter.php(361): CodeIgniter\CodeIgniter->handleRequest(null, Object(Config\Cache), false)
 9 FCPATH\index.php(85): CodeIgniter\CodeIgniter->run()
CRITICAL - 2025-10-22 12:01:04 --> [Caused by] CodeIgniter\Database\Exceptions\DatabaseException: Column 'cliente_id' cannot be null
in SYSTEMPATH\Database\MySQLi\Connection.php on line 311.
 1 SYSTEMPATH\Database\BaseConnection.php(693): CodeIgniter\Database\MySQLi\Connection->execute('INSERT INTO `presenca_clientes` (`cliente_id`, `metodo_autenticacao`, `status`, `hora_entrada`, `observacao`) VALUES (NULL, \'pin\', \'erro\', \'2025-10-22 12:01:04\', \'PIN incorreto.\')')
 2 SYSTEMPATH\Database\BaseConnection.php(607): CodeIgniter\Database\BaseConnection->simpleQuery('INSERT INTO `presenca_clientes` (`cliente_id`, `metodo_autenticacao`, `status`, `hora_entrada`, `observacao`) VALUES (NULL, \'pin\', \'erro\', \'2025-10-22 12:01:04\', \'PIN incorreto.\')')
 3 SYSTEMPATH\Database\BaseBuilder.php(2307): CodeIgniter\Database\BaseConnection->query('INSERT INTO `presenca_clientes` (`cliente_id`, `metodo_autenticacao`, `status`, `hora_entrada`, `observacao`) VALUES (:cliente_id:, :metodo_autenticacao:, :status:, :hora_entrada:, :observacao:)', [...], false)
 4 SYSTEMPATH\Model.php(326): CodeIgniter\Database\BaseBuilder->insert()
 5 SYSTEMPATH\BaseModel.php(802): CodeIgniter\Model->doInsert([...])
 6 SYSTEMPATH\Model.php(744): CodeIgniter\BaseModel->insert([...], true)
 7 APPPATH\Controllers\Cliente.php(672): CodeIgniter\Model->insert([...])
 8 SYSTEMPATH\CodeIgniter.php(941): App\Controllers\Cliente->registrarPresenca()
 9 SYSTEMPATH\CodeIgniter.php(502): CodeIgniter\CodeIgniter->runController(Object(App\Controllers\Cliente))
10 SYSTEMPATH\CodeIgniter.php(361): CodeIgniter\CodeIgniter->handleRequest(null, Object(Config\Cache), false)
11 FCPATH\index.php(85): CodeIgniter\CodeIgniter->run()
CRITICAL - 2025-10-22 12:01:04 --> [Caused by] mysqli_sql_exception: Column 'cliente_id' cannot be null
in SYSTEMPATH\Database\MySQLi\Connection.php on line 306.
 1 SYSTEMPATH\Database\MySQLi\Connection.php(306): mysqli->query('INSERT INTO `presenca_clientes` (`cliente_id`, `metodo_autenticacao`, `status`, `hora_entrada`, `observacao`) VALUES (NULL, \'pin\', \'erro\', \'2025-10-22 12:01:04\', \'PIN incorreto.\')', 0)
 2 SYSTEMPATH\Database\BaseConnection.php(693): CodeIgniter\Database\MySQLi\Connection->execute('INSERT INTO `presenca_clientes` (`cliente_id`, `metodo_autenticacao`, `status`, `hora_entrada`, `observacao`) VALUES (NULL, \'pin\', \'erro\', \'2025-10-22 12:01:04\', \'PIN incorreto.\')')
 3 SYSTEMPATH\Database\BaseConnection.php(607): CodeIgniter\Database\BaseConnection->simpleQuery('INSERT INTO `presenca_clientes` (`cliente_id`, `metodo_autenticacao`, `status`, `hora_entrada`, `observacao`) VALUES (NULL, \'pin\', \'erro\', \'2025-10-22 12:01:04\', \'PIN incorreto.\')')
 4 SYSTEMPATH\Database\BaseBuilder.php(2307): CodeIgniter\Database\BaseConnection->query('INSERT INTO `presenca_clientes` (`cliente_id`, `metodo_autenticacao`, `status`, `hora_entrada`, `observacao`) VALUES (:cliente_id:, :metodo_autenticacao:, :status:, :hora_entrada:, :observacao:)', [...], false)
 5 SYSTEMPATH\Model.php(326): CodeIgniter\Database\BaseBuilder->insert()
 6 SYSTEMPATH\BaseModel.php(802): CodeIgniter\Model->doInsert([...])
 7 SYSTEMPATH\Model.php(744): CodeIgniter\BaseModel->insert([...], true)
 8 APPPATH\Controllers\Cliente.php(672): CodeIgniter\Model->insert([...])
 9 SYSTEMPATH\CodeIgniter.php(941): App\Controllers\Cliente->registrarPresenca()
10 SYSTEMPATH\CodeIgniter.php(502): CodeIgniter\CodeIgniter->runController(Object(App\Controllers\Cliente))
11 SYSTEMPATH\CodeIgniter.php(361): CodeIgniter\CodeIgniter->handleRequest(null, Object(Config\Cache), false)
12 FCPATH\index.php(85): CodeIgniter\CodeIgniter->run()
ERROR - 2025-10-22 12:01:07 --> mysqli_sql_exception: Column 'cliente_id' cannot be null in C:\wamp64\www\sites\Projeto1\Back-end\system\Database\MySQLi\Connection.php:306
Stack trace:
#0 C:\wamp64\www\sites\Projeto1\Back-end\system\Database\MySQLi\Connection.php(306): mysqli->query('INSERT INTO `pr...', 0)
#1 C:\wamp64\www\sites\Projeto1\Back-end\system\Database\BaseConnection.php(693): CodeIgniter\Database\MySQLi\Connection->execute('INSERT INTO `pr...')
#2 C:\wamp64\www\sites\Projeto1\Back-end\system\Database\BaseConnection.php(607): CodeIgniter\Database\BaseConnection->simpleQuery('INSERT INTO `pr...')
#3 C:\wamp64\www\sites\Projeto1\Back-end\system\Database\BaseBuilder.php(2307): CodeIgniter\Database\BaseConnection->query('INSERT INTO `pr...', Array, false)
#4 C:\wamp64\www\sites\Projeto1\Back-end\system\Model.php(326): CodeIgniter\Database\BaseBuilder->insert()
#5 C:\wamp64\www\sites\Projeto1\Back-end\system\BaseModel.php(802): CodeIgniter\Model->doInsert(Array)
#6 C:\wamp64\www\sites\Projeto1\Back-end\system\Model.php(744): CodeIgniter\BaseModel->insert(Array, true)
#7 C:\wamp64\www\sites\Projeto1\Back-end\app\Controllers\Cliente.php(672): CodeIgniter\Model->insert(Array)
#8 C:\wamp64\www\sites\Projeto1\Back-end\system\CodeIgniter.php(941): App\Controllers\Cliente->registrarPresenca()
#9 C:\wamp64\www\sites\Projeto1\Back-end\system\CodeIgniter.php(502): CodeIgniter\CodeIgniter->runController(Object(App\Controllers\Cliente))
#10 C:\wamp64\www\sites\Projeto1\Back-end\system\CodeIgniter.php(361): CodeIgniter\CodeIgniter->handleRequest(NULL, Object(Config\Cache), false)
#11 C:\wamp64\www\sites\Projeto1\Back-end\public\index.php(85): CodeIgniter\CodeIgniter->run()
#12 {main}
CRITICAL - 2025-10-22 12:01:07 --> CodeIgniter\Database\Exceptions\DatabaseException: Column 'cliente_id' cannot be null
in SYSTEMPATH\Database\BaseConnection.php on line 647.
 1 SYSTEMPATH\Database\BaseBuilder.php(2307): CodeIgniter\Database\BaseConnection->query('INSERT INTO `presenca_clientes` (`cliente_id`, `metodo_autenticacao`, `status`, `hora_entrada`, `observacao`) VALUES (:cliente_id:, :metodo_autenticacao:, :status:, :hora_entrada:, :observacao:)', [...], false)
 2 SYSTEMPATH\Model.php(326): CodeIgniter\Database\BaseBuilder->insert()
 3 SYSTEMPATH\BaseModel.php(802): CodeIgniter\Model->doInsert([...])
 4 SYSTEMPATH\Model.php(744): CodeIgniter\BaseModel->insert([...], true)
 5 APPPATH\Controllers\Cliente.php(672): CodeIgniter\Model->insert([...])
 6 SYSTEMPATH\CodeIgniter.php(941): App\Controllers\Cliente->registrarPresenca()
 7 SYSTEMPATH\CodeIgniter.php(502): CodeIgniter\CodeIgniter->runController(Object(App\Controllers\Cliente))
 8 SYSTEMPATH\CodeIgniter.php(361): CodeIgniter\CodeIgniter->handleRequest(null, Object(Config\Cache), false)
 9 FCPATH\index.php(85): CodeIgniter\CodeIgniter->run()
CRITICAL - 2025-10-22 12:01:07 --> [Caused by] CodeIgniter\Database\Exceptions\DatabaseException: Column 'cliente_id' cannot be null
in SYSTEMPATH\Database\MySQLi\Connection.php on line 311.
 1 SYSTEMPATH\Database\BaseConnection.php(693): CodeIgniter\Database\MySQLi\Connection->execute('INSERT INTO `presenca_clientes` (`cliente_id`, `metodo_autenticacao`, `status`, `hora_entrada`, `observacao`) VALUES (NULL, \'pin\', \'erro\', \'2025-10-22 12:01:07\', \'PIN incorreto.\')')
 2 SYSTEMPATH\Database\BaseConnection.php(607): CodeIgniter\Database\BaseConnection->simpleQuery('INSERT INTO `presenca_clientes` (`cliente_id`, `metodo_autenticacao`, `status`, `hora_entrada`, `observacao`) VALUES (NULL, \'pin\', \'erro\', \'2025-10-22 12:01:07\', \'PIN incorreto.\')')
 3 SYSTEMPATH\Database\BaseBuilder.php(2307): CodeIgniter\Database\BaseConnection->query('INSERT INTO `presenca_clientes` (`cliente_id`, `metodo_autenticacao`, `status`, `hora_entrada`, `observacao`) VALUES (:cliente_id:, :metodo_autenticacao:, :status:, :hora_entrada:, :observacao:)', [...], false)
 4 SYSTEMPATH\Model.php(326): CodeIgniter\Database\BaseBuilder->insert()
 5 SYSTEMPATH\BaseModel.php(802): CodeIgniter\Model->doInsert([...])
 6 SYSTEMPATH\Model.php(744): CodeIgniter\BaseModel->insert([...], true)
 7 APPPATH\Controllers\Cliente.php(672): CodeIgniter\Model->insert([...])
 8 SYSTEMPATH\CodeIgniter.php(941): App\Controllers\Cliente->registrarPresenca()
 9 SYSTEMPATH\CodeIgniter.php(502): CodeIgniter\CodeIgniter->runController(Object(App\Controllers\Cliente))
10 SYSTEMPATH\CodeIgniter.php(361): CodeIgniter\CodeIgniter->handleRequest(null, Object(Config\Cache), false)
11 FCPATH\index.php(85): CodeIgniter\CodeIgniter->run()
CRITICAL - 2025-10-22 12:01:07 --> [Caused by] mysqli_sql_exception: Column 'cliente_id' cannot be null
in SYSTEMPATH\Database\MySQLi\Connection.php on line 306.
 1 SYSTEMPATH\Database\MySQLi\Connection.php(306): mysqli->query('INSERT INTO `presenca_clientes` (`cliente_id`, `metodo_autenticacao`, `status`, `hora_entrada`, `observacao`) VALUES (NULL, \'pin\', \'erro\', \'2025-10-22 12:01:07\', \'PIN incorreto.\')', 0)
 2 SYSTEMPATH\Database\BaseConnection.php(693): CodeIgniter\Database\MySQLi\Connection->execute('INSERT INTO `presenca_clientes` (`cliente_id`, `metodo_autenticacao`, `status`, `hora_entrada`, `observacao`) VALUES (NULL, \'pin\', \'erro\', \'2025-10-22 12:01:07\', \'PIN incorreto.\')')
 3 SYSTEMPATH\Database\BaseConnection.php(607): CodeIgniter\Database\BaseConnection->simpleQuery('INSERT INTO `presenca_clientes` (`cliente_id`, `metodo_autenticacao`, `status`, `hora_entrada`, `observacao`) VALUES (NULL, \'pin\', \'erro\', \'2025-10-22 12:01:07\', \'PIN incorreto.\')')
 4 SYSTEMPATH\Database\BaseBuilder.php(2307): CodeIgniter\Database\BaseConnection->query('INSERT INTO `presenca_clientes` (`cliente_id`, `metodo_autenticacao`, `status`, `hora_entrada`, `observacao`) VALUES (:cliente_id:, :metodo_autenticacao:, :status:, :hora_entrada:, :observacao:)', [...], false)
 5 SYSTEMPATH\Model.php(326): CodeIgniter\Database\BaseBuilder->insert()
 6 SYSTEMPATH\BaseModel.php(802): CodeIgniter\Model->doInsert([...])
 7 SYSTEMPATH\Model.php(744): CodeIgniter\BaseModel->insert([...], true)
 8 APPPATH\Controllers\Cliente.php(672): CodeIgniter\Model->insert([...])
 9 SYSTEMPATH\CodeIgniter.php(941): App\Controllers\Cliente->registrarPresenca()
10 SYSTEMPATH\CodeIgniter.php(502): CodeIgniter\CodeIgniter->runController(Object(App\Controllers\Cliente))
11 SYSTEMPATH\CodeIgniter.php(361): CodeIgniter\CodeIgniter->handleRequest(null, Object(Config\Cache), false)
12 FCPATH\index.php(85): CodeIgniter\CodeIgniter->run()
ERROR - 2025-10-22 12:01:38 --> mysqli_sql_exception: Column 'cliente_id' cannot be null in C:\wamp64\www\sites\Projeto1\Back-end\system\Database\MySQLi\Connection.php:306
Stack trace:
#0 C:\wamp64\www\sites\Projeto1\Back-end\system\Database\MySQLi\Connection.php(306): mysqli->query('INSERT INTO `pr...', 0)
#1 C:\wamp64\www\sites\Projeto1\Back-end\system\Database\BaseConnection.php(693): CodeIgniter\Database\MySQLi\Connection->execute('INSERT INTO `pr...')
#2 C:\wamp64\www\sites\Projeto1\Back-end\system\Database\BaseConnection.php(607): CodeIgniter\Database\BaseConnection->simpleQuery('INSERT INTO `pr...')
#3 C:\wamp64\www\sites\Projeto1\Back-end\system\Database\BaseBuilder.php(2307): CodeIgniter\Database\BaseConnection->query('INSERT INTO `pr...', Array, false)
#4 C:\wamp64\www\sites\Projeto1\Back-end\system\Model.php(326): CodeIgniter\Database\BaseBuilder->insert()
#5 C:\wamp64\www\sites\Projeto1\Back-end\system\BaseModel.php(802): CodeIgniter\Model->doInsert(Array)
#6 C:\wamp64\www\sites\Projeto1\Back-end\system\Model.php(744): CodeIgniter\BaseModel->insert(Array, true)
#7 C:\wamp64\www\sites\Projeto1\Back-end\app\Controllers\Cliente.php(672): CodeIgniter\Model->insert(Array)
#8 C:\wamp64\www\sites\Projeto1\Back-end\system\CodeIgniter.php(941): App\Controllers\Cliente->registrarPresenca()
#9 C:\wamp64\www\sites\Projeto1\Back-end\system\CodeIgniter.php(502): CodeIgniter\CodeIgniter->runController(Object(App\Controllers\Cliente))
#10 C:\wamp64\www\sites\Projeto1\Back-end\system\CodeIgniter.php(361): CodeIgniter\CodeIgniter->handleRequest(NULL, Object(Config\Cache), false)
#11 C:\wamp64\www\sites\Projeto1\Back-end\public\index.php(85): CodeIgniter\CodeIgniter->run()
#12 {main}
CRITICAL - 2025-10-22 12:01:38 --> CodeIgniter\Database\Exceptions\DatabaseException: Column 'cliente_id' cannot be null
in SYSTEMPATH\Database\BaseConnection.php on line 647.
 1 SYSTEMPATH\Database\BaseBuilder.php(2307): CodeIgniter\Database\BaseConnection->query('INSERT INTO `presenca_clientes` (`cliente_id`, `metodo_autenticacao`, `status`, `hora_entrada`, `observacao`) VALUES (:cliente_id:, :metodo_autenticacao:, :status:, :hora_entrada:, :observacao:)', [...], false)
 2 SYSTEMPATH\Model.php(326): CodeIgniter\Database\BaseBuilder->insert()
 3 SYSTEMPATH\BaseModel.php(802): CodeIgniter\Model->doInsert([...])
 4 SYSTEMPATH\Model.php(744): CodeIgniter\BaseModel->insert([...], true)
 5 APPPATH\Controllers\Cliente.php(672): CodeIgniter\Model->insert([...])
 6 SYSTEMPATH\CodeIgniter.php(941): App\Controllers\Cliente->registrarPresenca()
 7 SYSTEMPATH\CodeIgniter.php(502): CodeIgniter\CodeIgniter->runController(Object(App\Controllers\Cliente))
 8 SYSTEMPATH\CodeIgniter.php(361): CodeIgniter\CodeIgniter->handleRequest(null, Object(Config\Cache), false)
 9 FCPATH\index.php(85): CodeIgniter\CodeIgniter->run()
CRITICAL - 2025-10-22 12:01:38 --> [Caused by] CodeIgniter\Database\Exceptions\DatabaseException: Column 'cliente_id' cannot be null
in SYSTEMPATH\Database\MySQLi\Connection.php on line 311.
 1 SYSTEMPATH\Database\BaseConnection.php(693): CodeIgniter\Database\MySQLi\Connection->execute('INSERT INTO `presenca_clientes` (`cliente_id`, `metodo_autenticacao`, `status`, `hora_entrada`, `observacao`) VALUES (NULL, \'pin\', \'erro\', \'2025-10-22 12:01:38\', \'PIN incorreto.\')')
 2 SYSTEMPATH\Database\BaseConnection.php(607): CodeIgniter\Database\BaseConnection->simpleQuery('INSERT INTO `presenca_clientes` (`cliente_id`, `metodo_autenticacao`, `status`, `hora_entrada`, `observacao`) VALUES (NULL, \'pin\', \'erro\', \'2025-10-22 12:01:38\', \'PIN incorreto.\')')
 3 SYSTEMPATH\Database\BaseBuilder.php(2307): CodeIgniter\Database\BaseConnection->query('INSERT INTO `presenca_clientes` (`cliente_id`, `metodo_autenticacao`, `status`, `hora_entrada`, `observacao`) VALUES (:cliente_id:, :metodo_autenticacao:, :status:, :hora_entrada:, :observacao:)', [...], false)
 4 SYSTEMPATH\Model.php(326): CodeIgniter\Database\BaseBuilder->insert()
 5 SYSTEMPATH\BaseModel.php(802): CodeIgniter\Model->doInsert([...])
 6 SYSTEMPATH\Model.php(744): CodeIgniter\BaseModel->insert([...], true)
 7 APPPATH\Controllers\Cliente.php(672): CodeIgniter\Model->insert([...])
 8 SYSTEMPATH\CodeIgniter.php(941): App\Controllers\Cliente->registrarPresenca()
 9 SYSTEMPATH\CodeIgniter.php(502): CodeIgniter\CodeIgniter->runController(Object(App\Controllers\Cliente))
10 SYSTEMPATH\CodeIgniter.php(361): CodeIgniter\CodeIgniter->handleRequest(null, Object(Config\Cache), false)
11 FCPATH\index.php(85): CodeIgniter\CodeIgniter->run()
CRITICAL - 2025-10-22 12:01:38 --> [Caused by] mysqli_sql_exception: Column 'cliente_id' cannot be null
in SYSTEMPATH\Database\MySQLi\Connection.php on line 306.
 1 SYSTEMPATH\Database\MySQLi\Connection.php(306): mysqli->query('INSERT INTO `presenca_clientes` (`cliente_id`, `metodo_autenticacao`, `status`, `hora_entrada`, `observacao`) VALUES (NULL, \'pin\', \'erro\', \'2025-10-22 12:01:38\', \'PIN incorreto.\')', 0)
 2 SYSTEMPATH\Database\BaseConnection.php(693): CodeIgniter\Database\MySQLi\Connection->execute('INSERT INTO `presenca_clientes` (`cliente_id`, `metodo_autenticacao`, `status`, `hora_entrada`, `observacao`) VALUES (NULL, \'pin\', \'erro\', \'2025-10-22 12:01:38\', \'PIN incorreto.\')')
 3 SYSTEMPATH\Database\BaseConnection.php(607): CodeIgniter\Database\BaseConnection->simpleQuery('INSERT INTO `presenca_clientes` (`cliente_id`, `metodo_autenticacao`, `status`, `hora_entrada`, `observacao`) VALUES (NULL, \'pin\', \'erro\', \'2025-10-22 12:01:38\', \'PIN incorreto.\')')
 4 SYSTEMPATH\Database\BaseBuilder.php(2307): CodeIgniter\Database\BaseConnection->query('INSERT INTO `presenca_clientes` (`cliente_id`, `metodo_autenticacao`, `status`, `hora_entrada`, `observacao`) VALUES (:cliente_id:, :metodo_autenticacao:, :status:, :hora_entrada:, :observacao:)', [...], false)
 5 SYSTEMPATH\Model.php(326): CodeIgniter\Database\BaseBuilder->insert()
 6 SYSTEMPATH\BaseModel.php(802): CodeIgniter\Model->doInsert([...])
 7 SYSTEMPATH\Model.php(744): CodeIgniter\BaseModel->insert([...], true)
 8 APPPATH\Controllers\Cliente.php(672): CodeIgniter\Model->insert([...])
 9 SYSTEMPATH\CodeIgniter.php(941): App\Controllers\Cliente->registrarPresenca()
10 SYSTEMPATH\CodeIgniter.php(502): CodeIgniter\CodeIgniter->runController(Object(App\Controllers\Cliente))
11 SYSTEMPATH\CodeIgniter.php(361): CodeIgniter\CodeIgniter->handleRequest(null, Object(Config\Cache), false)
12 FCPATH\index.php(85): CodeIgniter\CodeIgniter->run()
