CRITICAL - 2025-04-16 18:12:45 --> ErrorException: unlink(assets/fotos-perfil/1/1744826242_6d66f274ed32bc750cca.jpg): No such file or directory
in APPPATH\Controllers\Cliente.php on line 203.
 1 [internal function]: CodeIgniter\Debug\Exceptions->errorHandler(2, 'unlink(assets/fotos-perfil/1/1744826242_6d66f274ed32bc750cca.jpg): No such file or directory', 'C:\\wamp64\\www\\sites\\Projeto1\\Back-end\\app\\Controllers\\Cliente.php', 203)
 2 APPPATH\Controllers\Cliente.php(203): unlink('assets/fotos-perfil/1/1744826242_6d66f274ed32bc750cca.jpg')
 3 SYSTEMPATH\CodeIgniter.php(941): App\Controllers\Cliente->inserirFoto()
 4 SYSTEMPATH\CodeIgniter.php(502): CodeIgniter\CodeIgniter->runController(Object(App\Controllers\Cliente))
 5 SYSTEMPATH\CodeIgniter.php(361): CodeIgniter\CodeIgniter->handleRequest(null, Object(Config\Cache), false)
 6 FCPATH\index.php(85): CodeIgniter\CodeIgniter->run()
CRITICAL - 2025-04-16 18:14:32 --> ErrorException: unlink(assets/fotos-perfil/1/1744826242_6d66f274ed32bc750cca.jpg): No such file or directory
in APPPATH\Controllers\Cliente.php on line 203.
 1 [internal function]: CodeIgniter\Debug\Exceptions->errorHandler(2, 'unlink(assets/fotos-perfil/1/1744826242_6d66f274ed32bc750cca.jpg): No such file or directory', 'C:\\wamp64\\www\\sites\\Projeto1\\Back-end\\app\\Controllers\\Cliente.php', 203)
 2 APPPATH\Controllers\Cliente.php(203): unlink('assets/fotos-perfil/1/1744826242_6d66f274ed32bc750cca.jpg')
 3 SYSTEMPATH\CodeIgniter.php(941): App\Controllers\Cliente->inserirFoto()
 4 SYSTEMPATH\CodeIgniter.php(502): CodeIgniter\CodeIgniter->runController(Object(App\Controllers\Cliente))
 5 SYSTEMPATH\CodeIgniter.php(361): CodeIgniter\CodeIgniter->handleRequest(null, Object(Config\Cache), false)
 6 FCPATH\index.php(85): CodeIgniter\CodeIgniter->run()
CRITICAL - 2025-04-16 18:14:40 --> Error: Call to a member function isValid() on null
in APPPATH\Controllers\Cliente.php on line 211.
 1 SYSTEMPATH\CodeIgniter.php(941): App\Controllers\Cliente->inserirFoto()
 2 SYSTEMPATH\CodeIgniter.php(502): CodeIgniter\CodeIgniter->runController(Object(App\Controllers\Cliente))
 3 SYSTEMPATH\CodeIgniter.php(361): CodeIgniter\CodeIgniter->handleRequest(null, Object(Config\Cache), false)
 4 FCPATH\index.php(85): CodeIgniter\CodeIgniter->run()
CRITICAL - 2025-04-16 18:16:18 --> ErrorException: unlink(): Invalid argument
in APPPATH\Controllers\Cliente.php on line 203.
 1 [internal function]: CodeIgniter\Debug\Exceptions->errorHandler(2, 'unlink(): Invalid argument', 'C:\\wamp64\\www\\sites\\Projeto1\\Back-end\\app\\Controllers\\Cliente.php', 203)
 2 APPPATH\Controllers\Cliente.php(203): unlink('')
 3 SYSTEMPATH\CodeIgniter.php(941): App\Controllers\Cliente->inserirFoto()
 4 SYSTEMPATH\CodeIgniter.php(502): CodeIgniter\CodeIgniter->runController(Object(App\Controllers\Cliente))
 5 SYSTEMPATH\CodeIgniter.php(361): CodeIgniter\CodeIgniter->handleRequest(null, Object(Config\Cache), false)
 6 FCPATH\index.php(85): CodeIgniter\CodeIgniter->run()
CRITICAL - 2025-04-16 18:27:10 --> Error: Call to a member function isValid() on null
in APPPATH\Controllers\Cliente.php on line 212.
 1 SYSTEMPATH\CodeIgniter.php(941): App\Controllers\Cliente->inserirFoto()
 2 SYSTEMPATH\CodeIgniter.php(502): CodeIgniter\CodeIgniter->runController(Object(App\Controllers\Cliente))
 3 SYSTEMPATH\CodeIgniter.php(361): CodeIgniter\CodeIgniter->handleRequest(null, Object(Config\Cache), false)
 4 FCPATH\index.php(85): CodeIgniter\CodeIgniter->run()
