ERROR - 2025-04-01 23:53:02 --> mysqli_sql_exception: Operand should contain 1 column(s) in C:\wamp64\www\sites\Projeto1\Back-end\system\Database\MySQLi\Connection.php:306
Stack trace:
#0 C:\wamp64\www\sites\Projeto1\Back-end\system\Database\MySQLi\Connection.php(306): mysqli->query('INSERT INTO `an...', 0)
#1 C:\wamp64\www\sites\Projeto1\Back-end\system\Database\BaseConnection.php(693): CodeIgniter\Database\MySQLi\Connection->execute('INSERT INTO `an...')
#2 C:\wamp64\www\sites\Projeto1\Back-end\system\Database\BaseConnection.php(607): CodeIgniter\Database\BaseConnection->simpleQuery('INSERT INTO `an...')
#3 C:\wamp64\www\sites\Projeto1\Back-end\system\Database\BaseBuilder.php(2307): CodeIgniter\Database\BaseConnection->query('INSERT INTO `an...', Array, false)
#4 C:\wamp64\www\sites\Projeto1\Back-end\system\Model.php(326): CodeIgniter\Database\BaseBuilder->insert()
#5 C:\wamp64\www\sites\Projeto1\Back-end\system\BaseModel.php(802): CodeIgniter\Model->doInsert(Array)
#6 C:\wamp64\www\sites\Projeto1\Back-end\system\Model.php(744): CodeIgniter\BaseModel->insert(Array, true)
#7 C:\wamp64\www\sites\Projeto1\Back-end\app\Controllers\Anamnese.php(24): CodeIgniter\Model->insert(Array)
#8 C:\wamp64\www\sites\Projeto1\Back-end\system\CodeIgniter.php(941): App\Controllers\Anamnese->create()
#9 C:\wamp64\www\sites\Projeto1\Back-end\system\CodeIgniter.php(502): CodeIgniter\CodeIgniter->runController(Object(App\Controllers\Anamnese))
#10 C:\wamp64\www\sites\Projeto1\Back-end\system\CodeIgniter.php(361): CodeIgniter\CodeIgniter->handleRequest(NULL, Object(Config\Cache), false)
#11 C:\wamp64\www\sites\Projeto1\Back-end\public\index.php(85): CodeIgniter\CodeIgniter->run()
#12 {main}
CRITICAL - 2025-04-01 23:53:02 --> CodeIgniter\Database\Exceptions\DatabaseException: Operand should contain 1 column(s)
in SYSTEMPATH\Database\BaseConnection.php on line 647.
 1 SYSTEMPATH\Database\BaseBuilder.php(2307): CodeIgniter\Database\BaseConnection->query('INSERT INTO `anamnese` (`cliente_id`, `perg_problemas_saude`, `perg_sintomas`, `perg_medicamentos`, `perg_historico_familiar_cardiaco`, `perg_restricao_medica`, `perg_gravida`, `perg_fuma`, `perg_bebe_alcool`, `perg_exercicio_frequente`, `perg_qtde_aerobico`, `perg_colesterol_medido`, `perg_alimentacao_balanceada`, `perg_gordura_alta`, `perg_nivel_estresse`, `perg_objetivos_saude`, `anotacoes`) VALUES (:cliente_id:, :perg_problemas_saude:, :perg_sintomas:, :perg_medicamentos:, :perg_historico_familiar_cardiaco:, :perg_restricao_medica:, :perg_gravida:, :perg_fuma:, :perg_bebe_alcool:, :perg_exercicio_frequente:, :perg_qtde_aerobico:, :perg_colesterol_medido:, :perg_alimentacao_balanceada:, :perg_gordura_alta:, :perg_nivel_estresse:, :perg_objetivos_saude:, :anotacoes:)', [...], false)
 2 SYSTEMPATH\Model.php(326): CodeIgniter\Database\BaseBuilder->insert()
 3 SYSTEMPATH\BaseModel.php(802): CodeIgniter\Model->doInsert([...])
 4 SYSTEMPATH\Model.php(744): CodeIgniter\BaseModel->insert([...], true)
 5 APPPATH\Controllers\Anamnese.php(24): CodeIgniter\Model->insert([...])
 6 SYSTEMPATH\CodeIgniter.php(941): App\Controllers\Anamnese->create()
 7 SYSTEMPATH\CodeIgniter.php(502): CodeIgniter\CodeIgniter->runController(Object(App\Controllers\Anamnese))
 8 SYSTEMPATH\CodeIgniter.php(361): CodeIgniter\CodeIgniter->handleRequest(null, Object(Config\Cache), false)
 9 FCPATH\index.php(85): CodeIgniter\CodeIgniter->run()
CRITICAL - 2025-04-01 23:53:02 --> [Caused by] CodeIgniter\Database\Exceptions\DatabaseException: Operand should contain 1 column(s)
in SYSTEMPATH\Database\MySQLi\Connection.php on line 311.
 1 SYSTEMPATH\Database\BaseConnection.php(693): CodeIgniter\Database\MySQLi\Connection->execute('INSERT INTO `anamnese` (`cliente_id`, `perg_problemas_saude`, `perg_sintomas`, `perg_medicamentos`, `perg_historico_familiar_cardiaco`, `perg_restricao_medica`, `perg_gravida`, `perg_fuma`, `perg_bebe_alcool`, `perg_exercicio_frequente`, `perg_qtde_aerobico`, `perg_colesterol_medido`, `perg_alimentacao_balanceada`, `perg_gordura_alta`, `perg_nivel_estresse`, `perg_objetivos_saude`, `anotacoes`) VALUES (\'1\', (\'Doença cardiaca coronariana\',\'Doença cardiaca reumática\',\'descricao:teste\'), (\'Dor nas costas\'), \'teste\', \'1\', \'ssss\', \'1\', \'n\', \'n\', \'1\', 20, \'1\', \'1\', \'0\', \'elevado\', (\'Perder peso\'), NULL)')
 2 SYSTEMPATH\Database\BaseConnection.php(607): CodeIgniter\Database\BaseConnection->simpleQuery('INSERT INTO `anamnese` (`cliente_id`, `perg_problemas_saude`, `perg_sintomas`, `perg_medicamentos`, `perg_historico_familiar_cardiaco`, `perg_restricao_medica`, `perg_gravida`, `perg_fuma`, `perg_bebe_alcool`, `perg_exercicio_frequente`, `perg_qtde_aerobico`, `perg_colesterol_medido`, `perg_alimentacao_balanceada`, `perg_gordura_alta`, `perg_nivel_estresse`, `perg_objetivos_saude`, `anotacoes`) VALUES (\'1\', (\'Doença cardiaca coronariana\',\'Doença cardiaca reumática\',\'descricao:teste\'), (\'Dor nas costas\'), \'teste\', \'1\', \'ssss\', \'1\', \'n\', \'n\', \'1\', 20, \'1\', \'1\', \'0\', \'elevado\', (\'Perder peso\'), NULL)')
 3 SYSTEMPATH\Database\BaseBuilder.php(2307): CodeIgniter\Database\BaseConnection->query('INSERT INTO `anamnese` (`cliente_id`, `perg_problemas_saude`, `perg_sintomas`, `perg_medicamentos`, `perg_historico_familiar_cardiaco`, `perg_restricao_medica`, `perg_gravida`, `perg_fuma`, `perg_bebe_alcool`, `perg_exercicio_frequente`, `perg_qtde_aerobico`, `perg_colesterol_medido`, `perg_alimentacao_balanceada`, `perg_gordura_alta`, `perg_nivel_estresse`, `perg_objetivos_saude`, `anotacoes`) VALUES (:cliente_id:, :perg_problemas_saude:, :perg_sintomas:, :perg_medicamentos:, :perg_historico_familiar_cardiaco:, :perg_restricao_medica:, :perg_gravida:, :perg_fuma:, :perg_bebe_alcool:, :perg_exercicio_frequente:, :perg_qtde_aerobico:, :perg_colesterol_medido:, :perg_alimentacao_balanceada:, :perg_gordura_alta:, :perg_nivel_estresse:, :perg_objetivos_saude:, :anotacoes:)', [...], false)
 4 SYSTEMPATH\Model.php(326): CodeIgniter\Database\BaseBuilder->insert()
 5 SYSTEMPATH\BaseModel.php(802): CodeIgniter\Model->doInsert([...])
 6 SYSTEMPATH\Model.php(744): CodeIgniter\BaseModel->insert([...], true)
 7 APPPATH\Controllers\Anamnese.php(24): CodeIgniter\Model->insert([...])
 8 SYSTEMPATH\CodeIgniter.php(941): App\Controllers\Anamnese->create()
 9 SYSTEMPATH\CodeIgniter.php(502): CodeIgniter\CodeIgniter->runController(Object(App\Controllers\Anamnese))
10 SYSTEMPATH\CodeIgniter.php(361): CodeIgniter\CodeIgniter->handleRequest(null, Object(Config\Cache), false)
11 FCPATH\index.php(85): CodeIgniter\CodeIgniter->run()
CRITICAL - 2025-04-01 23:53:02 --> [Caused by] mysqli_sql_exception: Operand should contain 1 column(s)
in SYSTEMPATH\Database\MySQLi\Connection.php on line 306.
 1 SYSTEMPATH\Database\MySQLi\Connection.php(306): mysqli->query('INSERT INTO `anamnese` (`cliente_id`, `perg_problemas_saude`, `perg_sintomas`, `perg_medicamentos`, `perg_historico_familiar_cardiaco`, `perg_restricao_medica`, `perg_gravida`, `perg_fuma`, `perg_bebe_alcool`, `perg_exercicio_frequente`, `perg_qtde_aerobico`, `perg_colesterol_medido`, `perg_alimentacao_balanceada`, `perg_gordura_alta`, `perg_nivel_estresse`, `perg_objetivos_saude`, `anotacoes`) VALUES (\'1\', (\'Doença cardiaca coronariana\',\'Doença cardiaca reumática\',\'descricao:teste\'), (\'Dor nas costas\'), \'teste\', \'1\', \'ssss\', \'1\', \'n\', \'n\', \'1\', 20, \'1\', \'1\', \'0\', \'elevado\', (\'Perder peso\'), NULL)', 0)
 2 SYSTEMPATH\Database\BaseConnection.php(693): CodeIgniter\Database\MySQLi\Connection->execute('INSERT INTO `anamnese` (`cliente_id`, `perg_problemas_saude`, `perg_sintomas`, `perg_medicamentos`, `perg_historico_familiar_cardiaco`, `perg_restricao_medica`, `perg_gravida`, `perg_fuma`, `perg_bebe_alcool`, `perg_exercicio_frequente`, `perg_qtde_aerobico`, `perg_colesterol_medido`, `perg_alimentacao_balanceada`, `perg_gordura_alta`, `perg_nivel_estresse`, `perg_objetivos_saude`, `anotacoes`) VALUES (\'1\', (\'Doença cardiaca coronariana\',\'Doença cardiaca reumática\',\'descricao:teste\'), (\'Dor nas costas\'), \'teste\', \'1\', \'ssss\', \'1\', \'n\', \'n\', \'1\', 20, \'1\', \'1\', \'0\', \'elevado\', (\'Perder peso\'), NULL)')
 3 SYSTEMPATH\Database\BaseConnection.php(607): CodeIgniter\Database\BaseConnection->simpleQuery('INSERT INTO `anamnese` (`cliente_id`, `perg_problemas_saude`, `perg_sintomas`, `perg_medicamentos`, `perg_historico_familiar_cardiaco`, `perg_restricao_medica`, `perg_gravida`, `perg_fuma`, `perg_bebe_alcool`, `perg_exercicio_frequente`, `perg_qtde_aerobico`, `perg_colesterol_medido`, `perg_alimentacao_balanceada`, `perg_gordura_alta`, `perg_nivel_estresse`, `perg_objetivos_saude`, `anotacoes`) VALUES (\'1\', (\'Doença cardiaca coronariana\',\'Doença cardiaca reumática\',\'descricao:teste\'), (\'Dor nas costas\'), \'teste\', \'1\', \'ssss\', \'1\', \'n\', \'n\', \'1\', 20, \'1\', \'1\', \'0\', \'elevado\', (\'Perder peso\'), NULL)')
 4 SYSTEMPATH\Database\BaseBuilder.php(2307): CodeIgniter\Database\BaseConnection->query('INSERT INTO `anamnese` (`cliente_id`, `perg_problemas_saude`, `perg_sintomas`, `perg_medicamentos`, `perg_historico_familiar_cardiaco`, `perg_restricao_medica`, `perg_gravida`, `perg_fuma`, `perg_bebe_alcool`, `perg_exercicio_frequente`, `perg_qtde_aerobico`, `perg_colesterol_medido`, `perg_alimentacao_balanceada`, `perg_gordura_alta`, `perg_nivel_estresse`, `perg_objetivos_saude`, `anotacoes`) VALUES (:cliente_id:, :perg_problemas_saude:, :perg_sintomas:, :perg_medicamentos:, :perg_historico_familiar_cardiaco:, :perg_restricao_medica:, :perg_gravida:, :perg_fuma:, :perg_bebe_alcool:, :perg_exercicio_frequente:, :perg_qtde_aerobico:, :perg_colesterol_medido:, :perg_alimentacao_balanceada:, :perg_gordura_alta:, :perg_nivel_estresse:, :perg_objetivos_saude:, :anotacoes:)', [...], false)
 5 SYSTEMPATH\Model.php(326): CodeIgniter\Database\BaseBuilder->insert()
 6 SYSTEMPATH\BaseModel.php(802): CodeIgniter\Model->doInsert([...])
 7 SYSTEMPATH\Model.php(744): CodeIgniter\BaseModel->insert([...], true)
 8 APPPATH\Controllers\Anamnese.php(24): CodeIgniter\Model->insert([...])
 9 SYSTEMPATH\CodeIgniter.php(941): App\Controllers\Anamnese->create()
10 SYSTEMPATH\CodeIgniter.php(502): CodeIgniter\CodeIgniter->runController(Object(App\Controllers\Anamnese))
11 SYSTEMPATH\CodeIgniter.php(361): CodeIgniter\CodeIgniter->handleRequest(null, Object(Config\Cache), false)
12 FCPATH\index.php(85): CodeIgniter\CodeIgniter->run()
ERROR - 2025-04-01 23:53:20 --> mysqli_sql_exception: Operand should contain 1 column(s) in C:\wamp64\www\sites\Projeto1\Back-end\system\Database\MySQLi\Connection.php:306
Stack trace:
#0 C:\wamp64\www\sites\Projeto1\Back-end\system\Database\MySQLi\Connection.php(306): mysqli->query('INSERT INTO `an...', 0)
#1 C:\wamp64\www\sites\Projeto1\Back-end\system\Database\BaseConnection.php(693): CodeIgniter\Database\MySQLi\Connection->execute('INSERT INTO `an...')
#2 C:\wamp64\www\sites\Projeto1\Back-end\system\Database\BaseConnection.php(607): CodeIgniter\Database\BaseConnection->simpleQuery('INSERT INTO `an...')
#3 C:\wamp64\www\sites\Projeto1\Back-end\system\Database\BaseBuilder.php(2307): CodeIgniter\Database\BaseConnection->query('INSERT INTO `an...', Array, false)
#4 C:\wamp64\www\sites\Projeto1\Back-end\system\Model.php(326): CodeIgniter\Database\BaseBuilder->insert()
#5 C:\wamp64\www\sites\Projeto1\Back-end\system\BaseModel.php(802): CodeIgniter\Model->doInsert(Array)
#6 C:\wamp64\www\sites\Projeto1\Back-end\system\Model.php(744): CodeIgniter\BaseModel->insert(Array, true)
#7 C:\wamp64\www\sites\Projeto1\Back-end\app\Controllers\Anamnese.php(24): CodeIgniter\Model->insert(Array)
#8 C:\wamp64\www\sites\Projeto1\Back-end\system\CodeIgniter.php(941): App\Controllers\Anamnese->create()
#9 C:\wamp64\www\sites\Projeto1\Back-end\system\CodeIgniter.php(502): CodeIgniter\CodeIgniter->runController(Object(App\Controllers\Anamnese))
#10 C:\wamp64\www\sites\Projeto1\Back-end\system\CodeIgniter.php(361): CodeIgniter\CodeIgniter->handleRequest(NULL, Object(Config\Cache), false)
#11 C:\wamp64\www\sites\Projeto1\Back-end\public\index.php(85): CodeIgniter\CodeIgniter->run()
#12 {main}
CRITICAL - 2025-04-01 23:53:20 --> CodeIgniter\Database\Exceptions\DatabaseException: Operand should contain 1 column(s)
in SYSTEMPATH\Database\BaseConnection.php on line 647.
 1 SYSTEMPATH\Database\BaseBuilder.php(2307): CodeIgniter\Database\BaseConnection->query('INSERT INTO `anamnese` (`cliente_id`, `perg_problemas_saude`, `perg_sintomas`, `perg_medicamentos`, `perg_historico_familiar_cardiaco`, `perg_restricao_medica`, `perg_gravida`, `perg_fuma`, `perg_bebe_alcool`, `perg_exercicio_frequente`, `perg_qtde_aerobico`, `perg_colesterol_medido`, `perg_alimentacao_balanceada`, `perg_gordura_alta`, `perg_nivel_estresse`, `perg_objetivos_saude`, `anotacoes`) VALUES (:cliente_id:, :perg_problemas_saude:, :perg_sintomas:, :perg_medicamentos:, :perg_historico_familiar_cardiaco:, :perg_restricao_medica:, :perg_gravida:, :perg_fuma:, :perg_bebe_alcool:, :perg_exercicio_frequente:, :perg_qtde_aerobico:, :perg_colesterol_medido:, :perg_alimentacao_balanceada:, :perg_gordura_alta:, :perg_nivel_estresse:, :perg_objetivos_saude:, :anotacoes:)', [...], false)
 2 SYSTEMPATH\Model.php(326): CodeIgniter\Database\BaseBuilder->insert()
 3 SYSTEMPATH\BaseModel.php(802): CodeIgniter\Model->doInsert([...])
 4 SYSTEMPATH\Model.php(744): CodeIgniter\BaseModel->insert([...], true)
 5 APPPATH\Controllers\Anamnese.php(24): CodeIgniter\Model->insert([...])
 6 SYSTEMPATH\CodeIgniter.php(941): App\Controllers\Anamnese->create()
 7 SYSTEMPATH\CodeIgniter.php(502): CodeIgniter\CodeIgniter->runController(Object(App\Controllers\Anamnese))
 8 SYSTEMPATH\CodeIgniter.php(361): CodeIgniter\CodeIgniter->handleRequest(null, Object(Config\Cache), false)
 9 FCPATH\index.php(85): CodeIgniter\CodeIgniter->run()
CRITICAL - 2025-04-01 23:53:20 --> [Caused by] CodeIgniter\Database\Exceptions\DatabaseException: Operand should contain 1 column(s)
in SYSTEMPATH\Database\MySQLi\Connection.php on line 311.
 1 SYSTEMPATH\Database\BaseConnection.php(693): CodeIgniter\Database\MySQLi\Connection->execute('INSERT INTO `anamnese` (`cliente_id`, `perg_problemas_saude`, `perg_sintomas`, `perg_medicamentos`, `perg_historico_familiar_cardiaco`, `perg_restricao_medica`, `perg_gravida`, `perg_fuma`, `perg_bebe_alcool`, `perg_exercicio_frequente`, `perg_qtde_aerobico`, `perg_colesterol_medido`, `perg_alimentacao_balanceada`, `perg_gordura_alta`, `perg_nivel_estresse`, `perg_objetivos_saude`, `anotacoes`) VALUES (\'1\', (\'Doença cardiaca coronariana\',\'Doença cardiaca reumática\',\'descricao:teste\'), (\'Dor nas costas\'), \'teste\', \'1\', \'ssss\', \'1\', \'n\', \'n\', \'1\', 20, \'1\', \'1\', \'0\', \'elevado\', (\'Perder peso\'), NULL)')
 2 SYSTEMPATH\Database\BaseConnection.php(607): CodeIgniter\Database\BaseConnection->simpleQuery('INSERT INTO `anamnese` (`cliente_id`, `perg_problemas_saude`, `perg_sintomas`, `perg_medicamentos`, `perg_historico_familiar_cardiaco`, `perg_restricao_medica`, `perg_gravida`, `perg_fuma`, `perg_bebe_alcool`, `perg_exercicio_frequente`, `perg_qtde_aerobico`, `perg_colesterol_medido`, `perg_alimentacao_balanceada`, `perg_gordura_alta`, `perg_nivel_estresse`, `perg_objetivos_saude`, `anotacoes`) VALUES (\'1\', (\'Doença cardiaca coronariana\',\'Doença cardiaca reumática\',\'descricao:teste\'), (\'Dor nas costas\'), \'teste\', \'1\', \'ssss\', \'1\', \'n\', \'n\', \'1\', 20, \'1\', \'1\', \'0\', \'elevado\', (\'Perder peso\'), NULL)')
 3 SYSTEMPATH\Database\BaseBuilder.php(2307): CodeIgniter\Database\BaseConnection->query('INSERT INTO `anamnese` (`cliente_id`, `perg_problemas_saude`, `perg_sintomas`, `perg_medicamentos`, `perg_historico_familiar_cardiaco`, `perg_restricao_medica`, `perg_gravida`, `perg_fuma`, `perg_bebe_alcool`, `perg_exercicio_frequente`, `perg_qtde_aerobico`, `perg_colesterol_medido`, `perg_alimentacao_balanceada`, `perg_gordura_alta`, `perg_nivel_estresse`, `perg_objetivos_saude`, `anotacoes`) VALUES (:cliente_id:, :perg_problemas_saude:, :perg_sintomas:, :perg_medicamentos:, :perg_historico_familiar_cardiaco:, :perg_restricao_medica:, :perg_gravida:, :perg_fuma:, :perg_bebe_alcool:, :perg_exercicio_frequente:, :perg_qtde_aerobico:, :perg_colesterol_medido:, :perg_alimentacao_balanceada:, :perg_gordura_alta:, :perg_nivel_estresse:, :perg_objetivos_saude:, :anotacoes:)', [...], false)
 4 SYSTEMPATH\Model.php(326): CodeIgniter\Database\BaseBuilder->insert()
 5 SYSTEMPATH\BaseModel.php(802): CodeIgniter\Model->doInsert([...])
 6 SYSTEMPATH\Model.php(744): CodeIgniter\BaseModel->insert([...], true)
 7 APPPATH\Controllers\Anamnese.php(24): CodeIgniter\Model->insert([...])
 8 SYSTEMPATH\CodeIgniter.php(941): App\Controllers\Anamnese->create()
 9 SYSTEMPATH\CodeIgniter.php(502): CodeIgniter\CodeIgniter->runController(Object(App\Controllers\Anamnese))
10 SYSTEMPATH\CodeIgniter.php(361): CodeIgniter\CodeIgniter->handleRequest(null, Object(Config\Cache), false)
11 FCPATH\index.php(85): CodeIgniter\CodeIgniter->run()
CRITICAL - 2025-04-01 23:53:20 --> [Caused by] mysqli_sql_exception: Operand should contain 1 column(s)
in SYSTEMPATH\Database\MySQLi\Connection.php on line 306.
 1 SYSTEMPATH\Database\MySQLi\Connection.php(306): mysqli->query('INSERT INTO `anamnese` (`cliente_id`, `perg_problemas_saude`, `perg_sintomas`, `perg_medicamentos`, `perg_historico_familiar_cardiaco`, `perg_restricao_medica`, `perg_gravida`, `perg_fuma`, `perg_bebe_alcool`, `perg_exercicio_frequente`, `perg_qtde_aerobico`, `perg_colesterol_medido`, `perg_alimentacao_balanceada`, `perg_gordura_alta`, `perg_nivel_estresse`, `perg_objetivos_saude`, `anotacoes`) VALUES (\'1\', (\'Doença cardiaca coronariana\',\'Doença cardiaca reumática\',\'descricao:teste\'), (\'Dor nas costas\'), \'teste\', \'1\', \'ssss\', \'1\', \'n\', \'n\', \'1\', 20, \'1\', \'1\', \'0\', \'elevado\', (\'Perder peso\'), NULL)', 0)
 2 SYSTEMPATH\Database\BaseConnection.php(693): CodeIgniter\Database\MySQLi\Connection->execute('INSERT INTO `anamnese` (`cliente_id`, `perg_problemas_saude`, `perg_sintomas`, `perg_medicamentos`, `perg_historico_familiar_cardiaco`, `perg_restricao_medica`, `perg_gravida`, `perg_fuma`, `perg_bebe_alcool`, `perg_exercicio_frequente`, `perg_qtde_aerobico`, `perg_colesterol_medido`, `perg_alimentacao_balanceada`, `perg_gordura_alta`, `perg_nivel_estresse`, `perg_objetivos_saude`, `anotacoes`) VALUES (\'1\', (\'Doença cardiaca coronariana\',\'Doença cardiaca reumática\',\'descricao:teste\'), (\'Dor nas costas\'), \'teste\', \'1\', \'ssss\', \'1\', \'n\', \'n\', \'1\', 20, \'1\', \'1\', \'0\', \'elevado\', (\'Perder peso\'), NULL)')
 3 SYSTEMPATH\Database\BaseConnection.php(607): CodeIgniter\Database\BaseConnection->simpleQuery('INSERT INTO `anamnese` (`cliente_id`, `perg_problemas_saude`, `perg_sintomas`, `perg_medicamentos`, `perg_historico_familiar_cardiaco`, `perg_restricao_medica`, `perg_gravida`, `perg_fuma`, `perg_bebe_alcool`, `perg_exercicio_frequente`, `perg_qtde_aerobico`, `perg_colesterol_medido`, `perg_alimentacao_balanceada`, `perg_gordura_alta`, `perg_nivel_estresse`, `perg_objetivos_saude`, `anotacoes`) VALUES (\'1\', (\'Doença cardiaca coronariana\',\'Doença cardiaca reumática\',\'descricao:teste\'), (\'Dor nas costas\'), \'teste\', \'1\', \'ssss\', \'1\', \'n\', \'n\', \'1\', 20, \'1\', \'1\', \'0\', \'elevado\', (\'Perder peso\'), NULL)')
 4 SYSTEMPATH\Database\BaseBuilder.php(2307): CodeIgniter\Database\BaseConnection->query('INSERT INTO `anamnese` (`cliente_id`, `perg_problemas_saude`, `perg_sintomas`, `perg_medicamentos`, `perg_historico_familiar_cardiaco`, `perg_restricao_medica`, `perg_gravida`, `perg_fuma`, `perg_bebe_alcool`, `perg_exercicio_frequente`, `perg_qtde_aerobico`, `perg_colesterol_medido`, `perg_alimentacao_balanceada`, `perg_gordura_alta`, `perg_nivel_estresse`, `perg_objetivos_saude`, `anotacoes`) VALUES (:cliente_id:, :perg_problemas_saude:, :perg_sintomas:, :perg_medicamentos:, :perg_historico_familiar_cardiaco:, :perg_restricao_medica:, :perg_gravida:, :perg_fuma:, :perg_bebe_alcool:, :perg_exercicio_frequente:, :perg_qtde_aerobico:, :perg_colesterol_medido:, :perg_alimentacao_balanceada:, :perg_gordura_alta:, :perg_nivel_estresse:, :perg_objetivos_saude:, :anotacoes:)', [...], false)
 5 SYSTEMPATH\Model.php(326): CodeIgniter\Database\BaseBuilder->insert()
 6 SYSTEMPATH\BaseModel.php(802): CodeIgniter\Model->doInsert([...])
 7 SYSTEMPATH\Model.php(744): CodeIgniter\BaseModel->insert([...], true)
 8 APPPATH\Controllers\Anamnese.php(24): CodeIgniter\Model->insert([...])
 9 SYSTEMPATH\CodeIgniter.php(941): App\Controllers\Anamnese->create()
10 SYSTEMPATH\CodeIgniter.php(502): CodeIgniter\CodeIgniter->runController(Object(App\Controllers\Anamnese))
11 SYSTEMPATH\CodeIgniter.php(361): CodeIgniter\CodeIgniter->handleRequest(null, Object(Config\Cache), false)
12 FCPATH\index.php(85): CodeIgniter\CodeIgniter->run()
ERROR - 2025-04-01 23:53:35 --> mysqli_sql_exception: Operand should contain 1 column(s) in C:\wamp64\www\sites\Projeto1\Back-end\system\Database\MySQLi\Connection.php:306
Stack trace:
#0 C:\wamp64\www\sites\Projeto1\Back-end\system\Database\MySQLi\Connection.php(306): mysqli->query('INSERT INTO `an...', 0)
#1 C:\wamp64\www\sites\Projeto1\Back-end\system\Database\BaseConnection.php(693): CodeIgniter\Database\MySQLi\Connection->execute('INSERT INTO `an...')
#2 C:\wamp64\www\sites\Projeto1\Back-end\system\Database\BaseConnection.php(607): CodeIgniter\Database\BaseConnection->simpleQuery('INSERT INTO `an...')
#3 C:\wamp64\www\sites\Projeto1\Back-end\system\Database\BaseBuilder.php(2307): CodeIgniter\Database\BaseConnection->query('INSERT INTO `an...', Array, false)
#4 C:\wamp64\www\sites\Projeto1\Back-end\system\Model.php(326): CodeIgniter\Database\BaseBuilder->insert()
#5 C:\wamp64\www\sites\Projeto1\Back-end\system\BaseModel.php(802): CodeIgniter\Model->doInsert(Array)
#6 C:\wamp64\www\sites\Projeto1\Back-end\system\Model.php(744): CodeIgniter\BaseModel->insert(Array, true)
#7 C:\wamp64\www\sites\Projeto1\Back-end\app\Controllers\Anamnese.php(24): CodeIgniter\Model->insert(Array)
#8 C:\wamp64\www\sites\Projeto1\Back-end\system\CodeIgniter.php(941): App\Controllers\Anamnese->create()
#9 C:\wamp64\www\sites\Projeto1\Back-end\system\CodeIgniter.php(502): CodeIgniter\CodeIgniter->runController(Object(App\Controllers\Anamnese))
#10 C:\wamp64\www\sites\Projeto1\Back-end\system\CodeIgniter.php(361): CodeIgniter\CodeIgniter->handleRequest(NULL, Object(Config\Cache), false)
#11 C:\wamp64\www\sites\Projeto1\Back-end\public\index.php(85): CodeIgniter\CodeIgniter->run()
#12 {main}
CRITICAL - 2025-04-01 23:53:35 --> CodeIgniter\Database\Exceptions\DatabaseException: Operand should contain 1 column(s)
in SYSTEMPATH\Database\BaseConnection.php on line 647.
 1 SYSTEMPATH\Database\BaseBuilder.php(2307): CodeIgniter\Database\BaseConnection->query('INSERT INTO `anamnese` (`cliente_id`, `perg_problemas_saude`, `perg_sintomas`, `perg_medicamentos`, `perg_historico_familiar_cardiaco`, `perg_restricao_medica`, `perg_gravida`, `perg_fuma`, `perg_bebe_alcool`, `perg_exercicio_frequente`, `perg_qtde_aerobico`, `perg_colesterol_medido`, `perg_alimentacao_balanceada`, `perg_gordura_alta`, `perg_nivel_estresse`, `perg_objetivos_saude`, `anotacoes`) VALUES (:cliente_id:, :perg_problemas_saude:, :perg_sintomas:, :perg_medicamentos:, :perg_historico_familiar_cardiaco:, :perg_restricao_medica:, :perg_gravida:, :perg_fuma:, :perg_bebe_alcool:, :perg_exercicio_frequente:, :perg_qtde_aerobico:, :perg_colesterol_medido:, :perg_alimentacao_balanceada:, :perg_gordura_alta:, :perg_nivel_estresse:, :perg_objetivos_saude:, :anotacoes:)', [...], false)
 2 SYSTEMPATH\Model.php(326): CodeIgniter\Database\BaseBuilder->insert()
 3 SYSTEMPATH\BaseModel.php(802): CodeIgniter\Model->doInsert([...])
 4 SYSTEMPATH\Model.php(744): CodeIgniter\BaseModel->insert([...], true)
 5 APPPATH\Controllers\Anamnese.php(24): CodeIgniter\Model->insert([...])
 6 SYSTEMPATH\CodeIgniter.php(941): App\Controllers\Anamnese->create()
 7 SYSTEMPATH\CodeIgniter.php(502): CodeIgniter\CodeIgniter->runController(Object(App\Controllers\Anamnese))
 8 SYSTEMPATH\CodeIgniter.php(361): CodeIgniter\CodeIgniter->handleRequest(null, Object(Config\Cache), false)
 9 FCPATH\index.php(85): CodeIgniter\CodeIgniter->run()
CRITICAL - 2025-04-01 23:53:35 --> [Caused by] CodeIgniter\Database\Exceptions\DatabaseException: Operand should contain 1 column(s)
in SYSTEMPATH\Database\MySQLi\Connection.php on line 311.
 1 SYSTEMPATH\Database\BaseConnection.php(693): CodeIgniter\Database\MySQLi\Connection->execute('INSERT INTO `anamnese` (`cliente_id`, `perg_problemas_saude`, `perg_sintomas`, `perg_medicamentos`, `perg_historico_familiar_cardiaco`, `perg_restricao_medica`, `perg_gravida`, `perg_fuma`, `perg_bebe_alcool`, `perg_exercicio_frequente`, `perg_qtde_aerobico`, `perg_colesterol_medido`, `perg_alimentacao_balanceada`, `perg_gordura_alta`, `perg_nivel_estresse`, `perg_objetivos_saude`, `anotacoes`) VALUES (\'1\', (\'Doença cardiaca coronariana\',\'Doença cardiaca reumática\',\'descricao:teste\'), (\'Dor nas costas\'), \'teste\', \'1\', \'ssss\', \'1\', \'n\', \'n\', \'1\', 20, \'1\', \'1\', \'0\', \'elevado\', (\'Perder peso\'), \'ssss\')')
 2 SYSTEMPATH\Database\BaseConnection.php(607): CodeIgniter\Database\BaseConnection->simpleQuery('INSERT INTO `anamnese` (`cliente_id`, `perg_problemas_saude`, `perg_sintomas`, `perg_medicamentos`, `perg_historico_familiar_cardiaco`, `perg_restricao_medica`, `perg_gravida`, `perg_fuma`, `perg_bebe_alcool`, `perg_exercicio_frequente`, `perg_qtde_aerobico`, `perg_colesterol_medido`, `perg_alimentacao_balanceada`, `perg_gordura_alta`, `perg_nivel_estresse`, `perg_objetivos_saude`, `anotacoes`) VALUES (\'1\', (\'Doença cardiaca coronariana\',\'Doença cardiaca reumática\',\'descricao:teste\'), (\'Dor nas costas\'), \'teste\', \'1\', \'ssss\', \'1\', \'n\', \'n\', \'1\', 20, \'1\', \'1\', \'0\', \'elevado\', (\'Perder peso\'), \'ssss\')')
 3 SYSTEMPATH\Database\BaseBuilder.php(2307): CodeIgniter\Database\BaseConnection->query('INSERT INTO `anamnese` (`cliente_id`, `perg_problemas_saude`, `perg_sintomas`, `perg_medicamentos`, `perg_historico_familiar_cardiaco`, `perg_restricao_medica`, `perg_gravida`, `perg_fuma`, `perg_bebe_alcool`, `perg_exercicio_frequente`, `perg_qtde_aerobico`, `perg_colesterol_medido`, `perg_alimentacao_balanceada`, `perg_gordura_alta`, `perg_nivel_estresse`, `perg_objetivos_saude`, `anotacoes`) VALUES (:cliente_id:, :perg_problemas_saude:, :perg_sintomas:, :perg_medicamentos:, :perg_historico_familiar_cardiaco:, :perg_restricao_medica:, :perg_gravida:, :perg_fuma:, :perg_bebe_alcool:, :perg_exercicio_frequente:, :perg_qtde_aerobico:, :perg_colesterol_medido:, :perg_alimentacao_balanceada:, :perg_gordura_alta:, :perg_nivel_estresse:, :perg_objetivos_saude:, :anotacoes:)', [...], false)
 4 SYSTEMPATH\Model.php(326): CodeIgniter\Database\BaseBuilder->insert()
 5 SYSTEMPATH\BaseModel.php(802): CodeIgniter\Model->doInsert([...])
 6 SYSTEMPATH\Model.php(744): CodeIgniter\BaseModel->insert([...], true)
 7 APPPATH\Controllers\Anamnese.php(24): CodeIgniter\Model->insert([...])
 8 SYSTEMPATH\CodeIgniter.php(941): App\Controllers\Anamnese->create()
 9 SYSTEMPATH\CodeIgniter.php(502): CodeIgniter\CodeIgniter->runController(Object(App\Controllers\Anamnese))
10 SYSTEMPATH\CodeIgniter.php(361): CodeIgniter\CodeIgniter->handleRequest(null, Object(Config\Cache), false)
11 FCPATH\index.php(85): CodeIgniter\CodeIgniter->run()
CRITICAL - 2025-04-01 23:53:35 --> [Caused by] mysqli_sql_exception: Operand should contain 1 column(s)
in SYSTEMPATH\Database\MySQLi\Connection.php on line 306.
 1 SYSTEMPATH\Database\MySQLi\Connection.php(306): mysqli->query('INSERT INTO `anamnese` (`cliente_id`, `perg_problemas_saude`, `perg_sintomas`, `perg_medicamentos`, `perg_historico_familiar_cardiaco`, `perg_restricao_medica`, `perg_gravida`, `perg_fuma`, `perg_bebe_alcool`, `perg_exercicio_frequente`, `perg_qtde_aerobico`, `perg_colesterol_medido`, `perg_alimentacao_balanceada`, `perg_gordura_alta`, `perg_nivel_estresse`, `perg_objetivos_saude`, `anotacoes`) VALUES (\'1\', (\'Doença cardiaca coronariana\',\'Doença cardiaca reumática\',\'descricao:teste\'), (\'Dor nas costas\'), \'teste\', \'1\', \'ssss\', \'1\', \'n\', \'n\', \'1\', 20, \'1\', \'1\', \'0\', \'elevado\', (\'Perder peso\'), \'ssss\')', 0)
 2 SYSTEMPATH\Database\BaseConnection.php(693): CodeIgniter\Database\MySQLi\Connection->execute('INSERT INTO `anamnese` (`cliente_id`, `perg_problemas_saude`, `perg_sintomas`, `perg_medicamentos`, `perg_historico_familiar_cardiaco`, `perg_restricao_medica`, `perg_gravida`, `perg_fuma`, `perg_bebe_alcool`, `perg_exercicio_frequente`, `perg_qtde_aerobico`, `perg_colesterol_medido`, `perg_alimentacao_balanceada`, `perg_gordura_alta`, `perg_nivel_estresse`, `perg_objetivos_saude`, `anotacoes`) VALUES (\'1\', (\'Doença cardiaca coronariana\',\'Doença cardiaca reumática\',\'descricao:teste\'), (\'Dor nas costas\'), \'teste\', \'1\', \'ssss\', \'1\', \'n\', \'n\', \'1\', 20, \'1\', \'1\', \'0\', \'elevado\', (\'Perder peso\'), \'ssss\')')
 3 SYSTEMPATH\Database\BaseConnection.php(607): CodeIgniter\Database\BaseConnection->simpleQuery('INSERT INTO `anamnese` (`cliente_id`, `perg_problemas_saude`, `perg_sintomas`, `perg_medicamentos`, `perg_historico_familiar_cardiaco`, `perg_restricao_medica`, `perg_gravida`, `perg_fuma`, `perg_bebe_alcool`, `perg_exercicio_frequente`, `perg_qtde_aerobico`, `perg_colesterol_medido`, `perg_alimentacao_balanceada`, `perg_gordura_alta`, `perg_nivel_estresse`, `perg_objetivos_saude`, `anotacoes`) VALUES (\'1\', (\'Doença cardiaca coronariana\',\'Doença cardiaca reumática\',\'descricao:teste\'), (\'Dor nas costas\'), \'teste\', \'1\', \'ssss\', \'1\', \'n\', \'n\', \'1\', 20, \'1\', \'1\', \'0\', \'elevado\', (\'Perder peso\'), \'ssss\')')
 4 SYSTEMPATH\Database\BaseBuilder.php(2307): CodeIgniter\Database\BaseConnection->query('INSERT INTO `anamnese` (`cliente_id`, `perg_problemas_saude`, `perg_sintomas`, `perg_medicamentos`, `perg_historico_familiar_cardiaco`, `perg_restricao_medica`, `perg_gravida`, `perg_fuma`, `perg_bebe_alcool`, `perg_exercicio_frequente`, `perg_qtde_aerobico`, `perg_colesterol_medido`, `perg_alimentacao_balanceada`, `perg_gordura_alta`, `perg_nivel_estresse`, `perg_objetivos_saude`, `anotacoes`) VALUES (:cliente_id:, :perg_problemas_saude:, :perg_sintomas:, :perg_medicamentos:, :perg_historico_familiar_cardiaco:, :perg_restricao_medica:, :perg_gravida:, :perg_fuma:, :perg_bebe_alcool:, :perg_exercicio_frequente:, :perg_qtde_aerobico:, :perg_colesterol_medido:, :perg_alimentacao_balanceada:, :perg_gordura_alta:, :perg_nivel_estresse:, :perg_objetivos_saude:, :anotacoes:)', [...], false)
 5 SYSTEMPATH\Model.php(326): CodeIgniter\Database\BaseBuilder->insert()
 6 SYSTEMPATH\BaseModel.php(802): CodeIgniter\Model->doInsert([...])
 7 SYSTEMPATH\Model.php(744): CodeIgniter\BaseModel->insert([...], true)
 8 APPPATH\Controllers\Anamnese.php(24): CodeIgniter\Model->insert([...])
 9 SYSTEMPATH\CodeIgniter.php(941): App\Controllers\Anamnese->create()
10 SYSTEMPATH\CodeIgniter.php(502): CodeIgniter\CodeIgniter->runController(Object(App\Controllers\Anamnese))
11 SYSTEMPATH\CodeIgniter.php(361): CodeIgniter\CodeIgniter->handleRequest(null, Object(Config\Cache), false)
12 FCPATH\index.php(85): CodeIgniter\CodeIgniter->run()
ERROR - 2025-04-01 23:53:41 --> mysqli_sql_exception: Operand should contain 1 column(s) in C:\wamp64\www\sites\Projeto1\Back-end\system\Database\MySQLi\Connection.php:306
Stack trace:
#0 C:\wamp64\www\sites\Projeto1\Back-end\system\Database\MySQLi\Connection.php(306): mysqli->query('INSERT INTO `an...', 0)
#1 C:\wamp64\www\sites\Projeto1\Back-end\system\Database\BaseConnection.php(693): CodeIgniter\Database\MySQLi\Connection->execute('INSERT INTO `an...')
#2 C:\wamp64\www\sites\Projeto1\Back-end\system\Database\BaseConnection.php(607): CodeIgniter\Database\BaseConnection->simpleQuery('INSERT INTO `an...')
#3 C:\wamp64\www\sites\Projeto1\Back-end\system\Database\BaseBuilder.php(2307): CodeIgniter\Database\BaseConnection->query('INSERT INTO `an...', Array, false)
#4 C:\wamp64\www\sites\Projeto1\Back-end\system\Model.php(326): CodeIgniter\Database\BaseBuilder->insert()
#5 C:\wamp64\www\sites\Projeto1\Back-end\system\BaseModel.php(802): CodeIgniter\Model->doInsert(Array)
#6 C:\wamp64\www\sites\Projeto1\Back-end\system\Model.php(744): CodeIgniter\BaseModel->insert(Array, true)
#7 C:\wamp64\www\sites\Projeto1\Back-end\app\Controllers\Anamnese.php(24): CodeIgniter\Model->insert(Array)
#8 C:\wamp64\www\sites\Projeto1\Back-end\system\CodeIgniter.php(941): App\Controllers\Anamnese->create()
#9 C:\wamp64\www\sites\Projeto1\Back-end\system\CodeIgniter.php(502): CodeIgniter\CodeIgniter->runController(Object(App\Controllers\Anamnese))
#10 C:\wamp64\www\sites\Projeto1\Back-end\system\CodeIgniter.php(361): CodeIgniter\CodeIgniter->handleRequest(NULL, Object(Config\Cache), false)
#11 C:\wamp64\www\sites\Projeto1\Back-end\public\index.php(85): CodeIgniter\CodeIgniter->run()
#12 {main}
CRITICAL - 2025-04-01 23:53:41 --> CodeIgniter\Database\Exceptions\DatabaseException: Operand should contain 1 column(s)
in SYSTEMPATH\Database\BaseConnection.php on line 647.
 1 SYSTEMPATH\Database\BaseBuilder.php(2307): CodeIgniter\Database\BaseConnection->query('INSERT INTO `anamnese` (`cliente_id`, `perg_problemas_saude`, `perg_sintomas`, `perg_medicamentos`, `perg_historico_familiar_cardiaco`, `perg_restricao_medica`, `perg_gravida`, `perg_fuma`, `perg_bebe_alcool`, `perg_exercicio_frequente`, `perg_qtde_aerobico`, `perg_colesterol_medido`, `perg_alimentacao_balanceada`, `perg_gordura_alta`, `perg_nivel_estresse`, `perg_objetivos_saude`, `anotacoes`) VALUES (:cliente_id:, :perg_problemas_saude:, :perg_sintomas:, :perg_medicamentos:, :perg_historico_familiar_cardiaco:, :perg_restricao_medica:, :perg_gravida:, :perg_fuma:, :perg_bebe_alcool:, :perg_exercicio_frequente:, :perg_qtde_aerobico:, :perg_colesterol_medido:, :perg_alimentacao_balanceada:, :perg_gordura_alta:, :perg_nivel_estresse:, :perg_objetivos_saude:, :anotacoes:)', [...], false)
 2 SYSTEMPATH\Model.php(326): CodeIgniter\Database\BaseBuilder->insert()
 3 SYSTEMPATH\BaseModel.php(802): CodeIgniter\Model->doInsert([...])
 4 SYSTEMPATH\Model.php(744): CodeIgniter\BaseModel->insert([...], true)
 5 APPPATH\Controllers\Anamnese.php(24): CodeIgniter\Model->insert([...])
 6 SYSTEMPATH\CodeIgniter.php(941): App\Controllers\Anamnese->create()
 7 SYSTEMPATH\CodeIgniter.php(502): CodeIgniter\CodeIgniter->runController(Object(App\Controllers\Anamnese))
 8 SYSTEMPATH\CodeIgniter.php(361): CodeIgniter\CodeIgniter->handleRequest(null, Object(Config\Cache), false)
 9 FCPATH\index.php(85): CodeIgniter\CodeIgniter->run()
CRITICAL - 2025-04-01 23:53:41 --> [Caused by] CodeIgniter\Database\Exceptions\DatabaseException: Operand should contain 1 column(s)
in SYSTEMPATH\Database\MySQLi\Connection.php on line 311.
 1 SYSTEMPATH\Database\BaseConnection.php(693): CodeIgniter\Database\MySQLi\Connection->execute('INSERT INTO `anamnese` (`cliente_id`, `perg_problemas_saude`, `perg_sintomas`, `perg_medicamentos`, `perg_historico_familiar_cardiaco`, `perg_restricao_medica`, `perg_gravida`, `perg_fuma`, `perg_bebe_alcool`, `perg_exercicio_frequente`, `perg_qtde_aerobico`, `perg_colesterol_medido`, `perg_alimentacao_balanceada`, `perg_gordura_alta`, `perg_nivel_estresse`, `perg_objetivos_saude`, `anotacoes`) VALUES (\'1\', (\'Doença cardiaca coronariana\',\'Doença cardiaca reumática\',\'descricao:teste\'), (\'Dor nas costas\'), \'teste\', \'1\', \'ssss\', \'1\', \'n\', \'n\', \'1\', 20, \'1\', \'1\', \'0\', \'elevado\', (\'Perder peso\',\'descricao:ssss\'), \'ssss\')')
 2 SYSTEMPATH\Database\BaseConnection.php(607): CodeIgniter\Database\BaseConnection->simpleQuery('INSERT INTO `anamnese` (`cliente_id`, `perg_problemas_saude`, `perg_sintomas`, `perg_medicamentos`, `perg_historico_familiar_cardiaco`, `perg_restricao_medica`, `perg_gravida`, `perg_fuma`, `perg_bebe_alcool`, `perg_exercicio_frequente`, `perg_qtde_aerobico`, `perg_colesterol_medido`, `perg_alimentacao_balanceada`, `perg_gordura_alta`, `perg_nivel_estresse`, `perg_objetivos_saude`, `anotacoes`) VALUES (\'1\', (\'Doença cardiaca coronariana\',\'Doença cardiaca reumática\',\'descricao:teste\'), (\'Dor nas costas\'), \'teste\', \'1\', \'ssss\', \'1\', \'n\', \'n\', \'1\', 20, \'1\', \'1\', \'0\', \'elevado\', (\'Perder peso\',\'descricao:ssss\'), \'ssss\')')
 3 SYSTEMPATH\Database\BaseBuilder.php(2307): CodeIgniter\Database\BaseConnection->query('INSERT INTO `anamnese` (`cliente_id`, `perg_problemas_saude`, `perg_sintomas`, `perg_medicamentos`, `perg_historico_familiar_cardiaco`, `perg_restricao_medica`, `perg_gravida`, `perg_fuma`, `perg_bebe_alcool`, `perg_exercicio_frequente`, `perg_qtde_aerobico`, `perg_colesterol_medido`, `perg_alimentacao_balanceada`, `perg_gordura_alta`, `perg_nivel_estresse`, `perg_objetivos_saude`, `anotacoes`) VALUES (:cliente_id:, :perg_problemas_saude:, :perg_sintomas:, :perg_medicamentos:, :perg_historico_familiar_cardiaco:, :perg_restricao_medica:, :perg_gravida:, :perg_fuma:, :perg_bebe_alcool:, :perg_exercicio_frequente:, :perg_qtde_aerobico:, :perg_colesterol_medido:, :perg_alimentacao_balanceada:, :perg_gordura_alta:, :perg_nivel_estresse:, :perg_objetivos_saude:, :anotacoes:)', [...], false)
 4 SYSTEMPATH\Model.php(326): CodeIgniter\Database\BaseBuilder->insert()
 5 SYSTEMPATH\BaseModel.php(802): CodeIgniter\Model->doInsert([...])
 6 SYSTEMPATH\Model.php(744): CodeIgniter\BaseModel->insert([...], true)
 7 APPPATH\Controllers\Anamnese.php(24): CodeIgniter\Model->insert([...])
 8 SYSTEMPATH\CodeIgniter.php(941): App\Controllers\Anamnese->create()
 9 SYSTEMPATH\CodeIgniter.php(502): CodeIgniter\CodeIgniter->runController(Object(App\Controllers\Anamnese))
10 SYSTEMPATH\CodeIgniter.php(361): CodeIgniter\CodeIgniter->handleRequest(null, Object(Config\Cache), false)
11 FCPATH\index.php(85): CodeIgniter\CodeIgniter->run()
CRITICAL - 2025-04-01 23:53:41 --> [Caused by] mysqli_sql_exception: Operand should contain 1 column(s)
in SYSTEMPATH\Database\MySQLi\Connection.php on line 306.
 1 SYSTEMPATH\Database\MySQLi\Connection.php(306): mysqli->query('INSERT INTO `anamnese` (`cliente_id`, `perg_problemas_saude`, `perg_sintomas`, `perg_medicamentos`, `perg_historico_familiar_cardiaco`, `perg_restricao_medica`, `perg_gravida`, `perg_fuma`, `perg_bebe_alcool`, `perg_exercicio_frequente`, `perg_qtde_aerobico`, `perg_colesterol_medido`, `perg_alimentacao_balanceada`, `perg_gordura_alta`, `perg_nivel_estresse`, `perg_objetivos_saude`, `anotacoes`) VALUES (\'1\', (\'Doença cardiaca coronariana\',\'Doença cardiaca reumática\',\'descricao:teste\'), (\'Dor nas costas\'), \'teste\', \'1\', \'ssss\', \'1\', \'n\', \'n\', \'1\', 20, \'1\', \'1\', \'0\', \'elevado\', (\'Perder peso\',\'descricao:ssss\'), \'ssss\')', 0)
 2 SYSTEMPATH\Database\BaseConnection.php(693): CodeIgniter\Database\MySQLi\Connection->execute('INSERT INTO `anamnese` (`cliente_id`, `perg_problemas_saude`, `perg_sintomas`, `perg_medicamentos`, `perg_historico_familiar_cardiaco`, `perg_restricao_medica`, `perg_gravida`, `perg_fuma`, `perg_bebe_alcool`, `perg_exercicio_frequente`, `perg_qtde_aerobico`, `perg_colesterol_medido`, `perg_alimentacao_balanceada`, `perg_gordura_alta`, `perg_nivel_estresse`, `perg_objetivos_saude`, `anotacoes`) VALUES (\'1\', (\'Doença cardiaca coronariana\',\'Doença cardiaca reumática\',\'descricao:teste\'), (\'Dor nas costas\'), \'teste\', \'1\', \'ssss\', \'1\', \'n\', \'n\', \'1\', 20, \'1\', \'1\', \'0\', \'elevado\', (\'Perder peso\',\'descricao:ssss\'), \'ssss\')')
 3 SYSTEMPATH\Database\BaseConnection.php(607): CodeIgniter\Database\BaseConnection->simpleQuery('INSERT INTO `anamnese` (`cliente_id`, `perg_problemas_saude`, `perg_sintomas`, `perg_medicamentos`, `perg_historico_familiar_cardiaco`, `perg_restricao_medica`, `perg_gravida`, `perg_fuma`, `perg_bebe_alcool`, `perg_exercicio_frequente`, `perg_qtde_aerobico`, `perg_colesterol_medido`, `perg_alimentacao_balanceada`, `perg_gordura_alta`, `perg_nivel_estresse`, `perg_objetivos_saude`, `anotacoes`) VALUES (\'1\', (\'Doença cardiaca coronariana\',\'Doença cardiaca reumática\',\'descricao:teste\'), (\'Dor nas costas\'), \'teste\', \'1\', \'ssss\', \'1\', \'n\', \'n\', \'1\', 20, \'1\', \'1\', \'0\', \'elevado\', (\'Perder peso\',\'descricao:ssss\'), \'ssss\')')
 4 SYSTEMPATH\Database\BaseBuilder.php(2307): CodeIgniter\Database\BaseConnection->query('INSERT INTO `anamnese` (`cliente_id`, `perg_problemas_saude`, `perg_sintomas`, `perg_medicamentos`, `perg_historico_familiar_cardiaco`, `perg_restricao_medica`, `perg_gravida`, `perg_fuma`, `perg_bebe_alcool`, `perg_exercicio_frequente`, `perg_qtde_aerobico`, `perg_colesterol_medido`, `perg_alimentacao_balanceada`, `perg_gordura_alta`, `perg_nivel_estresse`, `perg_objetivos_saude`, `anotacoes`) VALUES (:cliente_id:, :perg_problemas_saude:, :perg_sintomas:, :perg_medicamentos:, :perg_historico_familiar_cardiaco:, :perg_restricao_medica:, :perg_gravida:, :perg_fuma:, :perg_bebe_alcool:, :perg_exercicio_frequente:, :perg_qtde_aerobico:, :perg_colesterol_medido:, :perg_alimentacao_balanceada:, :perg_gordura_alta:, :perg_nivel_estresse:, :perg_objetivos_saude:, :anotacoes:)', [...], false)
 5 SYSTEMPATH\Model.php(326): CodeIgniter\Database\BaseBuilder->insert()
 6 SYSTEMPATH\BaseModel.php(802): CodeIgniter\Model->doInsert([...])
 7 SYSTEMPATH\Model.php(744): CodeIgniter\BaseModel->insert([...], true)
 8 APPPATH\Controllers\Anamnese.php(24): CodeIgniter\Model->insert([...])
 9 SYSTEMPATH\CodeIgniter.php(941): App\Controllers\Anamnese->create()
10 SYSTEMPATH\CodeIgniter.php(502): CodeIgniter\CodeIgniter->runController(Object(App\Controllers\Anamnese))
11 SYSTEMPATH\CodeIgniter.php(361): CodeIgniter\CodeIgniter->handleRequest(null, Object(Config\Cache), false)
12 FCPATH\index.php(85): CodeIgniter\CodeIgniter->run()
