ERROR - 2025-05-13 01:18:27 --> mysqli_sql_exception: Duplicate entry '65.985.558-4' for key 'cliente.RG' in C:\wamp64\www\sites\Projeto1\Back-end\system\Database\MySQLi\Connection.php:306
Stack trace:
#0 C:\wamp64\www\sites\Projeto1\Back-end\system\Database\MySQLi\Connection.php(306): mysqli->query('INSERT INTO `cl...', 0)
#1 C:\wamp64\www\sites\Projeto1\Back-end\system\Database\BaseConnection.php(693): CodeIgniter\Database\MySQLi\Connection->execute('INSERT INTO `cl...')
#2 C:\wamp64\www\sites\Projeto1\Back-end\system\Database\BaseConnection.php(607): CodeIgniter\Database\BaseConnection->simpleQuery('INSERT INTO `cl...')
#3 C:\wamp64\www\sites\Projeto1\Back-end\system\Database\BaseBuilder.php(2307): CodeIgniter\Database\BaseConnection->query('INSERT INTO `cl...', Array, false)
#4 C:\wamp64\www\sites\Projeto1\Back-end\system\Model.php(326): CodeIgniter\Database\BaseBuilder->insert()
#5 C:\wamp64\www\sites\Projeto1\Back-end\system\BaseModel.php(802): CodeIgniter\Model->doInsert(Array)
#6 C:\wamp64\www\sites\Projeto1\Back-end\system\Model.php(744): CodeIgniter\BaseModel->insert(Array, true)
#7 C:\wamp64\www\sites\Projeto1\Back-end\app\Controllers\Cliente.php(100): CodeIgniter\Model->insert(Array)
#8 C:\wamp64\www\sites\Projeto1\Back-end\system\CodeIgniter.php(941): App\Controllers\Cliente->createComplete()
#9 C:\wamp64\www\sites\Projeto1\Back-end\system\CodeIgniter.php(502): CodeIgniter\CodeIgniter->runController(Object(App\Controllers\Cliente))
#10 C:\wamp64\www\sites\Projeto1\Back-end\system\CodeIgniter.php(361): CodeIgniter\CodeIgniter->handleRequest(NULL, Object(Config\Cache), false)
#11 C:\wamp64\www\sites\Projeto1\Back-end\public\index.php(85): CodeIgniter\CodeIgniter->run()
#12 {main}
CRITICAL - 2025-05-13 01:18:27 --> CodeIgniter\Database\Exceptions\DatabaseException: Duplicate entry '65.985.558-4' for key 'cliente.RG'
in SYSTEMPATH\Database\BaseConnection.php on line 647.
 1 SYSTEMPATH\Database\BaseBuilder.php(2307): CodeIgniter\Database\BaseConnection->query('INSERT INTO `cliente` (`foto_perfil`, `CPF`, `RG`, `nome`, `telefone`, `email`, `endereco`, `datanascimento`, `nivel_experiencia`, `treino_com_personal`, `termo_responsabilidade`, `personal_id`, `status`) VALUES (:foto_perfil:, :CPF:, :RG:, :nome:, :telefone:, :email:, :endereco:, :datanascimento:, :nivel_experiencia:, :treino_com_personal:, :termo_responsabilidade:, :personal_id:, :status:)', [...], false)
 2 SYSTEMPATH\Model.php(326): CodeIgniter\Database\BaseBuilder->insert()
 3 SYSTEMPATH\BaseModel.php(802): CodeIgniter\Model->doInsert([...])
 4 SYSTEMPATH\Model.php(744): CodeIgniter\BaseModel->insert([...], true)
 5 APPPATH\Controllers\Cliente.php(100): CodeIgniter\Model->insert([...])
 6 SYSTEMPATH\CodeIgniter.php(941): App\Controllers\Cliente->createComplete()
 7 SYSTEMPATH\CodeIgniter.php(502): CodeIgniter\CodeIgniter->runController(Object(App\Controllers\Cliente))
 8 SYSTEMPATH\CodeIgniter.php(361): CodeIgniter\CodeIgniter->handleRequest(null, Object(Config\Cache), false)
 9 FCPATH\index.php(85): CodeIgniter\CodeIgniter->run()
CRITICAL - 2025-05-13 01:18:27 --> [Caused by] CodeIgniter\Database\Exceptions\DatabaseException: Duplicate entry '65.985.558-4' for key 'cliente.RG'
in SYSTEMPATH\Database\MySQLi\Connection.php on line 311.
 1 SYSTEMPATH\Database\BaseConnection.php(693): CodeIgniter\Database\MySQLi\Connection->execute('INSERT INTO `cliente` (`foto_perfil`, `CPF`, `RG`, `nome`, `telefone`, `email`, `endereco`, `datanascimento`, `nivel_experiencia`, `treino_com_personal`, `termo_responsabilidade`, `personal_id`, `status`) VALUES (\'\', \'555.348.498-78\', \'65.985.558-4\', \'Breno Henrique\', \'(12) 99656-9274\', \'breno.reis@aluno.ifsp.edu.br\', \'ssssss\', \'2005-06-07\', \'iniciante\', 1, NULL, \'13\', \'inativo\')')
 2 SYSTEMPATH\Database\BaseConnection.php(607): CodeIgniter\Database\BaseConnection->simpleQuery('INSERT INTO `cliente` (`foto_perfil`, `CPF`, `RG`, `nome`, `telefone`, `email`, `endereco`, `datanascimento`, `nivel_experiencia`, `treino_com_personal`, `termo_responsabilidade`, `personal_id`, `status`) VALUES (\'\', \'555.348.498-78\', \'65.985.558-4\', \'Breno Henrique\', \'(12) 99656-9274\', \'breno.reis@aluno.ifsp.edu.br\', \'ssssss\', \'2005-06-07\', \'iniciante\', 1, NULL, \'13\', \'inativo\')')
 3 SYSTEMPATH\Database\BaseBuilder.php(2307): CodeIgniter\Database\BaseConnection->query('INSERT INTO `cliente` (`foto_perfil`, `CPF`, `RG`, `nome`, `telefone`, `email`, `endereco`, `datanascimento`, `nivel_experiencia`, `treino_com_personal`, `termo_responsabilidade`, `personal_id`, `status`) VALUES (:foto_perfil:, :CPF:, :RG:, :nome:, :telefone:, :email:, :endereco:, :datanascimento:, :nivel_experiencia:, :treino_com_personal:, :termo_responsabilidade:, :personal_id:, :status:)', [...], false)
 4 SYSTEMPATH\Model.php(326): CodeIgniter\Database\BaseBuilder->insert()
 5 SYSTEMPATH\BaseModel.php(802): CodeIgniter\Model->doInsert([...])
 6 SYSTEMPATH\Model.php(744): CodeIgniter\BaseModel->insert([...], true)
 7 APPPATH\Controllers\Cliente.php(100): CodeIgniter\Model->insert([...])
 8 SYSTEMPATH\CodeIgniter.php(941): App\Controllers\Cliente->createComplete()
 9 SYSTEMPATH\CodeIgniter.php(502): CodeIgniter\CodeIgniter->runController(Object(App\Controllers\Cliente))
10 SYSTEMPATH\CodeIgniter.php(361): CodeIgniter\CodeIgniter->handleRequest(null, Object(Config\Cache), false)
11 FCPATH\index.php(85): CodeIgniter\CodeIgniter->run()
CRITICAL - 2025-05-13 01:18:27 --> [Caused by] mysqli_sql_exception: Duplicate entry '65.985.558-4' for key 'cliente.RG'
in SYSTEMPATH\Database\MySQLi\Connection.php on line 306.
 1 SYSTEMPATH\Database\MySQLi\Connection.php(306): mysqli->query('INSERT INTO `cliente` (`foto_perfil`, `CPF`, `RG`, `nome`, `telefone`, `email`, `endereco`, `datanascimento`, `nivel_experiencia`, `treino_com_personal`, `termo_responsabilidade`, `personal_id`, `status`) VALUES (\'\', \'555.348.498-78\', \'65.985.558-4\', \'Breno Henrique\', \'(12) 99656-9274\', \'breno.reis@aluno.ifsp.edu.br\', \'ssssss\', \'2005-06-07\', \'iniciante\', 1, NULL, \'13\', \'inativo\')', 0)
 2 SYSTEMPATH\Database\BaseConnection.php(693): CodeIgniter\Database\MySQLi\Connection->execute('INSERT INTO `cliente` (`foto_perfil`, `CPF`, `RG`, `nome`, `telefone`, `email`, `endereco`, `datanascimento`, `nivel_experiencia`, `treino_com_personal`, `termo_responsabilidade`, `personal_id`, `status`) VALUES (\'\', \'555.348.498-78\', \'65.985.558-4\', \'Breno Henrique\', \'(12) 99656-9274\', \'breno.reis@aluno.ifsp.edu.br\', \'ssssss\', \'2005-06-07\', \'iniciante\', 1, NULL, \'13\', \'inativo\')')
 3 SYSTEMPATH\Database\BaseConnection.php(607): CodeIgniter\Database\BaseConnection->simpleQuery('INSERT INTO `cliente` (`foto_perfil`, `CPF`, `RG`, `nome`, `telefone`, `email`, `endereco`, `datanascimento`, `nivel_experiencia`, `treino_com_personal`, `termo_responsabilidade`, `personal_id`, `status`) VALUES (\'\', \'555.348.498-78\', \'65.985.558-4\', \'Breno Henrique\', \'(12) 99656-9274\', \'breno.reis@aluno.ifsp.edu.br\', \'ssssss\', \'2005-06-07\', \'iniciante\', 1, NULL, \'13\', \'inativo\')')
 4 SYSTEMPATH\Database\BaseBuilder.php(2307): CodeIgniter\Database\BaseConnection->query('INSERT INTO `cliente` (`foto_perfil`, `CPF`, `RG`, `nome`, `telefone`, `email`, `endereco`, `datanascimento`, `nivel_experiencia`, `treino_com_personal`, `termo_responsabilidade`, `personal_id`, `status`) VALUES (:foto_perfil:, :CPF:, :RG:, :nome:, :telefone:, :email:, :endereco:, :datanascimento:, :nivel_experiencia:, :treino_com_personal:, :termo_responsabilidade:, :personal_id:, :status:)', [...], false)
 5 SYSTEMPATH\Model.php(326): CodeIgniter\Database\BaseBuilder->insert()
 6 SYSTEMPATH\BaseModel.php(802): CodeIgniter\Model->doInsert([...])
 7 SYSTEMPATH\Model.php(744): CodeIgniter\BaseModel->insert([...], true)
 8 APPPATH\Controllers\Cliente.php(100): CodeIgniter\Model->insert([...])
 9 SYSTEMPATH\CodeIgniter.php(941): App\Controllers\Cliente->createComplete()
10 SYSTEMPATH\CodeIgniter.php(502): CodeIgniter\CodeIgniter->runController(Object(App\Controllers\Cliente))
11 SYSTEMPATH\CodeIgniter.php(361): CodeIgniter\CodeIgniter->handleRequest(null, Object(Config\Cache), false)
12 FCPATH\index.php(85): CodeIgniter\CodeIgniter->run()
ERROR - 2025-05-13 01:19:15 --> mysqli_sql_exception: Operand should contain 1 column(s) in C:\wamp64\www\sites\Projeto1\Back-end\system\Database\MySQLi\Connection.php:306
Stack trace:
#0 C:\wamp64\www\sites\Projeto1\Back-end\system\Database\MySQLi\Connection.php(306): mysqli->query('INSERT INTO `an...', 0)
#1 C:\wamp64\www\sites\Projeto1\Back-end\system\Database\BaseConnection.php(693): CodeIgniter\Database\MySQLi\Connection->execute('INSERT INTO `an...')
#2 C:\wamp64\www\sites\Projeto1\Back-end\system\Database\BaseConnection.php(607): CodeIgniter\Database\BaseConnection->simpleQuery('INSERT INTO `an...')
#3 C:\wamp64\www\sites\Projeto1\Back-end\system\Database\BaseBuilder.php(2307): CodeIgniter\Database\BaseConnection->query('INSERT INTO `an...', Array, false)
#4 C:\wamp64\www\sites\Projeto1\Back-end\system\Model.php(326): CodeIgniter\Database\BaseBuilder->insert()
#5 C:\wamp64\www\sites\Projeto1\Back-end\system\BaseModel.php(802): CodeIgniter\Model->doInsert(Array)
#6 C:\wamp64\www\sites\Projeto1\Back-end\system\Model.php(744): CodeIgniter\BaseModel->insert(Array, true)
#7 C:\wamp64\www\sites\Projeto1\Back-end\app\Controllers\Cliente.php(122): CodeIgniter\Model->insert(Array)
#8 C:\wamp64\www\sites\Projeto1\Back-end\system\CodeIgniter.php(941): App\Controllers\Cliente->createComplete()
#9 C:\wamp64\www\sites\Projeto1\Back-end\system\CodeIgniter.php(502): CodeIgniter\CodeIgniter->runController(Object(App\Controllers\Cliente))
#10 C:\wamp64\www\sites\Projeto1\Back-end\system\CodeIgniter.php(361): CodeIgniter\CodeIgniter->handleRequest(NULL, Object(Config\Cache), false)
#11 C:\wamp64\www\sites\Projeto1\Back-end\public\index.php(85): CodeIgniter\CodeIgniter->run()
#12 {main}
CRITICAL - 2025-05-13 01:19:15 --> CodeIgniter\Database\Exceptions\DatabaseException: Operand should contain 1 column(s)
in SYSTEMPATH\Database\BaseConnection.php on line 647.
 1 SYSTEMPATH\Database\BaseBuilder.php(2307): CodeIgniter\Database\BaseConnection->query('INSERT INTO `anamnese` (`perg_problemas_saude`, `perg_sintomas`, `perg_medicamentos`, `perg_historico_familiar_cardiaco`, `perg_restricao_medica`, `perg_gravida`, `perg_fuma`, `perg_bebe_alcool`, `perg_exercicio_frequente`, `perg_qtde_aerobico`, `perg_colesterol_medido`, `perg_alimentacao_balanceada`, `perg_gordura_alta`, `perg_nivel_estresse`, `perg_objetivos_saude`, `anotacoes`, `cliente_id`) VALUES (:perg_problemas_saude:, :perg_sintomas:, :perg_medicamentos:, :perg_historico_familiar_cardiaco:, :perg_restricao_medica:, :perg_gravida:, :perg_fuma:, :perg_bebe_alcool:, :perg_exercicio_frequente:, :perg_qtde_aerobico:, :perg_colesterol_medido:, :perg_alimentacao_balanceada:, :perg_gordura_alta:, :perg_nivel_estresse:, :perg_objetivos_saude:, :anotacoes:, :cliente_id:)', [...], false)
 2 SYSTEMPATH\Model.php(326): CodeIgniter\Database\BaseBuilder->insert()
 3 SYSTEMPATH\BaseModel.php(802): CodeIgniter\Model->doInsert([...])
 4 SYSTEMPATH\Model.php(744): CodeIgniter\BaseModel->insert([...], true)
 5 APPPATH\Controllers\Cliente.php(122): CodeIgniter\Model->insert([...])
 6 SYSTEMPATH\CodeIgniter.php(941): App\Controllers\Cliente->createComplete()
 7 SYSTEMPATH\CodeIgniter.php(502): CodeIgniter\CodeIgniter->runController(Object(App\Controllers\Cliente))
 8 SYSTEMPATH\CodeIgniter.php(361): CodeIgniter\CodeIgniter->handleRequest(null, Object(Config\Cache), false)
 9 FCPATH\index.php(85): CodeIgniter\CodeIgniter->run()
CRITICAL - 2025-05-13 01:19:15 --> [Caused by] CodeIgniter\Database\Exceptions\DatabaseException: Operand should contain 1 column(s)
in SYSTEMPATH\Database\MySQLi\Connection.php on line 311.
 1 SYSTEMPATH\Database\BaseConnection.php(693): CodeIgniter\Database\MySQLi\Connection->execute('INSERT INTO `anamnese` (`perg_problemas_saude`, `perg_sintomas`, `perg_medicamentos`, `perg_historico_familiar_cardiaco`, `perg_restricao_medica`, `perg_gravida`, `perg_fuma`, `perg_bebe_alcool`, `perg_exercicio_frequente`, `perg_qtde_aerobico`, `perg_colesterol_medido`, `perg_alimentacao_balanceada`, `perg_gordura_alta`, `perg_nivel_estresse`, `perg_objetivos_saude`, `anotacoes`, `cliente_id`) VALUES ((\'Doença cardiaca coronariana\'), (\'descricao:ss\'), \'\', 0, NULL, NULL, NULL, NULL, NULL, NULL, NULL, NULL, NULL, \'leve\', (\'Perder peso\',\'Melhorar a condição muscular\'), NULL, 122)')
 2 SYSTEMPATH\Database\BaseConnection.php(607): CodeIgniter\Database\BaseConnection->simpleQuery('INSERT INTO `anamnese` (`perg_problemas_saude`, `perg_sintomas`, `perg_medicamentos`, `perg_historico_familiar_cardiaco`, `perg_restricao_medica`, `perg_gravida`, `perg_fuma`, `perg_bebe_alcool`, `perg_exercicio_frequente`, `perg_qtde_aerobico`, `perg_colesterol_medido`, `perg_alimentacao_balanceada`, `perg_gordura_alta`, `perg_nivel_estresse`, `perg_objetivos_saude`, `anotacoes`, `cliente_id`) VALUES ((\'Doença cardiaca coronariana\'), (\'descricao:ss\'), \'\', 0, NULL, NULL, NULL, NULL, NULL, NULL, NULL, NULL, NULL, \'leve\', (\'Perder peso\',\'Melhorar a condição muscular\'), NULL, 122)')
 3 SYSTEMPATH\Database\BaseBuilder.php(2307): CodeIgniter\Database\BaseConnection->query('INSERT INTO `anamnese` (`perg_problemas_saude`, `perg_sintomas`, `perg_medicamentos`, `perg_historico_familiar_cardiaco`, `perg_restricao_medica`, `perg_gravida`, `perg_fuma`, `perg_bebe_alcool`, `perg_exercicio_frequente`, `perg_qtde_aerobico`, `perg_colesterol_medido`, `perg_alimentacao_balanceada`, `perg_gordura_alta`, `perg_nivel_estresse`, `perg_objetivos_saude`, `anotacoes`, `cliente_id`) VALUES (:perg_problemas_saude:, :perg_sintomas:, :perg_medicamentos:, :perg_historico_familiar_cardiaco:, :perg_restricao_medica:, :perg_gravida:, :perg_fuma:, :perg_bebe_alcool:, :perg_exercicio_frequente:, :perg_qtde_aerobico:, :perg_colesterol_medido:, :perg_alimentacao_balanceada:, :perg_gordura_alta:, :perg_nivel_estresse:, :perg_objetivos_saude:, :anotacoes:, :cliente_id:)', [...], false)
 4 SYSTEMPATH\Model.php(326): CodeIgniter\Database\BaseBuilder->insert()
 5 SYSTEMPATH\BaseModel.php(802): CodeIgniter\Model->doInsert([...])
 6 SYSTEMPATH\Model.php(744): CodeIgniter\BaseModel->insert([...], true)
 7 APPPATH\Controllers\Cliente.php(122): CodeIgniter\Model->insert([...])
 8 SYSTEMPATH\CodeIgniter.php(941): App\Controllers\Cliente->createComplete()
 9 SYSTEMPATH\CodeIgniter.php(502): CodeIgniter\CodeIgniter->runController(Object(App\Controllers\Cliente))
10 SYSTEMPATH\CodeIgniter.php(361): CodeIgniter\CodeIgniter->handleRequest(null, Object(Config\Cache), false)
11 FCPATH\index.php(85): CodeIgniter\CodeIgniter->run()
CRITICAL - 2025-05-13 01:19:15 --> [Caused by] mysqli_sql_exception: Operand should contain 1 column(s)
in SYSTEMPATH\Database\MySQLi\Connection.php on line 306.
 1 SYSTEMPATH\Database\MySQLi\Connection.php(306): mysqli->query('INSERT INTO `anamnese` (`perg_problemas_saude`, `perg_sintomas`, `perg_medicamentos`, `perg_historico_familiar_cardiaco`, `perg_restricao_medica`, `perg_gravida`, `perg_fuma`, `perg_bebe_alcool`, `perg_exercicio_frequente`, `perg_qtde_aerobico`, `perg_colesterol_medido`, `perg_alimentacao_balanceada`, `perg_gordura_alta`, `perg_nivel_estresse`, `perg_objetivos_saude`, `anotacoes`, `cliente_id`) VALUES ((\'Doença cardiaca coronariana\'), (\'descricao:ss\'), \'\', 0, NULL, NULL, NULL, NULL, NULL, NULL, NULL, NULL, NULL, \'leve\', (\'Perder peso\',\'Melhorar a condição muscular\'), NULL, 122)', 0)
 2 SYSTEMPATH\Database\BaseConnection.php(693): CodeIgniter\Database\MySQLi\Connection->execute('INSERT INTO `anamnese` (`perg_problemas_saude`, `perg_sintomas`, `perg_medicamentos`, `perg_historico_familiar_cardiaco`, `perg_restricao_medica`, `perg_gravida`, `perg_fuma`, `perg_bebe_alcool`, `perg_exercicio_frequente`, `perg_qtde_aerobico`, `perg_colesterol_medido`, `perg_alimentacao_balanceada`, `perg_gordura_alta`, `perg_nivel_estresse`, `perg_objetivos_saude`, `anotacoes`, `cliente_id`) VALUES ((\'Doença cardiaca coronariana\'), (\'descricao:ss\'), \'\', 0, NULL, NULL, NULL, NULL, NULL, NULL, NULL, NULL, NULL, \'leve\', (\'Perder peso\',\'Melhorar a condição muscular\'), NULL, 122)')
 3 SYSTEMPATH\Database\BaseConnection.php(607): CodeIgniter\Database\BaseConnection->simpleQuery('INSERT INTO `anamnese` (`perg_problemas_saude`, `perg_sintomas`, `perg_medicamentos`, `perg_historico_familiar_cardiaco`, `perg_restricao_medica`, `perg_gravida`, `perg_fuma`, `perg_bebe_alcool`, `perg_exercicio_frequente`, `perg_qtde_aerobico`, `perg_colesterol_medido`, `perg_alimentacao_balanceada`, `perg_gordura_alta`, `perg_nivel_estresse`, `perg_objetivos_saude`, `anotacoes`, `cliente_id`) VALUES ((\'Doença cardiaca coronariana\'), (\'descricao:ss\'), \'\', 0, NULL, NULL, NULL, NULL, NULL, NULL, NULL, NULL, NULL, \'leve\', (\'Perder peso\',\'Melhorar a condição muscular\'), NULL, 122)')
 4 SYSTEMPATH\Database\BaseBuilder.php(2307): CodeIgniter\Database\BaseConnection->query('INSERT INTO `anamnese` (`perg_problemas_saude`, `perg_sintomas`, `perg_medicamentos`, `perg_historico_familiar_cardiaco`, `perg_restricao_medica`, `perg_gravida`, `perg_fuma`, `perg_bebe_alcool`, `perg_exercicio_frequente`, `perg_qtde_aerobico`, `perg_colesterol_medido`, `perg_alimentacao_balanceada`, `perg_gordura_alta`, `perg_nivel_estresse`, `perg_objetivos_saude`, `anotacoes`, `cliente_id`) VALUES (:perg_problemas_saude:, :perg_sintomas:, :perg_medicamentos:, :perg_historico_familiar_cardiaco:, :perg_restricao_medica:, :perg_gravida:, :perg_fuma:, :perg_bebe_alcool:, :perg_exercicio_frequente:, :perg_qtde_aerobico:, :perg_colesterol_medido:, :perg_alimentacao_balanceada:, :perg_gordura_alta:, :perg_nivel_estresse:, :perg_objetivos_saude:, :anotacoes:, :cliente_id:)', [...], false)
 5 SYSTEMPATH\Model.php(326): CodeIgniter\Database\BaseBuilder->insert()
 6 SYSTEMPATH\BaseModel.php(802): CodeIgniter\Model->doInsert([...])
 7 SYSTEMPATH\Model.php(744): CodeIgniter\BaseModel->insert([...], true)
 8 APPPATH\Controllers\Cliente.php(122): CodeIgniter\Model->insert([...])
 9 SYSTEMPATH\CodeIgniter.php(941): App\Controllers\Cliente->createComplete()
10 SYSTEMPATH\CodeIgniter.php(502): CodeIgniter\CodeIgniter->runController(Object(App\Controllers\Cliente))
11 SYSTEMPATH\CodeIgniter.php(361): CodeIgniter\CodeIgniter->handleRequest(null, Object(Config\Cache), false)
12 FCPATH\index.php(85): CodeIgniter\CodeIgniter->run()
