CRITICAL - 2024-06-18 23:00:01 --> ErrorException: Trying to access array offset on value of type null
in APPPATH\Controllers\Financeiro.php on line 72.
 1 APPPATH\Controllers\Financeiro.php(72): CodeIgniter\Debug\Exceptions->errorHandler(2, 'Trying to access array offset on value of type null', 'C:\\wamp64\\www\\sites\\Projeto1\\Back-end\\app\\Controllers\\Financeiro.php', 72)
 2 SYSTEMPATH\CodeIgniter.php(941): App\Controllers\Financeiro->update()
 3 SYSTEMPATH\CodeIgniter.php(502): CodeIgniter\CodeIgniter->runController(Object(App\Controllers\Financeiro))
 4 SYSTEMPATH\CodeIgniter.php(361): CodeIgniter\CodeIgniter->handleRequest(null, Object(Config\Cache), false)
 5 FCPATH\index.php(85): CodeIgniter\CodeIgniter->run()
CRITICAL - 2024-06-18 23:00:05 --> ErrorException: Trying to access array offset on value of type null
in APPPATH\Controllers\Financeiro.php on line 72.
 1 APPPATH\Controllers\Financeiro.php(72): CodeIgniter\Debug\Exceptions->errorHandler(2, 'Trying to access array offset on value of type null', 'C:\\wamp64\\www\\sites\\Projeto1\\Back-end\\app\\Controllers\\Financeiro.php', 72)
 2 SYSTEMPATH\CodeIgniter.php(941): App\Controllers\Financeiro->update()
 3 SYSTEMPATH\CodeIgniter.php(502): CodeIgniter\CodeIgniter->runController(Object(App\Controllers\Financeiro))
 4 SYSTEMPATH\CodeIgniter.php(361): CodeIgniter\CodeIgniter->handleRequest(null, Object(Config\Cache), false)
 5 FCPATH\index.php(85): CodeIgniter\CodeIgniter->run()
CRITICAL - 2024-06-18 23:00:26 --> ErrorException: Trying to access array offset on value of type null
in APPPATH\Controllers\Financeiro.php on line 72.
 1 APPPATH\Controllers\Financeiro.php(72): CodeIgniter\Debug\Exceptions->errorHandler(2, 'Trying to access array offset on value of type null', 'C:\\wamp64\\www\\sites\\Projeto1\\Back-end\\app\\Controllers\\Financeiro.php', 72)
 2 SYSTEMPATH\CodeIgniter.php(941): App\Controllers\Financeiro->update()
 3 SYSTEMPATH\CodeIgniter.php(502): CodeIgniter\CodeIgniter->runController(Object(App\Controllers\Financeiro))
 4 SYSTEMPATH\CodeIgniter.php(361): CodeIgniter\CodeIgniter->handleRequest(null, Object(Config\Cache), false)
 5 FCPATH\index.php(85): CodeIgniter\CodeIgniter->run()
CRITICAL - 2024-06-18 23:03:46 --> ErrorException: Trying to access array offset on value of type null
in APPPATH\Controllers\Financeiro.php on line 72.
 1 APPPATH\Controllers\Financeiro.php(72): CodeIgniter\Debug\Exceptions->errorHandler(2, 'Trying to access array offset on value of type null', 'C:\\wamp64\\www\\sites\\Projeto1\\Back-end\\app\\Controllers\\Financeiro.php', 72)
 2 SYSTEMPATH\CodeIgniter.php(941): App\Controllers\Financeiro->update()
 3 SYSTEMPATH\CodeIgniter.php(502): CodeIgniter\CodeIgniter->runController(Object(App\Controllers\Financeiro))
 4 SYSTEMPATH\CodeIgniter.php(361): CodeIgniter\CodeIgniter->handleRequest(null, Object(Config\Cache), false)
 5 FCPATH\index.php(85): CodeIgniter\CodeIgniter->run()
CRITICAL - 2024-06-18 23:07:08 --> ErrorException: Trying to access array offset on value of type null
in APPPATH\Controllers\Financeiro.php on line 72.
 1 APPPATH\Controllers\Financeiro.php(72): CodeIgniter\Debug\Exceptions->errorHandler(2, 'Trying to access array offset on value of type null', 'C:\\wamp64\\www\\sites\\Projeto1\\Back-end\\app\\Controllers\\Financeiro.php', 72)
 2 SYSTEMPATH\CodeIgniter.php(941): App\Controllers\Financeiro->update()
 3 SYSTEMPATH\CodeIgniter.php(502): CodeIgniter\CodeIgniter->runController(Object(App\Controllers\Financeiro))
 4 SYSTEMPATH\CodeIgniter.php(361): CodeIgniter\CodeIgniter->handleRequest(null, Object(Config\Cache), false)
 5 FCPATH\index.php(85): CodeIgniter\CodeIgniter->run()
CRITICAL - 2024-06-18 23:07:15 --> ErrorException: Trying to access array offset on value of type null
in APPPATH\Controllers\Financeiro.php on line 72.
 1 APPPATH\Controllers\Financeiro.php(72): CodeIgniter\Debug\Exceptions->errorHandler(2, 'Trying to access array offset on value of type null', 'C:\\wamp64\\www\\sites\\Projeto1\\Back-end\\app\\Controllers\\Financeiro.php', 72)
 2 SYSTEMPATH\CodeIgniter.php(941): App\Controllers\Financeiro->update()
 3 SYSTEMPATH\CodeIgniter.php(502): CodeIgniter\CodeIgniter->runController(Object(App\Controllers\Financeiro))
 4 SYSTEMPATH\CodeIgniter.php(361): CodeIgniter\CodeIgniter->handleRequest(null, Object(Config\Cache), false)
 5 FCPATH\index.php(85): CodeIgniter\CodeIgniter->run()
