ERROR - 2025-10-21 00:02:18 --> mysqli_sql_exception: Table 'projeto-1.presencaclientes' doesn't exist in C:\wamp64\www\sites\Projeto1\Back-end\system\Database\MySQLi\Connection.php:306
Stack trace:
#0 C:\wamp64\www\sites\Projeto1\Back-end\system\Database\MySQLi\Connection.php(306): mysqli->query('INSERT INTO `pr...', 0)
#1 C:\wamp64\www\sites\Projeto1\Back-end\system\Database\BaseConnection.php(693): CodeIgniter\Database\MySQLi\Connection->execute('INSERT INTO `pr...')
#2 C:\wamp64\www\sites\Projeto1\Back-end\system\Database\BaseConnection.php(607): CodeIgniter\Database\BaseConnection->simpleQuery('INSERT INTO `pr...')
#3 C:\wamp64\www\sites\Projeto1\Back-end\system\Database\BaseBuilder.php(2307): CodeIgniter\Database\BaseConnection->query('INSERT INTO `pr...', Array, false)
#4 C:\wamp64\www\sites\Projeto1\Back-end\system\Model.php(326): CodeIgniter\Database\BaseBuilder->insert()
#5 C:\wamp64\www\sites\Projeto1\Back-end\system\BaseModel.php(802): CodeIgniter\Model->doInsert(Array)
#6 C:\wamp64\www\sites\Projeto1\Back-end\system\Model.php(744): CodeIgniter\BaseModel->insert(Array, true)
#7 C:\wamp64\www\sites\Projeto1\Back-end\app\Controllers\Cliente.php(651): CodeIgniter\Model->insert(Array)
#8 C:\wamp64\www\sites\Projeto1\Back-end\system\CodeIgniter.php(941): App\Controllers\Cliente->registrarPresenca()
#9 C:\wamp64\www\sites\Projeto1\Back-end\system\CodeIgniter.php(502): CodeIgniter\CodeIgniter->runController(Object(App\Controllers\Cliente))
#10 C:\wamp64\www\sites\Projeto1\Back-end\system\CodeIgniter.php(361): CodeIgniter\CodeIgniter->handleRequest(NULL, Object(Config\Cache), false)
#11 C:\wamp64\www\sites\Projeto1\Back-end\public\index.php(85): CodeIgniter\CodeIgniter->run()
#12 {main}
CRITICAL - 2025-10-21 00:02:18 --> CodeIgniter\Database\Exceptions\DatabaseException: Table 'projeto-1.presencaclientes' doesn't exist
in SYSTEMPATH\Database\BaseConnection.php on line 647.
 1 SYSTEMPATH\Database\BaseBuilder.php(2307): CodeIgniter\Database\BaseConnection->query('INSERT INTO `presencaclientes` (`cliente_id`, `data`, `metodo_autenticacao`, `status`, `hora_entrada`, `observacao`) VALUES (:cliente_id:, :data:, :metodo_autenticacao:, :status:, :hora_entrada:, :observacao:)', [...], false)
 2 SYSTEMPATH\Model.php(326): CodeIgniter\Database\BaseBuilder->insert()
 3 SYSTEMPATH\BaseModel.php(802): CodeIgniter\Model->doInsert([...])
 4 SYSTEMPATH\Model.php(744): CodeIgniter\BaseModel->insert([...], true)
 5 APPPATH\Controllers\Cliente.php(651): CodeIgniter\Model->insert([...])
 6 SYSTEMPATH\CodeIgniter.php(941): App\Controllers\Cliente->registrarPresenca()
 7 SYSTEMPATH\CodeIgniter.php(502): CodeIgniter\CodeIgniter->runController(Object(App\Controllers\Cliente))
 8 SYSTEMPATH\CodeIgniter.php(361): CodeIgniter\CodeIgniter->handleRequest(null, Object(Config\Cache), false)
 9 FCPATH\index.php(85): CodeIgniter\CodeIgniter->run()
CRITICAL - 2025-10-21 00:02:18 --> [Caused by] CodeIgniter\Database\Exceptions\DatabaseException: Table 'projeto-1.presencaclientes' doesn't exist
in SYSTEMPATH\Database\MySQLi\Connection.php on line 311.
 1 SYSTEMPATH\Database\BaseConnection.php(693): CodeIgniter\Database\MySQLi\Connection->execute('INSERT INTO `presencaclientes` (`cliente_id`, `data`, `metodo_autenticacao`, `status`, `hora_entrada`, `observacao`) VALUES (NULL, \'2025-10-21 00:02:18\', \'pin\', \'erro\', \'00:02:18\', \'PIN incorreto.\')')
 2 SYSTEMPATH\Database\BaseConnection.php(607): CodeIgniter\Database\BaseConnection->simpleQuery('INSERT INTO `presencaclientes` (`cliente_id`, `data`, `metodo_autenticacao`, `status`, `hora_entrada`, `observacao`) VALUES (NULL, \'2025-10-21 00:02:18\', \'pin\', \'erro\', \'00:02:18\', \'PIN incorreto.\')')
 3 SYSTEMPATH\Database\BaseBuilder.php(2307): CodeIgniter\Database\BaseConnection->query('INSERT INTO `presencaclientes` (`cliente_id`, `data`, `metodo_autenticacao`, `status`, `hora_entrada`, `observacao`) VALUES (:cliente_id:, :data:, :metodo_autenticacao:, :status:, :hora_entrada:, :observacao:)', [...], false)
 4 SYSTEMPATH\Model.php(326): CodeIgniter\Database\BaseBuilder->insert()
 5 SYSTEMPATH\BaseModel.php(802): CodeIgniter\Model->doInsert([...])
 6 SYSTEMPATH\Model.php(744): CodeIgniter\BaseModel->insert([...], true)
 7 APPPATH\Controllers\Cliente.php(651): CodeIgniter\Model->insert([...])
 8 SYSTEMPATH\CodeIgniter.php(941): App\Controllers\Cliente->registrarPresenca()
 9 SYSTEMPATH\CodeIgniter.php(502): CodeIgniter\CodeIgniter->runController(Object(App\Controllers\Cliente))
10 SYSTEMPATH\CodeIgniter.php(361): CodeIgniter\CodeIgniter->handleRequest(null, Object(Config\Cache), false)
11 FCPATH\index.php(85): CodeIgniter\CodeIgniter->run()
CRITICAL - 2025-10-21 00:02:18 --> [Caused by] mysqli_sql_exception: Table 'projeto-1.presencaclientes' doesn't exist
in SYSTEMPATH\Database\MySQLi\Connection.php on line 306.
 1 SYSTEMPATH\Database\MySQLi\Connection.php(306): mysqli->query('INSERT INTO `presencaclientes` (`cliente_id`, `data`, `metodo_autenticacao`, `status`, `hora_entrada`, `observacao`) VALUES (NULL, \'2025-10-21 00:02:18\', \'pin\', \'erro\', \'00:02:18\', \'PIN incorreto.\')', 0)
 2 SYSTEMPATH\Database\BaseConnection.php(693): CodeIgniter\Database\MySQLi\Connection->execute('INSERT INTO `presencaclientes` (`cliente_id`, `data`, `metodo_autenticacao`, `status`, `hora_entrada`, `observacao`) VALUES (NULL, \'2025-10-21 00:02:18\', \'pin\', \'erro\', \'00:02:18\', \'PIN incorreto.\')')
 3 SYSTEMPATH\Database\BaseConnection.php(607): CodeIgniter\Database\BaseConnection->simpleQuery('INSERT INTO `presencaclientes` (`cliente_id`, `data`, `metodo_autenticacao`, `status`, `hora_entrada`, `observacao`) VALUES (NULL, \'2025-10-21 00:02:18\', \'pin\', \'erro\', \'00:02:18\', \'PIN incorreto.\')')
 4 SYSTEMPATH\Database\BaseBuilder.php(2307): CodeIgniter\Database\BaseConnection->query('INSERT INTO `presencaclientes` (`cliente_id`, `data`, `metodo_autenticacao`, `status`, `hora_entrada`, `observacao`) VALUES (:cliente_id:, :data:, :metodo_autenticacao:, :status:, :hora_entrada:, :observacao:)', [...], false)
 5 SYSTEMPATH\Model.php(326): CodeIgniter\Database\BaseBuilder->insert()
 6 SYSTEMPATH\BaseModel.php(802): CodeIgniter\Model->doInsert([...])
 7 SYSTEMPATH\Model.php(744): CodeIgniter\BaseModel->insert([...], true)
 8 APPPATH\Controllers\Cliente.php(651): CodeIgniter\Model->insert([...])
 9 SYSTEMPATH\CodeIgniter.php(941): App\Controllers\Cliente->registrarPresenca()
10 SYSTEMPATH\CodeIgniter.php(502): CodeIgniter\CodeIgniter->runController(Object(App\Controllers\Cliente))
11 SYSTEMPATH\CodeIgniter.php(361): CodeIgniter\CodeIgniter->handleRequest(null, Object(Config\Cache), false)
12 FCPATH\index.php(85): CodeIgniter\CodeIgniter->run()
CRITICAL - 2025-10-21 00:10:22 --> Error: Cannot use object of type App\Models\ClienteModel as array
in APPPATH\Controllers\Cliente.php on line 570.
 1 APPPATH\Controllers\Cliente.php(629): App\Controllers\Cliente->buscarCliPin('ebd0ed114f7adb9d4043cab95d73c422a67c5ea8cb72f89c7997284a0b82f231')
 2 SYSTEMPATH\CodeIgniter.php(941): App\Controllers\Cliente->registrarPresenca()
 3 SYSTEMPATH\CodeIgniter.php(502): CodeIgniter\CodeIgniter->runController(Object(App\Controllers\Cliente))
 4 SYSTEMPATH\CodeIgniter.php(361): CodeIgniter\CodeIgniter->handleRequest(null, Object(Config\Cache), false)
 5 FCPATH\index.php(85): CodeIgniter\CodeIgniter->run()
CRITICAL - 2025-10-21 00:10:55 --> BadMethodCallException: Call to undefined method App\Models\ClienteModel::getResult
in SYSTEMPATH\Model.php on line 874.
 1 APPPATH\Controllers\Cliente.php(564): CodeIgniter\Model->__call('getResult', [])
 2 APPPATH\Controllers\Cliente.php(629): App\Controllers\Cliente->buscarCliPin('ebd0ed114f7adb9d4043cab95d73c422a67c5ea8cb72f89c7997284a0b82f231')
 3 SYSTEMPATH\CodeIgniter.php(941): App\Controllers\Cliente->registrarPresenca()
 4 SYSTEMPATH\CodeIgniter.php(502): CodeIgniter\CodeIgniter->runController(Object(App\Controllers\Cliente))
 5 SYSTEMPATH\CodeIgniter.php(361): CodeIgniter\CodeIgniter->handleRequest(null, Object(Config\Cache), false)
 6 FCPATH\index.php(85): CodeIgniter\CodeIgniter->run()
CRITICAL - 2025-10-21 00:25:16 --> CodeIgniter\Exceptions\ModelException: You cannot use "getCompiledSelect()" in "App\Models\ClienteModel". This is a method of the Query Builder Class.
in SYSTEMPATH\Model.php on line 890.
 1 SYSTEMPATH\Model.php(890): CodeIgniter\Exceptions\ModelException::forMethodNotAvailable('App\\Models\\ClienteModel', 'getCompiledSelect()')
 2 SYSTEMPATH\Model.php(870): CodeIgniter\Model->checkBuilderMethod('getCompiledSelect')
 3 APPPATH\Controllers\Cliente.php(567): CodeIgniter\Model->__call('getCompiledSelect', [])
 4 APPPATH\Controllers\Cliente.php(633): App\Controllers\Cliente->buscarCliPin('ebd0ed114f7adb9d4043cab95d73c422a67c5ea8cb72f89c7997284a0b82f231')
 5 SYSTEMPATH\CodeIgniter.php(941): App\Controllers\Cliente->registrarPresenca()
 6 SYSTEMPATH\CodeIgniter.php(502): CodeIgniter\CodeIgniter->runController(Object(App\Controllers\Cliente))
 7 SYSTEMPATH\CodeIgniter.php(361): CodeIgniter\CodeIgniter->handleRequest(null, Object(Config\Cache), false)
 8 FCPATH\index.php(85): CodeIgniter\CodeIgniter->run()
ERROR - 2025-10-21 00:44:25 --> mysqli_sql_exception: Column 'hora_saida' cannot be null in C:\wamp64\www\sites\Projeto1\Back-end\system\Database\MySQLi\Connection.php:306
Stack trace:
#0 C:\wamp64\www\sites\Projeto1\Back-end\system\Database\MySQLi\Connection.php(306): mysqli->query('INSERT INTO `pr...', 0)
#1 C:\wamp64\www\sites\Projeto1\Back-end\system\Database\BaseConnection.php(693): CodeIgniter\Database\MySQLi\Connection->execute('INSERT INTO `pr...')
#2 C:\wamp64\www\sites\Projeto1\Back-end\system\Database\BaseConnection.php(607): CodeIgniter\Database\BaseConnection->simpleQuery('INSERT INTO `pr...')
#3 C:\wamp64\www\sites\Projeto1\Back-end\system\Database\BaseBuilder.php(2307): CodeIgniter\Database\BaseConnection->query('INSERT INTO `pr...', Array, false)
#4 C:\wamp64\www\sites\Projeto1\Back-end\system\Model.php(326): CodeIgniter\Database\BaseBuilder->insert()
#5 C:\wamp64\www\sites\Projeto1\Back-end\system\BaseModel.php(802): CodeIgniter\Model->doInsert(Array)
#6 C:\wamp64\www\sites\Projeto1\Back-end\system\Model.php(744): CodeIgniter\BaseModel->insert(Array, true)
#7 C:\wamp64\www\sites\Projeto1\Back-end\app\Controllers\Cliente.php(672): CodeIgniter\Model->insert(Array)
#8 C:\wamp64\www\sites\Projeto1\Back-end\system\CodeIgniter.php(941): App\Controllers\Cliente->registrarPresenca()
#9 C:\wamp64\www\sites\Projeto1\Back-end\system\CodeIgniter.php(502): CodeIgniter\CodeIgniter->runController(Object(App\Controllers\Cliente))
#10 C:\wamp64\www\sites\Projeto1\Back-end\system\CodeIgniter.php(361): CodeIgniter\CodeIgniter->handleRequest(NULL, Object(Config\Cache), false)
#11 C:\wamp64\www\sites\Projeto1\Back-end\public\index.php(85): CodeIgniter\CodeIgniter->run()
#12 {main}
CRITICAL - 2025-10-21 00:44:25 --> CodeIgniter\Database\Exceptions\DatabaseException: Column 'hora_saida' cannot be null
in SYSTEMPATH\Database\BaseConnection.php on line 647.
 1 SYSTEMPATH\Database\BaseBuilder.php(2307): CodeIgniter\Database\BaseConnection->query('INSERT INTO `presenca_clientes` (`cliente_id`, `metodo_autenticacao`, `status`, `hora_entrada`, `hora_saida`, `observacao`) VALUES (:cliente_id:, :metodo_autenticacao:, :status:, :hora_entrada:, :hora_saida:, :observacao:)', [...], false)
 2 SYSTEMPATH\Model.php(326): CodeIgniter\Database\BaseBuilder->insert()
 3 SYSTEMPATH\BaseModel.php(802): CodeIgniter\Model->doInsert([...])
 4 SYSTEMPATH\Model.php(744): CodeIgniter\BaseModel->insert([...], true)
 5 APPPATH\Controllers\Cliente.php(672): CodeIgniter\Model->insert([...])
 6 SYSTEMPATH\CodeIgniter.php(941): App\Controllers\Cliente->registrarPresenca()
 7 SYSTEMPATH\CodeIgniter.php(502): CodeIgniter\CodeIgniter->runController(Object(App\Controllers\Cliente))
 8 SYSTEMPATH\CodeIgniter.php(361): CodeIgniter\CodeIgniter->handleRequest(null, Object(Config\Cache), false)
 9 FCPATH\index.php(85): CodeIgniter\CodeIgniter->run()
CRITICAL - 2025-10-21 00:44:25 --> [Caused by] CodeIgniter\Database\Exceptions\DatabaseException: Column 'hora_saida' cannot be null
in SYSTEMPATH\Database\MySQLi\Connection.php on line 311.
 1 SYSTEMPATH\Database\BaseConnection.php(693): CodeIgniter\Database\MySQLi\Connection->execute('INSERT INTO `presenca_clientes` (`cliente_id`, `metodo_autenticacao`, `status`, `hora_entrada`, `hora_saida`, `observacao`) VALUES (\'1\', \'pin\', \'sucesso\', \'2025-10-21 00:44:25\', NULL, \'Presença registrada via PIN.\')')
 2 SYSTEMPATH\Database\BaseConnection.php(607): CodeIgniter\Database\BaseConnection->simpleQuery('INSERT INTO `presenca_clientes` (`cliente_id`, `metodo_autenticacao`, `status`, `hora_entrada`, `hora_saida`, `observacao`) VALUES (\'1\', \'pin\', \'sucesso\', \'2025-10-21 00:44:25\', NULL, \'Presença registrada via PIN.\')')
 3 SYSTEMPATH\Database\BaseBuilder.php(2307): CodeIgniter\Database\BaseConnection->query('INSERT INTO `presenca_clientes` (`cliente_id`, `metodo_autenticacao`, `status`, `hora_entrada`, `hora_saida`, `observacao`) VALUES (:cliente_id:, :metodo_autenticacao:, :status:, :hora_entrada:, :hora_saida:, :observacao:)', [...], false)
 4 SYSTEMPATH\Model.php(326): CodeIgniter\Database\BaseBuilder->insert()
 5 SYSTEMPATH\BaseModel.php(802): CodeIgniter\Model->doInsert([...])
 6 SYSTEMPATH\Model.php(744): CodeIgniter\BaseModel->insert([...], true)
 7 APPPATH\Controllers\Cliente.php(672): CodeIgniter\Model->insert([...])
 8 SYSTEMPATH\CodeIgniter.php(941): App\Controllers\Cliente->registrarPresenca()
 9 SYSTEMPATH\CodeIgniter.php(502): CodeIgniter\CodeIgniter->runController(Object(App\Controllers\Cliente))
10 SYSTEMPATH\CodeIgniter.php(361): CodeIgniter\CodeIgniter->handleRequest(null, Object(Config\Cache), false)
11 FCPATH\index.php(85): CodeIgniter\CodeIgniter->run()
CRITICAL - 2025-10-21 00:44:25 --> [Caused by] mysqli_sql_exception: Column 'hora_saida' cannot be null
in SYSTEMPATH\Database\MySQLi\Connection.php on line 306.
 1 SYSTEMPATH\Database\MySQLi\Connection.php(306): mysqli->query('INSERT INTO `presenca_clientes` (`cliente_id`, `metodo_autenticacao`, `status`, `hora_entrada`, `hora_saida`, `observacao`) VALUES (\'1\', \'pin\', \'sucesso\', \'2025-10-21 00:44:25\', NULL, \'Presença registrada via PIN.\')', 0)
 2 SYSTEMPATH\Database\BaseConnection.php(693): CodeIgniter\Database\MySQLi\Connection->execute('INSERT INTO `presenca_clientes` (`cliente_id`, `metodo_autenticacao`, `status`, `hora_entrada`, `hora_saida`, `observacao`) VALUES (\'1\', \'pin\', \'sucesso\', \'2025-10-21 00:44:25\', NULL, \'Presença registrada via PIN.\')')
 3 SYSTEMPATH\Database\BaseConnection.php(607): CodeIgniter\Database\BaseConnection->simpleQuery('INSERT INTO `presenca_clientes` (`cliente_id`, `metodo_autenticacao`, `status`, `hora_entrada`, `hora_saida`, `observacao`) VALUES (\'1\', \'pin\', \'sucesso\', \'2025-10-21 00:44:25\', NULL, \'Presença registrada via PIN.\')')
 4 SYSTEMPATH\Database\BaseBuilder.php(2307): CodeIgniter\Database\BaseConnection->query('INSERT INTO `presenca_clientes` (`cliente_id`, `metodo_autenticacao`, `status`, `hora_entrada`, `hora_saida`, `observacao`) VALUES (:cliente_id:, :metodo_autenticacao:, :status:, :hora_entrada:, :hora_saida:, :observacao:)', [...], false)
 5 SYSTEMPATH\Model.php(326): CodeIgniter\Database\BaseBuilder->insert()
 6 SYSTEMPATH\BaseModel.php(802): CodeIgniter\Model->doInsert([...])
 7 SYSTEMPATH\Model.php(744): CodeIgniter\BaseModel->insert([...], true)
 8 APPPATH\Controllers\Cliente.php(672): CodeIgniter\Model->insert([...])
 9 SYSTEMPATH\CodeIgniter.php(941): App\Controllers\Cliente->registrarPresenca()
10 SYSTEMPATH\CodeIgniter.php(502): CodeIgniter\CodeIgniter->runController(Object(App\Controllers\Cliente))
11 SYSTEMPATH\CodeIgniter.php(361): CodeIgniter\CodeIgniter->handleRequest(null, Object(Config\Cache), false)
12 FCPATH\index.php(85): CodeIgniter\CodeIgniter->run()
ERROR - 2025-10-21 00:45:59 --> mysqli_sql_exception: Column 'hora_saida' cannot be null in C:\wamp64\www\sites\Projeto1\Back-end\system\Database\MySQLi\Connection.php:306
Stack trace:
#0 C:\wamp64\www\sites\Projeto1\Back-end\system\Database\MySQLi\Connection.php(306): mysqli->query('INSERT INTO `pr...', 0)
#1 C:\wamp64\www\sites\Projeto1\Back-end\system\Database\BaseConnection.php(693): CodeIgniter\Database\MySQLi\Connection->execute('INSERT INTO `pr...')
#2 C:\wamp64\www\sites\Projeto1\Back-end\system\Database\BaseConnection.php(607): CodeIgniter\Database\BaseConnection->simpleQuery('INSERT INTO `pr...')
#3 C:\wamp64\www\sites\Projeto1\Back-end\system\Database\BaseBuilder.php(2307): CodeIgniter\Database\BaseConnection->query('INSERT INTO `pr...', Array, false)
#4 C:\wamp64\www\sites\Projeto1\Back-end\system\Model.php(326): CodeIgniter\Database\BaseBuilder->insert()
#5 C:\wamp64\www\sites\Projeto1\Back-end\system\BaseModel.php(802): CodeIgniter\Model->doInsert(Array)
#6 C:\wamp64\www\sites\Projeto1\Back-end\system\Model.php(744): CodeIgniter\BaseModel->insert(Array, true)
#7 C:\wamp64\www\sites\Projeto1\Back-end\app\Controllers\Cliente.php(672): CodeIgniter\Model->insert(Array)
#8 C:\wamp64\www\sites\Projeto1\Back-end\system\CodeIgniter.php(941): App\Controllers\Cliente->registrarPresenca()
#9 C:\wamp64\www\sites\Projeto1\Back-end\system\CodeIgniter.php(502): CodeIgniter\CodeIgniter->runController(Object(App\Controllers\Cliente))
#10 C:\wamp64\www\sites\Projeto1\Back-end\system\CodeIgniter.php(361): CodeIgniter\CodeIgniter->handleRequest(NULL, Object(Config\Cache), false)
#11 C:\wamp64\www\sites\Projeto1\Back-end\public\index.php(85): CodeIgniter\CodeIgniter->run()
#12 {main}
CRITICAL - 2025-10-21 00:45:59 --> CodeIgniter\Database\Exceptions\DatabaseException: Column 'hora_saida' cannot be null
in SYSTEMPATH\Database\BaseConnection.php on line 647.
 1 SYSTEMPATH\Database\BaseBuilder.php(2307): CodeIgniter\Database\BaseConnection->query('INSERT INTO `presenca_clientes` (`cliente_id`, `metodo_autenticacao`, `status`, `hora_entrada`, `hora_saida`, `observacao`) VALUES (:cliente_id:, :metodo_autenticacao:, :status:, :hora_entrada:, :hora_saida:, :observacao:)', [...], false)
 2 SYSTEMPATH\Model.php(326): CodeIgniter\Database\BaseBuilder->insert()
 3 SYSTEMPATH\BaseModel.php(802): CodeIgniter\Model->doInsert([...])
 4 SYSTEMPATH\Model.php(744): CodeIgniter\BaseModel->insert([...], true)
 5 APPPATH\Controllers\Cliente.php(672): CodeIgniter\Model->insert([...])
 6 SYSTEMPATH\CodeIgniter.php(941): App\Controllers\Cliente->registrarPresenca()
 7 SYSTEMPATH\CodeIgniter.php(502): CodeIgniter\CodeIgniter->runController(Object(App\Controllers\Cliente))
 8 SYSTEMPATH\CodeIgniter.php(361): CodeIgniter\CodeIgniter->handleRequest(null, Object(Config\Cache), false)
 9 FCPATH\index.php(85): CodeIgniter\CodeIgniter->run()
CRITICAL - 2025-10-21 00:45:59 --> [Caused by] CodeIgniter\Database\Exceptions\DatabaseException: Column 'hora_saida' cannot be null
in SYSTEMPATH\Database\MySQLi\Connection.php on line 311.
 1 SYSTEMPATH\Database\BaseConnection.php(693): CodeIgniter\Database\MySQLi\Connection->execute('INSERT INTO `presenca_clientes` (`cliente_id`, `metodo_autenticacao`, `status`, `hora_entrada`, `hora_saida`, `observacao`) VALUES (\'1\', \'pin\', \'sucesso\', \'2025-10-21 00:45:59\', NULL, \'Presença registrada via PIN.\')')
 2 SYSTEMPATH\Database\BaseConnection.php(607): CodeIgniter\Database\BaseConnection->simpleQuery('INSERT INTO `presenca_clientes` (`cliente_id`, `metodo_autenticacao`, `status`, `hora_entrada`, `hora_saida`, `observacao`) VALUES (\'1\', \'pin\', \'sucesso\', \'2025-10-21 00:45:59\', NULL, \'Presença registrada via PIN.\')')
 3 SYSTEMPATH\Database\BaseBuilder.php(2307): CodeIgniter\Database\BaseConnection->query('INSERT INTO `presenca_clientes` (`cliente_id`, `metodo_autenticacao`, `status`, `hora_entrada`, `hora_saida`, `observacao`) VALUES (:cliente_id:, :metodo_autenticacao:, :status:, :hora_entrada:, :hora_saida:, :observacao:)', [...], false)
 4 SYSTEMPATH\Model.php(326): CodeIgniter\Database\BaseBuilder->insert()
 5 SYSTEMPATH\BaseModel.php(802): CodeIgniter\Model->doInsert([...])
 6 SYSTEMPATH\Model.php(744): CodeIgniter\BaseModel->insert([...], true)
 7 APPPATH\Controllers\Cliente.php(672): CodeIgniter\Model->insert([...])
 8 SYSTEMPATH\CodeIgniter.php(941): App\Controllers\Cliente->registrarPresenca()
 9 SYSTEMPATH\CodeIgniter.php(502): CodeIgniter\CodeIgniter->runController(Object(App\Controllers\Cliente))
10 SYSTEMPATH\CodeIgniter.php(361): CodeIgniter\CodeIgniter->handleRequest(null, Object(Config\Cache), false)
11 FCPATH\index.php(85): CodeIgniter\CodeIgniter->run()
CRITICAL - 2025-10-21 00:45:59 --> [Caused by] mysqli_sql_exception: Column 'hora_saida' cannot be null
in SYSTEMPATH\Database\MySQLi\Connection.php on line 306.
 1 SYSTEMPATH\Database\MySQLi\Connection.php(306): mysqli->query('INSERT INTO `presenca_clientes` (`cliente_id`, `metodo_autenticacao`, `status`, `hora_entrada`, `hora_saida`, `observacao`) VALUES (\'1\', \'pin\', \'sucesso\', \'2025-10-21 00:45:59\', NULL, \'Presença registrada via PIN.\')', 0)
 2 SYSTEMPATH\Database\BaseConnection.php(693): CodeIgniter\Database\MySQLi\Connection->execute('INSERT INTO `presenca_clientes` (`cliente_id`, `metodo_autenticacao`, `status`, `hora_entrada`, `hora_saida`, `observacao`) VALUES (\'1\', \'pin\', \'sucesso\', \'2025-10-21 00:45:59\', NULL, \'Presença registrada via PIN.\')')
 3 SYSTEMPATH\Database\BaseConnection.php(607): CodeIgniter\Database\BaseConnection->simpleQuery('INSERT INTO `presenca_clientes` (`cliente_id`, `metodo_autenticacao`, `status`, `hora_entrada`, `hora_saida`, `observacao`) VALUES (\'1\', \'pin\', \'sucesso\', \'2025-10-21 00:45:59\', NULL, \'Presença registrada via PIN.\')')
 4 SYSTEMPATH\Database\BaseBuilder.php(2307): CodeIgniter\Database\BaseConnection->query('INSERT INTO `presenca_clientes` (`cliente_id`, `metodo_autenticacao`, `status`, `hora_entrada`, `hora_saida`, `observacao`) VALUES (:cliente_id:, :metodo_autenticacao:, :status:, :hora_entrada:, :hora_saida:, :observacao:)', [...], false)
 5 SYSTEMPATH\Model.php(326): CodeIgniter\Database\BaseBuilder->insert()
 6 SYSTEMPATH\BaseModel.php(802): CodeIgniter\Model->doInsert([...])
 7 SYSTEMPATH\Model.php(744): CodeIgniter\BaseModel->insert([...], true)
 8 APPPATH\Controllers\Cliente.php(672): CodeIgniter\Model->insert([...])
 9 SYSTEMPATH\CodeIgniter.php(941): App\Controllers\Cliente->registrarPresenca()
10 SYSTEMPATH\CodeIgniter.php(502): CodeIgniter\CodeIgniter->runController(Object(App\Controllers\Cliente))
11 SYSTEMPATH\CodeIgniter.php(361): CodeIgniter\CodeIgniter->handleRequest(null, Object(Config\Cache), false)
12 FCPATH\index.php(85): CodeIgniter\CodeIgniter->run()
ERROR - 2025-10-21 00:46:03 --> mysqli_sql_exception: Column 'hora_saida' cannot be null in C:\wamp64\www\sites\Projeto1\Back-end\system\Database\MySQLi\Connection.php:306
Stack trace:
#0 C:\wamp64\www\sites\Projeto1\Back-end\system\Database\MySQLi\Connection.php(306): mysqli->query('INSERT INTO `pr...', 0)
#1 C:\wamp64\www\sites\Projeto1\Back-end\system\Database\BaseConnection.php(693): CodeIgniter\Database\MySQLi\Connection->execute('INSERT INTO `pr...')
#2 C:\wamp64\www\sites\Projeto1\Back-end\system\Database\BaseConnection.php(607): CodeIgniter\Database\BaseConnection->simpleQuery('INSERT INTO `pr...')
#3 C:\wamp64\www\sites\Projeto1\Back-end\system\Database\BaseBuilder.php(2307): CodeIgniter\Database\BaseConnection->query('INSERT INTO `pr...', Array, false)
#4 C:\wamp64\www\sites\Projeto1\Back-end\system\Model.php(326): CodeIgniter\Database\BaseBuilder->insert()
#5 C:\wamp64\www\sites\Projeto1\Back-end\system\BaseModel.php(802): CodeIgniter\Model->doInsert(Array)
#6 C:\wamp64\www\sites\Projeto1\Back-end\system\Model.php(744): CodeIgniter\BaseModel->insert(Array, true)
#7 C:\wamp64\www\sites\Projeto1\Back-end\app\Controllers\Cliente.php(672): CodeIgniter\Model->insert(Array)
#8 C:\wamp64\www\sites\Projeto1\Back-end\system\CodeIgniter.php(941): App\Controllers\Cliente->registrarPresenca()
#9 C:\wamp64\www\sites\Projeto1\Back-end\system\CodeIgniter.php(502): CodeIgniter\CodeIgniter->runController(Object(App\Controllers\Cliente))
#10 C:\wamp64\www\sites\Projeto1\Back-end\system\CodeIgniter.php(361): CodeIgniter\CodeIgniter->handleRequest(NULL, Object(Config\Cache), false)
#11 C:\wamp64\www\sites\Projeto1\Back-end\public\index.php(85): CodeIgniter\CodeIgniter->run()
#12 {main}
CRITICAL - 2025-10-21 00:46:03 --> CodeIgniter\Database\Exceptions\DatabaseException: Column 'hora_saida' cannot be null
in SYSTEMPATH\Database\BaseConnection.php on line 647.
 1 SYSTEMPATH\Database\BaseBuilder.php(2307): CodeIgniter\Database\BaseConnection->query('INSERT INTO `presenca_clientes` (`cliente_id`, `metodo_autenticacao`, `status`, `hora_entrada`, `hora_saida`, `observacao`) VALUES (:cliente_id:, :metodo_autenticacao:, :status:, :hora_entrada:, :hora_saida:, :observacao:)', [...], false)
 2 SYSTEMPATH\Model.php(326): CodeIgniter\Database\BaseBuilder->insert()
 3 SYSTEMPATH\BaseModel.php(802): CodeIgniter\Model->doInsert([...])
 4 SYSTEMPATH\Model.php(744): CodeIgniter\BaseModel->insert([...], true)
 5 APPPATH\Controllers\Cliente.php(672): CodeIgniter\Model->insert([...])
 6 SYSTEMPATH\CodeIgniter.php(941): App\Controllers\Cliente->registrarPresenca()
 7 SYSTEMPATH\CodeIgniter.php(502): CodeIgniter\CodeIgniter->runController(Object(App\Controllers\Cliente))
 8 SYSTEMPATH\CodeIgniter.php(361): CodeIgniter\CodeIgniter->handleRequest(null, Object(Config\Cache), false)
 9 FCPATH\index.php(85): CodeIgniter\CodeIgniter->run()
CRITICAL - 2025-10-21 00:46:03 --> [Caused by] CodeIgniter\Database\Exceptions\DatabaseException: Column 'hora_saida' cannot be null
in SYSTEMPATH\Database\MySQLi\Connection.php on line 311.
 1 SYSTEMPATH\Database\BaseConnection.php(693): CodeIgniter\Database\MySQLi\Connection->execute('INSERT INTO `presenca_clientes` (`cliente_id`, `metodo_autenticacao`, `status`, `hora_entrada`, `hora_saida`, `observacao`) VALUES (\'1\', \'pin\', \'sucesso\', \'2025-10-21 00:46:03\', NULL, \'Presença registrada via PIN.\')')
 2 SYSTEMPATH\Database\BaseConnection.php(607): CodeIgniter\Database\BaseConnection->simpleQuery('INSERT INTO `presenca_clientes` (`cliente_id`, `metodo_autenticacao`, `status`, `hora_entrada`, `hora_saida`, `observacao`) VALUES (\'1\', \'pin\', \'sucesso\', \'2025-10-21 00:46:03\', NULL, \'Presença registrada via PIN.\')')
 3 SYSTEMPATH\Database\BaseBuilder.php(2307): CodeIgniter\Database\BaseConnection->query('INSERT INTO `presenca_clientes` (`cliente_id`, `metodo_autenticacao`, `status`, `hora_entrada`, `hora_saida`, `observacao`) VALUES (:cliente_id:, :metodo_autenticacao:, :status:, :hora_entrada:, :hora_saida:, :observacao:)', [...], false)
 4 SYSTEMPATH\Model.php(326): CodeIgniter\Database\BaseBuilder->insert()
 5 SYSTEMPATH\BaseModel.php(802): CodeIgniter\Model->doInsert([...])
 6 SYSTEMPATH\Model.php(744): CodeIgniter\BaseModel->insert([...], true)
 7 APPPATH\Controllers\Cliente.php(672): CodeIgniter\Model->insert([...])
 8 SYSTEMPATH\CodeIgniter.php(941): App\Controllers\Cliente->registrarPresenca()
 9 SYSTEMPATH\CodeIgniter.php(502): CodeIgniter\CodeIgniter->runController(Object(App\Controllers\Cliente))
10 SYSTEMPATH\CodeIgniter.php(361): CodeIgniter\CodeIgniter->handleRequest(null, Object(Config\Cache), false)
11 FCPATH\index.php(85): CodeIgniter\CodeIgniter->run()
CRITICAL - 2025-10-21 00:46:03 --> [Caused by] mysqli_sql_exception: Column 'hora_saida' cannot be null
in SYSTEMPATH\Database\MySQLi\Connection.php on line 306.
 1 SYSTEMPATH\Database\MySQLi\Connection.php(306): mysqli->query('INSERT INTO `presenca_clientes` (`cliente_id`, `metodo_autenticacao`, `status`, `hora_entrada`, `hora_saida`, `observacao`) VALUES (\'1\', \'pin\', \'sucesso\', \'2025-10-21 00:46:03\', NULL, \'Presença registrada via PIN.\')', 0)
 2 SYSTEMPATH\Database\BaseConnection.php(693): CodeIgniter\Database\MySQLi\Connection->execute('INSERT INTO `presenca_clientes` (`cliente_id`, `metodo_autenticacao`, `status`, `hora_entrada`, `hora_saida`, `observacao`) VALUES (\'1\', \'pin\', \'sucesso\', \'2025-10-21 00:46:03\', NULL, \'Presença registrada via PIN.\')')
 3 SYSTEMPATH\Database\BaseConnection.php(607): CodeIgniter\Database\BaseConnection->simpleQuery('INSERT INTO `presenca_clientes` (`cliente_id`, `metodo_autenticacao`, `status`, `hora_entrada`, `hora_saida`, `observacao`) VALUES (\'1\', \'pin\', \'sucesso\', \'2025-10-21 00:46:03\', NULL, \'Presença registrada via PIN.\')')
 4 SYSTEMPATH\Database\BaseBuilder.php(2307): CodeIgniter\Database\BaseConnection->query('INSERT INTO `presenca_clientes` (`cliente_id`, `metodo_autenticacao`, `status`, `hora_entrada`, `hora_saida`, `observacao`) VALUES (:cliente_id:, :metodo_autenticacao:, :status:, :hora_entrada:, :hora_saida:, :observacao:)', [...], false)
 5 SYSTEMPATH\Model.php(326): CodeIgniter\Database\BaseBuilder->insert()
 6 SYSTEMPATH\BaseModel.php(802): CodeIgniter\Model->doInsert([...])
 7 SYSTEMPATH\Model.php(744): CodeIgniter\BaseModel->insert([...], true)
 8 APPPATH\Controllers\Cliente.php(672): CodeIgniter\Model->insert([...])
 9 SYSTEMPATH\CodeIgniter.php(941): App\Controllers\Cliente->registrarPresenca()
10 SYSTEMPATH\CodeIgniter.php(502): CodeIgniter\CodeIgniter->runController(Object(App\Controllers\Cliente))
11 SYSTEMPATH\CodeIgniter.php(361): CodeIgniter\CodeIgniter->handleRequest(null, Object(Config\Cache), false)
12 FCPATH\index.php(85): CodeIgniter\CodeIgniter->run()
