ERROR - 2025-05-06 00:19:01 --> mysqli_sql_exception: Column 'perg_restricao_medica' cannot be null in C:\wamp64\www\sites\Projeto1\Back-end\system\Database\MySQLi\Connection.php:306
Stack trace:
#0 C:\wamp64\www\sites\Projeto1\Back-end\system\Database\MySQLi\Connection.php(306): mysqli->query('INSERT INTO `an...', 0)
#1 C:\wamp64\www\sites\Projeto1\Back-end\system\Database\BaseConnection.php(693): CodeIgniter\Database\MySQLi\Connection->execute('INSERT INTO `an...')
#2 C:\wamp64\www\sites\Projeto1\Back-end\system\Database\BaseConnection.php(607): CodeIgniter\Database\BaseConnection->simpleQuery('INSERT INTO `an...')
#3 C:\wamp64\www\sites\Projeto1\Back-end\system\Database\BaseBuilder.php(2307): CodeIgniter\Database\BaseConnection->query('INSERT INTO `an...', Array, false)
#4 C:\wamp64\www\sites\Projeto1\Back-end\system\Model.php(326): CodeIgniter\Database\BaseBuilder->insert()
#5 C:\wamp64\www\sites\Projeto1\Back-end\system\BaseModel.php(802): CodeIgniter\Model->doInsert(Array)
#6 C:\wamp64\www\sites\Projeto1\Back-end\system\Model.php(744): CodeIgniter\BaseModel->insert(Array, true)
#7 C:\wamp64\www\sites\Projeto1\Back-end\app\Controllers\Cliente.php(116): CodeIgniter\Model->insert(Array)
#8 C:\wamp64\www\sites\Projeto1\Back-end\system\CodeIgniter.php(941): App\Controllers\Cliente->createComplete()
#9 C:\wamp64\www\sites\Projeto1\Back-end\system\CodeIgniter.php(502): CodeIgniter\CodeIgniter->runController(Object(App\Controllers\Cliente))
#10 C:\wamp64\www\sites\Projeto1\Back-end\system\CodeIgniter.php(361): CodeIgniter\CodeIgniter->handleRequest(NULL, Object(Config\Cache), false)
#11 C:\wamp64\www\sites\Projeto1\Back-end\public\index.php(85): CodeIgniter\CodeIgniter->run()
#12 {main}
CRITICAL - 2025-05-06 00:19:01 --> CodeIgniter\Database\Exceptions\DatabaseException: Column 'perg_restricao_medica' cannot be null
in SYSTEMPATH\Database\BaseConnection.php on line 647.
 1 SYSTEMPATH\Database\BaseBuilder.php(2307): CodeIgniter\Database\BaseConnection->query('INSERT INTO `anamnese` (`perg_problemas_saude`, `perg_sintomas`, `perg_medicamentos`, `perg_historico_familiar_cardiaco`, `perg_restricao_medica`, `perg_gravida`, `perg_fuma`, `perg_bebe_alcool`, `perg_exercicio_frequente`, `perg_qtde_aerobico`, `perg_colesterol_medido`, `perg_alimentacao_balanceada`, `perg_gordura_alta`, `perg_nivel_estresse`, `perg_objetivos_saude`, `anotacoes`, `cliente_id`) VALUES (:perg_problemas_saude:, :perg_sintomas:, :perg_medicamentos:, :perg_historico_familiar_cardiaco:, :perg_restricao_medica:, :perg_gravida:, :perg_fuma:, :perg_bebe_alcool:, :perg_exercicio_frequente:, :perg_qtde_aerobico:, :perg_colesterol_medido:, :perg_alimentacao_balanceada:, :perg_gordura_alta:, :perg_nivel_estresse:, :perg_objetivos_saude:, :anotacoes:, :cliente_id:)', [...], false)
 2 SYSTEMPATH\Model.php(326): CodeIgniter\Database\BaseBuilder->insert()
 3 SYSTEMPATH\BaseModel.php(802): CodeIgniter\Model->doInsert([...])
 4 SYSTEMPATH\Model.php(744): CodeIgniter\BaseModel->insert([...], true)
 5 APPPATH\Controllers\Cliente.php(116): CodeIgniter\Model->insert([...])
 6 SYSTEMPATH\CodeIgniter.php(941): App\Controllers\Cliente->createComplete()
 7 SYSTEMPATH\CodeIgniter.php(502): CodeIgniter\CodeIgniter->runController(Object(App\Controllers\Cliente))
 8 SYSTEMPATH\CodeIgniter.php(361): CodeIgniter\CodeIgniter->handleRequest(null, Object(Config\Cache), false)
 9 FCPATH\index.php(85): CodeIgniter\CodeIgniter->run()
CRITICAL - 2025-05-06 00:19:01 --> [Caused by] CodeIgniter\Database\Exceptions\DatabaseException: Column 'perg_restricao_medica' cannot be null
in SYSTEMPATH\Database\MySQLi\Connection.php on line 311.
 1 SYSTEMPATH\Database\BaseConnection.php(693): CodeIgniter\Database\MySQLi\Connection->execute('INSERT INTO `anamnese` (`perg_problemas_saude`, `perg_sintomas`, `perg_medicamentos`, `perg_historico_familiar_cardiaco`, `perg_restricao_medica`, `perg_gravida`, `perg_fuma`, `perg_bebe_alcool`, `perg_exercicio_frequente`, `perg_qtde_aerobico`, `perg_colesterol_medido`, `perg_alimentacao_balanceada`, `perg_gordura_alta`, `perg_nivel_estresse`, `perg_objetivos_saude`, `anotacoes`, `cliente_id`) VALUES (\'Doença cardiaca coronariana\', \'\', \'\', 0, NULL, NULL, NULL, NULL, NULL, NULL, NULL, NULL, NULL, \'leve\', \'\', NULL, 109)')
 2 SYSTEMPATH\Database\BaseConnection.php(607): CodeIgniter\Database\BaseConnection->simpleQuery('INSERT INTO `anamnese` (`perg_problemas_saude`, `perg_sintomas`, `perg_medicamentos`, `perg_historico_familiar_cardiaco`, `perg_restricao_medica`, `perg_gravida`, `perg_fuma`, `perg_bebe_alcool`, `perg_exercicio_frequente`, `perg_qtde_aerobico`, `perg_colesterol_medido`, `perg_alimentacao_balanceada`, `perg_gordura_alta`, `perg_nivel_estresse`, `perg_objetivos_saude`, `anotacoes`, `cliente_id`) VALUES (\'Doença cardiaca coronariana\', \'\', \'\', 0, NULL, NULL, NULL, NULL, NULL, NULL, NULL, NULL, NULL, \'leve\', \'\', NULL, 109)')
 3 SYSTEMPATH\Database\BaseBuilder.php(2307): CodeIgniter\Database\BaseConnection->query('INSERT INTO `anamnese` (`perg_problemas_saude`, `perg_sintomas`, `perg_medicamentos`, `perg_historico_familiar_cardiaco`, `perg_restricao_medica`, `perg_gravida`, `perg_fuma`, `perg_bebe_alcool`, `perg_exercicio_frequente`, `perg_qtde_aerobico`, `perg_colesterol_medido`, `perg_alimentacao_balanceada`, `perg_gordura_alta`, `perg_nivel_estresse`, `perg_objetivos_saude`, `anotacoes`, `cliente_id`) VALUES (:perg_problemas_saude:, :perg_sintomas:, :perg_medicamentos:, :perg_historico_familiar_cardiaco:, :perg_restricao_medica:, :perg_gravida:, :perg_fuma:, :perg_bebe_alcool:, :perg_exercicio_frequente:, :perg_qtde_aerobico:, :perg_colesterol_medido:, :perg_alimentacao_balanceada:, :perg_gordura_alta:, :perg_nivel_estresse:, :perg_objetivos_saude:, :anotacoes:, :cliente_id:)', [...], false)
 4 SYSTEMPATH\Model.php(326): CodeIgniter\Database\BaseBuilder->insert()
 5 SYSTEMPATH\BaseModel.php(802): CodeIgniter\Model->doInsert([...])
 6 SYSTEMPATH\Model.php(744): CodeIgniter\BaseModel->insert([...], true)
 7 APPPATH\Controllers\Cliente.php(116): CodeIgniter\Model->insert([...])
 8 SYSTEMPATH\CodeIgniter.php(941): App\Controllers\Cliente->createComplete()
 9 SYSTEMPATH\CodeIgniter.php(502): CodeIgniter\CodeIgniter->runController(Object(App\Controllers\Cliente))
10 SYSTEMPATH\CodeIgniter.php(361): CodeIgniter\CodeIgniter->handleRequest(null, Object(Config\Cache), false)
11 FCPATH\index.php(85): CodeIgniter\CodeIgniter->run()
CRITICAL - 2025-05-06 00:19:01 --> [Caused by] mysqli_sql_exception: Column 'perg_restricao_medica' cannot be null
in SYSTEMPATH\Database\MySQLi\Connection.php on line 306.
 1 SYSTEMPATH\Database\MySQLi\Connection.php(306): mysqli->query('INSERT INTO `anamnese` (`perg_problemas_saude`, `perg_sintomas`, `perg_medicamentos`, `perg_historico_familiar_cardiaco`, `perg_restricao_medica`, `perg_gravida`, `perg_fuma`, `perg_bebe_alcool`, `perg_exercicio_frequente`, `perg_qtde_aerobico`, `perg_colesterol_medido`, `perg_alimentacao_balanceada`, `perg_gordura_alta`, `perg_nivel_estresse`, `perg_objetivos_saude`, `anotacoes`, `cliente_id`) VALUES (\'Doença cardiaca coronariana\', \'\', \'\', 0, NULL, NULL, NULL, NULL, NULL, NULL, NULL, NULL, NULL, \'leve\', \'\', NULL, 109)', 0)
 2 SYSTEMPATH\Database\BaseConnection.php(693): CodeIgniter\Database\MySQLi\Connection->execute('INSERT INTO `anamnese` (`perg_problemas_saude`, `perg_sintomas`, `perg_medicamentos`, `perg_historico_familiar_cardiaco`, `perg_restricao_medica`, `perg_gravida`, `perg_fuma`, `perg_bebe_alcool`, `perg_exercicio_frequente`, `perg_qtde_aerobico`, `perg_colesterol_medido`, `perg_alimentacao_balanceada`, `perg_gordura_alta`, `perg_nivel_estresse`, `perg_objetivos_saude`, `anotacoes`, `cliente_id`) VALUES (\'Doença cardiaca coronariana\', \'\', \'\', 0, NULL, NULL, NULL, NULL, NULL, NULL, NULL, NULL, NULL, \'leve\', \'\', NULL, 109)')
 3 SYSTEMPATH\Database\BaseConnection.php(607): CodeIgniter\Database\BaseConnection->simpleQuery('INSERT INTO `anamnese` (`perg_problemas_saude`, `perg_sintomas`, `perg_medicamentos`, `perg_historico_familiar_cardiaco`, `perg_restricao_medica`, `perg_gravida`, `perg_fuma`, `perg_bebe_alcool`, `perg_exercicio_frequente`, `perg_qtde_aerobico`, `perg_colesterol_medido`, `perg_alimentacao_balanceada`, `perg_gordura_alta`, `perg_nivel_estresse`, `perg_objetivos_saude`, `anotacoes`, `cliente_id`) VALUES (\'Doença cardiaca coronariana\', \'\', \'\', 0, NULL, NULL, NULL, NULL, NULL, NULL, NULL, NULL, NULL, \'leve\', \'\', NULL, 109)')
 4 SYSTEMPATH\Database\BaseBuilder.php(2307): CodeIgniter\Database\BaseConnection->query('INSERT INTO `anamnese` (`perg_problemas_saude`, `perg_sintomas`, `perg_medicamentos`, `perg_historico_familiar_cardiaco`, `perg_restricao_medica`, `perg_gravida`, `perg_fuma`, `perg_bebe_alcool`, `perg_exercicio_frequente`, `perg_qtde_aerobico`, `perg_colesterol_medido`, `perg_alimentacao_balanceada`, `perg_gordura_alta`, `perg_nivel_estresse`, `perg_objetivos_saude`, `anotacoes`, `cliente_id`) VALUES (:perg_problemas_saude:, :perg_sintomas:, :perg_medicamentos:, :perg_historico_familiar_cardiaco:, :perg_restricao_medica:, :perg_gravida:, :perg_fuma:, :perg_bebe_alcool:, :perg_exercicio_frequente:, :perg_qtde_aerobico:, :perg_colesterol_medido:, :perg_alimentacao_balanceada:, :perg_gordura_alta:, :perg_nivel_estresse:, :perg_objetivos_saude:, :anotacoes:, :cliente_id:)', [...], false)
 5 SYSTEMPATH\Model.php(326): CodeIgniter\Database\BaseBuilder->insert()
 6 SYSTEMPATH\BaseModel.php(802): CodeIgniter\Model->doInsert([...])
 7 SYSTEMPATH\Model.php(744): CodeIgniter\BaseModel->insert([...], true)
 8 APPPATH\Controllers\Cliente.php(116): CodeIgniter\Model->insert([...])
 9 SYSTEMPATH\CodeIgniter.php(941): App\Controllers\Cliente->createComplete()
10 SYSTEMPATH\CodeIgniter.php(502): CodeIgniter\CodeIgniter->runController(Object(App\Controllers\Cliente))
11 SYSTEMPATH\CodeIgniter.php(361): CodeIgniter\CodeIgniter->handleRequest(null, Object(Config\Cache), false)
12 FCPATH\index.php(85): CodeIgniter\CodeIgniter->run()
ERROR - 2025-05-06 00:21:15 --> mysqli_sql_exception: Duplicate entry '555.222.444-22' for key 'cliente.CPF' in C:\wamp64\www\sites\Projeto1\Back-end\system\Database\MySQLi\Connection.php:306
Stack trace:
#0 C:\wamp64\www\sites\Projeto1\Back-end\system\Database\MySQLi\Connection.php(306): mysqli->query('INSERT INTO `cl...', 0)
#1 C:\wamp64\www\sites\Projeto1\Back-end\system\Database\BaseConnection.php(693): CodeIgniter\Database\MySQLi\Connection->execute('INSERT INTO `cl...')
#2 C:\wamp64\www\sites\Projeto1\Back-end\system\Database\BaseConnection.php(607): CodeIgniter\Database\BaseConnection->simpleQuery('INSERT INTO `cl...')
#3 C:\wamp64\www\sites\Projeto1\Back-end\system\Database\BaseBuilder.php(2307): CodeIgniter\Database\BaseConnection->query('INSERT INTO `cl...', Array, false)
#4 C:\wamp64\www\sites\Projeto1\Back-end\system\Model.php(326): CodeIgniter\Database\BaseBuilder->insert()
#5 C:\wamp64\www\sites\Projeto1\Back-end\system\BaseModel.php(802): CodeIgniter\Model->doInsert(Array)
#6 C:\wamp64\www\sites\Projeto1\Back-end\system\Model.php(744): CodeIgniter\BaseModel->insert(Array, true)
#7 C:\wamp64\www\sites\Projeto1\Back-end\app\Controllers\Cliente.php(94): CodeIgniter\Model->insert(Array)
#8 C:\wamp64\www\sites\Projeto1\Back-end\system\CodeIgniter.php(941): App\Controllers\Cliente->createComplete()
#9 C:\wamp64\www\sites\Projeto1\Back-end\system\CodeIgniter.php(502): CodeIgniter\CodeIgniter->runController(Object(App\Controllers\Cliente))
#10 C:\wamp64\www\sites\Projeto1\Back-end\system\CodeIgniter.php(361): CodeIgniter\CodeIgniter->handleRequest(NULL, Object(Config\Cache), false)
#11 C:\wamp64\www\sites\Projeto1\Back-end\public\index.php(85): CodeIgniter\CodeIgniter->run()
#12 {main}
CRITICAL - 2025-05-06 00:21:15 --> CodeIgniter\Database\Exceptions\DatabaseException: Duplicate entry '555.222.444-22' for key 'cliente.CPF'
in SYSTEMPATH\Database\BaseConnection.php on line 647.
 1 SYSTEMPATH\Database\BaseBuilder.php(2307): CodeIgniter\Database\BaseConnection->query('INSERT INTO `cliente` (`foto_perfil`, `CPF`, `RG`, `nome`, `telefone`, `email`, `endereco`, `datanascimento`, `nivel_experiencia`, `treino_com_personal`, `termo_responsabilidade`, `personal_id`) VALUES (:foto_perfil:, :CPF:, :RG:, :nome:, :telefone:, :email:, :endereco:, :datanascimento:, :nivel_experiencia:, :treino_com_personal:, :termo_responsabilidade:, :personal_id:)', [...], false)
 2 SYSTEMPATH\Model.php(326): CodeIgniter\Database\BaseBuilder->insert()
 3 SYSTEMPATH\BaseModel.php(802): CodeIgniter\Model->doInsert([...])
 4 SYSTEMPATH\Model.php(744): CodeIgniter\BaseModel->insert([...], true)
 5 APPPATH\Controllers\Cliente.php(94): CodeIgniter\Model->insert([...])
 6 SYSTEMPATH\CodeIgniter.php(941): App\Controllers\Cliente->createComplete()
 7 SYSTEMPATH\CodeIgniter.php(502): CodeIgniter\CodeIgniter->runController(Object(App\Controllers\Cliente))
 8 SYSTEMPATH\CodeIgniter.php(361): CodeIgniter\CodeIgniter->handleRequest(null, Object(Config\Cache), false)
 9 FCPATH\index.php(85): CodeIgniter\CodeIgniter->run()
CRITICAL - 2025-05-06 00:21:15 --> [Caused by] CodeIgniter\Database\Exceptions\DatabaseException: Duplicate entry '555.222.444-22' for key 'cliente.CPF'
in SYSTEMPATH\Database\MySQLi\Connection.php on line 311.
 1 SYSTEMPATH\Database\BaseConnection.php(693): CodeIgniter\Database\MySQLi\Connection->execute('INSERT INTO `cliente` (`foto_perfil`, `CPF`, `RG`, `nome`, `telefone`, `email`, `endereco`, `datanascimento`, `nivel_experiencia`, `treino_com_personal`, `termo_responsabilidade`, `personal_id`) VALUES (\'\', \'555.222.444-22\', \'12.121.211-2\', \'Breno Henrique\', \'(12) 99656-9274\', \'breno.reis@aluno.ifsp.edu\', \'ssssss\', \'07/06/2004\', \'iniciante\', 0, NULL, NULL)')
 2 SYSTEMPATH\Database\BaseConnection.php(607): CodeIgniter\Database\BaseConnection->simpleQuery('INSERT INTO `cliente` (`foto_perfil`, `CPF`, `RG`, `nome`, `telefone`, `email`, `endereco`, `datanascimento`, `nivel_experiencia`, `treino_com_personal`, `termo_responsabilidade`, `personal_id`) VALUES (\'\', \'555.222.444-22\', \'12.121.211-2\', \'Breno Henrique\', \'(12) 99656-9274\', \'breno.reis@aluno.ifsp.edu\', \'ssssss\', \'07/06/2004\', \'iniciante\', 0, NULL, NULL)')
 3 SYSTEMPATH\Database\BaseBuilder.php(2307): CodeIgniter\Database\BaseConnection->query('INSERT INTO `cliente` (`foto_perfil`, `CPF`, `RG`, `nome`, `telefone`, `email`, `endereco`, `datanascimento`, `nivel_experiencia`, `treino_com_personal`, `termo_responsabilidade`, `personal_id`) VALUES (:foto_perfil:, :CPF:, :RG:, :nome:, :telefone:, :email:, :endereco:, :datanascimento:, :nivel_experiencia:, :treino_com_personal:, :termo_responsabilidade:, :personal_id:)', [...], false)
 4 SYSTEMPATH\Model.php(326): CodeIgniter\Database\BaseBuilder->insert()
 5 SYSTEMPATH\BaseModel.php(802): CodeIgniter\Model->doInsert([...])
 6 SYSTEMPATH\Model.php(744): CodeIgniter\BaseModel->insert([...], true)
 7 APPPATH\Controllers\Cliente.php(94): CodeIgniter\Model->insert([...])
 8 SYSTEMPATH\CodeIgniter.php(941): App\Controllers\Cliente->createComplete()
 9 SYSTEMPATH\CodeIgniter.php(502): CodeIgniter\CodeIgniter->runController(Object(App\Controllers\Cliente))
10 SYSTEMPATH\CodeIgniter.php(361): CodeIgniter\CodeIgniter->handleRequest(null, Object(Config\Cache), false)
11 FCPATH\index.php(85): CodeIgniter\CodeIgniter->run()
CRITICAL - 2025-05-06 00:21:15 --> [Caused by] mysqli_sql_exception: Duplicate entry '555.222.444-22' for key 'cliente.CPF'
in SYSTEMPATH\Database\MySQLi\Connection.php on line 306.
 1 SYSTEMPATH\Database\MySQLi\Connection.php(306): mysqli->query('INSERT INTO `cliente` (`foto_perfil`, `CPF`, `RG`, `nome`, `telefone`, `email`, `endereco`, `datanascimento`, `nivel_experiencia`, `treino_com_personal`, `termo_responsabilidade`, `personal_id`) VALUES (\'\', \'555.222.444-22\', \'12.121.211-2\', \'Breno Henrique\', \'(12) 99656-9274\', \'breno.reis@aluno.ifsp.edu\', \'ssssss\', \'07/06/2004\', \'iniciante\', 0, NULL, NULL)', 0)
 2 SYSTEMPATH\Database\BaseConnection.php(693): CodeIgniter\Database\MySQLi\Connection->execute('INSERT INTO `cliente` (`foto_perfil`, `CPF`, `RG`, `nome`, `telefone`, `email`, `endereco`, `datanascimento`, `nivel_experiencia`, `treino_com_personal`, `termo_responsabilidade`, `personal_id`) VALUES (\'\', \'555.222.444-22\', \'12.121.211-2\', \'Breno Henrique\', \'(12) 99656-9274\', \'breno.reis@aluno.ifsp.edu\', \'ssssss\', \'07/06/2004\', \'iniciante\', 0, NULL, NULL)')
 3 SYSTEMPATH\Database\BaseConnection.php(607): CodeIgniter\Database\BaseConnection->simpleQuery('INSERT INTO `cliente` (`foto_perfil`, `CPF`, `RG`, `nome`, `telefone`, `email`, `endereco`, `datanascimento`, `nivel_experiencia`, `treino_com_personal`, `termo_responsabilidade`, `personal_id`) VALUES (\'\', \'555.222.444-22\', \'12.121.211-2\', \'Breno Henrique\', \'(12) 99656-9274\', \'breno.reis@aluno.ifsp.edu\', \'ssssss\', \'07/06/2004\', \'iniciante\', 0, NULL, NULL)')
 4 SYSTEMPATH\Database\BaseBuilder.php(2307): CodeIgniter\Database\BaseConnection->query('INSERT INTO `cliente` (`foto_perfil`, `CPF`, `RG`, `nome`, `telefone`, `email`, `endereco`, `datanascimento`, `nivel_experiencia`, `treino_com_personal`, `termo_responsabilidade`, `personal_id`) VALUES (:foto_perfil:, :CPF:, :RG:, :nome:, :telefone:, :email:, :endereco:, :datanascimento:, :nivel_experiencia:, :treino_com_personal:, :termo_responsabilidade:, :personal_id:)', [...], false)
 5 SYSTEMPATH\Model.php(326): CodeIgniter\Database\BaseBuilder->insert()
 6 SYSTEMPATH\BaseModel.php(802): CodeIgniter\Model->doInsert([...])
 7 SYSTEMPATH\Model.php(744): CodeIgniter\BaseModel->insert([...], true)
 8 APPPATH\Controllers\Cliente.php(94): CodeIgniter\Model->insert([...])
 9 SYSTEMPATH\CodeIgniter.php(941): App\Controllers\Cliente->createComplete()
10 SYSTEMPATH\CodeIgniter.php(502): CodeIgniter\CodeIgniter->runController(Object(App\Controllers\Cliente))
11 SYSTEMPATH\CodeIgniter.php(361): CodeIgniter\CodeIgniter->handleRequest(null, Object(Config\Cache), false)
12 FCPATH\index.php(85): CodeIgniter\CodeIgniter->run()
ERROR - 2025-05-06 00:24:55 --> mysqli_sql_exception: Column 'perg_restricao_medica' cannot be null in C:\wamp64\www\sites\Projeto1\Back-end\system\Database\MySQLi\Connection.php:306
Stack trace:
#0 C:\wamp64\www\sites\Projeto1\Back-end\system\Database\MySQLi\Connection.php(306): mysqli->query('INSERT INTO `an...', 0)
#1 C:\wamp64\www\sites\Projeto1\Back-end\system\Database\BaseConnection.php(693): CodeIgniter\Database\MySQLi\Connection->execute('INSERT INTO `an...')
#2 C:\wamp64\www\sites\Projeto1\Back-end\system\Database\BaseConnection.php(607): CodeIgniter\Database\BaseConnection->simpleQuery('INSERT INTO `an...')
#3 C:\wamp64\www\sites\Projeto1\Back-end\system\Database\BaseBuilder.php(2307): CodeIgniter\Database\BaseConnection->query('INSERT INTO `an...', Array, false)
#4 C:\wamp64\www\sites\Projeto1\Back-end\system\Model.php(326): CodeIgniter\Database\BaseBuilder->insert()
#5 C:\wamp64\www\sites\Projeto1\Back-end\system\BaseModel.php(802): CodeIgniter\Model->doInsert(Array)
#6 C:\wamp64\www\sites\Projeto1\Back-end\system\Model.php(744): CodeIgniter\BaseModel->insert(Array, true)
#7 C:\wamp64\www\sites\Projeto1\Back-end\app\Controllers\Cliente.php(116): CodeIgniter\Model->insert(Array)
#8 C:\wamp64\www\sites\Projeto1\Back-end\system\CodeIgniter.php(941): App\Controllers\Cliente->createComplete()
#9 C:\wamp64\www\sites\Projeto1\Back-end\system\CodeIgniter.php(502): CodeIgniter\CodeIgniter->runController(Object(App\Controllers\Cliente))
#10 C:\wamp64\www\sites\Projeto1\Back-end\system\CodeIgniter.php(361): CodeIgniter\CodeIgniter->handleRequest(NULL, Object(Config\Cache), false)
#11 C:\wamp64\www\sites\Projeto1\Back-end\public\index.php(85): CodeIgniter\CodeIgniter->run()
#12 {main}
CRITICAL - 2025-05-06 00:24:55 --> CodeIgniter\Database\Exceptions\DatabaseException: Column 'perg_restricao_medica' cannot be null
in SYSTEMPATH\Database\BaseConnection.php on line 647.
 1 SYSTEMPATH\Database\BaseBuilder.php(2307): CodeIgniter\Database\BaseConnection->query('INSERT INTO `anamnese` (`perg_problemas_saude`, `perg_sintomas`, `perg_medicamentos`, `perg_historico_familiar_cardiaco`, `perg_restricao_medica`, `perg_gravida`, `perg_fuma`, `perg_bebe_alcool`, `perg_exercicio_frequente`, `perg_qtde_aerobico`, `perg_colesterol_medido`, `perg_alimentacao_balanceada`, `perg_gordura_alta`, `perg_nivel_estresse`, `perg_objetivos_saude`, `anotacoes`, `cliente_id`) VALUES (:perg_problemas_saude:, :perg_sintomas:, :perg_medicamentos:, :perg_historico_familiar_cardiaco:, :perg_restricao_medica:, :perg_gravida:, :perg_fuma:, :perg_bebe_alcool:, :perg_exercicio_frequente:, :perg_qtde_aerobico:, :perg_colesterol_medido:, :perg_alimentacao_balanceada:, :perg_gordura_alta:, :perg_nivel_estresse:, :perg_objetivos_saude:, :anotacoes:, :cliente_id:)', [...], false)
 2 SYSTEMPATH\Model.php(326): CodeIgniter\Database\BaseBuilder->insert()
 3 SYSTEMPATH\BaseModel.php(802): CodeIgniter\Model->doInsert([...])
 4 SYSTEMPATH\Model.php(744): CodeIgniter\BaseModel->insert([...], true)
 5 APPPATH\Controllers\Cliente.php(116): CodeIgniter\Model->insert([...])
 6 SYSTEMPATH\CodeIgniter.php(941): App\Controllers\Cliente->createComplete()
 7 SYSTEMPATH\CodeIgniter.php(502): CodeIgniter\CodeIgniter->runController(Object(App\Controllers\Cliente))
 8 SYSTEMPATH\CodeIgniter.php(361): CodeIgniter\CodeIgniter->handleRequest(null, Object(Config\Cache), false)
 9 FCPATH\index.php(85): CodeIgniter\CodeIgniter->run()
CRITICAL - 2025-05-06 00:24:55 --> [Caused by] CodeIgniter\Database\Exceptions\DatabaseException: Column 'perg_restricao_medica' cannot be null
in SYSTEMPATH\Database\MySQLi\Connection.php on line 311.
 1 SYSTEMPATH\Database\BaseConnection.php(693): CodeIgniter\Database\MySQLi\Connection->execute('INSERT INTO `anamnese` (`perg_problemas_saude`, `perg_sintomas`, `perg_medicamentos`, `perg_historico_familiar_cardiaco`, `perg_restricao_medica`, `perg_gravida`, `perg_fuma`, `perg_bebe_alcool`, `perg_exercicio_frequente`, `perg_qtde_aerobico`, `perg_colesterol_medido`, `perg_alimentacao_balanceada`, `perg_gordura_alta`, `perg_nivel_estresse`, `perg_objetivos_saude`, `anotacoes`, `cliente_id`) VALUES (\'Doença cardiaca coronariana\', \'\', \'\', 0, NULL, NULL, NULL, NULL, NULL, NULL, NULL, NULL, NULL, \'leve\', \'\', NULL, 110)')
 2 SYSTEMPATH\Database\BaseConnection.php(607): CodeIgniter\Database\BaseConnection->simpleQuery('INSERT INTO `anamnese` (`perg_problemas_saude`, `perg_sintomas`, `perg_medicamentos`, `perg_historico_familiar_cardiaco`, `perg_restricao_medica`, `perg_gravida`, `perg_fuma`, `perg_bebe_alcool`, `perg_exercicio_frequente`, `perg_qtde_aerobico`, `perg_colesterol_medido`, `perg_alimentacao_balanceada`, `perg_gordura_alta`, `perg_nivel_estresse`, `perg_objetivos_saude`, `anotacoes`, `cliente_id`) VALUES (\'Doença cardiaca coronariana\', \'\', \'\', 0, NULL, NULL, NULL, NULL, NULL, NULL, NULL, NULL, NULL, \'leve\', \'\', NULL, 110)')
 3 SYSTEMPATH\Database\BaseBuilder.php(2307): CodeIgniter\Database\BaseConnection->query('INSERT INTO `anamnese` (`perg_problemas_saude`, `perg_sintomas`, `perg_medicamentos`, `perg_historico_familiar_cardiaco`, `perg_restricao_medica`, `perg_gravida`, `perg_fuma`, `perg_bebe_alcool`, `perg_exercicio_frequente`, `perg_qtde_aerobico`, `perg_colesterol_medido`, `perg_alimentacao_balanceada`, `perg_gordura_alta`, `perg_nivel_estresse`, `perg_objetivos_saude`, `anotacoes`, `cliente_id`) VALUES (:perg_problemas_saude:, :perg_sintomas:, :perg_medicamentos:, :perg_historico_familiar_cardiaco:, :perg_restricao_medica:, :perg_gravida:, :perg_fuma:, :perg_bebe_alcool:, :perg_exercicio_frequente:, :perg_qtde_aerobico:, :perg_colesterol_medido:, :perg_alimentacao_balanceada:, :perg_gordura_alta:, :perg_nivel_estresse:, :perg_objetivos_saude:, :anotacoes:, :cliente_id:)', [...], false)
 4 SYSTEMPATH\Model.php(326): CodeIgniter\Database\BaseBuilder->insert()
 5 SYSTEMPATH\BaseModel.php(802): CodeIgniter\Model->doInsert([...])
 6 SYSTEMPATH\Model.php(744): CodeIgniter\BaseModel->insert([...], true)
 7 APPPATH\Controllers\Cliente.php(116): CodeIgniter\Model->insert([...])
 8 SYSTEMPATH\CodeIgniter.php(941): App\Controllers\Cliente->createComplete()
 9 SYSTEMPATH\CodeIgniter.php(502): CodeIgniter\CodeIgniter->runController(Object(App\Controllers\Cliente))
10 SYSTEMPATH\CodeIgniter.php(361): CodeIgniter\CodeIgniter->handleRequest(null, Object(Config\Cache), false)
11 FCPATH\index.php(85): CodeIgniter\CodeIgniter->run()
CRITICAL - 2025-05-06 00:24:55 --> [Caused by] mysqli_sql_exception: Column 'perg_restricao_medica' cannot be null
in SYSTEMPATH\Database\MySQLi\Connection.php on line 306.
 1 SYSTEMPATH\Database\MySQLi\Connection.php(306): mysqli->query('INSERT INTO `anamnese` (`perg_problemas_saude`, `perg_sintomas`, `perg_medicamentos`, `perg_historico_familiar_cardiaco`, `perg_restricao_medica`, `perg_gravida`, `perg_fuma`, `perg_bebe_alcool`, `perg_exercicio_frequente`, `perg_qtde_aerobico`, `perg_colesterol_medido`, `perg_alimentacao_balanceada`, `perg_gordura_alta`, `perg_nivel_estresse`, `perg_objetivos_saude`, `anotacoes`, `cliente_id`) VALUES (\'Doença cardiaca coronariana\', \'\', \'\', 0, NULL, NULL, NULL, NULL, NULL, NULL, NULL, NULL, NULL, \'leve\', \'\', NULL, 110)', 0)
 2 SYSTEMPATH\Database\BaseConnection.php(693): CodeIgniter\Database\MySQLi\Connection->execute('INSERT INTO `anamnese` (`perg_problemas_saude`, `perg_sintomas`, `perg_medicamentos`, `perg_historico_familiar_cardiaco`, `perg_restricao_medica`, `perg_gravida`, `perg_fuma`, `perg_bebe_alcool`, `perg_exercicio_frequente`, `perg_qtde_aerobico`, `perg_colesterol_medido`, `perg_alimentacao_balanceada`, `perg_gordura_alta`, `perg_nivel_estresse`, `perg_objetivos_saude`, `anotacoes`, `cliente_id`) VALUES (\'Doença cardiaca coronariana\', \'\', \'\', 0, NULL, NULL, NULL, NULL, NULL, NULL, NULL, NULL, NULL, \'leve\', \'\', NULL, 110)')
 3 SYSTEMPATH\Database\BaseConnection.php(607): CodeIgniter\Database\BaseConnection->simpleQuery('INSERT INTO `anamnese` (`perg_problemas_saude`, `perg_sintomas`, `perg_medicamentos`, `perg_historico_familiar_cardiaco`, `perg_restricao_medica`, `perg_gravida`, `perg_fuma`, `perg_bebe_alcool`, `perg_exercicio_frequente`, `perg_qtde_aerobico`, `perg_colesterol_medido`, `perg_alimentacao_balanceada`, `perg_gordura_alta`, `perg_nivel_estresse`, `perg_objetivos_saude`, `anotacoes`, `cliente_id`) VALUES (\'Doença cardiaca coronariana\', \'\', \'\', 0, NULL, NULL, NULL, NULL, NULL, NULL, NULL, NULL, NULL, \'leve\', \'\', NULL, 110)')
 4 SYSTEMPATH\Database\BaseBuilder.php(2307): CodeIgniter\Database\BaseConnection->query('INSERT INTO `anamnese` (`perg_problemas_saude`, `perg_sintomas`, `perg_medicamentos`, `perg_historico_familiar_cardiaco`, `perg_restricao_medica`, `perg_gravida`, `perg_fuma`, `perg_bebe_alcool`, `perg_exercicio_frequente`, `perg_qtde_aerobico`, `perg_colesterol_medido`, `perg_alimentacao_balanceada`, `perg_gordura_alta`, `perg_nivel_estresse`, `perg_objetivos_saude`, `anotacoes`, `cliente_id`) VALUES (:perg_problemas_saude:, :perg_sintomas:, :perg_medicamentos:, :perg_historico_familiar_cardiaco:, :perg_restricao_medica:, :perg_gravida:, :perg_fuma:, :perg_bebe_alcool:, :perg_exercicio_frequente:, :perg_qtde_aerobico:, :perg_colesterol_medido:, :perg_alimentacao_balanceada:, :perg_gordura_alta:, :perg_nivel_estresse:, :perg_objetivos_saude:, :anotacoes:, :cliente_id:)', [...], false)
 5 SYSTEMPATH\Model.php(326): CodeIgniter\Database\BaseBuilder->insert()
 6 SYSTEMPATH\BaseModel.php(802): CodeIgniter\Model->doInsert([...])
 7 SYSTEMPATH\Model.php(744): CodeIgniter\BaseModel->insert([...], true)
 8 APPPATH\Controllers\Cliente.php(116): CodeIgniter\Model->insert([...])
 9 SYSTEMPATH\CodeIgniter.php(941): App\Controllers\Cliente->createComplete()
10 SYSTEMPATH\CodeIgniter.php(502): CodeIgniter\CodeIgniter->runController(Object(App\Controllers\Cliente))
11 SYSTEMPATH\CodeIgniter.php(361): CodeIgniter\CodeIgniter->handleRequest(null, Object(Config\Cache), false)
12 FCPATH\index.php(85): CodeIgniter\CodeIgniter->run()
ERROR - 2025-05-06 00:27:10 --> mysqli_sql_exception: Column 'perg_restricao_medica' cannot be null in C:\wamp64\www\sites\Projeto1\Back-end\system\Database\MySQLi\Connection.php:306
Stack trace:
#0 C:\wamp64\www\sites\Projeto1\Back-end\system\Database\MySQLi\Connection.php(306): mysqli->query('INSERT INTO `an...', 0)
#1 C:\wamp64\www\sites\Projeto1\Back-end\system\Database\BaseConnection.php(693): CodeIgniter\Database\MySQLi\Connection->execute('INSERT INTO `an...')
#2 C:\wamp64\www\sites\Projeto1\Back-end\system\Database\BaseConnection.php(607): CodeIgniter\Database\BaseConnection->simpleQuery('INSERT INTO `an...')
#3 C:\wamp64\www\sites\Projeto1\Back-end\system\Database\BaseBuilder.php(2307): CodeIgniter\Database\BaseConnection->query('INSERT INTO `an...', Array, false)
#4 C:\wamp64\www\sites\Projeto1\Back-end\system\Model.php(326): CodeIgniter\Database\BaseBuilder->insert()
#5 C:\wamp64\www\sites\Projeto1\Back-end\system\BaseModel.php(802): CodeIgniter\Model->doInsert(Array)
#6 C:\wamp64\www\sites\Projeto1\Back-end\system\Model.php(744): CodeIgniter\BaseModel->insert(Array, true)
#7 C:\wamp64\www\sites\Projeto1\Back-end\app\Controllers\Cliente.php(116): CodeIgniter\Model->insert(Array)
#8 C:\wamp64\www\sites\Projeto1\Back-end\system\CodeIgniter.php(941): App\Controllers\Cliente->createComplete()
#9 C:\wamp64\www\sites\Projeto1\Back-end\system\CodeIgniter.php(502): CodeIgniter\CodeIgniter->runController(Object(App\Controllers\Cliente))
#10 C:\wamp64\www\sites\Projeto1\Back-end\system\CodeIgniter.php(361): CodeIgniter\CodeIgniter->handleRequest(NULL, Object(Config\Cache), false)
#11 C:\wamp64\www\sites\Projeto1\Back-end\public\index.php(85): CodeIgniter\CodeIgniter->run()
#12 {main}
CRITICAL - 2025-05-06 00:27:10 --> CodeIgniter\Database\Exceptions\DatabaseException: Column 'perg_restricao_medica' cannot be null
in SYSTEMPATH\Database\BaseConnection.php on line 647.
 1 SYSTEMPATH\Database\BaseBuilder.php(2307): CodeIgniter\Database\BaseConnection->query('INSERT INTO `anamnese` (`perg_problemas_saude`, `perg_sintomas`, `perg_medicamentos`, `perg_historico_familiar_cardiaco`, `perg_restricao_medica`, `perg_gravida`, `perg_fuma`, `perg_bebe_alcool`, `perg_exercicio_frequente`, `perg_qtde_aerobico`, `perg_colesterol_medido`, `perg_alimentacao_balanceada`, `perg_gordura_alta`, `perg_nivel_estresse`, `perg_objetivos_saude`, `anotacoes`, `cliente_id`) VALUES (:perg_problemas_saude:, :perg_sintomas:, :perg_medicamentos:, :perg_historico_familiar_cardiaco:, :perg_restricao_medica:, :perg_gravida:, :perg_fuma:, :perg_bebe_alcool:, :perg_exercicio_frequente:, :perg_qtde_aerobico:, :perg_colesterol_medido:, :perg_alimentacao_balanceada:, :perg_gordura_alta:, :perg_nivel_estresse:, :perg_objetivos_saude:, :anotacoes:, :cliente_id:)', [...], false)
 2 SYSTEMPATH\Model.php(326): CodeIgniter\Database\BaseBuilder->insert()
 3 SYSTEMPATH\BaseModel.php(802): CodeIgniter\Model->doInsert([...])
 4 SYSTEMPATH\Model.php(744): CodeIgniter\BaseModel->insert([...], true)
 5 APPPATH\Controllers\Cliente.php(116): CodeIgniter\Model->insert([...])
 6 SYSTEMPATH\CodeIgniter.php(941): App\Controllers\Cliente->createComplete()
 7 SYSTEMPATH\CodeIgniter.php(502): CodeIgniter\CodeIgniter->runController(Object(App\Controllers\Cliente))
 8 SYSTEMPATH\CodeIgniter.php(361): CodeIgniter\CodeIgniter->handleRequest(null, Object(Config\Cache), false)
 9 FCPATH\index.php(85): CodeIgniter\CodeIgniter->run()
CRITICAL - 2025-05-06 00:27:10 --> [Caused by] CodeIgniter\Database\Exceptions\DatabaseException: Column 'perg_restricao_medica' cannot be null
in SYSTEMPATH\Database\MySQLi\Connection.php on line 311.
 1 SYSTEMPATH\Database\BaseConnection.php(693): CodeIgniter\Database\MySQLi\Connection->execute('INSERT INTO `anamnese` (`perg_problemas_saude`, `perg_sintomas`, `perg_medicamentos`, `perg_historico_familiar_cardiaco`, `perg_restricao_medica`, `perg_gravida`, `perg_fuma`, `perg_bebe_alcool`, `perg_exercicio_frequente`, `perg_qtde_aerobico`, `perg_colesterol_medido`, `perg_alimentacao_balanceada`, `perg_gordura_alta`, `perg_nivel_estresse`, `perg_objetivos_saude`, `anotacoes`, `cliente_id`) VALUES (\'Doença cardiaca coronariana\', \'\', \'\', 0, NULL, NULL, NULL, NULL, NULL, NULL, NULL, NULL, NULL, \'leve\', \'\', NULL, 111)')
 2 SYSTEMPATH\Database\BaseConnection.php(607): CodeIgniter\Database\BaseConnection->simpleQuery('INSERT INTO `anamnese` (`perg_problemas_saude`, `perg_sintomas`, `perg_medicamentos`, `perg_historico_familiar_cardiaco`, `perg_restricao_medica`, `perg_gravida`, `perg_fuma`, `perg_bebe_alcool`, `perg_exercicio_frequente`, `perg_qtde_aerobico`, `perg_colesterol_medido`, `perg_alimentacao_balanceada`, `perg_gordura_alta`, `perg_nivel_estresse`, `perg_objetivos_saude`, `anotacoes`, `cliente_id`) VALUES (\'Doença cardiaca coronariana\', \'\', \'\', 0, NULL, NULL, NULL, NULL, NULL, NULL, NULL, NULL, NULL, \'leve\', \'\', NULL, 111)')
 3 SYSTEMPATH\Database\BaseBuilder.php(2307): CodeIgniter\Database\BaseConnection->query('INSERT INTO `anamnese` (`perg_problemas_saude`, `perg_sintomas`, `perg_medicamentos`, `perg_historico_familiar_cardiaco`, `perg_restricao_medica`, `perg_gravida`, `perg_fuma`, `perg_bebe_alcool`, `perg_exercicio_frequente`, `perg_qtde_aerobico`, `perg_colesterol_medido`, `perg_alimentacao_balanceada`, `perg_gordura_alta`, `perg_nivel_estresse`, `perg_objetivos_saude`, `anotacoes`, `cliente_id`) VALUES (:perg_problemas_saude:, :perg_sintomas:, :perg_medicamentos:, :perg_historico_familiar_cardiaco:, :perg_restricao_medica:, :perg_gravida:, :perg_fuma:, :perg_bebe_alcool:, :perg_exercicio_frequente:, :perg_qtde_aerobico:, :perg_colesterol_medido:, :perg_alimentacao_balanceada:, :perg_gordura_alta:, :perg_nivel_estresse:, :perg_objetivos_saude:, :anotacoes:, :cliente_id:)', [...], false)
 4 SYSTEMPATH\Model.php(326): CodeIgniter\Database\BaseBuilder->insert()
 5 SYSTEMPATH\BaseModel.php(802): CodeIgniter\Model->doInsert([...])
 6 SYSTEMPATH\Model.php(744): CodeIgniter\BaseModel->insert([...], true)
 7 APPPATH\Controllers\Cliente.php(116): CodeIgniter\Model->insert([...])
 8 SYSTEMPATH\CodeIgniter.php(941): App\Controllers\Cliente->createComplete()
 9 SYSTEMPATH\CodeIgniter.php(502): CodeIgniter\CodeIgniter->runController(Object(App\Controllers\Cliente))
10 SYSTEMPATH\CodeIgniter.php(361): CodeIgniter\CodeIgniter->handleRequest(null, Object(Config\Cache), false)
11 FCPATH\index.php(85): CodeIgniter\CodeIgniter->run()
CRITICAL - 2025-05-06 00:27:10 --> [Caused by] mysqli_sql_exception: Column 'perg_restricao_medica' cannot be null
in SYSTEMPATH\Database\MySQLi\Connection.php on line 306.
 1 SYSTEMPATH\Database\MySQLi\Connection.php(306): mysqli->query('INSERT INTO `anamnese` (`perg_problemas_saude`, `perg_sintomas`, `perg_medicamentos`, `perg_historico_familiar_cardiaco`, `perg_restricao_medica`, `perg_gravida`, `perg_fuma`, `perg_bebe_alcool`, `perg_exercicio_frequente`, `perg_qtde_aerobico`, `perg_colesterol_medido`, `perg_alimentacao_balanceada`, `perg_gordura_alta`, `perg_nivel_estresse`, `perg_objetivos_saude`, `anotacoes`, `cliente_id`) VALUES (\'Doença cardiaca coronariana\', \'\', \'\', 0, NULL, NULL, NULL, NULL, NULL, NULL, NULL, NULL, NULL, \'leve\', \'\', NULL, 111)', 0)
 2 SYSTEMPATH\Database\BaseConnection.php(693): CodeIgniter\Database\MySQLi\Connection->execute('INSERT INTO `anamnese` (`perg_problemas_saude`, `perg_sintomas`, `perg_medicamentos`, `perg_historico_familiar_cardiaco`, `perg_restricao_medica`, `perg_gravida`, `perg_fuma`, `perg_bebe_alcool`, `perg_exercicio_frequente`, `perg_qtde_aerobico`, `perg_colesterol_medido`, `perg_alimentacao_balanceada`, `perg_gordura_alta`, `perg_nivel_estresse`, `perg_objetivos_saude`, `anotacoes`, `cliente_id`) VALUES (\'Doença cardiaca coronariana\', \'\', \'\', 0, NULL, NULL, NULL, NULL, NULL, NULL, NULL, NULL, NULL, \'leve\', \'\', NULL, 111)')
 3 SYSTEMPATH\Database\BaseConnection.php(607): CodeIgniter\Database\BaseConnection->simpleQuery('INSERT INTO `anamnese` (`perg_problemas_saude`, `perg_sintomas`, `perg_medicamentos`, `perg_historico_familiar_cardiaco`, `perg_restricao_medica`, `perg_gravida`, `perg_fuma`, `perg_bebe_alcool`, `perg_exercicio_frequente`, `perg_qtde_aerobico`, `perg_colesterol_medido`, `perg_alimentacao_balanceada`, `perg_gordura_alta`, `perg_nivel_estresse`, `perg_objetivos_saude`, `anotacoes`, `cliente_id`) VALUES (\'Doença cardiaca coronariana\', \'\', \'\', 0, NULL, NULL, NULL, NULL, NULL, NULL, NULL, NULL, NULL, \'leve\', \'\', NULL, 111)')
 4 SYSTEMPATH\Database\BaseBuilder.php(2307): CodeIgniter\Database\BaseConnection->query('INSERT INTO `anamnese` (`perg_problemas_saude`, `perg_sintomas`, `perg_medicamentos`, `perg_historico_familiar_cardiaco`, `perg_restricao_medica`, `perg_gravida`, `perg_fuma`, `perg_bebe_alcool`, `perg_exercicio_frequente`, `perg_qtde_aerobico`, `perg_colesterol_medido`, `perg_alimentacao_balanceada`, `perg_gordura_alta`, `perg_nivel_estresse`, `perg_objetivos_saude`, `anotacoes`, `cliente_id`) VALUES (:perg_problemas_saude:, :perg_sintomas:, :perg_medicamentos:, :perg_historico_familiar_cardiaco:, :perg_restricao_medica:, :perg_gravida:, :perg_fuma:, :perg_bebe_alcool:, :perg_exercicio_frequente:, :perg_qtde_aerobico:, :perg_colesterol_medido:, :perg_alimentacao_balanceada:, :perg_gordura_alta:, :perg_nivel_estresse:, :perg_objetivos_saude:, :anotacoes:, :cliente_id:)', [...], false)
 5 SYSTEMPATH\Model.php(326): CodeIgniter\Database\BaseBuilder->insert()
 6 SYSTEMPATH\BaseModel.php(802): CodeIgniter\Model->doInsert([...])
 7 SYSTEMPATH\Model.php(744): CodeIgniter\BaseModel->insert([...], true)
 8 APPPATH\Controllers\Cliente.php(116): CodeIgniter\Model->insert([...])
 9 SYSTEMPATH\CodeIgniter.php(941): App\Controllers\Cliente->createComplete()
10 SYSTEMPATH\CodeIgniter.php(502): CodeIgniter\CodeIgniter->runController(Object(App\Controllers\Cliente))
11 SYSTEMPATH\CodeIgniter.php(361): CodeIgniter\CodeIgniter->handleRequest(null, Object(Config\Cache), false)
12 FCPATH\index.php(85): CodeIgniter\CodeIgniter->run()
CRITICAL - 2025-05-06 00:28:40 --> ErrorException: Undefined array key "duracao"
in APPPATH\Controllers\ClientePlanos.php on line 24.
 1 APPPATH\Controllers\ClientePlanos.php(24): CodeIgniter\Debug\Exceptions->errorHandler(2, 'Undefined array key "duracao"', 'C:\\wamp64\\www\\sites\\Projeto1\\Back-end\\app\\Controllers\\ClientePlanos.php', 24)
 2 APPPATH\Controllers\Cliente.php(119): App\Controllers\ClientePlanos->create([...], 112)
 3 SYSTEMPATH\CodeIgniter.php(941): App\Controllers\Cliente->createComplete()
 4 SYSTEMPATH\CodeIgniter.php(502): CodeIgniter\CodeIgniter->runController(Object(App\Controllers\Cliente))
 5 SYSTEMPATH\CodeIgniter.php(361): CodeIgniter\CodeIgniter->handleRequest(null, Object(Config\Cache), false)
 6 FCPATH\index.php(85): CodeIgniter\CodeIgniter->run()
CRITICAL - 2025-05-06 00:31:27 --> ErrorException: Undefined array key "duracao"
in APPPATH\Controllers\ClientePlanos.php on line 25.
 1 APPPATH\Controllers\ClientePlanos.php(25): CodeIgniter\Debug\Exceptions->errorHandler(2, 'Undefined array key "duracao"', 'C:\\wamp64\\www\\sites\\Projeto1\\Back-end\\app\\Controllers\\ClientePlanos.php', 25)
 2 APPPATH\Controllers\Cliente.php(94): App\Controllers\ClientePlanos->create([...], 1)
 3 SYSTEMPATH\CodeIgniter.php(941): App\Controllers\Cliente->createComplete()
 4 SYSTEMPATH\CodeIgniter.php(502): CodeIgniter\CodeIgniter->runController(Object(App\Controllers\Cliente))
 5 SYSTEMPATH\CodeIgniter.php(361): CodeIgniter\CodeIgniter->handleRequest(null, Object(Config\Cache), false)
 6 FCPATH\index.php(85): CodeIgniter\CodeIgniter->run()
CRITICAL - 2025-05-06 00:32:08 --> ErrorException: Undefined array key "duracao"
in APPPATH\Controllers\ClientePlanos.php on line 26.
 1 APPPATH\Controllers\ClientePlanos.php(26): CodeIgniter\Debug\Exceptions->errorHandler(2, 'Undefined array key "duracao"', 'C:\\wamp64\\www\\sites\\Projeto1\\Back-end\\app\\Controllers\\ClientePlanos.php', 26)
 2 APPPATH\Controllers\Cliente.php(94): App\Controllers\ClientePlanos->create([...], 1)
 3 SYSTEMPATH\CodeIgniter.php(941): App\Controllers\Cliente->createComplete()
 4 SYSTEMPATH\CodeIgniter.php(502): CodeIgniter\CodeIgniter->runController(Object(App\Controllers\Cliente))
 5 SYSTEMPATH\CodeIgniter.php(361): CodeIgniter\CodeIgniter->handleRequest(null, Object(Config\Cache), false)
 6 FCPATH\index.php(85): CodeIgniter\CodeIgniter->run()
ERROR - 2025-05-06 00:32:54 --> mysqli_sql_exception: Table 'projeto-1.clientesplanos' doesn't exist in C:\wamp64\www\sites\Projeto1\Back-end\system\Database\MySQLi\Connection.php:306
Stack trace:
#0 C:\wamp64\www\sites\Projeto1\Back-end\system\Database\MySQLi\Connection.php(306): mysqli->query('INSERT INTO `cl...', 0)
#1 C:\wamp64\www\sites\Projeto1\Back-end\system\Database\BaseConnection.php(693): CodeIgniter\Database\MySQLi\Connection->execute('INSERT INTO `cl...')
#2 C:\wamp64\www\sites\Projeto1\Back-end\system\Database\BaseConnection.php(607): CodeIgniter\Database\BaseConnection->simpleQuery('INSERT INTO `cl...')
#3 C:\wamp64\www\sites\Projeto1\Back-end\system\Database\BaseBuilder.php(2307): CodeIgniter\Database\BaseConnection->query('INSERT INTO `cl...', Array, false)
#4 C:\wamp64\www\sites\Projeto1\Back-end\system\Model.php(326): CodeIgniter\Database\BaseBuilder->insert()
#5 C:\wamp64\www\sites\Projeto1\Back-end\system\BaseModel.php(802): CodeIgniter\Model->doInsert(Array)
#6 C:\wamp64\www\sites\Projeto1\Back-end\system\Model.php(744): CodeIgniter\BaseModel->insert(Array, true)
#7 C:\wamp64\www\sites\Projeto1\Back-end\app\Controllers\ClientePlanos.php(53): CodeIgniter\Model->insert(Array)
#8 C:\wamp64\www\sites\Projeto1\Back-end\app\Controllers\Cliente.php(124): App\Controllers\ClientePlanos->create(Array, 113)
#9 C:\wamp64\www\sites\Projeto1\Back-end\system\CodeIgniter.php(941): App\Controllers\Cliente->createComplete()
#10 C:\wamp64\www\sites\Projeto1\Back-end\system\CodeIgniter.php(502): CodeIgniter\CodeIgniter->runController(Object(App\Controllers\Cliente))
#11 C:\wamp64\www\sites\Projeto1\Back-end\system\CodeIgniter.php(361): CodeIgniter\CodeIgniter->handleRequest(NULL, Object(Config\Cache), false)
#12 C:\wamp64\www\sites\Projeto1\Back-end\public\index.php(85): CodeIgniter\CodeIgniter->run()
#13 {main}
CRITICAL - 2025-05-06 00:32:54 --> CodeIgniter\Database\Exceptions\DatabaseException: Table 'projeto-1.clientesplanos' doesn't exist
in SYSTEMPATH\Database\BaseConnection.php on line 647.
 1 SYSTEMPATH\Database\BaseBuilder.php(2307): CodeIgniter\Database\BaseConnection->query('INSERT INTO `clientesplanos` (`data_inicio`, `data_vencimento`, `status`, `cliente_id`, `plano_id`) VALUES (:data_inicio:, :data_vencimento:, :status:, :cliente_id:, :plano_id:)', [...], false)
 2 SYSTEMPATH\Model.php(326): CodeIgniter\Database\BaseBuilder->insert()
 3 SYSTEMPATH\BaseModel.php(802): CodeIgniter\Model->doInsert([...])
 4 SYSTEMPATH\Model.php(744): CodeIgniter\BaseModel->insert([...], true)
 5 APPPATH\Controllers\ClientePlanos.php(53): CodeIgniter\Model->insert([...])
 6 APPPATH\Controllers\Cliente.php(124): App\Controllers\ClientePlanos->create([...], 113)
 7 SYSTEMPATH\CodeIgniter.php(941): App\Controllers\Cliente->createComplete()
 8 SYSTEMPATH\CodeIgniter.php(502): CodeIgniter\CodeIgniter->runController(Object(App\Controllers\Cliente))
 9 SYSTEMPATH\CodeIgniter.php(361): CodeIgniter\CodeIgniter->handleRequest(null, Object(Config\Cache), false)
10 FCPATH\index.php(85): CodeIgniter\CodeIgniter->run()
CRITICAL - 2025-05-06 00:32:54 --> [Caused by] CodeIgniter\Database\Exceptions\DatabaseException: Table 'projeto-1.clientesplanos' doesn't exist
in SYSTEMPATH\Database\MySQLi\Connection.php on line 311.
 1 SYSTEMPATH\Database\BaseConnection.php(693): CodeIgniter\Database\MySQLi\Connection->execute('INSERT INTO `clientesplanos` (`data_inicio`, `data_vencimento`, `status`, `cliente_id`, `plano_id`) VALUES (\'2025-05-06\', \'2025-06-06\', \'ativo\', 113, (\'3\'))')
 2 SYSTEMPATH\Database\BaseConnection.php(607): CodeIgniter\Database\BaseConnection->simpleQuery('INSERT INTO `clientesplanos` (`data_inicio`, `data_vencimento`, `status`, `cliente_id`, `plano_id`) VALUES (\'2025-05-06\', \'2025-06-06\', \'ativo\', 113, (\'3\'))')
 3 SYSTEMPATH\Database\BaseBuilder.php(2307): CodeIgniter\Database\BaseConnection->query('INSERT INTO `clientesplanos` (`data_inicio`, `data_vencimento`, `status`, `cliente_id`, `plano_id`) VALUES (:data_inicio:, :data_vencimento:, :status:, :cliente_id:, :plano_id:)', [...], false)
 4 SYSTEMPATH\Model.php(326): CodeIgniter\Database\BaseBuilder->insert()
 5 SYSTEMPATH\BaseModel.php(802): CodeIgniter\Model->doInsert([...])
 6 SYSTEMPATH\Model.php(744): CodeIgniter\BaseModel->insert([...], true)
 7 APPPATH\Controllers\ClientePlanos.php(53): CodeIgniter\Model->insert([...])
 8 APPPATH\Controllers\Cliente.php(124): App\Controllers\ClientePlanos->create([...], 113)
 9 SYSTEMPATH\CodeIgniter.php(941): App\Controllers\Cliente->createComplete()
10 SYSTEMPATH\CodeIgniter.php(502): CodeIgniter\CodeIgniter->runController(Object(App\Controllers\Cliente))
11 SYSTEMPATH\CodeIgniter.php(361): CodeIgniter\CodeIgniter->handleRequest(null, Object(Config\Cache), false)
12 FCPATH\index.php(85): CodeIgniter\CodeIgniter->run()
CRITICAL - 2025-05-06 00:32:54 --> [Caused by] mysqli_sql_exception: Table 'projeto-1.clientesplanos' doesn't exist
in SYSTEMPATH\Database\MySQLi\Connection.php on line 306.
 1 SYSTEMPATH\Database\MySQLi\Connection.php(306): mysqli->query('INSERT INTO `clientesplanos` (`data_inicio`, `data_vencimento`, `status`, `cliente_id`, `plano_id`) VALUES (\'2025-05-06\', \'2025-06-06\', \'ativo\', 113, (\'3\'))', 0)
 2 SYSTEMPATH\Database\BaseConnection.php(693): CodeIgniter\Database\MySQLi\Connection->execute('INSERT INTO `clientesplanos` (`data_inicio`, `data_vencimento`, `status`, `cliente_id`, `plano_id`) VALUES (\'2025-05-06\', \'2025-06-06\', \'ativo\', 113, (\'3\'))')
 3 SYSTEMPATH\Database\BaseConnection.php(607): CodeIgniter\Database\BaseConnection->simpleQuery('INSERT INTO `clientesplanos` (`data_inicio`, `data_vencimento`, `status`, `cliente_id`, `plano_id`) VALUES (\'2025-05-06\', \'2025-06-06\', \'ativo\', 113, (\'3\'))')
 4 SYSTEMPATH\Database\BaseBuilder.php(2307): CodeIgniter\Database\BaseConnection->query('INSERT INTO `clientesplanos` (`data_inicio`, `data_vencimento`, `status`, `cliente_id`, `plano_id`) VALUES (:data_inicio:, :data_vencimento:, :status:, :cliente_id:, :plano_id:)', [...], false)
 5 SYSTEMPATH\Model.php(326): CodeIgniter\Database\BaseBuilder->insert()
 6 SYSTEMPATH\BaseModel.php(802): CodeIgniter\Model->doInsert([...])
 7 SYSTEMPATH\Model.php(744): CodeIgniter\BaseModel->insert([...], true)
 8 APPPATH\Controllers\ClientePlanos.php(53): CodeIgniter\Model->insert([...])
 9 APPPATH\Controllers\Cliente.php(124): App\Controllers\ClientePlanos->create([...], 113)
10 SYSTEMPATH\CodeIgniter.php(941): App\Controllers\Cliente->createComplete()
11 SYSTEMPATH\CodeIgniter.php(502): CodeIgniter\CodeIgniter->runController(Object(App\Controllers\Cliente))
12 SYSTEMPATH\CodeIgniter.php(361): CodeIgniter\CodeIgniter->handleRequest(null, Object(Config\Cache), false)
13 FCPATH\index.php(85): CodeIgniter\CodeIgniter->run()
ERROR - 2025-05-06 00:33:28 --> mysqli_sql_exception: Duplicate entry '555.222.444-22' for key 'cliente.CPF' in C:\wamp64\www\sites\Projeto1\Back-end\system\Database\MySQLi\Connection.php:306
Stack trace:
#0 C:\wamp64\www\sites\Projeto1\Back-end\system\Database\MySQLi\Connection.php(306): mysqli->query('INSERT INTO `cl...', 0)
#1 C:\wamp64\www\sites\Projeto1\Back-end\system\Database\BaseConnection.php(693): CodeIgniter\Database\MySQLi\Connection->execute('INSERT INTO `cl...')
#2 C:\wamp64\www\sites\Projeto1\Back-end\system\Database\BaseConnection.php(607): CodeIgniter\Database\BaseConnection->simpleQuery('INSERT INTO `cl...')
#3 C:\wamp64\www\sites\Projeto1\Back-end\system\Database\BaseBuilder.php(2307): CodeIgniter\Database\BaseConnection->query('INSERT INTO `cl...', Array, false)
#4 C:\wamp64\www\sites\Projeto1\Back-end\system\Model.php(326): CodeIgniter\Database\BaseBuilder->insert()
#5 C:\wamp64\www\sites\Projeto1\Back-end\system\BaseModel.php(802): CodeIgniter\Model->doInsert(Array)
#6 C:\wamp64\www\sites\Projeto1\Back-end\system\Model.php(744): CodeIgniter\BaseModel->insert(Array, true)
#7 C:\wamp64\www\sites\Projeto1\Back-end\app\Controllers\Cliente.php(99): CodeIgniter\Model->insert(Array)
#8 C:\wamp64\www\sites\Projeto1\Back-end\system\CodeIgniter.php(941): App\Controllers\Cliente->createComplete()
#9 C:\wamp64\www\sites\Projeto1\Back-end\system\CodeIgniter.php(502): CodeIgniter\CodeIgniter->runController(Object(App\Controllers\Cliente))
#10 C:\wamp64\www\sites\Projeto1\Back-end\system\CodeIgniter.php(361): CodeIgniter\CodeIgniter->handleRequest(NULL, Object(Config\Cache), false)
#11 C:\wamp64\www\sites\Projeto1\Back-end\public\index.php(85): CodeIgniter\CodeIgniter->run()
#12 {main}
CRITICAL - 2025-05-06 00:33:28 --> CodeIgniter\Database\Exceptions\DatabaseException: Duplicate entry '555.222.444-22' for key 'cliente.CPF'
in SYSTEMPATH\Database\BaseConnection.php on line 647.
 1 SYSTEMPATH\Database\BaseBuilder.php(2307): CodeIgniter\Database\BaseConnection->query('INSERT INTO `cliente` (`foto_perfil`, `CPF`, `RG`, `nome`, `telefone`, `email`, `endereco`, `datanascimento`, `nivel_experiencia`, `treino_com_personal`, `termo_responsabilidade`, `personal_id`) VALUES (:foto_perfil:, :CPF:, :RG:, :nome:, :telefone:, :email:, :endereco:, :datanascimento:, :nivel_experiencia:, :treino_com_personal:, :termo_responsabilidade:, :personal_id:)', [...], false)
 2 SYSTEMPATH\Model.php(326): CodeIgniter\Database\BaseBuilder->insert()
 3 SYSTEMPATH\BaseModel.php(802): CodeIgniter\Model->doInsert([...])
 4 SYSTEMPATH\Model.php(744): CodeIgniter\BaseModel->insert([...], true)
 5 APPPATH\Controllers\Cliente.php(99): CodeIgniter\Model->insert([...])
 6 SYSTEMPATH\CodeIgniter.php(941): App\Controllers\Cliente->createComplete()
 7 SYSTEMPATH\CodeIgniter.php(502): CodeIgniter\CodeIgniter->runController(Object(App\Controllers\Cliente))
 8 SYSTEMPATH\CodeIgniter.php(361): CodeIgniter\CodeIgniter->handleRequest(null, Object(Config\Cache), false)
 9 FCPATH\index.php(85): CodeIgniter\CodeIgniter->run()
CRITICAL - 2025-05-06 00:33:28 --> [Caused by] CodeIgniter\Database\Exceptions\DatabaseException: Duplicate entry '555.222.444-22' for key 'cliente.CPF'
in SYSTEMPATH\Database\MySQLi\Connection.php on line 311.
 1 SYSTEMPATH\Database\BaseConnection.php(693): CodeIgniter\Database\MySQLi\Connection->execute('INSERT INTO `cliente` (`foto_perfil`, `CPF`, `RG`, `nome`, `telefone`, `email`, `endereco`, `datanascimento`, `nivel_experiencia`, `treino_com_personal`, `termo_responsabilidade`, `personal_id`) VALUES (\'\', \'555.222.444-22\', \'12.121.211-2\', \'Breno Henrique\', \'(12) 99656-9274\', \'breno.reis@aluno.ifsp.edu\', \'ssssss\', \'undefined-undefined-2004-06-07\', \'iniciante\', 1, NULL, \'13\')')
 2 SYSTEMPATH\Database\BaseConnection.php(607): CodeIgniter\Database\BaseConnection->simpleQuery('INSERT INTO `cliente` (`foto_perfil`, `CPF`, `RG`, `nome`, `telefone`, `email`, `endereco`, `datanascimento`, `nivel_experiencia`, `treino_com_personal`, `termo_responsabilidade`, `personal_id`) VALUES (\'\', \'555.222.444-22\', \'12.121.211-2\', \'Breno Henrique\', \'(12) 99656-9274\', \'breno.reis@aluno.ifsp.edu\', \'ssssss\', \'undefined-undefined-2004-06-07\', \'iniciante\', 1, NULL, \'13\')')
 3 SYSTEMPATH\Database\BaseBuilder.php(2307): CodeIgniter\Database\BaseConnection->query('INSERT INTO `cliente` (`foto_perfil`, `CPF`, `RG`, `nome`, `telefone`, `email`, `endereco`, `datanascimento`, `nivel_experiencia`, `treino_com_personal`, `termo_responsabilidade`, `personal_id`) VALUES (:foto_perfil:, :CPF:, :RG:, :nome:, :telefone:, :email:, :endereco:, :datanascimento:, :nivel_experiencia:, :treino_com_personal:, :termo_responsabilidade:, :personal_id:)', [...], false)
 4 SYSTEMPATH\Model.php(326): CodeIgniter\Database\BaseBuilder->insert()
 5 SYSTEMPATH\BaseModel.php(802): CodeIgniter\Model->doInsert([...])
 6 SYSTEMPATH\Model.php(744): CodeIgniter\BaseModel->insert([...], true)
 7 APPPATH\Controllers\Cliente.php(99): CodeIgniter\Model->insert([...])
 8 SYSTEMPATH\CodeIgniter.php(941): App\Controllers\Cliente->createComplete()
 9 SYSTEMPATH\CodeIgniter.php(502): CodeIgniter\CodeIgniter->runController(Object(App\Controllers\Cliente))
10 SYSTEMPATH\CodeIgniter.php(361): CodeIgniter\CodeIgniter->handleRequest(null, Object(Config\Cache), false)
11 FCPATH\index.php(85): CodeIgniter\CodeIgniter->run()
CRITICAL - 2025-05-06 00:33:28 --> [Caused by] mysqli_sql_exception: Duplicate entry '555.222.444-22' for key 'cliente.CPF'
in SYSTEMPATH\Database\MySQLi\Connection.php on line 306.
 1 SYSTEMPATH\Database\MySQLi\Connection.php(306): mysqli->query('INSERT INTO `cliente` (`foto_perfil`, `CPF`, `RG`, `nome`, `telefone`, `email`, `endereco`, `datanascimento`, `nivel_experiencia`, `treino_com_personal`, `termo_responsabilidade`, `personal_id`) VALUES (\'\', \'555.222.444-22\', \'12.121.211-2\', \'Breno Henrique\', \'(12) 99656-9274\', \'breno.reis@aluno.ifsp.edu\', \'ssssss\', \'undefined-undefined-2004-06-07\', \'iniciante\', 1, NULL, \'13\')', 0)
 2 SYSTEMPATH\Database\BaseConnection.php(693): CodeIgniter\Database\MySQLi\Connection->execute('INSERT INTO `cliente` (`foto_perfil`, `CPF`, `RG`, `nome`, `telefone`, `email`, `endereco`, `datanascimento`, `nivel_experiencia`, `treino_com_personal`, `termo_responsabilidade`, `personal_id`) VALUES (\'\', \'555.222.444-22\', \'12.121.211-2\', \'Breno Henrique\', \'(12) 99656-9274\', \'breno.reis@aluno.ifsp.edu\', \'ssssss\', \'undefined-undefined-2004-06-07\', \'iniciante\', 1, NULL, \'13\')')
 3 SYSTEMPATH\Database\BaseConnection.php(607): CodeIgniter\Database\BaseConnection->simpleQuery('INSERT INTO `cliente` (`foto_perfil`, `CPF`, `RG`, `nome`, `telefone`, `email`, `endereco`, `datanascimento`, `nivel_experiencia`, `treino_com_personal`, `termo_responsabilidade`, `personal_id`) VALUES (\'\', \'555.222.444-22\', \'12.121.211-2\', \'Breno Henrique\', \'(12) 99656-9274\', \'breno.reis@aluno.ifsp.edu\', \'ssssss\', \'undefined-undefined-2004-06-07\', \'iniciante\', 1, NULL, \'13\')')
 4 SYSTEMPATH\Database\BaseBuilder.php(2307): CodeIgniter\Database\BaseConnection->query('INSERT INTO `cliente` (`foto_perfil`, `CPF`, `RG`, `nome`, `telefone`, `email`, `endereco`, `datanascimento`, `nivel_experiencia`, `treino_com_personal`, `termo_responsabilidade`, `personal_id`) VALUES (:foto_perfil:, :CPF:, :RG:, :nome:, :telefone:, :email:, :endereco:, :datanascimento:, :nivel_experiencia:, :treino_com_personal:, :termo_responsabilidade:, :personal_id:)', [...], false)
 5 SYSTEMPATH\Model.php(326): CodeIgniter\Database\BaseBuilder->insert()
 6 SYSTEMPATH\BaseModel.php(802): CodeIgniter\Model->doInsert([...])
 7 SYSTEMPATH\Model.php(744): CodeIgniter\BaseModel->insert([...], true)
 8 APPPATH\Controllers\Cliente.php(99): CodeIgniter\Model->insert([...])
 9 SYSTEMPATH\CodeIgniter.php(941): App\Controllers\Cliente->createComplete()
10 SYSTEMPATH\CodeIgniter.php(502): CodeIgniter\CodeIgniter->runController(Object(App\Controllers\Cliente))
11 SYSTEMPATH\CodeIgniter.php(361): CodeIgniter\CodeIgniter->handleRequest(null, Object(Config\Cache), false)
12 FCPATH\index.php(85): CodeIgniter\CodeIgniter->run()
ERROR - 2025-05-06 00:40:33 --> mysqli_sql_exception: Table 'projeto-1.cliente_planos_extras' doesn't exist in C:\wamp64\www\sites\Projeto1\Back-end\system\Database\MySQLi\Connection.php:306
Stack trace:
#0 C:\wamp64\www\sites\Projeto1\Back-end\system\Database\MySQLi\Connection.php(306): mysqli->query('INSERT INTO `cl...', 0)
#1 C:\wamp64\www\sites\Projeto1\Back-end\system\Database\BaseConnection.php(693): CodeIgniter\Database\MySQLi\Connection->execute('INSERT INTO `cl...')
#2 C:\wamp64\www\sites\Projeto1\Back-end\system\Database\BaseConnection.php(607): CodeIgniter\Database\BaseConnection->simpleQuery('INSERT INTO `cl...')
#3 C:\wamp64\www\sites\Projeto1\Back-end\system\Database\BaseBuilder.php(2307): CodeIgniter\Database\BaseConnection->query('INSERT INTO `cl...', Array, false)
#4 C:\wamp64\www\sites\Projeto1\Back-end\system\Model.php(326): CodeIgniter\Database\BaseBuilder->insert()
#5 C:\wamp64\www\sites\Projeto1\Back-end\system\BaseModel.php(802): CodeIgniter\Model->doInsert(Array)
#6 C:\wamp64\www\sites\Projeto1\Back-end\system\Model.php(744): CodeIgniter\BaseModel->insert(Array, true)
#7 C:\wamp64\www\sites\Projeto1\Back-end\app\Controllers\ClientePlanos.php(66): CodeIgniter\Model->insert(Array)
#8 C:\wamp64\www\sites\Projeto1\Back-end\app\Controllers\Cliente.php(124): App\Controllers\ClientePlanos->create(Array, 116)
#9 C:\wamp64\www\sites\Projeto1\Back-end\system\CodeIgniter.php(941): App\Controllers\Cliente->createComplete()
#10 C:\wamp64\www\sites\Projeto1\Back-end\system\CodeIgniter.php(502): CodeIgniter\CodeIgniter->runController(Object(App\Controllers\Cliente))
#11 C:\wamp64\www\sites\Projeto1\Back-end\system\CodeIgniter.php(361): CodeIgniter\CodeIgniter->handleRequest(NULL, Object(Config\Cache), false)
#12 C:\wamp64\www\sites\Projeto1\Back-end\public\index.php(85): CodeIgniter\CodeIgniter->run()
#13 {main}
CRITICAL - 2025-05-06 00:40:33 --> CodeIgniter\Database\Exceptions\DatabaseException: Table 'projeto-1.cliente_planos_extras' doesn't exist
in SYSTEMPATH\Database\BaseConnection.php on line 647.
 1 SYSTEMPATH\Database\BaseBuilder.php(2307): CodeIgniter\Database\BaseConnection->query('INSERT INTO `cliente_planos_extras` (`extra_id`) VALUES (:extra_id:)', [...], false)
 2 SYSTEMPATH\Model.php(326): CodeIgniter\Database\BaseBuilder->insert()
 3 SYSTEMPATH\BaseModel.php(802): CodeIgniter\Model->doInsert([...])
 4 SYSTEMPATH\Model.php(744): CodeIgniter\BaseModel->insert([...], true)
 5 APPPATH\Controllers\ClientePlanos.php(66): CodeIgniter\Model->insert([...])
 6 APPPATH\Controllers\Cliente.php(124): App\Controllers\ClientePlanos->create([...], 116)
 7 SYSTEMPATH\CodeIgniter.php(941): App\Controllers\Cliente->createComplete()
 8 SYSTEMPATH\CodeIgniter.php(502): CodeIgniter\CodeIgniter->runController(Object(App\Controllers\Cliente))
 9 SYSTEMPATH\CodeIgniter.php(361): CodeIgniter\CodeIgniter->handleRequest(null, Object(Config\Cache), false)
10 FCPATH\index.php(85): CodeIgniter\CodeIgniter->run()
CRITICAL - 2025-05-06 00:40:33 --> [Caused by] CodeIgniter\Database\Exceptions\DatabaseException: Table 'projeto-1.cliente_planos_extras' doesn't exist
in SYSTEMPATH\Database\MySQLi\Connection.php on line 311.
 1 SYSTEMPATH\Database\BaseConnection.php(693): CodeIgniter\Database\MySQLi\Connection->execute('INSERT INTO `cliente_planos_extras` (`extra_id`) VALUES ((\'8\'))')
 2 SYSTEMPATH\Database\BaseConnection.php(607): CodeIgniter\Database\BaseConnection->simpleQuery('INSERT INTO `cliente_planos_extras` (`extra_id`) VALUES ((\'8\'))')
 3 SYSTEMPATH\Database\BaseBuilder.php(2307): CodeIgniter\Database\BaseConnection->query('INSERT INTO `cliente_planos_extras` (`extra_id`) VALUES (:extra_id:)', [...], false)
 4 SYSTEMPATH\Model.php(326): CodeIgniter\Database\BaseBuilder->insert()
 5 SYSTEMPATH\BaseModel.php(802): CodeIgniter\Model->doInsert([...])
 6 SYSTEMPATH\Model.php(744): CodeIgniter\BaseModel->insert([...], true)
 7 APPPATH\Controllers\ClientePlanos.php(66): CodeIgniter\Model->insert([...])
 8 APPPATH\Controllers\Cliente.php(124): App\Controllers\ClientePlanos->create([...], 116)
 9 SYSTEMPATH\CodeIgniter.php(941): App\Controllers\Cliente->createComplete()
10 SYSTEMPATH\CodeIgniter.php(502): CodeIgniter\CodeIgniter->runController(Object(App\Controllers\Cliente))
11 SYSTEMPATH\CodeIgniter.php(361): CodeIgniter\CodeIgniter->handleRequest(null, Object(Config\Cache), false)
12 FCPATH\index.php(85): CodeIgniter\CodeIgniter->run()
CRITICAL - 2025-05-06 00:40:33 --> [Caused by] mysqli_sql_exception: Table 'projeto-1.cliente_planos_extras' doesn't exist
in SYSTEMPATH\Database\MySQLi\Connection.php on line 306.
 1 SYSTEMPATH\Database\MySQLi\Connection.php(306): mysqli->query('INSERT INTO `cliente_planos_extras` (`extra_id`) VALUES ((\'8\'))', 0)
 2 SYSTEMPATH\Database\BaseConnection.php(693): CodeIgniter\Database\MySQLi\Connection->execute('INSERT INTO `cliente_planos_extras` (`extra_id`) VALUES ((\'8\'))')
 3 SYSTEMPATH\Database\BaseConnection.php(607): CodeIgniter\Database\BaseConnection->simpleQuery('INSERT INTO `cliente_planos_extras` (`extra_id`) VALUES ((\'8\'))')
 4 SYSTEMPATH\Database\BaseBuilder.php(2307): CodeIgniter\Database\BaseConnection->query('INSERT INTO `cliente_planos_extras` (`extra_id`) VALUES (:extra_id:)', [...], false)
 5 SYSTEMPATH\Model.php(326): CodeIgniter\Database\BaseBuilder->insert()
 6 SYSTEMPATH\BaseModel.php(802): CodeIgniter\Model->doInsert([...])
 7 SYSTEMPATH\Model.php(744): CodeIgniter\BaseModel->insert([...], true)
 8 APPPATH\Controllers\ClientePlanos.php(66): CodeIgniter\Model->insert([...])
 9 APPPATH\Controllers\Cliente.php(124): App\Controllers\ClientePlanos->create([...], 116)
10 SYSTEMPATH\CodeIgniter.php(941): App\Controllers\Cliente->createComplete()
11 SYSTEMPATH\CodeIgniter.php(502): CodeIgniter\CodeIgniter->runController(Object(App\Controllers\Cliente))
12 SYSTEMPATH\CodeIgniter.php(361): CodeIgniter\CodeIgniter->handleRequest(null, Object(Config\Cache), false)
13 FCPATH\index.php(85): CodeIgniter\CodeIgniter->run()
ERROR - 2025-05-06 00:41:09 --> mysqli_sql_exception: Duplicate entry '555.222.444-22' for key 'cliente.CPF' in C:\wamp64\www\sites\Projeto1\Back-end\system\Database\MySQLi\Connection.php:306
Stack trace:
#0 C:\wamp64\www\sites\Projeto1\Back-end\system\Database\MySQLi\Connection.php(306): mysqli->query('INSERT INTO `cl...', 0)
#1 C:\wamp64\www\sites\Projeto1\Back-end\system\Database\BaseConnection.php(693): CodeIgniter\Database\MySQLi\Connection->execute('INSERT INTO `cl...')
#2 C:\wamp64\www\sites\Projeto1\Back-end\system\Database\BaseConnection.php(607): CodeIgniter\Database\BaseConnection->simpleQuery('INSERT INTO `cl...')
#3 C:\wamp64\www\sites\Projeto1\Back-end\system\Database\BaseBuilder.php(2307): CodeIgniter\Database\BaseConnection->query('INSERT INTO `cl...', Array, false)
#4 C:\wamp64\www\sites\Projeto1\Back-end\system\Model.php(326): CodeIgniter\Database\BaseBuilder->insert()
#5 C:\wamp64\www\sites\Projeto1\Back-end\system\BaseModel.php(802): CodeIgniter\Model->doInsert(Array)
#6 C:\wamp64\www\sites\Projeto1\Back-end\system\Model.php(744): CodeIgniter\BaseModel->insert(Array, true)
#7 C:\wamp64\www\sites\Projeto1\Back-end\app\Controllers\Cliente.php(99): CodeIgniter\Model->insert(Array)
#8 C:\wamp64\www\sites\Projeto1\Back-end\system\CodeIgniter.php(941): App\Controllers\Cliente->createComplete()
#9 C:\wamp64\www\sites\Projeto1\Back-end\system\CodeIgniter.php(502): CodeIgniter\CodeIgniter->runController(Object(App\Controllers\Cliente))
#10 C:\wamp64\www\sites\Projeto1\Back-end\system\CodeIgniter.php(361): CodeIgniter\CodeIgniter->handleRequest(NULL, Object(Config\Cache), false)
#11 C:\wamp64\www\sites\Projeto1\Back-end\public\index.php(85): CodeIgniter\CodeIgniter->run()
#12 {main}
CRITICAL - 2025-05-06 00:41:09 --> CodeIgniter\Database\Exceptions\DatabaseException: Duplicate entry '555.222.444-22' for key 'cliente.CPF'
in SYSTEMPATH\Database\BaseConnection.php on line 647.
 1 SYSTEMPATH\Database\BaseBuilder.php(2307): CodeIgniter\Database\BaseConnection->query('INSERT INTO `cliente` (`foto_perfil`, `CPF`, `RG`, `nome`, `telefone`, `email`, `endereco`, `datanascimento`, `nivel_experiencia`, `treino_com_personal`, `termo_responsabilidade`, `personal_id`) VALUES (:foto_perfil:, :CPF:, :RG:, :nome:, :telefone:, :email:, :endereco:, :datanascimento:, :nivel_experiencia:, :treino_com_personal:, :termo_responsabilidade:, :personal_id:)', [...], false)
 2 SYSTEMPATH\Model.php(326): CodeIgniter\Database\BaseBuilder->insert()
 3 SYSTEMPATH\BaseModel.php(802): CodeIgniter\Model->doInsert([...])
 4 SYSTEMPATH\Model.php(744): CodeIgniter\BaseModel->insert([...], true)
 5 APPPATH\Controllers\Cliente.php(99): CodeIgniter\Model->insert([...])
 6 SYSTEMPATH\CodeIgniter.php(941): App\Controllers\Cliente->createComplete()
 7 SYSTEMPATH\CodeIgniter.php(502): CodeIgniter\CodeIgniter->runController(Object(App\Controllers\Cliente))
 8 SYSTEMPATH\CodeIgniter.php(361): CodeIgniter\CodeIgniter->handleRequest(null, Object(Config\Cache), false)
 9 FCPATH\index.php(85): CodeIgniter\CodeIgniter->run()
CRITICAL - 2025-05-06 00:41:09 --> [Caused by] CodeIgniter\Database\Exceptions\DatabaseException: Duplicate entry '555.222.444-22' for key 'cliente.CPF'
in SYSTEMPATH\Database\MySQLi\Connection.php on line 311.
 1 SYSTEMPATH\Database\BaseConnection.php(693): CodeIgniter\Database\MySQLi\Connection->execute('INSERT INTO `cliente` (`foto_perfil`, `CPF`, `RG`, `nome`, `telefone`, `email`, `endereco`, `datanascimento`, `nivel_experiencia`, `treino_com_personal`, `termo_responsabilidade`, `personal_id`) VALUES (\'\', \'555.222.444-22\', \'12.121.211-2\', \'Breno Henrique\', \'(12) 99656-9274\', \'breno.reis@aluno.ifsp.edu\', \'ssssss\', \'2004-06-07\', \'iniciante\', 1, NULL, \'13\')')
 2 SYSTEMPATH\Database\BaseConnection.php(607): CodeIgniter\Database\BaseConnection->simpleQuery('INSERT INTO `cliente` (`foto_perfil`, `CPF`, `RG`, `nome`, `telefone`, `email`, `endereco`, `datanascimento`, `nivel_experiencia`, `treino_com_personal`, `termo_responsabilidade`, `personal_id`) VALUES (\'\', \'555.222.444-22\', \'12.121.211-2\', \'Breno Henrique\', \'(12) 99656-9274\', \'breno.reis@aluno.ifsp.edu\', \'ssssss\', \'2004-06-07\', \'iniciante\', 1, NULL, \'13\')')
 3 SYSTEMPATH\Database\BaseBuilder.php(2307): CodeIgniter\Database\BaseConnection->query('INSERT INTO `cliente` (`foto_perfil`, `CPF`, `RG`, `nome`, `telefone`, `email`, `endereco`, `datanascimento`, `nivel_experiencia`, `treino_com_personal`, `termo_responsabilidade`, `personal_id`) VALUES (:foto_perfil:, :CPF:, :RG:, :nome:, :telefone:, :email:, :endereco:, :datanascimento:, :nivel_experiencia:, :treino_com_personal:, :termo_responsabilidade:, :personal_id:)', [...], false)
 4 SYSTEMPATH\Model.php(326): CodeIgniter\Database\BaseBuilder->insert()
 5 SYSTEMPATH\BaseModel.php(802): CodeIgniter\Model->doInsert([...])
 6 SYSTEMPATH\Model.php(744): CodeIgniter\BaseModel->insert([...], true)
 7 APPPATH\Controllers\Cliente.php(99): CodeIgniter\Model->insert([...])
 8 SYSTEMPATH\CodeIgniter.php(941): App\Controllers\Cliente->createComplete()
 9 SYSTEMPATH\CodeIgniter.php(502): CodeIgniter\CodeIgniter->runController(Object(App\Controllers\Cliente))
10 SYSTEMPATH\CodeIgniter.php(361): CodeIgniter\CodeIgniter->handleRequest(null, Object(Config\Cache), false)
11 FCPATH\index.php(85): CodeIgniter\CodeIgniter->run()
CRITICAL - 2025-05-06 00:41:09 --> [Caused by] mysqli_sql_exception: Duplicate entry '555.222.444-22' for key 'cliente.CPF'
in SYSTEMPATH\Database\MySQLi\Connection.php on line 306.
 1 SYSTEMPATH\Database\MySQLi\Connection.php(306): mysqli->query('INSERT INTO `cliente` (`foto_perfil`, `CPF`, `RG`, `nome`, `telefone`, `email`, `endereco`, `datanascimento`, `nivel_experiencia`, `treino_com_personal`, `termo_responsabilidade`, `personal_id`) VALUES (\'\', \'555.222.444-22\', \'12.121.211-2\', \'Breno Henrique\', \'(12) 99656-9274\', \'breno.reis@aluno.ifsp.edu\', \'ssssss\', \'2004-06-07\', \'iniciante\', 1, NULL, \'13\')', 0)
 2 SYSTEMPATH\Database\BaseConnection.php(693): CodeIgniter\Database\MySQLi\Connection->execute('INSERT INTO `cliente` (`foto_perfil`, `CPF`, `RG`, `nome`, `telefone`, `email`, `endereco`, `datanascimento`, `nivel_experiencia`, `treino_com_personal`, `termo_responsabilidade`, `personal_id`) VALUES (\'\', \'555.222.444-22\', \'12.121.211-2\', \'Breno Henrique\', \'(12) 99656-9274\', \'breno.reis@aluno.ifsp.edu\', \'ssssss\', \'2004-06-07\', \'iniciante\', 1, NULL, \'13\')')
 3 SYSTEMPATH\Database\BaseConnection.php(607): CodeIgniter\Database\BaseConnection->simpleQuery('INSERT INTO `cliente` (`foto_perfil`, `CPF`, `RG`, `nome`, `telefone`, `email`, `endereco`, `datanascimento`, `nivel_experiencia`, `treino_com_personal`, `termo_responsabilidade`, `personal_id`) VALUES (\'\', \'555.222.444-22\', \'12.121.211-2\', \'Breno Henrique\', \'(12) 99656-9274\', \'breno.reis@aluno.ifsp.edu\', \'ssssss\', \'2004-06-07\', \'iniciante\', 1, NULL, \'13\')')
 4 SYSTEMPATH\Database\BaseBuilder.php(2307): CodeIgniter\Database\BaseConnection->query('INSERT INTO `cliente` (`foto_perfil`, `CPF`, `RG`, `nome`, `telefone`, `email`, `endereco`, `datanascimento`, `nivel_experiencia`, `treino_com_personal`, `termo_responsabilidade`, `personal_id`) VALUES (:foto_perfil:, :CPF:, :RG:, :nome:, :telefone:, :email:, :endereco:, :datanascimento:, :nivel_experiencia:, :treino_com_personal:, :termo_responsabilidade:, :personal_id:)', [...], false)
 5 SYSTEMPATH\Model.php(326): CodeIgniter\Database\BaseBuilder->insert()
 6 SYSTEMPATH\BaseModel.php(802): CodeIgniter\Model->doInsert([...])
 7 SYSTEMPATH\Model.php(744): CodeIgniter\BaseModel->insert([...], true)
 8 APPPATH\Controllers\Cliente.php(99): CodeIgniter\Model->insert([...])
 9 SYSTEMPATH\CodeIgniter.php(941): App\Controllers\Cliente->createComplete()
10 SYSTEMPATH\CodeIgniter.php(502): CodeIgniter\CodeIgniter->runController(Object(App\Controllers\Cliente))
11 SYSTEMPATH\CodeIgniter.php(361): CodeIgniter\CodeIgniter->handleRequest(null, Object(Config\Cache), false)
12 FCPATH\index.php(85): CodeIgniter\CodeIgniter->run()
ERROR - 2025-05-06 00:41:28 --> mysqli_sql_exception: Table 'projeto-1.clientes_planos_extras' doesn't exist in C:\wamp64\www\sites\Projeto1\Back-end\system\Database\MySQLi\Connection.php:306
Stack trace:
#0 C:\wamp64\www\sites\Projeto1\Back-end\system\Database\MySQLi\Connection.php(306): mysqli->query('INSERT INTO `cl...', 0)
#1 C:\wamp64\www\sites\Projeto1\Back-end\system\Database\BaseConnection.php(693): CodeIgniter\Database\MySQLi\Connection->execute('INSERT INTO `cl...')
#2 C:\wamp64\www\sites\Projeto1\Back-end\system\Database\BaseConnection.php(607): CodeIgniter\Database\BaseConnection->simpleQuery('INSERT INTO `cl...')
#3 C:\wamp64\www\sites\Projeto1\Back-end\system\Database\BaseBuilder.php(2307): CodeIgniter\Database\BaseConnection->query('INSERT INTO `cl...', Array, false)
#4 C:\wamp64\www\sites\Projeto1\Back-end\system\Model.php(326): CodeIgniter\Database\BaseBuilder->insert()
#5 C:\wamp64\www\sites\Projeto1\Back-end\system\BaseModel.php(802): CodeIgniter\Model->doInsert(Array)
#6 C:\wamp64\www\sites\Projeto1\Back-end\system\Model.php(744): CodeIgniter\BaseModel->insert(Array, true)
#7 C:\wamp64\www\sites\Projeto1\Back-end\app\Controllers\ClientePlanos.php(66): CodeIgniter\Model->insert(Array)
#8 C:\wamp64\www\sites\Projeto1\Back-end\app\Controllers\Cliente.php(124): App\Controllers\ClientePlanos->create(Array, 117)
#9 C:\wamp64\www\sites\Projeto1\Back-end\system\CodeIgniter.php(941): App\Controllers\Cliente->createComplete()
#10 C:\wamp64\www\sites\Projeto1\Back-end\system\CodeIgniter.php(502): CodeIgniter\CodeIgniter->runController(Object(App\Controllers\Cliente))
#11 C:\wamp64\www\sites\Projeto1\Back-end\system\CodeIgniter.php(361): CodeIgniter\CodeIgniter->handleRequest(NULL, Object(Config\Cache), false)
#12 C:\wamp64\www\sites\Projeto1\Back-end\public\index.php(85): CodeIgniter\CodeIgniter->run()
#13 {main}
CRITICAL - 2025-05-06 00:41:28 --> CodeIgniter\Database\Exceptions\DatabaseException: Table 'projeto-1.clientes_planos_extras' doesn't exist
in SYSTEMPATH\Database\BaseConnection.php on line 647.
 1 SYSTEMPATH\Database\BaseBuilder.php(2307): CodeIgniter\Database\BaseConnection->query('INSERT INTO `clientes_planos_extras` (`extra_id`) VALUES (:extra_id:)', [...], false)
 2 SYSTEMPATH\Model.php(326): CodeIgniter\Database\BaseBuilder->insert()
 3 SYSTEMPATH\BaseModel.php(802): CodeIgniter\Model->doInsert([...])
 4 SYSTEMPATH\Model.php(744): CodeIgniter\BaseModel->insert([...], true)
 5 APPPATH\Controllers\ClientePlanos.php(66): CodeIgniter\Model->insert([...])
 6 APPPATH\Controllers\Cliente.php(124): App\Controllers\ClientePlanos->create([...], 117)
 7 SYSTEMPATH\CodeIgniter.php(941): App\Controllers\Cliente->createComplete()
 8 SYSTEMPATH\CodeIgniter.php(502): CodeIgniter\CodeIgniter->runController(Object(App\Controllers\Cliente))
 9 SYSTEMPATH\CodeIgniter.php(361): CodeIgniter\CodeIgniter->handleRequest(null, Object(Config\Cache), false)
10 FCPATH\index.php(85): CodeIgniter\CodeIgniter->run()
CRITICAL - 2025-05-06 00:41:28 --> [Caused by] CodeIgniter\Database\Exceptions\DatabaseException: Table 'projeto-1.clientes_planos_extras' doesn't exist
in SYSTEMPATH\Database\MySQLi\Connection.php on line 311.
 1 SYSTEMPATH\Database\BaseConnection.php(693): CodeIgniter\Database\MySQLi\Connection->execute('INSERT INTO `clientes_planos_extras` (`extra_id`) VALUES ((\'8\'))')
 2 SYSTEMPATH\Database\BaseConnection.php(607): CodeIgniter\Database\BaseConnection->simpleQuery('INSERT INTO `clientes_planos_extras` (`extra_id`) VALUES ((\'8\'))')
 3 SYSTEMPATH\Database\BaseBuilder.php(2307): CodeIgniter\Database\BaseConnection->query('INSERT INTO `clientes_planos_extras` (`extra_id`) VALUES (:extra_id:)', [...], false)
 4 SYSTEMPATH\Model.php(326): CodeIgniter\Database\BaseBuilder->insert()
 5 SYSTEMPATH\BaseModel.php(802): CodeIgniter\Model->doInsert([...])
 6 SYSTEMPATH\Model.php(744): CodeIgniter\BaseModel->insert([...], true)
 7 APPPATH\Controllers\ClientePlanos.php(66): CodeIgniter\Model->insert([...])
 8 APPPATH\Controllers\Cliente.php(124): App\Controllers\ClientePlanos->create([...], 117)
 9 SYSTEMPATH\CodeIgniter.php(941): App\Controllers\Cliente->createComplete()
10 SYSTEMPATH\CodeIgniter.php(502): CodeIgniter\CodeIgniter->runController(Object(App\Controllers\Cliente))
11 SYSTEMPATH\CodeIgniter.php(361): CodeIgniter\CodeIgniter->handleRequest(null, Object(Config\Cache), false)
12 FCPATH\index.php(85): CodeIgniter\CodeIgniter->run()
CRITICAL - 2025-05-06 00:41:28 --> [Caused by] mysqli_sql_exception: Table 'projeto-1.clientes_planos_extras' doesn't exist
in SYSTEMPATH\Database\MySQLi\Connection.php on line 306.
 1 SYSTEMPATH\Database\MySQLi\Connection.php(306): mysqli->query('INSERT INTO `clientes_planos_extras` (`extra_id`) VALUES ((\'8\'))', 0)
 2 SYSTEMPATH\Database\BaseConnection.php(693): CodeIgniter\Database\MySQLi\Connection->execute('INSERT INTO `clientes_planos_extras` (`extra_id`) VALUES ((\'8\'))')
 3 SYSTEMPATH\Database\BaseConnection.php(607): CodeIgniter\Database\BaseConnection->simpleQuery('INSERT INTO `clientes_planos_extras` (`extra_id`) VALUES ((\'8\'))')
 4 SYSTEMPATH\Database\BaseBuilder.php(2307): CodeIgniter\Database\BaseConnection->query('INSERT INTO `clientes_planos_extras` (`extra_id`) VALUES (:extra_id:)', [...], false)
 5 SYSTEMPATH\Model.php(326): CodeIgniter\Database\BaseBuilder->insert()
 6 SYSTEMPATH\BaseModel.php(802): CodeIgniter\Model->doInsert([...])
 7 SYSTEMPATH\Model.php(744): CodeIgniter\BaseModel->insert([...], true)
 8 APPPATH\Controllers\ClientePlanos.php(66): CodeIgniter\Model->insert([...])
 9 APPPATH\Controllers\Cliente.php(124): App\Controllers\ClientePlanos->create([...], 117)
10 SYSTEMPATH\CodeIgniter.php(941): App\Controllers\Cliente->createComplete()
11 SYSTEMPATH\CodeIgniter.php(502): CodeIgniter\CodeIgniter->runController(Object(App\Controllers\Cliente))
12 SYSTEMPATH\CodeIgniter.php(361): CodeIgniter\CodeIgniter->handleRequest(null, Object(Config\Cache), false)
13 FCPATH\index.php(85): CodeIgniter\CodeIgniter->run()
