CRITICAL - 2025-11-24 12:25:59 --> Error: Call to a member function setJSON() on null
in APPPATH\Controllers\Faceid.php on line 55.
 1 APPPATH\Controllers\Cliente.php(113): App\Controllers\Faceid->create(127, 'assets/fotos-perfil/127/1763997959_6d846d74dbc15a1cc5b8.png')
 2 SYSTEMPATH\CodeIgniter.php(941): App\Controllers\Cliente->create()
 3 SYSTEMPATH\CodeIgniter.php(502): CodeIgniter\CodeIgniter->runController(Object(App\Controllers\Cliente))
 4 SYSTEMPATH\CodeIgniter.php(361): CodeIgniter\CodeIgniter->handleRequest(null, Object(Config\Cache), false)
 5 FCPATH\index.php(85): CodeIgniter\CodeIgniter->run()
CRITICAL - 2025-11-24 12:26:04 --> Error: Call to a member function setJSON() on null
in APPPATH\Controllers\Faceid.php on line 55.
 1 APPPATH\Controllers\Cliente.php(113): App\Controllers\Faceid->create(128, 'assets/fotos-perfil/128/1763997964_0d270fdd43b8f11c2101.png')
 2 SYSTEMPATH\CodeIgniter.php(941): App\Controllers\Cliente->create()
 3 SYSTEMPATH\CodeIgniter.php(502): CodeIgniter\CodeIgniter->runController(Object(App\Controllers\Cliente))
 4 SYSTEMPATH\CodeIgniter.php(361): CodeIgniter\CodeIgniter->handleRequest(null, Object(Config\Cache), false)
 5 FCPATH\index.php(85): CodeIgniter\CodeIgniter->run()
CRITICAL - 2025-11-24 12:26:14 --> Error: Call to a member function setJSON() on null
in APPPATH\Controllers\Faceid.php on line 55.
 1 APPPATH\Controllers\Cliente.php(113): App\Controllers\Faceid->create(129, 'assets/fotos-perfil/129/1763997974_fc12e05ff16a22636c84.png')
 2 SYSTEMPATH\CodeIgniter.php(941): App\Controllers\Cliente->create()
 3 SYSTEMPATH\CodeIgniter.php(502): CodeIgniter\CodeIgniter->runController(Object(App\Controllers\Cliente))
 4 SYSTEMPATH\CodeIgniter.php(361): CodeIgniter\CodeIgniter->handleRequest(null, Object(Config\Cache), false)
 5 FCPATH\index.php(85): CodeIgniter\CodeIgniter->run()
CRITICAL - 2025-11-24 14:29:21 --> Error: Call to a member function setJSON() on null
in APPPATH\Controllers\Faceid.php on line 55.
 1 APPPATH\Controllers\Cliente.php(114): App\Controllers\Faceid->create(130, 'assets/fotos-perfil/130/1764005361_59ed7e91bf70010d7657.jpg')
 2 SYSTEMPATH\CodeIgniter.php(941): App\Controllers\Cliente->create()
 3 SYSTEMPATH\CodeIgniter.php(502): CodeIgniter\CodeIgniter->runController(Object(App\Controllers\Cliente))
 4 SYSTEMPATH\CodeIgniter.php(361): CodeIgniter\CodeIgniter->handleRequest(null, Object(Config\Cache), false)
 5 FCPATH\index.php(85): CodeIgniter\CodeIgniter->run()
CRITICAL - 2025-11-24 14:34:29 --> ValueError: hash(): Argument #1 ($algo) must be a valid hashing algorithm
in APPPATH\Controllers\Cliente.php on line 125.
 1 APPPATH\Controllers\Cliente.php(125): hash('256', '734231')
 2 SYSTEMPATH\CodeIgniter.php(941): App\Controllers\Cliente->create()
 3 SYSTEMPATH\CodeIgniter.php(502): CodeIgniter\CodeIgniter->runController(Object(App\Controllers\Cliente))
 4 SYSTEMPATH\CodeIgniter.php(361): CodeIgniter\CodeIgniter->handleRequest(null, Object(Config\Cache), false)
 5 FCPATH\index.php(85): CodeIgniter\CodeIgniter->run()
ERROR - 2025-11-24 16:51:51 --> ERRO UPLOAD FOTO: The file "Foto_FaceID_261.png" exceeds your upload_max_filesize ini directive. (1)
ERROR - 2025-11-24 16:52:16 --> ERRO UPLOAD FOTO: The file "Foto_FaceID_915.png" exceeds your upload_max_filesize ini directive. (1)
ERROR - 2025-11-24 16:55:16 --> ERRO UPLOAD FOTO: The file "Foto_FaceID_915.png" exceeds your upload_max_filesize ini directive. (1)
ERROR - 2025-11-24 16:57:06 --> ERRO UPLOAD FOTO: The file "Foto_FaceID_481.png" exceeds your upload_max_filesize ini directive. (1)
CRITICAL - 2025-11-24 17:50:43 --> ErrorException: Undefined variable $pin
in APPPATH\Views\verificar_email.php on line 90.
 1 APPPATH\Views\verificar_email.php(90): CodeIgniter\Debug\Exceptions->errorHandler(2, 'Undefined variable $pin', 'C:\\wamp64\\www\\sites\\Projeto1\\Back-end\\app\\Views\\verificar_email.php', 90)
 2 SYSTEMPATH\View\View.php(228): include('C:\\wamp64\\www\\sites\\Projeto1\\Back-end\\app\\Views\\verificar_email.php')
 3 SYSTEMPATH\View\View.php(231): CodeIgniter\View\View->CodeIgniter\View\{closure}()
 4 SYSTEMPATH\Common.php(1178): CodeIgniter\View\View->render('verificar_email', [], true)
 5 APPPATH\Controllers\EmailController.php(82): view('verificar_email', [...])
 6 APPPATH\Controllers\Cliente.php(233): App\Controllers\EmailController->verificaEmail([...])
 7 SYSTEMPATH\CodeIgniter.php(941): App\Controllers\Cliente->createComplete()
 8 SYSTEMPATH\CodeIgniter.php(502): CodeIgniter\CodeIgniter->runController(Object(App\Controllers\Cliente))
 9 SYSTEMPATH\CodeIgniter.php(361): CodeIgniter\CodeIgniter->handleRequest(null, Object(Config\Cache), false)
10 FCPATH\index.php(85): CodeIgniter\CodeIgniter->run()
