ERROR - 2025-09-08 13:59:19 --> mysqli_sql_exception: Not unique table/alias: 'cliente' in C:\wamp64\www\sites\Projeto1\Back-end\system\Database\MySQLi\Connection.php:306
Stack trace:
#0 C:\wamp64\www\sites\Projeto1\Back-end\system\Database\MySQLi\Connection.php(306): mysqli->query('SELECT *\nFROM `...', 0)
#1 C:\wamp64\www\sites\Projeto1\Back-end\system\Database\BaseConnection.php(693): CodeIgniter\Database\MySQLi\Connection->execute('SELECT *\nFROM `...')
#2 C:\wamp64\www\sites\Projeto1\Back-end\system\Database\BaseConnection.php(607): CodeIgniter\Database\BaseConnection->simpleQuery('SELECT *\nFROM `...')
#3 C:\wamp64\www\sites\Projeto1\Back-end\system\Database\BaseBuilder.php(1616): CodeIgniter\Database\BaseConnection->query('SELECT *\nFROM `...', Array, false)
#4 C:\wamp64\www\sites\Projeto1\Back-end\system\Model.php(242): CodeIgniter\Database\BaseBuilder->get()
#5 C:\wamp64\www\sites\Projeto1\Back-end\system\BaseModel.php(638): CodeIgniter\Model->doFindAll(0, 0)
#6 C:\wamp64\www\sites\Projeto1\Back-end\app\Controllers\Cliente.php(181): CodeIgniter\BaseModel->findAll()
#7 C:\wamp64\www\sites\Projeto1\Back-end\system\CodeIgniter.php(941): App\Controllers\Cliente->pesquisarPag()
#8 C:\wamp64\www\sites\Projeto1\Back-end\system\CodeIgniter.php(502): CodeIgniter\CodeIgniter->runController(Object(App\Controllers\Cliente))
#9 C:\wamp64\www\sites\Projeto1\Back-end\system\CodeIgniter.php(361): CodeIgniter\CodeIgniter->handleRequest(NULL, Object(Config\Cache), false)
#10 C:\wamp64\www\sites\Projeto1\Back-end\public\index.php(85): CodeIgniter\CodeIgniter->run()
#11 {main}
CRITICAL - 2025-09-08 13:59:19 --> CodeIgniter\Database\Exceptions\DatabaseException: Not unique table/alias: 'cliente'
in SYSTEMPATH\Database\BaseConnection.php on line 647.
 1 SYSTEMPATH\Database\BaseBuilder.php(1616): CodeIgniter\Database\BaseConnection->query('SELECT *
FROM `pagamentos`
JOIN `clientes_planos` ON `clientes_planos`.`id` = `pagamentos`.`cliente_planos_id`
JOIN `cliente` ON `cliente`.`id` = `clientes_planos`.`cliente_id`
JOIN `cliente` ON `plano`.`id` = `plano`.`cliente_id`', [], false)
 2 SYSTEMPATH\Model.php(242): CodeIgniter\Database\BaseBuilder->get()
 3 SYSTEMPATH\BaseModel.php(638): CodeIgniter\Model->doFindAll(0, 0)
 4 APPPATH\Controllers\Cliente.php(181): CodeIgniter\BaseModel->findAll()
 5 SYSTEMPATH\CodeIgniter.php(941): App\Controllers\Cliente->pesquisarPag()
 6 SYSTEMPATH\CodeIgniter.php(502): CodeIgniter\CodeIgniter->runController(Object(App\Controllers\Cliente))
 7 SYSTEMPATH\CodeIgniter.php(361): CodeIgniter\CodeIgniter->handleRequest(null, Object(Config\Cache), false)
 8 FCPATH\index.php(85): CodeIgniter\CodeIgniter->run()
CRITICAL - 2025-09-08 13:59:19 --> [Caused by] CodeIgniter\Database\Exceptions\DatabaseException: Not unique table/alias: 'cliente'
in SYSTEMPATH\Database\MySQLi\Connection.php on line 311.
 1 SYSTEMPATH\Database\BaseConnection.php(693): CodeIgniter\Database\MySQLi\Connection->execute('SELECT *
FROM `pagamentos`
JOIN `clientes_planos` ON `clientes_planos`.`id` = `pagamentos`.`cliente_planos_id`
JOIN `cliente` ON `cliente`.`id` = `clientes_planos`.`cliente_id`
JOIN `cliente` ON `plano`.`id` = `plano`.`cliente_id`')
 2 SYSTEMPATH\Database\BaseConnection.php(607): CodeIgniter\Database\BaseConnection->simpleQuery('SELECT *
FROM `pagamentos`
JOIN `clientes_planos` ON `clientes_planos`.`id` = `pagamentos`.`cliente_planos_id`
JOIN `cliente` ON `cliente`.`id` = `clientes_planos`.`cliente_id`
JOIN `cliente` ON `plano`.`id` = `plano`.`cliente_id`')
 3 SYSTEMPATH\Database\BaseBuilder.php(1616): CodeIgniter\Database\BaseConnection->query('SELECT *
FROM `pagamentos`
JOIN `clientes_planos` ON `clientes_planos`.`id` = `pagamentos`.`cliente_planos_id`
JOIN `cliente` ON `cliente`.`id` = `clientes_planos`.`cliente_id`
JOIN `cliente` ON `plano`.`id` = `plano`.`cliente_id`', [], false)
 4 SYSTEMPATH\Model.php(242): CodeIgniter\Database\BaseBuilder->get()
 5 SYSTEMPATH\BaseModel.php(638): CodeIgniter\Model->doFindAll(0, 0)
 6 APPPATH\Controllers\Cliente.php(181): CodeIgniter\BaseModel->findAll()
 7 SYSTEMPATH\CodeIgniter.php(941): App\Controllers\Cliente->pesquisarPag()
 8 SYSTEMPATH\CodeIgniter.php(502): CodeIgniter\CodeIgniter->runController(Object(App\Controllers\Cliente))
 9 SYSTEMPATH\CodeIgniter.php(361): CodeIgniter\CodeIgniter->handleRequest(null, Object(Config\Cache), false)
10 FCPATH\index.php(85): CodeIgniter\CodeIgniter->run()
CRITICAL - 2025-09-08 13:59:19 --> [Caused by] mysqli_sql_exception: Not unique table/alias: 'cliente'
in SYSTEMPATH\Database\MySQLi\Connection.php on line 306.
 1 SYSTEMPATH\Database\MySQLi\Connection.php(306): mysqli->query('SELECT *
FROM `pagamentos`
JOIN `clientes_planos` ON `clientes_planos`.`id` = `pagamentos`.`cliente_planos_id`
JOIN `cliente` ON `cliente`.`id` = `clientes_planos`.`cliente_id`
JOIN `cliente` ON `plano`.`id` = `plano`.`cliente_id`', 0)
 2 SYSTEMPATH\Database\BaseConnection.php(693): CodeIgniter\Database\MySQLi\Connection->execute('SELECT *
FROM `pagamentos`
JOIN `clientes_planos` ON `clientes_planos`.`id` = `pagamentos`.`cliente_planos_id`
JOIN `cliente` ON `cliente`.`id` = `clientes_planos`.`cliente_id`
JOIN `cliente` ON `plano`.`id` = `plano`.`cliente_id`')
 3 SYSTEMPATH\Database\BaseConnection.php(607): CodeIgniter\Database\BaseConnection->simpleQuery('SELECT *
FROM `pagamentos`
JOIN `clientes_planos` ON `clientes_planos`.`id` = `pagamentos`.`cliente_planos_id`
JOIN `cliente` ON `cliente`.`id` = `clientes_planos`.`cliente_id`
JOIN `cliente` ON `plano`.`id` = `plano`.`cliente_id`')
 4 SYSTEMPATH\Database\BaseBuilder.php(1616): CodeIgniter\Database\BaseConnection->query('SELECT *
FROM `pagamentos`
JOIN `clientes_planos` ON `clientes_planos`.`id` = `pagamentos`.`cliente_planos_id`
JOIN `cliente` ON `cliente`.`id` = `clientes_planos`.`cliente_id`
JOIN `cliente` ON `plano`.`id` = `plano`.`cliente_id`', [], false)
 5 SYSTEMPATH\Model.php(242): CodeIgniter\Database\BaseBuilder->get()
 6 SYSTEMPATH\BaseModel.php(638): CodeIgniter\Model->doFindAll(0, 0)
 7 APPPATH\Controllers\Cliente.php(181): CodeIgniter\BaseModel->findAll()
 8 SYSTEMPATH\CodeIgniter.php(941): App\Controllers\Cliente->pesquisarPag()
 9 SYSTEMPATH\CodeIgniter.php(502): CodeIgniter\CodeIgniter->runController(Object(App\Controllers\Cliente))
10 SYSTEMPATH\CodeIgniter.php(361): CodeIgniter\CodeIgniter->handleRequest(null, Object(Config\Cache), false)
11 FCPATH\index.php(85): CodeIgniter\CodeIgniter->run()
ERROR - 2025-09-08 13:59:27 --> mysqli_sql_exception: Not unique table/alias: 'cliente' in C:\wamp64\www\sites\Projeto1\Back-end\system\Database\MySQLi\Connection.php:306
Stack trace:
#0 C:\wamp64\www\sites\Projeto1\Back-end\system\Database\MySQLi\Connection.php(306): mysqli->query('SELECT *\nFROM `...', 0)
#1 C:\wamp64\www\sites\Projeto1\Back-end\system\Database\BaseConnection.php(693): CodeIgniter\Database\MySQLi\Connection->execute('SELECT *\nFROM `...')
#2 C:\wamp64\www\sites\Projeto1\Back-end\system\Database\BaseConnection.php(607): CodeIgniter\Database\BaseConnection->simpleQuery('SELECT *\nFROM `...')
#3 C:\wamp64\www\sites\Projeto1\Back-end\system\Database\BaseBuilder.php(1616): CodeIgniter\Database\BaseConnection->query('SELECT *\nFROM `...', Array, false)
#4 C:\wamp64\www\sites\Projeto1\Back-end\system\Model.php(242): CodeIgniter\Database\BaseBuilder->get()
#5 C:\wamp64\www\sites\Projeto1\Back-end\system\BaseModel.php(638): CodeIgniter\Model->doFindAll(0, 0)
#6 C:\wamp64\www\sites\Projeto1\Back-end\app\Controllers\Cliente.php(181): CodeIgniter\BaseModel->findAll()
#7 C:\wamp64\www\sites\Projeto1\Back-end\system\CodeIgniter.php(941): App\Controllers\Cliente->pesquisarPag()
#8 C:\wamp64\www\sites\Projeto1\Back-end\system\CodeIgniter.php(502): CodeIgniter\CodeIgniter->runController(Object(App\Controllers\Cliente))
#9 C:\wamp64\www\sites\Projeto1\Back-end\system\CodeIgniter.php(361): CodeIgniter\CodeIgniter->handleRequest(NULL, Object(Config\Cache), false)
#10 C:\wamp64\www\sites\Projeto1\Back-end\public\index.php(85): CodeIgniter\CodeIgniter->run()
#11 {main}
CRITICAL - 2025-09-08 13:59:27 --> CodeIgniter\Database\Exceptions\DatabaseException: Not unique table/alias: 'cliente'
in SYSTEMPATH\Database\BaseConnection.php on line 647.
 1 SYSTEMPATH\Database\BaseBuilder.php(1616): CodeIgniter\Database\BaseConnection->query('SELECT *
FROM `pagamentos`
JOIN `clientes_planos` ON `clientes_planos`.`id` = `pagamentos`.`cliente_planos_id`
JOIN `cliente` ON `cliente`.`id` = `clientes_planos`.`cliente_id`
JOIN `cliente` ON `plano`.`id` = `plano`.`id`', [], false)
 2 SYSTEMPATH\Model.php(242): CodeIgniter\Database\BaseBuilder->get()
 3 SYSTEMPATH\BaseModel.php(638): CodeIgniter\Model->doFindAll(0, 0)
 4 APPPATH\Controllers\Cliente.php(181): CodeIgniter\BaseModel->findAll()
 5 SYSTEMPATH\CodeIgniter.php(941): App\Controllers\Cliente->pesquisarPag()
 6 SYSTEMPATH\CodeIgniter.php(502): CodeIgniter\CodeIgniter->runController(Object(App\Controllers\Cliente))
 7 SYSTEMPATH\CodeIgniter.php(361): CodeIgniter\CodeIgniter->handleRequest(null, Object(Config\Cache), false)
 8 FCPATH\index.php(85): CodeIgniter\CodeIgniter->run()
CRITICAL - 2025-09-08 13:59:27 --> [Caused by] CodeIgniter\Database\Exceptions\DatabaseException: Not unique table/alias: 'cliente'
in SYSTEMPATH\Database\MySQLi\Connection.php on line 311.
 1 SYSTEMPATH\Database\BaseConnection.php(693): CodeIgniter\Database\MySQLi\Connection->execute('SELECT *
FROM `pagamentos`
JOIN `clientes_planos` ON `clientes_planos`.`id` = `pagamentos`.`cliente_planos_id`
JOIN `cliente` ON `cliente`.`id` = `clientes_planos`.`cliente_id`
JOIN `cliente` ON `plano`.`id` = `plano`.`id`')
 2 SYSTEMPATH\Database\BaseConnection.php(607): CodeIgniter\Database\BaseConnection->simpleQuery('SELECT *
FROM `pagamentos`
JOIN `clientes_planos` ON `clientes_planos`.`id` = `pagamentos`.`cliente_planos_id`
JOIN `cliente` ON `cliente`.`id` = `clientes_planos`.`cliente_id`
JOIN `cliente` ON `plano`.`id` = `plano`.`id`')
 3 SYSTEMPATH\Database\BaseBuilder.php(1616): CodeIgniter\Database\BaseConnection->query('SELECT *
FROM `pagamentos`
JOIN `clientes_planos` ON `clientes_planos`.`id` = `pagamentos`.`cliente_planos_id`
JOIN `cliente` ON `cliente`.`id` = `clientes_planos`.`cliente_id`
JOIN `cliente` ON `plano`.`id` = `plano`.`id`', [], false)
 4 SYSTEMPATH\Model.php(242): CodeIgniter\Database\BaseBuilder->get()
 5 SYSTEMPATH\BaseModel.php(638): CodeIgniter\Model->doFindAll(0, 0)
 6 APPPATH\Controllers\Cliente.php(181): CodeIgniter\BaseModel->findAll()
 7 SYSTEMPATH\CodeIgniter.php(941): App\Controllers\Cliente->pesquisarPag()
 8 SYSTEMPATH\CodeIgniter.php(502): CodeIgniter\CodeIgniter->runController(Object(App\Controllers\Cliente))
 9 SYSTEMPATH\CodeIgniter.php(361): CodeIgniter\CodeIgniter->handleRequest(null, Object(Config\Cache), false)
10 FCPATH\index.php(85): CodeIgniter\CodeIgniter->run()
CRITICAL - 2025-09-08 13:59:27 --> [Caused by] mysqli_sql_exception: Not unique table/alias: 'cliente'
in SYSTEMPATH\Database\MySQLi\Connection.php on line 306.
 1 SYSTEMPATH\Database\MySQLi\Connection.php(306): mysqli->query('SELECT *
FROM `pagamentos`
JOIN `clientes_planos` ON `clientes_planos`.`id` = `pagamentos`.`cliente_planos_id`
JOIN `cliente` ON `cliente`.`id` = `clientes_planos`.`cliente_id`
JOIN `cliente` ON `plano`.`id` = `plano`.`id`', 0)
 2 SYSTEMPATH\Database\BaseConnection.php(693): CodeIgniter\Database\MySQLi\Connection->execute('SELECT *
FROM `pagamentos`
JOIN `clientes_planos` ON `clientes_planos`.`id` = `pagamentos`.`cliente_planos_id`
JOIN `cliente` ON `cliente`.`id` = `clientes_planos`.`cliente_id`
JOIN `cliente` ON `plano`.`id` = `plano`.`id`')
 3 SYSTEMPATH\Database\BaseConnection.php(607): CodeIgniter\Database\BaseConnection->simpleQuery('SELECT *
FROM `pagamentos`
JOIN `clientes_planos` ON `clientes_planos`.`id` = `pagamentos`.`cliente_planos_id`
JOIN `cliente` ON `cliente`.`id` = `clientes_planos`.`cliente_id`
JOIN `cliente` ON `plano`.`id` = `plano`.`id`')
 4 SYSTEMPATH\Database\BaseBuilder.php(1616): CodeIgniter\Database\BaseConnection->query('SELECT *
FROM `pagamentos`
JOIN `clientes_planos` ON `clientes_planos`.`id` = `pagamentos`.`cliente_planos_id`
JOIN `cliente` ON `cliente`.`id` = `clientes_planos`.`cliente_id`
JOIN `cliente` ON `plano`.`id` = `plano`.`id`', [], false)
 5 SYSTEMPATH\Model.php(242): CodeIgniter\Database\BaseBuilder->get()
 6 SYSTEMPATH\BaseModel.php(638): CodeIgniter\Model->doFindAll(0, 0)
 7 APPPATH\Controllers\Cliente.php(181): CodeIgniter\BaseModel->findAll()
 8 SYSTEMPATH\CodeIgniter.php(941): App\Controllers\Cliente->pesquisarPag()
 9 SYSTEMPATH\CodeIgniter.php(502): CodeIgniter\CodeIgniter->runController(Object(App\Controllers\Cliente))
10 SYSTEMPATH\CodeIgniter.php(361): CodeIgniter\CodeIgniter->handleRequest(null, Object(Config\Cache), false)
11 FCPATH\index.php(85): CodeIgniter\CodeIgniter->run()
ERROR - 2025-09-08 13:59:32 --> mysqli_sql_exception: Not unique table/alias: 'cliente' in C:\wamp64\www\sites\Projeto1\Back-end\system\Database\MySQLi\Connection.php:306
Stack trace:
#0 C:\wamp64\www\sites\Projeto1\Back-end\system\Database\MySQLi\Connection.php(306): mysqli->query('SELECT *\nFROM `...', 0)
#1 C:\wamp64\www\sites\Projeto1\Back-end\system\Database\BaseConnection.php(693): CodeIgniter\Database\MySQLi\Connection->execute('SELECT *\nFROM `...')
#2 C:\wamp64\www\sites\Projeto1\Back-end\system\Database\BaseConnection.php(607): CodeIgniter\Database\BaseConnection->simpleQuery('SELECT *\nFROM `...')
#3 C:\wamp64\www\sites\Projeto1\Back-end\system\Database\BaseBuilder.php(1616): CodeIgniter\Database\BaseConnection->query('SELECT *\nFROM `...', Array, false)
#4 C:\wamp64\www\sites\Projeto1\Back-end\system\Model.php(242): CodeIgniter\Database\BaseBuilder->get()
#5 C:\wamp64\www\sites\Projeto1\Back-end\system\BaseModel.php(638): CodeIgniter\Model->doFindAll(0, 0)
#6 C:\wamp64\www\sites\Projeto1\Back-end\app\Controllers\Cliente.php(181): CodeIgniter\BaseModel->findAll()
#7 C:\wamp64\www\sites\Projeto1\Back-end\system\CodeIgniter.php(941): App\Controllers\Cliente->pesquisarPag()
#8 C:\wamp64\www\sites\Projeto1\Back-end\system\CodeIgniter.php(502): CodeIgniter\CodeIgniter->runController(Object(App\Controllers\Cliente))
#9 C:\wamp64\www\sites\Projeto1\Back-end\system\CodeIgniter.php(361): CodeIgniter\CodeIgniter->handleRequest(NULL, Object(Config\Cache), false)
#10 C:\wamp64\www\sites\Projeto1\Back-end\public\index.php(85): CodeIgniter\CodeIgniter->run()
#11 {main}
CRITICAL - 2025-09-08 13:59:32 --> CodeIgniter\Database\Exceptions\DatabaseException: Not unique table/alias: 'cliente'
in SYSTEMPATH\Database\BaseConnection.php on line 647.
 1 SYSTEMPATH\Database\BaseBuilder.php(1616): CodeIgniter\Database\BaseConnection->query('SELECT *
FROM `pagamentos`
JOIN `clientes_planos` ON `clientes_planos`.`id` = `pagamentos`.`cliente_planos_id`
JOIN `cliente` ON `cliente`.`id` = `clientes_planos`.`cliente_id`
JOIN `cliente` ON `cliente`.`id` = `plano`.`id`', [], false)
 2 SYSTEMPATH\Model.php(242): CodeIgniter\Database\BaseBuilder->get()
 3 SYSTEMPATH\BaseModel.php(638): CodeIgniter\Model->doFindAll(0, 0)
 4 APPPATH\Controllers\Cliente.php(181): CodeIgniter\BaseModel->findAll()
 5 SYSTEMPATH\CodeIgniter.php(941): App\Controllers\Cliente->pesquisarPag()
 6 SYSTEMPATH\CodeIgniter.php(502): CodeIgniter\CodeIgniter->runController(Object(App\Controllers\Cliente))
 7 SYSTEMPATH\CodeIgniter.php(361): CodeIgniter\CodeIgniter->handleRequest(null, Object(Config\Cache), false)
 8 FCPATH\index.php(85): CodeIgniter\CodeIgniter->run()
CRITICAL - 2025-09-08 13:59:32 --> [Caused by] CodeIgniter\Database\Exceptions\DatabaseException: Not unique table/alias: 'cliente'
in SYSTEMPATH\Database\MySQLi\Connection.php on line 311.
 1 SYSTEMPATH\Database\BaseConnection.php(693): CodeIgniter\Database\MySQLi\Connection->execute('SELECT *
FROM `pagamentos`
JOIN `clientes_planos` ON `clientes_planos`.`id` = `pagamentos`.`cliente_planos_id`
JOIN `cliente` ON `cliente`.`id` = `clientes_planos`.`cliente_id`
JOIN `cliente` ON `cliente`.`id` = `plano`.`id`')
 2 SYSTEMPATH\Database\BaseConnection.php(607): CodeIgniter\Database\BaseConnection->simpleQuery('SELECT *
FROM `pagamentos`
JOIN `clientes_planos` ON `clientes_planos`.`id` = `pagamentos`.`cliente_planos_id`
JOIN `cliente` ON `cliente`.`id` = `clientes_planos`.`cliente_id`
JOIN `cliente` ON `cliente`.`id` = `plano`.`id`')
 3 SYSTEMPATH\Database\BaseBuilder.php(1616): CodeIgniter\Database\BaseConnection->query('SELECT *
FROM `pagamentos`
JOIN `clientes_planos` ON `clientes_planos`.`id` = `pagamentos`.`cliente_planos_id`
JOIN `cliente` ON `cliente`.`id` = `clientes_planos`.`cliente_id`
JOIN `cliente` ON `cliente`.`id` = `plano`.`id`', [], false)
 4 SYSTEMPATH\Model.php(242): CodeIgniter\Database\BaseBuilder->get()
 5 SYSTEMPATH\BaseModel.php(638): CodeIgniter\Model->doFindAll(0, 0)
 6 APPPATH\Controllers\Cliente.php(181): CodeIgniter\BaseModel->findAll()
 7 SYSTEMPATH\CodeIgniter.php(941): App\Controllers\Cliente->pesquisarPag()
 8 SYSTEMPATH\CodeIgniter.php(502): CodeIgniter\CodeIgniter->runController(Object(App\Controllers\Cliente))
 9 SYSTEMPATH\CodeIgniter.php(361): CodeIgniter\CodeIgniter->handleRequest(null, Object(Config\Cache), false)
10 FCPATH\index.php(85): CodeIgniter\CodeIgniter->run()
CRITICAL - 2025-09-08 13:59:32 --> [Caused by] mysqli_sql_exception: Not unique table/alias: 'cliente'
in SYSTEMPATH\Database\MySQLi\Connection.php on line 306.
 1 SYSTEMPATH\Database\MySQLi\Connection.php(306): mysqli->query('SELECT *
FROM `pagamentos`
JOIN `clientes_planos` ON `clientes_planos`.`id` = `pagamentos`.`cliente_planos_id`
JOIN `cliente` ON `cliente`.`id` = `clientes_planos`.`cliente_id`
JOIN `cliente` ON `cliente`.`id` = `plano`.`id`', 0)
 2 SYSTEMPATH\Database\BaseConnection.php(693): CodeIgniter\Database\MySQLi\Connection->execute('SELECT *
FROM `pagamentos`
JOIN `clientes_planos` ON `clientes_planos`.`id` = `pagamentos`.`cliente_planos_id`
JOIN `cliente` ON `cliente`.`id` = `clientes_planos`.`cliente_id`
JOIN `cliente` ON `cliente`.`id` = `plano`.`id`')
 3 SYSTEMPATH\Database\BaseConnection.php(607): CodeIgniter\Database\BaseConnection->simpleQuery('SELECT *
FROM `pagamentos`
JOIN `clientes_planos` ON `clientes_planos`.`id` = `pagamentos`.`cliente_planos_id`
JOIN `cliente` ON `cliente`.`id` = `clientes_planos`.`cliente_id`
JOIN `cliente` ON `cliente`.`id` = `plano`.`id`')
 4 SYSTEMPATH\Database\BaseBuilder.php(1616): CodeIgniter\Database\BaseConnection->query('SELECT *
FROM `pagamentos`
JOIN `clientes_planos` ON `clientes_planos`.`id` = `pagamentos`.`cliente_planos_id`
JOIN `cliente` ON `cliente`.`id` = `clientes_planos`.`cliente_id`
JOIN `cliente` ON `cliente`.`id` = `plano`.`id`', [], false)
 5 SYSTEMPATH\Model.php(242): CodeIgniter\Database\BaseBuilder->get()
 6 SYSTEMPATH\BaseModel.php(638): CodeIgniter\Model->doFindAll(0, 0)
 7 APPPATH\Controllers\Cliente.php(181): CodeIgniter\BaseModel->findAll()
 8 SYSTEMPATH\CodeIgniter.php(941): App\Controllers\Cliente->pesquisarPag()
 9 SYSTEMPATH\CodeIgniter.php(502): CodeIgniter\CodeIgniter->runController(Object(App\Controllers\Cliente))
10 SYSTEMPATH\CodeIgniter.php(361): CodeIgniter\CodeIgniter->handleRequest(null, Object(Config\Cache), false)
11 FCPATH\index.php(85): CodeIgniter\CodeIgniter->run()
ERROR - 2025-09-08 13:59:58 --> mysqli_sql_exception: Table 'projeto-1.plano' doesn't exist in C:\wamp64\www\sites\Projeto1\Back-end\system\Database\MySQLi\Connection.php:306
Stack trace:
#0 C:\wamp64\www\sites\Projeto1\Back-end\system\Database\MySQLi\Connection.php(306): mysqli->query('SELECT *\nFROM `...', 0)
#1 C:\wamp64\www\sites\Projeto1\Back-end\system\Database\BaseConnection.php(693): CodeIgniter\Database\MySQLi\Connection->execute('SELECT *\nFROM `...')
#2 C:\wamp64\www\sites\Projeto1\Back-end\system\Database\BaseConnection.php(607): CodeIgniter\Database\BaseConnection->simpleQuery('SELECT *\nFROM `...')
#3 C:\wamp64\www\sites\Projeto1\Back-end\system\Database\BaseBuilder.php(1616): CodeIgniter\Database\BaseConnection->query('SELECT *\nFROM `...', Array, false)
#4 C:\wamp64\www\sites\Projeto1\Back-end\system\Model.php(242): CodeIgniter\Database\BaseBuilder->get()
#5 C:\wamp64\www\sites\Projeto1\Back-end\system\BaseModel.php(638): CodeIgniter\Model->doFindAll(0, 0)
#6 C:\wamp64\www\sites\Projeto1\Back-end\app\Controllers\Cliente.php(181): CodeIgniter\BaseModel->findAll()
#7 C:\wamp64\www\sites\Projeto1\Back-end\system\CodeIgniter.php(941): App\Controllers\Cliente->pesquisarPag()
#8 C:\wamp64\www\sites\Projeto1\Back-end\system\CodeIgniter.php(502): CodeIgniter\CodeIgniter->runController(Object(App\Controllers\Cliente))
#9 C:\wamp64\www\sites\Projeto1\Back-end\system\CodeIgniter.php(361): CodeIgniter\CodeIgniter->handleRequest(NULL, Object(Config\Cache), false)
#10 C:\wamp64\www\sites\Projeto1\Back-end\public\index.php(85): CodeIgniter\CodeIgniter->run()
#11 {main}
CRITICAL - 2025-09-08 13:59:58 --> CodeIgniter\Database\Exceptions\DatabaseException: Table 'projeto-1.plano' doesn't exist
in SYSTEMPATH\Database\BaseConnection.php on line 647.
 1 SYSTEMPATH\Database\BaseBuilder.php(1616): CodeIgniter\Database\BaseConnection->query('SELECT *
FROM `pagamentos`
JOIN `clientes_planos` ON `clientes_planos`.`id` = `pagamentos`.`cliente_planos_id`
JOIN `cliente` ON `cliente`.`id` = `clientes_planos`.`cliente_id`
JOIN `plano` ON `plano`.`id` = `cliente`.`plano_id`', [], false)
 2 SYSTEMPATH\Model.php(242): CodeIgniter\Database\BaseBuilder->get()
 3 SYSTEMPATH\BaseModel.php(638): CodeIgniter\Model->doFindAll(0, 0)
 4 APPPATH\Controllers\Cliente.php(181): CodeIgniter\BaseModel->findAll()
 5 SYSTEMPATH\CodeIgniter.php(941): App\Controllers\Cliente->pesquisarPag()
 6 SYSTEMPATH\CodeIgniter.php(502): CodeIgniter\CodeIgniter->runController(Object(App\Controllers\Cliente))
 7 SYSTEMPATH\CodeIgniter.php(361): CodeIgniter\CodeIgniter->handleRequest(null, Object(Config\Cache), false)
 8 FCPATH\index.php(85): CodeIgniter\CodeIgniter->run()
CRITICAL - 2025-09-08 13:59:58 --> [Caused by] CodeIgniter\Database\Exceptions\DatabaseException: Table 'projeto-1.plano' doesn't exist
in SYSTEMPATH\Database\MySQLi\Connection.php on line 311.
 1 SYSTEMPATH\Database\BaseConnection.php(693): CodeIgniter\Database\MySQLi\Connection->execute('SELECT *
FROM `pagamentos`
JOIN `clientes_planos` ON `clientes_planos`.`id` = `pagamentos`.`cliente_planos_id`
JOIN `cliente` ON `cliente`.`id` = `clientes_planos`.`cliente_id`
JOIN `plano` ON `plano`.`id` = `cliente`.`plano_id`')
 2 SYSTEMPATH\Database\BaseConnection.php(607): CodeIgniter\Database\BaseConnection->simpleQuery('SELECT *
FROM `pagamentos`
JOIN `clientes_planos` ON `clientes_planos`.`id` = `pagamentos`.`cliente_planos_id`
JOIN `cliente` ON `cliente`.`id` = `clientes_planos`.`cliente_id`
JOIN `plano` ON `plano`.`id` = `cliente`.`plano_id`')
 3 SYSTEMPATH\Database\BaseBuilder.php(1616): CodeIgniter\Database\BaseConnection->query('SELECT *
FROM `pagamentos`
JOIN `clientes_planos` ON `clientes_planos`.`id` = `pagamentos`.`cliente_planos_id`
JOIN `cliente` ON `cliente`.`id` = `clientes_planos`.`cliente_id`
JOIN `plano` ON `plano`.`id` = `cliente`.`plano_id`', [], false)
 4 SYSTEMPATH\Model.php(242): CodeIgniter\Database\BaseBuilder->get()
 5 SYSTEMPATH\BaseModel.php(638): CodeIgniter\Model->doFindAll(0, 0)
 6 APPPATH\Controllers\Cliente.php(181): CodeIgniter\BaseModel->findAll()
 7 SYSTEMPATH\CodeIgniter.php(941): App\Controllers\Cliente->pesquisarPag()
 8 SYSTEMPATH\CodeIgniter.php(502): CodeIgniter\CodeIgniter->runController(Object(App\Controllers\Cliente))
 9 SYSTEMPATH\CodeIgniter.php(361): CodeIgniter\CodeIgniter->handleRequest(null, Object(Config\Cache), false)
10 FCPATH\index.php(85): CodeIgniter\CodeIgniter->run()
CRITICAL - 2025-09-08 13:59:58 --> [Caused by] mysqli_sql_exception: Table 'projeto-1.plano' doesn't exist
in SYSTEMPATH\Database\MySQLi\Connection.php on line 306.
 1 SYSTEMPATH\Database\MySQLi\Connection.php(306): mysqli->query('SELECT *
FROM `pagamentos`
JOIN `clientes_planos` ON `clientes_planos`.`id` = `pagamentos`.`cliente_planos_id`
JOIN `cliente` ON `cliente`.`id` = `clientes_planos`.`cliente_id`
JOIN `plano` ON `plano`.`id` = `cliente`.`plano_id`', 0)
 2 SYSTEMPATH\Database\BaseConnection.php(693): CodeIgniter\Database\MySQLi\Connection->execute('SELECT *
FROM `pagamentos`
JOIN `clientes_planos` ON `clientes_planos`.`id` = `pagamentos`.`cliente_planos_id`
JOIN `cliente` ON `cliente`.`id` = `clientes_planos`.`cliente_id`
JOIN `plano` ON `plano`.`id` = `cliente`.`plano_id`')
 3 SYSTEMPATH\Database\BaseConnection.php(607): CodeIgniter\Database\BaseConnection->simpleQuery('SELECT *
FROM `pagamentos`
JOIN `clientes_planos` ON `clientes_planos`.`id` = `pagamentos`.`cliente_planos_id`
JOIN `cliente` ON `cliente`.`id` = `clientes_planos`.`cliente_id`
JOIN `plano` ON `plano`.`id` = `cliente`.`plano_id`')
 4 SYSTEMPATH\Database\BaseBuilder.php(1616): CodeIgniter\Database\BaseConnection->query('SELECT *
FROM `pagamentos`
JOIN `clientes_planos` ON `clientes_planos`.`id` = `pagamentos`.`cliente_planos_id`
JOIN `cliente` ON `cliente`.`id` = `clientes_planos`.`cliente_id`
JOIN `plano` ON `plano`.`id` = `cliente`.`plano_id`', [], false)
 5 SYSTEMPATH\Model.php(242): CodeIgniter\Database\BaseBuilder->get()
 6 SYSTEMPATH\BaseModel.php(638): CodeIgniter\Model->doFindAll(0, 0)
 7 APPPATH\Controllers\Cliente.php(181): CodeIgniter\BaseModel->findAll()
 8 SYSTEMPATH\CodeIgniter.php(941): App\Controllers\Cliente->pesquisarPag()
 9 SYSTEMPATH\CodeIgniter.php(502): CodeIgniter\CodeIgniter->runController(Object(App\Controllers\Cliente))
10 SYSTEMPATH\CodeIgniter.php(361): CodeIgniter\CodeIgniter->handleRequest(null, Object(Config\Cache), false)
11 FCPATH\index.php(85): CodeIgniter\CodeIgniter->run()
ERROR - 2025-09-08 14:00:08 --> mysqli_sql_exception: Unknown column 'cliente.planos_id' in 'on clause' in C:\wamp64\www\sites\Projeto1\Back-end\system\Database\MySQLi\Connection.php:306
Stack trace:
#0 C:\wamp64\www\sites\Projeto1\Back-end\system\Database\MySQLi\Connection.php(306): mysqli->query('SELECT *\nFROM `...', 0)
#1 C:\wamp64\www\sites\Projeto1\Back-end\system\Database\BaseConnection.php(693): CodeIgniter\Database\MySQLi\Connection->execute('SELECT *\nFROM `...')
#2 C:\wamp64\www\sites\Projeto1\Back-end\system\Database\BaseConnection.php(607): CodeIgniter\Database\BaseConnection->simpleQuery('SELECT *\nFROM `...')
#3 C:\wamp64\www\sites\Projeto1\Back-end\system\Database\BaseBuilder.php(1616): CodeIgniter\Database\BaseConnection->query('SELECT *\nFROM `...', Array, false)
#4 C:\wamp64\www\sites\Projeto1\Back-end\system\Model.php(242): CodeIgniter\Database\BaseBuilder->get()
#5 C:\wamp64\www\sites\Projeto1\Back-end\system\BaseModel.php(638): CodeIgniter\Model->doFindAll(0, 0)
#6 C:\wamp64\www\sites\Projeto1\Back-end\app\Controllers\Cliente.php(181): CodeIgniter\BaseModel->findAll()
#7 C:\wamp64\www\sites\Projeto1\Back-end\system\CodeIgniter.php(941): App\Controllers\Cliente->pesquisarPag()
#8 C:\wamp64\www\sites\Projeto1\Back-end\system\CodeIgniter.php(502): CodeIgniter\CodeIgniter->runController(Object(App\Controllers\Cliente))
#9 C:\wamp64\www\sites\Projeto1\Back-end\system\CodeIgniter.php(361): CodeIgniter\CodeIgniter->handleRequest(NULL, Object(Config\Cache), false)
#10 C:\wamp64\www\sites\Projeto1\Back-end\public\index.php(85): CodeIgniter\CodeIgniter->run()
#11 {main}
CRITICAL - 2025-09-08 14:00:08 --> CodeIgniter\Database\Exceptions\DatabaseException: Unknown column 'cliente.planos_id' in 'on clause'
in SYSTEMPATH\Database\BaseConnection.php on line 647.
 1 SYSTEMPATH\Database\BaseBuilder.php(1616): CodeIgniter\Database\BaseConnection->query('SELECT *
FROM `pagamentos`
JOIN `clientes_planos` ON `clientes_planos`.`id` = `pagamentos`.`cliente_planos_id`
JOIN `cliente` ON `cliente`.`id` = `clientes_planos`.`cliente_id`
JOIN `planos` ON `planos`.`id` = `cliente`.`planos_id`', [], false)
 2 SYSTEMPATH\Model.php(242): CodeIgniter\Database\BaseBuilder->get()
 3 SYSTEMPATH\BaseModel.php(638): CodeIgniter\Model->doFindAll(0, 0)
 4 APPPATH\Controllers\Cliente.php(181): CodeIgniter\BaseModel->findAll()
 5 SYSTEMPATH\CodeIgniter.php(941): App\Controllers\Cliente->pesquisarPag()
 6 SYSTEMPATH\CodeIgniter.php(502): CodeIgniter\CodeIgniter->runController(Object(App\Controllers\Cliente))
 7 SYSTEMPATH\CodeIgniter.php(361): CodeIgniter\CodeIgniter->handleRequest(null, Object(Config\Cache), false)
 8 FCPATH\index.php(85): CodeIgniter\CodeIgniter->run()
CRITICAL - 2025-09-08 14:00:08 --> [Caused by] CodeIgniter\Database\Exceptions\DatabaseException: Unknown column 'cliente.planos_id' in 'on clause'
in SYSTEMPATH\Database\MySQLi\Connection.php on line 311.
 1 SYSTEMPATH\Database\BaseConnection.php(693): CodeIgniter\Database\MySQLi\Connection->execute('SELECT *
FROM `pagamentos`
JOIN `clientes_planos` ON `clientes_planos`.`id` = `pagamentos`.`cliente_planos_id`
JOIN `cliente` ON `cliente`.`id` = `clientes_planos`.`cliente_id`
JOIN `planos` ON `planos`.`id` = `cliente`.`planos_id`')
 2 SYSTEMPATH\Database\BaseConnection.php(607): CodeIgniter\Database\BaseConnection->simpleQuery('SELECT *
FROM `pagamentos`
JOIN `clientes_planos` ON `clientes_planos`.`id` = `pagamentos`.`cliente_planos_id`
JOIN `cliente` ON `cliente`.`id` = `clientes_planos`.`cliente_id`
JOIN `planos` ON `planos`.`id` = `cliente`.`planos_id`')
 3 SYSTEMPATH\Database\BaseBuilder.php(1616): CodeIgniter\Database\BaseConnection->query('SELECT *
FROM `pagamentos`
JOIN `clientes_planos` ON `clientes_planos`.`id` = `pagamentos`.`cliente_planos_id`
JOIN `cliente` ON `cliente`.`id` = `clientes_planos`.`cliente_id`
JOIN `planos` ON `planos`.`id` = `cliente`.`planos_id`', [], false)
 4 SYSTEMPATH\Model.php(242): CodeIgniter\Database\BaseBuilder->get()
 5 SYSTEMPATH\BaseModel.php(638): CodeIgniter\Model->doFindAll(0, 0)
 6 APPPATH\Controllers\Cliente.php(181): CodeIgniter\BaseModel->findAll()
 7 SYSTEMPATH\CodeIgniter.php(941): App\Controllers\Cliente->pesquisarPag()
 8 SYSTEMPATH\CodeIgniter.php(502): CodeIgniter\CodeIgniter->runController(Object(App\Controllers\Cliente))
 9 SYSTEMPATH\CodeIgniter.php(361): CodeIgniter\CodeIgniter->handleRequest(null, Object(Config\Cache), false)
10 FCPATH\index.php(85): CodeIgniter\CodeIgniter->run()
CRITICAL - 2025-09-08 14:00:08 --> [Caused by] mysqli_sql_exception: Unknown column 'cliente.planos_id' in 'on clause'
in SYSTEMPATH\Database\MySQLi\Connection.php on line 306.
 1 SYSTEMPATH\Database\MySQLi\Connection.php(306): mysqli->query('SELECT *
FROM `pagamentos`
JOIN `clientes_planos` ON `clientes_planos`.`id` = `pagamentos`.`cliente_planos_id`
JOIN `cliente` ON `cliente`.`id` = `clientes_planos`.`cliente_id`
JOIN `planos` ON `planos`.`id` = `cliente`.`planos_id`', 0)
 2 SYSTEMPATH\Database\BaseConnection.php(693): CodeIgniter\Database\MySQLi\Connection->execute('SELECT *
FROM `pagamentos`
JOIN `clientes_planos` ON `clientes_planos`.`id` = `pagamentos`.`cliente_planos_id`
JOIN `cliente` ON `cliente`.`id` = `clientes_planos`.`cliente_id`
JOIN `planos` ON `planos`.`id` = `cliente`.`planos_id`')
 3 SYSTEMPATH\Database\BaseConnection.php(607): CodeIgniter\Database\BaseConnection->simpleQuery('SELECT *
FROM `pagamentos`
JOIN `clientes_planos` ON `clientes_planos`.`id` = `pagamentos`.`cliente_planos_id`
JOIN `cliente` ON `cliente`.`id` = `clientes_planos`.`cliente_id`
JOIN `planos` ON `planos`.`id` = `cliente`.`planos_id`')
 4 SYSTEMPATH\Database\BaseBuilder.php(1616): CodeIgniter\Database\BaseConnection->query('SELECT *
FROM `pagamentos`
JOIN `clientes_planos` ON `clientes_planos`.`id` = `pagamentos`.`cliente_planos_id`
JOIN `cliente` ON `cliente`.`id` = `clientes_planos`.`cliente_id`
JOIN `planos` ON `planos`.`id` = `cliente`.`planos_id`', [], false)
 5 SYSTEMPATH\Model.php(242): CodeIgniter\Database\BaseBuilder->get()
 6 SYSTEMPATH\BaseModel.php(638): CodeIgniter\Model->doFindAll(0, 0)
 7 APPPATH\Controllers\Cliente.php(181): CodeIgniter\BaseModel->findAll()
 8 SYSTEMPATH\CodeIgniter.php(941): App\Controllers\Cliente->pesquisarPag()
 9 SYSTEMPATH\CodeIgniter.php(502): CodeIgniter\CodeIgniter->runController(Object(App\Controllers\Cliente))
10 SYSTEMPATH\CodeIgniter.php(361): CodeIgniter\CodeIgniter->handleRequest(null, Object(Config\Cache), false)
11 FCPATH\index.php(85): CodeIgniter\CodeIgniter->run()
CRITICAL - 2025-09-08 20:12:30 --> ErrorException: Attempt to read property "id" on int
in APPPATH\Controllers\Extras.php on line 79.
 1 APPPATH\Controllers\Extras.php(79): CodeIgniter\Debug\Exceptions->errorHandler(2, 'Attempt to read property "id" on int', 'C:\\wamp64\\www\\sites\\Projeto1\\Back-end\\app\\Controllers\\Extras.php', 79)
 2 SYSTEMPATH\CodeIgniter.php(941): App\Controllers\Extras->readId()
 3 SYSTEMPATH\CodeIgniter.php(502): CodeIgniter\CodeIgniter->runController(Object(App\Controllers\Extras))
 4 SYSTEMPATH\CodeIgniter.php(361): CodeIgniter\CodeIgniter->handleRequest(null, Object(Config\Cache), false)
 5 FCPATH\index.php(85): CodeIgniter\CodeIgniter->run()
