CRITICAL - 2024-08-08 22:31:10 --> ErrorException: Attempt to read property "insert_id" on bool
in SYSTEMPATH\Database\MySQLi\Connection.php on line 588.
 1 SYSTEMPATH\Database\MySQLi\Connection.php(588): CodeIgniter\Debug\Exceptions->errorHandler(2, 'Attempt to read property "insert_id" on bool', 'C:\\wamp64\\www\\sites\\Projeto1\\Back-end\\system\\Database\\MySQLi\\Connection.php', 588)
 2 SYSTEMPATH\Model.php(868): CodeIgniter\Database\MySQLi\Connection->insertID()
 3 APPPATH\Controllers\Academia.php(27): CodeIgniter\Model->__call('insertID', [])
 4 SYSTEMPATH\CodeIgniter.php(941): App\Controllers\Academia->create()
 5 SYSTEMPATH\CodeIgniter.php(502): CodeIgniter\CodeIgniter->runController(Object(App\Controllers\Academia))
 6 SYSTEMPATH\CodeIgniter.php(361): CodeIgniter\CodeIgniter->handleRequest(null, Object(Config\Cache), false)
 7 FCPATH\index.php(85): CodeIgniter\CodeIgniter->run()
CRITICAL - 2024-08-08 22:32:17 --> ErrorException: Attempt to read property "insert_id" on bool
in SYSTEMPATH\Database\MySQLi\Connection.php on line 588.
 1 SYSTEMPATH\Database\MySQLi\Connection.php(588): CodeIgniter\Debug\Exceptions->errorHandler(2, 'Attempt to read property "insert_id" on bool', 'C:\\wamp64\\www\\sites\\Projeto1\\Back-end\\system\\Database\\MySQLi\\Connection.php', 588)
 2 SYSTEMPATH\Model.php(868): CodeIgniter\Database\MySQLi\Connection->insertID()
 3 APPPATH\Controllers\Academia.php(27): CodeIgniter\Model->__call('insertID', [])
 4 SYSTEMPATH\CodeIgniter.php(941): App\Controllers\Academia->create()
 5 SYSTEMPATH\CodeIgniter.php(502): CodeIgniter\CodeIgniter->runController(Object(App\Controllers\Academia))
 6 SYSTEMPATH\CodeIgniter.php(361): CodeIgniter\CodeIgniter->handleRequest(null, Object(Config\Cache), false)
 7 FCPATH\index.php(85): CodeIgniter\CodeIgniter->run()
CRITICAL - 2024-08-08 22:33:02 --> ErrorException: Attempt to read property "insert_id" on bool
in SYSTEMPATH\Database\MySQLi\Connection.php on line 588.
 1 SYSTEMPATH\Database\MySQLi\Connection.php(588): CodeIgniter\Debug\Exceptions->errorHandler(2, 'Attempt to read property "insert_id" on bool', 'C:\\wamp64\\www\\sites\\Projeto1\\Back-end\\system\\Database\\MySQLi\\Connection.php', 588)
 2 SYSTEMPATH\Model.php(868): CodeIgniter\Database\MySQLi\Connection->insertID()
 3 APPPATH\Controllers\Academia.php(25): CodeIgniter\Model->__call('insertID', [])
 4 SYSTEMPATH\CodeIgniter.php(941): App\Controllers\Academia->create()
 5 SYSTEMPATH\CodeIgniter.php(502): CodeIgniter\CodeIgniter->runController(Object(App\Controllers\Academia))
 6 SYSTEMPATH\CodeIgniter.php(361): CodeIgniter\CodeIgniter->handleRequest(null, Object(Config\Cache), false)
 7 FCPATH\index.php(85): CodeIgniter\CodeIgniter->run()
CRITICAL - 2024-08-08 22:33:03 --> ErrorException: Attempt to read property "insert_id" on bool
in SYSTEMPATH\Database\MySQLi\Connection.php on line 588.
 1 SYSTEMPATH\Database\MySQLi\Connection.php(588): CodeIgniter\Debug\Exceptions->errorHandler(2, 'Attempt to read property "insert_id" on bool', 'C:\\wamp64\\www\\sites\\Projeto1\\Back-end\\system\\Database\\MySQLi\\Connection.php', 588)
 2 SYSTEMPATH\Model.php(868): CodeIgniter\Database\MySQLi\Connection->insertID()
 3 APPPATH\Controllers\Academia.php(25): CodeIgniter\Model->__call('insertID', [])
 4 SYSTEMPATH\CodeIgniter.php(941): App\Controllers\Academia->create()
 5 SYSTEMPATH\CodeIgniter.php(502): CodeIgniter\CodeIgniter->runController(Object(App\Controllers\Academia))
 6 SYSTEMPATH\CodeIgniter.php(361): CodeIgniter\CodeIgniter->handleRequest(null, Object(Config\Cache), false)
 7 FCPATH\index.php(85): CodeIgniter\CodeIgniter->run()
CRITICAL - 2024-08-08 22:33:10 --> ErrorException: Attempt to read property "insert_id" on bool
in SYSTEMPATH\Database\MySQLi\Connection.php on line 588.
 1 SYSTEMPATH\Database\MySQLi\Connection.php(588): CodeIgniter\Debug\Exceptions->errorHandler(2, 'Attempt to read property "insert_id" on bool', 'C:\\wamp64\\www\\sites\\Projeto1\\Back-end\\system\\Database\\MySQLi\\Connection.php', 588)
 2 SYSTEMPATH\Model.php(868): CodeIgniter\Database\MySQLi\Connection->insertID()
 3 APPPATH\Controllers\Academia.php(25): CodeIgniter\Model->__call('insertID', [])
 4 SYSTEMPATH\CodeIgniter.php(941): App\Controllers\Academia->create()
 5 SYSTEMPATH\CodeIgniter.php(502): CodeIgniter\CodeIgniter->runController(Object(App\Controllers\Academia))
 6 SYSTEMPATH\CodeIgniter.php(361): CodeIgniter\CodeIgniter->handleRequest(null, Object(Config\Cache), false)
 7 FCPATH\index.php(85): CodeIgniter\CodeIgniter->run()
CRITICAL - 2024-08-08 22:33:20 --> ErrorException: Attempt to read property "insert_id" on bool
in SYSTEMPATH\Database\MySQLi\Connection.php on line 588.
 1 SYSTEMPATH\Database\MySQLi\Connection.php(588): CodeIgniter\Debug\Exceptions->errorHandler(2, 'Attempt to read property "insert_id" on bool', 'C:\\wamp64\\www\\sites\\Projeto1\\Back-end\\system\\Database\\MySQLi\\Connection.php', 588)
 2 SYSTEMPATH\Model.php(868): CodeIgniter\Database\MySQLi\Connection->insertID()
 3 APPPATH\Controllers\Academia.php(25): CodeIgniter\Model->__call('insertID', [])
 4 SYSTEMPATH\CodeIgniter.php(941): App\Controllers\Academia->create()
 5 SYSTEMPATH\CodeIgniter.php(502): CodeIgniter\CodeIgniter->runController(Object(App\Controllers\Academia))
 6 SYSTEMPATH\CodeIgniter.php(361): CodeIgniter\CodeIgniter->handleRequest(null, Object(Config\Cache), false)
 7 FCPATH\index.php(85): CodeIgniter\CodeIgniter->run()
CRITICAL - 2024-08-08 22:33:21 --> ErrorException: Attempt to read property "insert_id" on bool
in SYSTEMPATH\Database\MySQLi\Connection.php on line 588.
 1 SYSTEMPATH\Database\MySQLi\Connection.php(588): CodeIgniter\Debug\Exceptions->errorHandler(2, 'Attempt to read property "insert_id" on bool', 'C:\\wamp64\\www\\sites\\Projeto1\\Back-end\\system\\Database\\MySQLi\\Connection.php', 588)
 2 SYSTEMPATH\Model.php(868): CodeIgniter\Database\MySQLi\Connection->insertID()
 3 APPPATH\Controllers\Academia.php(25): CodeIgniter\Model->__call('insertID', [])
 4 SYSTEMPATH\CodeIgniter.php(941): App\Controllers\Academia->create()
 5 SYSTEMPATH\CodeIgniter.php(502): CodeIgniter\CodeIgniter->runController(Object(App\Controllers\Academia))
 6 SYSTEMPATH\CodeIgniter.php(361): CodeIgniter\CodeIgniter->handleRequest(null, Object(Config\Cache), false)
 7 FCPATH\index.php(85): CodeIgniter\CodeIgniter->run()
CRITICAL - 2024-08-08 22:33:27 --> ErrorException: Attempt to read property "insert_id" on bool
in SYSTEMPATH\Database\MySQLi\Connection.php on line 588.
 1 SYSTEMPATH\Database\MySQLi\Connection.php(588): CodeIgniter\Debug\Exceptions->errorHandler(2, 'Attempt to read property "insert_id" on bool', 'C:\\wamp64\\www\\sites\\Projeto1\\Back-end\\system\\Database\\MySQLi\\Connection.php', 588)
 2 SYSTEMPATH\Model.php(868): CodeIgniter\Database\MySQLi\Connection->insertID()
 3 APPPATH\Controllers\Academia.php(25): CodeIgniter\Model->__call('insertID', [])
 4 SYSTEMPATH\CodeIgniter.php(941): App\Controllers\Academia->create()
 5 SYSTEMPATH\CodeIgniter.php(502): CodeIgniter\CodeIgniter->runController(Object(App\Controllers\Academia))
 6 SYSTEMPATH\CodeIgniter.php(361): CodeIgniter\CodeIgniter->handleRequest(null, Object(Config\Cache), false)
 7 FCPATH\index.php(85): CodeIgniter\CodeIgniter->run()
CRITICAL - 2024-08-08 22:33:29 --> ErrorException: Attempt to read property "insert_id" on bool
in SYSTEMPATH\Database\MySQLi\Connection.php on line 588.
 1 SYSTEMPATH\Database\MySQLi\Connection.php(588): CodeIgniter\Debug\Exceptions->errorHandler(2, 'Attempt to read property "insert_id" on bool', 'C:\\wamp64\\www\\sites\\Projeto1\\Back-end\\system\\Database\\MySQLi\\Connection.php', 588)
 2 SYSTEMPATH\Model.php(868): CodeIgniter\Database\MySQLi\Connection->insertID()
 3 APPPATH\Controllers\Academia.php(25): CodeIgniter\Model->__call('insertID', [])
 4 SYSTEMPATH\CodeIgniter.php(941): App\Controllers\Academia->create()
 5 SYSTEMPATH\CodeIgniter.php(502): CodeIgniter\CodeIgniter->runController(Object(App\Controllers\Academia))
 6 SYSTEMPATH\CodeIgniter.php(361): CodeIgniter\CodeIgniter->handleRequest(null, Object(Config\Cache), false)
 7 FCPATH\index.php(85): CodeIgniter\CodeIgniter->run()
CRITICAL - 2024-08-08 22:33:30 --> ErrorException: Attempt to read property "insert_id" on bool
in SYSTEMPATH\Database\MySQLi\Connection.php on line 588.
 1 SYSTEMPATH\Database\MySQLi\Connection.php(588): CodeIgniter\Debug\Exceptions->errorHandler(2, 'Attempt to read property "insert_id" on bool', 'C:\\wamp64\\www\\sites\\Projeto1\\Back-end\\system\\Database\\MySQLi\\Connection.php', 588)
 2 SYSTEMPATH\Model.php(868): CodeIgniter\Database\MySQLi\Connection->insertID()
 3 APPPATH\Controllers\Academia.php(25): CodeIgniter\Model->__call('insertID', [])
 4 SYSTEMPATH\CodeIgniter.php(941): App\Controllers\Academia->create()
 5 SYSTEMPATH\CodeIgniter.php(502): CodeIgniter\CodeIgniter->runController(Object(App\Controllers\Academia))
 6 SYSTEMPATH\CodeIgniter.php(361): CodeIgniter\CodeIgniter->handleRequest(null, Object(Config\Cache), false)
 7 FCPATH\index.php(85): CodeIgniter\CodeIgniter->run()
CRITICAL - 2024-08-08 22:35:44 --> Error: Object of class CodeIgniter\Database\MySQLi\Result could not be converted to string
in APPPATH\Controllers\Academia.php on line 29.
 1 SYSTEMPATH\CodeIgniter.php(941): App\Controllers\Academia->create()
 2 SYSTEMPATH\CodeIgniter.php(502): CodeIgniter\CodeIgniter->runController(Object(App\Controllers\Academia))
 3 SYSTEMPATH\CodeIgniter.php(361): CodeIgniter\CodeIgniter->handleRequest(null, Object(Config\Cache), false)
 4 FCPATH\index.php(85): CodeIgniter\CodeIgniter->run()
CRITICAL - 2024-08-08 22:35:56 --> ErrorException: Array to string conversion
in APPPATH\Controllers\Academia.php on line 29.
 1 APPPATH\Controllers\Academia.php(29): CodeIgniter\Debug\Exceptions->errorHandler(2, 'Array to string conversion', 'C:\\wamp64\\www\\sites\\Projeto1\\Back-end\\app\\Controllers\\Academia.php', 29)
 2 SYSTEMPATH\CodeIgniter.php(941): App\Controllers\Academia->create()
 3 SYSTEMPATH\CodeIgniter.php(502): CodeIgniter\CodeIgniter->runController(Object(App\Controllers\Academia))
 4 SYSTEMPATH\CodeIgniter.php(361): CodeIgniter\CodeIgniter->handleRequest(null, Object(Config\Cache), false)
 5 FCPATH\index.php(85): CodeIgniter\CodeIgniter->run()
CRITICAL - 2024-08-08 22:37:09 --> BadMethodCallException: Call to undefined method App\Models\AcademiaModel::affected_rows
in SYSTEMPATH\Model.php on line 874.
 1 APPPATH\Controllers\Academia.php(56): CodeIgniter\Model->__call('affected_rows', [])
 2 SYSTEMPATH\CodeIgniter.php(941): App\Controllers\Academia->create()
 3 SYSTEMPATH\CodeIgniter.php(502): CodeIgniter\CodeIgniter->runController(Object(App\Controllers\Academia))
 4 SYSTEMPATH\CodeIgniter.php(361): CodeIgniter\CodeIgniter->handleRequest(null, Object(Config\Cache), false)
 5 FCPATH\index.php(85): CodeIgniter\CodeIgniter->run()
CRITICAL - 2024-08-08 22:40:21 --> CodeIgniter\Database\Exceptions\DatabaseException: updateBatch() has no data.
in SYSTEMPATH\Database\BaseBuilder.php on line 1774.
 1 SYSTEMPATH\Database\BaseBuilder.php(2560): CodeIgniter\Database\BaseBuilder->batchExecute('_updateBatch', 100)
 2 SYSTEMPATH\Model.php(411): CodeIgniter\Database\BaseBuilder->updateBatch(null, null, 100)
 3 SYSTEMPATH\BaseModel.php(1067): CodeIgniter\Model->doUpdateBatch(null, null, 100, false)
 4 APPPATH\Controllers\Academia.php(56): CodeIgniter\BaseModel->updateBatch()
 5 SYSTEMPATH\CodeIgniter.php(941): App\Controllers\Academia->create()
 6 SYSTEMPATH\CodeIgniter.php(502): CodeIgniter\CodeIgniter->runController(Object(App\Controllers\Academia))
 7 SYSTEMPATH\CodeIgniter.php(361): CodeIgniter\CodeIgniter->handleRequest(null, Object(Config\Cache), false)
 8 FCPATH\index.php(85): CodeIgniter\CodeIgniter->run()
