CRITICAL - 2024-05-04 01:12:01 --> TypeError: Cannot access offset of type string on string
in APPPATH\Controllers\Admin.php on line 68.
 1 SYSTEMPATH\CodeIgniter.php(941): App\Controllers\Admin->Modaleditar()
 2 SYSTEMPATH\CodeIgniter.php(502): CodeIgniter\CodeIgniter->runController(Object(App\Controllers\Admin))
 3 SYSTEMPATH\CodeIgniter.php(361): CodeIgniter\CodeIgniter->handleRequest(null, Object(Config\Cache), false)
 4 FCPATH\index.php(85): CodeIgniter\CodeIgniter->run()
CRITICAL - 2024-05-04 01:12:13 --> TypeError: Cannot access offset of type string on string
in APPPATH\Controllers\Admin.php on line 68.
 1 SYSTEMPATH\CodeIgniter.php(941): App\Controllers\Admin->Modaleditar()
 2 SYSTEMPATH\CodeIgniter.php(502): CodeIgniter\CodeIgniter->runController(Object(App\Controllers\Admin))
 3 SYSTEMPATH\CodeIgniter.php(361): CodeIgniter\CodeIgniter->handleRequest(null, Object(Config\Cache), false)
 4 FCPATH\index.php(85): CodeIgniter\CodeIgniter->run()
CRITICAL - 2024-05-04 01:13:28 --> TypeError: Cannot access offset of type string on string
in APPPATH\Controllers\Admin.php on line 68.
 1 SYSTEMPATH\CodeIgniter.php(941): App\Controllers\Admin->Modaleditar()
 2 SYSTEMPATH\CodeIgniter.php(502): CodeIgniter\CodeIgniter->runController(Object(App\Controllers\Admin))
 3 SYSTEMPATH\CodeIgniter.php(361): CodeIgniter\CodeIgniter->handleRequest(null, Object(Config\Cache), false)
 4 FCPATH\index.php(85): CodeIgniter\CodeIgniter->run()
CRITICAL - 2024-05-04 01:13:40 --> TypeError: Cannot access offset of type string on string
in APPPATH\Controllers\Admin.php on line 68.
 1 SYSTEMPATH\CodeIgniter.php(941): App\Controllers\Admin->Modaleditar()
 2 SYSTEMPATH\CodeIgniter.php(502): CodeIgniter\CodeIgniter->runController(Object(App\Controllers\Admin))
 3 SYSTEMPATH\CodeIgniter.php(361): CodeIgniter\CodeIgniter->handleRequest(null, Object(Config\Cache), false)
 4 FCPATH\index.php(85): CodeIgniter\CodeIgniter->run()
CRITICAL - 2024-05-04 01:14:26 --> TypeError: Cannot access offset of type string on string
in APPPATH\Controllers\Admin.php on line 68.
 1 SYSTEMPATH\CodeIgniter.php(941): App\Controllers\Admin->Modaleditar()
 2 SYSTEMPATH\CodeIgniter.php(502): CodeIgniter\CodeIgniter->runController(Object(App\Controllers\Admin))
 3 SYSTEMPATH\CodeIgniter.php(361): CodeIgniter\CodeIgniter->handleRequest(null, Object(Config\Cache), false)
 4 FCPATH\index.php(85): CodeIgniter\CodeIgniter->run()
CRITICAL - 2024-05-04 01:14:35 --> TypeError: Cannot access offset of type string on string
in APPPATH\Controllers\Admin.php on line 68.
 1 SYSTEMPATH\CodeIgniter.php(941): App\Controllers\Admin->Modaleditar()
 2 SYSTEMPATH\CodeIgniter.php(502): CodeIgniter\CodeIgniter->runController(Object(App\Controllers\Admin))
 3 SYSTEMPATH\CodeIgniter.php(361): CodeIgniter\CodeIgniter->handleRequest(null, Object(Config\Cache), false)
 4 FCPATH\index.php(85): CodeIgniter\CodeIgniter->run()
CRITICAL - 2024-05-04 01:14:39 --> TypeError: Cannot access offset of type string on string
in APPPATH\Controllers\Admin.php on line 68.
 1 SYSTEMPATH\CodeIgniter.php(941): App\Controllers\Admin->Modaleditar()
 2 SYSTEMPATH\CodeIgniter.php(502): CodeIgniter\CodeIgniter->runController(Object(App\Controllers\Admin))
 3 SYSTEMPATH\CodeIgniter.php(361): CodeIgniter\CodeIgniter->handleRequest(null, Object(Config\Cache), false)
 4 FCPATH\index.php(85): CodeIgniter\CodeIgniter->run()
CRITICAL - 2024-05-04 01:14:39 --> TypeError: Cannot access offset of type string on string
in APPPATH\Controllers\Admin.php on line 68.
 1 SYSTEMPATH\CodeIgniter.php(941): App\Controllers\Admin->Modaleditar()
 2 SYSTEMPATH\CodeIgniter.php(502): CodeIgniter\CodeIgniter->runController(Object(App\Controllers\Admin))
 3 SYSTEMPATH\CodeIgniter.php(361): CodeIgniter\CodeIgniter->handleRequest(null, Object(Config\Cache), false)
 4 FCPATH\index.php(85): CodeIgniter\CodeIgniter->run()
CRITICAL - 2024-05-04 01:14:45 --> TypeError: Cannot access offset of type string on string
in APPPATH\Controllers\Admin.php on line 68.
 1 SYSTEMPATH\CodeIgniter.php(941): App\Controllers\Admin->Modaleditar()
 2 SYSTEMPATH\CodeIgniter.php(502): CodeIgniter\CodeIgniter->runController(Object(App\Controllers\Admin))
 3 SYSTEMPATH\CodeIgniter.php(361): CodeIgniter\CodeIgniter->handleRequest(null, Object(Config\Cache), false)
 4 FCPATH\index.php(85): CodeIgniter\CodeIgniter->run()
CRITICAL - 2024-05-04 01:14:51 --> TypeError: Cannot access offset of type string on string
in APPPATH\Controllers\Admin.php on line 68.
 1 SYSTEMPATH\CodeIgniter.php(941): App\Controllers\Admin->Modaleditar()
 2 SYSTEMPATH\CodeIgniter.php(502): CodeIgniter\CodeIgniter->runController(Object(App\Controllers\Admin))
 3 SYSTEMPATH\CodeIgniter.php(361): CodeIgniter\CodeIgniter->handleRequest(null, Object(Config\Cache), false)
 4 FCPATH\index.php(85): CodeIgniter\CodeIgniter->run()
CRITICAL - 2024-05-04 01:15:19 --> TypeError: Cannot access offset of type string on string
in APPPATH\Controllers\Admin.php on line 68.
 1 SYSTEMPATH\CodeIgniter.php(941): App\Controllers\Admin->Modaleditar()
 2 SYSTEMPATH\CodeIgniter.php(502): CodeIgniter\CodeIgniter->runController(Object(App\Controllers\Admin))
 3 SYSTEMPATH\CodeIgniter.php(361): CodeIgniter\CodeIgniter->handleRequest(null, Object(Config\Cache), false)
 4 FCPATH\index.php(85): CodeIgniter\CodeIgniter->run()
CRITICAL - 2024-05-04 01:15:34 --> TypeError: Cannot access offset of type string on string
in APPPATH\Controllers\Admin.php on line 68.
 1 SYSTEMPATH\CodeIgniter.php(941): App\Controllers\Admin->Modaleditar()
 2 SYSTEMPATH\CodeIgniter.php(502): CodeIgniter\CodeIgniter->runController(Object(App\Controllers\Admin))
 3 SYSTEMPATH\CodeIgniter.php(361): CodeIgniter\CodeIgniter->handleRequest(null, Object(Config\Cache), false)
 4 FCPATH\index.php(85): CodeIgniter\CodeIgniter->run()
CRITICAL - 2024-05-04 01:15:37 --> ErrorException: Trying to access array offset on value of type int
in APPPATH\Controllers\Admin.php on line 68.
 1 APPPATH\Controllers\Admin.php(68): CodeIgniter\Debug\Exceptions->errorHandler(2, 'Trying to access array offset on value of type int', 'C:\\wamp64\\www\\sites\\Projeto1\\Back-end\\app\\Controllers\\Admin.php', 68)
 2 SYSTEMPATH\CodeIgniter.php(941): App\Controllers\Admin->Modaleditar()
 3 SYSTEMPATH\CodeIgniter.php(502): CodeIgniter\CodeIgniter->runController(Object(App\Controllers\Admin))
 4 SYSTEMPATH\CodeIgniter.php(361): CodeIgniter\CodeIgniter->handleRequest(null, Object(Config\Cache), false)
 5 FCPATH\index.php(85): CodeIgniter\CodeIgniter->run()
CRITICAL - 2024-05-04 01:15:43 --> ErrorException: Trying to access array offset on value of type int
in APPPATH\Controllers\Admin.php on line 68.
 1 APPPATH\Controllers\Admin.php(68): CodeIgniter\Debug\Exceptions->errorHandler(2, 'Trying to access array offset on value of type int', 'C:\\wamp64\\www\\sites\\Projeto1\\Back-end\\app\\Controllers\\Admin.php', 68)
 2 SYSTEMPATH\CodeIgniter.php(941): App\Controllers\Admin->Modaleditar()
 3 SYSTEMPATH\CodeIgniter.php(502): CodeIgniter\CodeIgniter->runController(Object(App\Controllers\Admin))
 4 SYSTEMPATH\CodeIgniter.php(361): CodeIgniter\CodeIgniter->handleRequest(null, Object(Config\Cache), false)
 5 FCPATH\index.php(85): CodeIgniter\CodeIgniter->run()
CRITICAL - 2024-05-04 01:16:07 --> ErrorException: Trying to access array offset on value of type int
in APPPATH\Controllers\Admin.php on line 68.
 1 APPPATH\Controllers\Admin.php(68): CodeIgniter\Debug\Exceptions->errorHandler(2, 'Trying to access array offset on value of type int', 'C:\\wamp64\\www\\sites\\Projeto1\\Back-end\\app\\Controllers\\Admin.php', 68)
 2 SYSTEMPATH\CodeIgniter.php(941): App\Controllers\Admin->Modaleditar()
 3 SYSTEMPATH\CodeIgniter.php(502): CodeIgniter\CodeIgniter->runController(Object(App\Controllers\Admin))
 4 SYSTEMPATH\CodeIgniter.php(361): CodeIgniter\CodeIgniter->handleRequest(null, Object(Config\Cache), false)
 5 FCPATH\index.php(85): CodeIgniter\CodeIgniter->run()
CRITICAL - 2024-05-04 01:16:10 --> ErrorException: Trying to access array offset on value of type int
in APPPATH\Controllers\Admin.php on line 68.
 1 APPPATH\Controllers\Admin.php(68): CodeIgniter\Debug\Exceptions->errorHandler(2, 'Trying to access array offset on value of type int', 'C:\\wamp64\\www\\sites\\Projeto1\\Back-end\\app\\Controllers\\Admin.php', 68)
 2 SYSTEMPATH\CodeIgniter.php(941): App\Controllers\Admin->Modaleditar()
 3 SYSTEMPATH\CodeIgniter.php(502): CodeIgniter\CodeIgniter->runController(Object(App\Controllers\Admin))
 4 SYSTEMPATH\CodeIgniter.php(361): CodeIgniter\CodeIgniter->handleRequest(null, Object(Config\Cache), false)
 5 FCPATH\index.php(85): CodeIgniter\CodeIgniter->run()
CRITICAL - 2024-05-04 01:16:24 --> ErrorException: Trying to access array offset on value of type int
in APPPATH\Controllers\Admin.php on line 68.
 1 APPPATH\Controllers\Admin.php(68): CodeIgniter\Debug\Exceptions->errorHandler(2, 'Trying to access array offset on value of type int', 'C:\\wamp64\\www\\sites\\Projeto1\\Back-end\\app\\Controllers\\Admin.php', 68)
 2 SYSTEMPATH\CodeIgniter.php(941): App\Controllers\Admin->Modaleditar()
 3 SYSTEMPATH\CodeIgniter.php(502): CodeIgniter\CodeIgniter->runController(Object(App\Controllers\Admin))
 4 SYSTEMPATH\CodeIgniter.php(361): CodeIgniter\CodeIgniter->handleRequest(null, Object(Config\Cache), false)
 5 FCPATH\index.php(85): CodeIgniter\CodeIgniter->run()
CRITICAL - 2024-05-04 01:16:56 --> ErrorException: Trying to access array offset on value of type int
in APPPATH\Controllers\Admin.php on line 68.
 1 APPPATH\Controllers\Admin.php(68): CodeIgniter\Debug\Exceptions->errorHandler(2, 'Trying to access array offset on value of type int', 'C:\\wamp64\\www\\sites\\Projeto1\\Back-end\\app\\Controllers\\Admin.php', 68)
 2 SYSTEMPATH\CodeIgniter.php(941): App\Controllers\Admin->Modaleditar()
 3 SYSTEMPATH\CodeIgniter.php(502): CodeIgniter\CodeIgniter->runController(Object(App\Controllers\Admin))
 4 SYSTEMPATH\CodeIgniter.php(361): CodeIgniter\CodeIgniter->handleRequest(null, Object(Config\Cache), false)
 5 FCPATH\index.php(85): CodeIgniter\CodeIgniter->run()
