ERROR - 2024-05-07 01:24:38 --> mysqli_sql_exception: You have an error in your SQL syntax; check the manual that corresponds to your MySQL server version for the right syntax to use near 'IS NULL
AND `cliente`.`id` IN ('clientes')' at line 2 in C:\wamp64\www\sites\Projeto1\Back-end\system\Database\MySQLi\Connection.php:306
Stack trace:
#0 C:\wamp64\www\sites\Projeto1\Back-end\system\Database\MySQLi\Connection.php(306): mysqli->query('UPDATE `cliente...', 0)
#1 C:\wamp64\www\sites\Projeto1\Back-end\system\Database\BaseConnection.php(693): CodeIgniter\Database\MySQLi\Connection->execute('UPDATE `cliente...')
#2 C:\wamp64\www\sites\Projeto1\Back-end\system\Database\BaseConnection.php(607): CodeIgniter\Database\BaseConnection->simpleQuery('UPDATE `cliente...')
#3 C:\wamp64\www\sites\Projeto1\Back-end\system\Database\BaseBuilder.php(2474): CodeIgniter\Database\BaseConnection->query('UPDATE `cliente...', Array, false)
#4 C:\wamp64\www\sites\Projeto1\Back-end\system\Model.php(393): CodeIgniter\Database\BaseBuilder->update()
#5 C:\wamp64\www\sites\Projeto1\Back-end\system\BaseModel.php(987): CodeIgniter\Model->doUpdate(Array, Array)
#6 C:\wamp64\www\sites\Projeto1\Back-end\system\Model.php(807): CodeIgniter\BaseModel->update(Array, Array)
#7 C:\wamp64\www\sites\Projeto1\Back-end\app\Controllers\Admin.php(90): CodeIgniter\Model->update('clientes', Array)
#8 C:\wamp64\www\sites\Projeto1\Back-end\system\CodeIgniter.php(941): App\Controllers\Admin->editar()
#9 C:\wamp64\www\sites\Projeto1\Back-end\system\CodeIgniter.php(502): CodeIgniter\CodeIgniter->runController(Object(App\Controllers\Admin))
#10 C:\wamp64\www\sites\Projeto1\Back-end\system\CodeIgniter.php(361): CodeIgniter\CodeIgniter->handleRequest(NULL, Object(Config\Cache), false)
#11 C:\wamp64\www\sites\Projeto1\Back-end\public\index.php(85): CodeIgniter\CodeIgniter->run()
#12 {main}
CRITICAL - 2024-05-07 01:24:38 --> CodeIgniter\Database\Exceptions\DatabaseException: You have an error in your SQL syntax; check the manual that corresponds to your MySQL server version for the right syntax to use near 'IS NULL
AND `cliente`.`id` IN ('clientes')' at line 2
in SYSTEMPATH\Database\BaseConnection.php on line 647.
 1 SYSTEMPATH\Database\BaseBuilder.php(2474): CodeIgniter\Database\BaseConnection->query('UPDATE `cliente` SET `nome` = :nome:, `email` = :email:, `CPF` = :CPF:, `personal_id` = :personal_id:
WHERE  IS NULL
AND `cliente`.`id` IN :cliente.id:', [...], false)
 2 SYSTEMPATH\Model.php(393): CodeIgniter\Database\BaseBuilder->update()
 3 SYSTEMPATH\BaseModel.php(987): CodeIgniter\Model->doUpdate([...], [...])
 4 SYSTEMPATH\Model.php(807): CodeIgniter\BaseModel->update([...], [...])
 5 APPPATH\Controllers\Admin.php(90): CodeIgniter\Model->update('clientes', [...])
 6 SYSTEMPATH\CodeIgniter.php(941): App\Controllers\Admin->editar()
 7 SYSTEMPATH\CodeIgniter.php(502): CodeIgniter\CodeIgniter->runController(Object(App\Controllers\Admin))
 8 SYSTEMPATH\CodeIgniter.php(361): CodeIgniter\CodeIgniter->handleRequest(null, Object(Config\Cache), false)
 9 FCPATH\index.php(85): CodeIgniter\CodeIgniter->run()
CRITICAL - 2024-05-07 01:24:38 --> [Caused by] CodeIgniter\Database\Exceptions\DatabaseException: You have an error in your SQL syntax; check the manual that corresponds to your MySQL server version for the right syntax to use near 'IS NULL
AND `cliente`.`id` IN ('clientes')' at line 2
in SYSTEMPATH\Database\MySQLi\Connection.php on line 311.
 1 SYSTEMPATH\Database\BaseConnection.php(693): CodeIgniter\Database\MySQLi\Connection->execute('UPDATE `cliente` SET `nome` = NULL, `email` = NULL, `CPF` = NULL, `personal_id` = NULL
WHERE  IS NULL
AND `cliente`.`id` IN (\'clientes\')')
 2 SYSTEMPATH\Database\BaseConnection.php(607): CodeIgniter\Database\BaseConnection->simpleQuery('UPDATE `cliente` SET `nome` = NULL, `email` = NULL, `CPF` = NULL, `personal_id` = NULL
WHERE  IS NULL
AND `cliente`.`id` IN (\'clientes\')')
 3 SYSTEMPATH\Database\BaseBuilder.php(2474): CodeIgniter\Database\BaseConnection->query('UPDATE `cliente` SET `nome` = :nome:, `email` = :email:, `CPF` = :CPF:, `personal_id` = :personal_id:
WHERE  IS NULL
AND `cliente`.`id` IN :cliente.id:', [...], false)
 4 SYSTEMPATH\Model.php(393): CodeIgniter\Database\BaseBuilder->update()
 5 SYSTEMPATH\BaseModel.php(987): CodeIgniter\Model->doUpdate([...], [...])
 6 SYSTEMPATH\Model.php(807): CodeIgniter\BaseModel->update([...], [...])
 7 APPPATH\Controllers\Admin.php(90): CodeIgniter\Model->update('clientes', [...])
 8 SYSTEMPATH\CodeIgniter.php(941): App\Controllers\Admin->editar()
 9 SYSTEMPATH\CodeIgniter.php(502): CodeIgniter\CodeIgniter->runController(Object(App\Controllers\Admin))
10 SYSTEMPATH\CodeIgniter.php(361): CodeIgniter\CodeIgniter->handleRequest(null, Object(Config\Cache), false)
11 FCPATH\index.php(85): CodeIgniter\CodeIgniter->run()
CRITICAL - 2024-05-07 01:24:38 --> [Caused by] mysqli_sql_exception: You have an error in your SQL syntax; check the manual that corresponds to your MySQL server version for the right syntax to use near 'IS NULL
AND `cliente`.`id` IN ('clientes')' at line 2
in SYSTEMPATH\Database\MySQLi\Connection.php on line 306.
 1 SYSTEMPATH\Database\MySQLi\Connection.php(306): mysqli->query('UPDATE `cliente` SET `nome` = NULL, `email` = NULL, `CPF` = NULL, `personal_id` = NULL
WHERE  IS NULL
AND `cliente`.`id` IN (\'clientes\')', 0)
 2 SYSTEMPATH\Database\BaseConnection.php(693): CodeIgniter\Database\MySQLi\Connection->execute('UPDATE `cliente` SET `nome` = NULL, `email` = NULL, `CPF` = NULL, `personal_id` = NULL
WHERE  IS NULL
AND `cliente`.`id` IN (\'clientes\')')
 3 SYSTEMPATH\Database\BaseConnection.php(607): CodeIgniter\Database\BaseConnection->simpleQuery('UPDATE `cliente` SET `nome` = NULL, `email` = NULL, `CPF` = NULL, `personal_id` = NULL
WHERE  IS NULL
AND `cliente`.`id` IN (\'clientes\')')
 4 SYSTEMPATH\Database\BaseBuilder.php(2474): CodeIgniter\Database\BaseConnection->query('UPDATE `cliente` SET `nome` = :nome:, `email` = :email:, `CPF` = :CPF:, `personal_id` = :personal_id:
WHERE  IS NULL
AND `cliente`.`id` IN :cliente.id:', [...], false)
 5 SYSTEMPATH\Model.php(393): CodeIgniter\Database\BaseBuilder->update()
 6 SYSTEMPATH\BaseModel.php(987): CodeIgniter\Model->doUpdate([...], [...])
 7 SYSTEMPATH\Model.php(807): CodeIgniter\BaseModel->update([...], [...])
 8 APPPATH\Controllers\Admin.php(90): CodeIgniter\Model->update('clientes', [...])
 9 SYSTEMPATH\CodeIgniter.php(941): App\Controllers\Admin->editar()
10 SYSTEMPATH\CodeIgniter.php(502): CodeIgniter\CodeIgniter->runController(Object(App\Controllers\Admin))
11 SYSTEMPATH\CodeIgniter.php(361): CodeIgniter\CodeIgniter->handleRequest(null, Object(Config\Cache), false)
12 FCPATH\index.php(85): CodeIgniter\CodeIgniter->run()
CRITICAL - 2024-05-07 01:25:24 --> ErrorException: Undefined array key "id"
in APPPATH\Controllers\Admin.php on line 89.
 1 APPPATH\Controllers\Admin.php(89): CodeIgniter\Debug\Exceptions->errorHandler(2, 'Undefined array key "id"', 'C:\\wamp64\\www\\sites\\Projeto1\\Back-end\\app\\Controllers\\Admin.php', 89)
 2 SYSTEMPATH\CodeIgniter.php(941): App\Controllers\Admin->editar()
 3 SYSTEMPATH\CodeIgniter.php(502): CodeIgniter\CodeIgniter->runController(Object(App\Controllers\Admin))
 4 SYSTEMPATH\CodeIgniter.php(361): CodeIgniter\CodeIgniter->handleRequest(null, Object(Config\Cache), false)
 5 FCPATH\index.php(85): CodeIgniter\CodeIgniter->run()
CRITICAL - 2024-05-07 01:25:58 --> ErrorException: Undefined array key "id"
in APPPATH\Controllers\Admin.php on line 89.
 1 APPPATH\Controllers\Admin.php(89): CodeIgniter\Debug\Exceptions->errorHandler(2, 'Undefined array key "id"', 'C:\\wamp64\\www\\sites\\Projeto1\\Back-end\\app\\Controllers\\Admin.php', 89)
 2 SYSTEMPATH\CodeIgniter.php(941): App\Controllers\Admin->editar()
 3 SYSTEMPATH\CodeIgniter.php(502): CodeIgniter\CodeIgniter->runController(Object(App\Controllers\Admin))
 4 SYSTEMPATH\CodeIgniter.php(361): CodeIgniter\CodeIgniter->handleRequest(null, Object(Config\Cache), false)
 5 FCPATH\index.php(85): CodeIgniter\CodeIgniter->run()
CRITICAL - 2024-05-07 01:26:10 --> ErrorException: Undefined array key "id"
in APPPATH\Controllers\Admin.php on line 89.
 1 APPPATH\Controllers\Admin.php(89): CodeIgniter\Debug\Exceptions->errorHandler(2, 'Undefined array key "id"', 'C:\\wamp64\\www\\sites\\Projeto1\\Back-end\\app\\Controllers\\Admin.php', 89)
 2 SYSTEMPATH\CodeIgniter.php(941): App\Controllers\Admin->editar()
 3 SYSTEMPATH\CodeIgniter.php(502): CodeIgniter\CodeIgniter->runController(Object(App\Controllers\Admin))
 4 SYSTEMPATH\CodeIgniter.php(361): CodeIgniter\CodeIgniter->handleRequest(null, Object(Config\Cache), false)
 5 FCPATH\index.php(85): CodeIgniter\CodeIgniter->run()
CRITICAL - 2024-05-07 22:53:24 --> ErrorException: Undefined array key "id"
in APPPATH\Controllers\Admin.php on line 89.
 1 APPPATH\Controllers\Admin.php(89): CodeIgniter\Debug\Exceptions->errorHandler(2, 'Undefined array key "id"', 'C:\\wamp64\\www\\sites\\Projeto1\\Back-end\\app\\Controllers\\Admin.php', 89)
 2 SYSTEMPATH\CodeIgniter.php(941): App\Controllers\Admin->editar()
 3 SYSTEMPATH\CodeIgniter.php(502): CodeIgniter\CodeIgniter->runController(Object(App\Controllers\Admin))
 4 SYSTEMPATH\CodeIgniter.php(361): CodeIgniter\CodeIgniter->handleRequest(null, Object(Config\Cache), false)
 5 FCPATH\index.php(85): CodeIgniter\CodeIgniter->run()
CRITICAL - 2024-05-07 22:55:34 --> ErrorException: Undefined array key "id"
in APPPATH\Controllers\Admin.php on line 89.
 1 APPPATH\Controllers\Admin.php(89): CodeIgniter\Debug\Exceptions->errorHandler(2, 'Undefined array key "id"', 'C:\\wamp64\\www\\sites\\Projeto1\\Back-end\\app\\Controllers\\Admin.php', 89)
 2 SYSTEMPATH\CodeIgniter.php(941): App\Controllers\Admin->editar()
 3 SYSTEMPATH\CodeIgniter.php(502): CodeIgniter\CodeIgniter->runController(Object(App\Controllers\Admin))
 4 SYSTEMPATH\CodeIgniter.php(361): CodeIgniter\CodeIgniter->handleRequest(null, Object(Config\Cache), false)
 5 FCPATH\index.php(85): CodeIgniter\CodeIgniter->run()
CRITICAL - 2024-05-07 23:17:52 --> Error: Cannot use object of type CodeIgniter\Database\MySQLi\Result as array
in APPPATH\Controllers\Admin.php on line 87.
 1 SYSTEMPATH\CodeIgniter.php(941): App\Controllers\Admin->editar()
 2 SYSTEMPATH\CodeIgniter.php(502): CodeIgniter\CodeIgniter->runController(Object(App\Controllers\Admin))
 3 SYSTEMPATH\CodeIgniter.php(361): CodeIgniter\CodeIgniter->handleRequest(null, Object(Config\Cache), false)
 4 FCPATH\index.php(85): CodeIgniter\CodeIgniter->run()
CRITICAL - 2024-05-07 23:18:11 --> Error: Cannot use object of type CodeIgniter\Database\MySQLi\Result as array
in APPPATH\Controllers\Admin.php on line 87.
 1 SYSTEMPATH\CodeIgniter.php(941): App\Controllers\Admin->editar()
 2 SYSTEMPATH\CodeIgniter.php(502): CodeIgniter\CodeIgniter->runController(Object(App\Controllers\Admin))
 3 SYSTEMPATH\CodeIgniter.php(361): CodeIgniter\CodeIgniter->handleRequest(null, Object(Config\Cache), false)
 4 FCPATH\index.php(85): CodeIgniter\CodeIgniter->run()
CRITICAL - 2024-05-07 23:20:07 --> Error: Cannot use object of type CodeIgniter\Database\MySQLi\Result as array
in APPPATH\Controllers\Admin.php on line 87.
 1 SYSTEMPATH\CodeIgniter.php(941): App\Controllers\Admin->editar()
 2 SYSTEMPATH\CodeIgniter.php(502): CodeIgniter\CodeIgniter->runController(Object(App\Controllers\Admin))
 3 SYSTEMPATH\CodeIgniter.php(361): CodeIgniter\CodeIgniter->handleRequest(null, Object(Config\Cache), false)
 4 FCPATH\index.php(85): CodeIgniter\CodeIgniter->run()
CRITICAL - 2024-05-07 23:20:28 --> Error: Cannot use object of type CodeIgniter\Database\MySQLi\Result as array
in APPPATH\Controllers\Admin.php on line 87.
 1 SYSTEMPATH\CodeIgniter.php(941): App\Controllers\Admin->editar()
 2 SYSTEMPATH\CodeIgniter.php(502): CodeIgniter\CodeIgniter->runController(Object(App\Controllers\Admin))
 3 SYSTEMPATH\CodeIgniter.php(361): CodeIgniter\CodeIgniter->handleRequest(null, Object(Config\Cache), false)
 4 FCPATH\index.php(85): CodeIgniter\CodeIgniter->run()
CRITICAL - 2024-05-07 23:20:51 --> Error: Cannot use object of type CodeIgniter\Database\MySQLi\Result as array
in APPPATH\Controllers\Admin.php on line 87.
 1 SYSTEMPATH\CodeIgniter.php(941): App\Controllers\Admin->editar()
 2 SYSTEMPATH\CodeIgniter.php(502): CodeIgniter\CodeIgniter->runController(Object(App\Controllers\Admin))
 3 SYSTEMPATH\CodeIgniter.php(361): CodeIgniter\CodeIgniter->handleRequest(null, Object(Config\Cache), false)
 4 FCPATH\index.php(85): CodeIgniter\CodeIgniter->run()
CRITICAL - 2024-05-07 23:20:57 --> Error: Cannot use object of type CodeIgniter\Database\MySQLi\Result as array
in APPPATH\Controllers\Admin.php on line 87.
 1 SYSTEMPATH\CodeIgniter.php(941): App\Controllers\Admin->editar()
 2 SYSTEMPATH\CodeIgniter.php(502): CodeIgniter\CodeIgniter->runController(Object(App\Controllers\Admin))
 3 SYSTEMPATH\CodeIgniter.php(361): CodeIgniter\CodeIgniter->handleRequest(null, Object(Config\Cache), false)
 4 FCPATH\index.php(85): CodeIgniter\CodeIgniter->run()
CRITICAL - 2024-05-07 23:21:25 --> Error: Cannot use object of type CodeIgniter\Database\MySQLi\Result as array
in APPPATH\Controllers\Admin.php on line 88.
 1 SYSTEMPATH\CodeIgniter.php(941): App\Controllers\Admin->editar()
 2 SYSTEMPATH\CodeIgniter.php(502): CodeIgniter\CodeIgniter->runController(Object(App\Controllers\Admin))
 3 SYSTEMPATH\CodeIgniter.php(361): CodeIgniter\CodeIgniter->handleRequest(null, Object(Config\Cache), false)
 4 FCPATH\index.php(85): CodeIgniter\CodeIgniter->run()
CRITICAL - 2024-05-07 23:23:15 --> Error: Cannot use object of type CodeIgniter\Database\MySQLi\Result as array
in APPPATH\Controllers\Admin.php on line 87.
 1 SYSTEMPATH\CodeIgniter.php(941): App\Controllers\Admin->editar()
 2 SYSTEMPATH\CodeIgniter.php(502): CodeIgniter\CodeIgniter->runController(Object(App\Controllers\Admin))
 3 SYSTEMPATH\CodeIgniter.php(361): CodeIgniter\CodeIgniter->handleRequest(null, Object(Config\Cache), false)
 4 FCPATH\index.php(85): CodeIgniter\CodeIgniter->run()
CRITICAL - 2024-05-07 23:23:22 --> Error: Object of class CodeIgniter\Database\MySQLi\Result could not be converted to string
in APPPATH\Controllers\Admin.php on line 87.
 1 SYSTEMPATH\CodeIgniter.php(941): App\Controllers\Admin->editar()
 2 SYSTEMPATH\CodeIgniter.php(502): CodeIgniter\CodeIgniter->runController(Object(App\Controllers\Admin))
 3 SYSTEMPATH\CodeIgniter.php(361): CodeIgniter\CodeIgniter->handleRequest(null, Object(Config\Cache), false)
 4 FCPATH\index.php(85): CodeIgniter\CodeIgniter->run()
CRITICAL - 2024-05-07 23:24:20 --> ParseError: syntax error, unexpected variable "$this", expecting "," or ";"
in APPPATH\Controllers\Admin.php on line 85.
 1 SYSTEMPATH\Autoloader\Autoloader.php(290): CodeIgniter\Autoloader\Autoloader->includeFile('C:\\wamp64\\www\\sites\\Projeto1\\Back-end\\app\\Controllers\\Admin.php')
 2 SYSTEMPATH\Autoloader\Autoloader.php(266): CodeIgniter\Autoloader\Autoloader->loadInNamespace('App\\Controllers\\Admin')
 3 [internal function]: CodeIgniter\Autoloader\Autoloader->loadClass('App\\Controllers\\Admin')
 4 SYSTEMPATH\CodeIgniter.php(899): class_exists('\\App\\Controllers\\Admin', true)
 5 SYSTEMPATH\CodeIgniter.php(489): CodeIgniter\CodeIgniter->startController()
 6 SYSTEMPATH\CodeIgniter.php(361): CodeIgniter\CodeIgniter->handleRequest(null, Object(Config\Cache), false)
 7 FCPATH\index.php(85): CodeIgniter\CodeIgniter->run()
CRITICAL - 2024-05-07 23:25:15 --> Error: Cannot use object of type CodeIgniter\Database\MySQLi\Result as array
in APPPATH\Controllers\Admin.php on line 88.
 1 SYSTEMPATH\CodeIgniter.php(941): App\Controllers\Admin->editar()
 2 SYSTEMPATH\CodeIgniter.php(502): CodeIgniter\CodeIgniter->runController(Object(App\Controllers\Admin))
 3 SYSTEMPATH\CodeIgniter.php(361): CodeIgniter\CodeIgniter->handleRequest(null, Object(Config\Cache), false)
 4 FCPATH\index.php(85): CodeIgniter\CodeIgniter->run()
CRITICAL - 2024-05-07 23:25:24 --> Error: Cannot use object of type CodeIgniter\Database\MySQLi\Result as array
in APPPATH\Controllers\Admin.php on line 87.
 1 SYSTEMPATH\CodeIgniter.php(941): App\Controllers\Admin->editar()
 2 SYSTEMPATH\CodeIgniter.php(502): CodeIgniter\CodeIgniter->runController(Object(App\Controllers\Admin))
 3 SYSTEMPATH\CodeIgniter.php(361): CodeIgniter\CodeIgniter->handleRequest(null, Object(Config\Cache), false)
 4 FCPATH\index.php(85): CodeIgniter\CodeIgniter->run()
CRITICAL - 2024-05-07 23:25:56 --> Error: Cannot use object of type CodeIgniter\Database\MySQLi\Result as array
in APPPATH\Controllers\Admin.php on line 88.
 1 SYSTEMPATH\CodeIgniter.php(941): App\Controllers\Admin->editar()
 2 SYSTEMPATH\CodeIgniter.php(502): CodeIgniter\CodeIgniter->runController(Object(App\Controllers\Admin))
 3 SYSTEMPATH\CodeIgniter.php(361): CodeIgniter\CodeIgniter->handleRequest(null, Object(Config\Cache), false)
 4 FCPATH\index.php(85): CodeIgniter\CodeIgniter->run()
CRITICAL - 2024-05-07 23:27:15 --> ErrorException: Undefined property: CodeIgniter\Database\MySQLi\Result::$nome
in APPPATH\Controllers\Admin.php on line 90.
 1 APPPATH\Controllers\Admin.php(90): CodeIgniter\Debug\Exceptions->errorHandler(2, 'Undefined property: CodeIgniter\\Database\\MySQLi\\Result::$nome', 'C:\\wamp64\\www\\sites\\Projeto1\\Back-end\\app\\Controllers\\Admin.php', 90)
 2 SYSTEMPATH\CodeIgniter.php(941): App\Controllers\Admin->editar()
 3 SYSTEMPATH\CodeIgniter.php(502): CodeIgniter\CodeIgniter->runController(Object(App\Controllers\Admin))
 4 SYSTEMPATH\CodeIgniter.php(361): CodeIgniter\CodeIgniter->handleRequest(null, Object(Config\Cache), false)
 5 FCPATH\index.php(85): CodeIgniter\CodeIgniter->run()
CRITICAL - 2024-05-07 23:27:35 --> Error: Cannot use object of type CodeIgniter\Database\MySQLi\Result as array
in APPPATH\Controllers\Admin.php on line 90.
 1 SYSTEMPATH\CodeIgniter.php(941): App\Controllers\Admin->editar()
 2 SYSTEMPATH\CodeIgniter.php(502): CodeIgniter\CodeIgniter->runController(Object(App\Controllers\Admin))
 3 SYSTEMPATH\CodeIgniter.php(361): CodeIgniter\CodeIgniter->handleRequest(null, Object(Config\Cache), false)
 4 FCPATH\index.php(85): CodeIgniter\CodeIgniter->run()
CRITICAL - 2024-05-07 23:28:07 --> ParseError: Unmatched '}'
in APPPATH\Controllers\Admin.php on line 100.
 1 SYSTEMPATH\Autoloader\Autoloader.php(290): CodeIgniter\Autoloader\Autoloader->includeFile('C:\\wamp64\\www\\sites\\Projeto1\\Back-end\\app\\Controllers\\Admin.php')
 2 SYSTEMPATH\Autoloader\Autoloader.php(266): CodeIgniter\Autoloader\Autoloader->loadInNamespace('App\\Controllers\\Admin')
 3 [internal function]: CodeIgniter\Autoloader\Autoloader->loadClass('App\\Controllers\\Admin')
 4 SYSTEMPATH\CodeIgniter.php(899): class_exists('\\App\\Controllers\\Admin', true)
 5 SYSTEMPATH\CodeIgniter.php(489): CodeIgniter\CodeIgniter->startController()
 6 SYSTEMPATH\CodeIgniter.php(361): CodeIgniter\CodeIgniter->handleRequest(null, Object(Config\Cache), false)
 7 FCPATH\index.php(85): CodeIgniter\CodeIgniter->run()
CRITICAL - 2024-05-07 23:28:21 --> ErrorException: Undefined property: CodeIgniter\Database\MySQLi\Result::$nome
in APPPATH\Controllers\Admin.php on line 89.
 1 APPPATH\Controllers\Admin.php(89): CodeIgniter\Debug\Exceptions->errorHandler(2, 'Undefined property: CodeIgniter\\Database\\MySQLi\\Result::$nome', 'C:\\wamp64\\www\\sites\\Projeto1\\Back-end\\app\\Controllers\\Admin.php', 89)
 2 SYSTEMPATH\CodeIgniter.php(941): App\Controllers\Admin->editar()
 3 SYSTEMPATH\CodeIgniter.php(502): CodeIgniter\CodeIgniter->runController(Object(App\Controllers\Admin))
 4 SYSTEMPATH\CodeIgniter.php(361): CodeIgniter\CodeIgniter->handleRequest(null, Object(Config\Cache), false)
 5 FCPATH\index.php(85): CodeIgniter\CodeIgniter->run()
CRITICAL - 2024-05-07 23:28:37 --> Error: Cannot use object of type CodeIgniter\Database\MySQLi\Result as array
in APPPATH\Controllers\Admin.php on line 89.
 1 SYSTEMPATH\CodeIgniter.php(941): App\Controllers\Admin->editar()
 2 SYSTEMPATH\CodeIgniter.php(502): CodeIgniter\CodeIgniter->runController(Object(App\Controllers\Admin))
 3 SYSTEMPATH\CodeIgniter.php(361): CodeIgniter\CodeIgniter->handleRequest(null, Object(Config\Cache), false)
 4 FCPATH\index.php(85): CodeIgniter\CodeIgniter->run()
CRITICAL - 2024-05-07 23:29:36 --> Error: Object of class CodeIgniter\Database\MySQLi\Result could not be converted to string
in APPPATH\Controllers\Admin.php on line 87.
 1 SYSTEMPATH\CodeIgniter.php(941): App\Controllers\Admin->editar()
 2 SYSTEMPATH\CodeIgniter.php(502): CodeIgniter\CodeIgniter->runController(Object(App\Controllers\Admin))
 3 SYSTEMPATH\CodeIgniter.php(361): CodeIgniter\CodeIgniter->handleRequest(null, Object(Config\Cache), false)
 4 FCPATH\index.php(85): CodeIgniter\CodeIgniter->run()
CRITICAL - 2024-05-07 23:33:45 --> Error: Object of class CodeIgniter\Database\MySQLi\Result could not be converted to string
in APPPATH\Controllers\Admin.php on line 87.
 1 SYSTEMPATH\CodeIgniter.php(941): App\Controllers\Admin->editar()
 2 SYSTEMPATH\CodeIgniter.php(502): CodeIgniter\CodeIgniter->runController(Object(App\Controllers\Admin))
 3 SYSTEMPATH\CodeIgniter.php(361): CodeIgniter\CodeIgniter->handleRequest(null, Object(Config\Cache), false)
 4 FCPATH\index.php(85): CodeIgniter\CodeIgniter->run()
CRITICAL - 2024-05-07 23:35:00 --> Error: Call to undefined method CodeIgniter\Database\MySQLi\Result::num_rows()
in APPPATH\Controllers\Admin.php on line 88.
 1 SYSTEMPATH\CodeIgniter.php(941): App\Controllers\Admin->editar()
 2 SYSTEMPATH\CodeIgniter.php(502): CodeIgniter\CodeIgniter->runController(Object(App\Controllers\Admin))
 3 SYSTEMPATH\CodeIgniter.php(361): CodeIgniter\CodeIgniter->handleRequest(null, Object(Config\Cache), false)
 4 FCPATH\index.php(85): CodeIgniter\CodeIgniter->run()
CRITICAL - 2024-05-07 23:35:52 --> ErrorException: Object of class CodeIgniter\Database\MySQLi\Result could not be converted to int
in APPPATH\Controllers\Admin.php on line 88.
 1 APPPATH\Controllers\Admin.php(88): CodeIgniter\Debug\Exceptions->errorHandler(8, 'Object of class CodeIgniter\\Database\\MySQLi\\Result could not be converted to int', 'C:\\wamp64\\www\\sites\\Projeto1\\Back-end\\app\\Controllers\\Admin.php', 88)
 2 SYSTEMPATH\CodeIgniter.php(941): App\Controllers\Admin->editar()
 3 SYSTEMPATH\CodeIgniter.php(502): CodeIgniter\CodeIgniter->runController(Object(App\Controllers\Admin))
 4 SYSTEMPATH\CodeIgniter.php(361): CodeIgniter\CodeIgniter->handleRequest(null, Object(Config\Cache), false)
 5 FCPATH\index.php(85): CodeIgniter\CodeIgniter->run()
CRITICAL - 2024-05-07 23:36:10 --> Error: Call to undefined method CodeIgniter\Database\MySQLi\Result::num_rows()
in APPPATH\Controllers\Admin.php on line 88.
 1 SYSTEMPATH\CodeIgniter.php(941): App\Controllers\Admin->editar()
 2 SYSTEMPATH\CodeIgniter.php(502): CodeIgniter\CodeIgniter->runController(Object(App\Controllers\Admin))
 3 SYSTEMPATH\CodeIgniter.php(361): CodeIgniter\CodeIgniter->handleRequest(null, Object(Config\Cache), false)
 4 FCPATH\index.php(85): CodeIgniter\CodeIgniter->run()
