CRITICAL - 2024-09-10 00:00:01 --> Stripe\Exception\ApiConnectionException: Unexpected error communicating with Stripe.  If this problem persists, let us know at support@stripe.com.

(Network error [errno 56]: OpenSSL SSL_read: Connection was reset, errno 10054)
in VENDORPATH\stripe\stripe-php\lib\HttpClient\CurlClient.php on line 570.
 1 VENDORPATH\stripe\stripe-php\lib\HttpClient\CurlClient.php(522): Stripe\HttpClient\CurlClient->handleCurlError('https://api.stripe.com/v1/payment_intents?created[gte]=1725235158&created[lt]=1727740758', 56, 'OpenSSL SSL_read: Connection was reset, errno 10054', 0)
 2 VENDORPATH\stripe\stripe-php\lib\HttpClient\CurlClient.php(281): Stripe\HttpClient\CurlClient->executeRequestWithRetries([...], 'https://api.stripe.com/v1/payment_intents?created[gte]=1725235158&created[lt]=1727740758')
 3 VENDORPATH\stripe\stripe-php\lib\ApiRequestor.php(465): Stripe\HttpClient\CurlClient->request('get', 'https://api.stripe.com/v1/payment_intents?created[gte]=1725235158&created[lt]=1727740758', [...], [...], false)
 4 VENDORPATH\stripe\stripe-php\lib\ApiRequestor.php(134): Stripe\ApiRequestor->_requestRaw('get', '/v1/payment_intents', [...], [], [])
 5 VENDORPATH\stripe\stripe-php\lib\ApiOperations\Request.php(109): Stripe\ApiRequestor->request('get', '/v1/payment_intents', [...], [], [])
 6 VENDORPATH\stripe\stripe-php\lib\ApiOperations\Request.php(64): Stripe\ApiResource::_staticRequest('get', '/v1/payment_intents', [...], null, [])
 7 VENDORPATH\stripe\stripe-php\lib\PaymentIntent.php(140): Stripe\ApiResource::_requestPage('/v1/payment_intents', 'Stripe\\Collection', [...], null)
 8 APPPATH\Controllers\StripeController.php(25): Stripe\PaymentIntent::all([...])
 9 SYSTEMPATH\CodeIgniter.php(941): App\Controllers\StripeController->getPagamentos()
10 SYSTEMPATH\CodeIgniter.php(502): CodeIgniter\CodeIgniter->runController(Object(App\Controllers\StripeController))
11 SYSTEMPATH\CodeIgniter.php(361): CodeIgniter\CodeIgniter->handleRequest(null, Object(Config\Cache), false)
12 FCPATH\index.php(85): CodeIgniter\CodeIgniter->run()
CRITICAL - 2024-09-10 22:48:05 --> Stripe\Exception\ApiConnectionException: Unexpected error communicating with Stripe.  If this problem persists, let us know at support@stripe.com.

(Network error [errno 35]: OpenSSL SSL_connect: Connection was reset in connection to api.stripe.com:443 )
in VENDORPATH\stripe\stripe-php\lib\HttpClient\CurlClient.php on line 570.
 1 VENDORPATH\stripe\stripe-php\lib\HttpClient\CurlClient.php(522): Stripe\HttpClient\CurlClient->handleCurlError('https://api.stripe.com/v1/payment_intents?created[gte]=1725230885&created[lt]=1727736485', 35, 'OpenSSL SSL_connect: Connection was reset in connection to api.stripe.com:443 ', 0)
 2 VENDORPATH\stripe\stripe-php\lib\HttpClient\CurlClient.php(281): Stripe\HttpClient\CurlClient->executeRequestWithRetries([...], 'https://api.stripe.com/v1/payment_intents?created[gte]=1725230885&created[lt]=1727736485')
 3 VENDORPATH\stripe\stripe-php\lib\ApiRequestor.php(465): Stripe\HttpClient\CurlClient->request('get', 'https://api.stripe.com/v1/payment_intents?created[gte]=1725230885&created[lt]=1727736485', [...], [...], false)
 4 VENDORPATH\stripe\stripe-php\lib\ApiRequestor.php(134): Stripe\ApiRequestor->_requestRaw('get', '/v1/payment_intents', [...], [], [])
 5 VENDORPATH\stripe\stripe-php\lib\ApiOperations\Request.php(109): Stripe\ApiRequestor->request('get', '/v1/payment_intents', [...], [], [])
 6 VENDORPATH\stripe\stripe-php\lib\ApiOperations\Request.php(64): Stripe\ApiResource::_staticRequest('get', '/v1/payment_intents', [...], null, [])
 7 VENDORPATH\stripe\stripe-php\lib\PaymentIntent.php(140): Stripe\ApiResource::_requestPage('/v1/payment_intents', 'Stripe\\Collection', [...], null)
 8 APPPATH\Controllers\StripeController.php(25): Stripe\PaymentIntent::all([...])
 9 SYSTEMPATH\CodeIgniter.php(941): App\Controllers\StripeController->getPagamentos()
10 SYSTEMPATH\CodeIgniter.php(502): CodeIgniter\CodeIgniter->runController(Object(App\Controllers\StripeController))
11 SYSTEMPATH\CodeIgniter.php(361): CodeIgniter\CodeIgniter->handleRequest(null, Object(Config\Cache), false)
12 FCPATH\index.php(85): CodeIgniter\CodeIgniter->run()
CRITICAL - 2024-09-10 22:48:15 --> Stripe\Exception\ApiConnectionException: Unexpected error communicating with Stripe.  If this problem persists, let us know at support@stripe.com.

(Network error [errno 35]: OpenSSL SSL_connect: Connection was reset in connection to api.stripe.com:443 )
in VENDORPATH\stripe\stripe-php\lib\HttpClient\CurlClient.php on line 570.
 1 VENDORPATH\stripe\stripe-php\lib\HttpClient\CurlClient.php(522): Stripe\HttpClient\CurlClient->handleCurlError('https://api.stripe.com/v1/payment_intents?created[gte]=1725230895&created[lt]=1727736495', 35, 'OpenSSL SSL_connect: Connection was reset in connection to api.stripe.com:443 ', 0)
 2 VENDORPATH\stripe\stripe-php\lib\HttpClient\CurlClient.php(281): Stripe\HttpClient\CurlClient->executeRequestWithRetries([...], 'https://api.stripe.com/v1/payment_intents?created[gte]=1725230895&created[lt]=1727736495')
 3 VENDORPATH\stripe\stripe-php\lib\ApiRequestor.php(465): Stripe\HttpClient\CurlClient->request('get', 'https://api.stripe.com/v1/payment_intents?created[gte]=1725230895&created[lt]=1727736495', [...], [...], false)
 4 VENDORPATH\stripe\stripe-php\lib\ApiRequestor.php(134): Stripe\ApiRequestor->_requestRaw('get', '/v1/payment_intents', [...], [], [])
 5 VENDORPATH\stripe\stripe-php\lib\ApiOperations\Request.php(109): Stripe\ApiRequestor->request('get', '/v1/payment_intents', [...], [], [])
 6 VENDORPATH\stripe\stripe-php\lib\ApiOperations\Request.php(64): Stripe\ApiResource::_staticRequest('get', '/v1/payment_intents', [...], null, [])
 7 VENDORPATH\stripe\stripe-php\lib\PaymentIntent.php(140): Stripe\ApiResource::_requestPage('/v1/payment_intents', 'Stripe\\Collection', [...], null)
 8 APPPATH\Controllers\StripeController.php(25): Stripe\PaymentIntent::all([...])
 9 SYSTEMPATH\CodeIgniter.php(941): App\Controllers\StripeController->getPagamentos()
10 SYSTEMPATH\CodeIgniter.php(502): CodeIgniter\CodeIgniter->runController(Object(App\Controllers\StripeController))
11 SYSTEMPATH\CodeIgniter.php(361): CodeIgniter\CodeIgniter->handleRequest(null, Object(Config\Cache), false)
12 FCPATH\index.php(85): CodeIgniter\CodeIgniter->run()
CRITICAL - 2024-09-10 22:51:22 --> Stripe\Exception\ApiConnectionException: Unexpected error communicating with Stripe.  If this problem persists, let us know at support@stripe.com.

(Network error [errno 35]: OpenSSL SSL_connect: Connection was reset in connection to api.stripe.com:443 )
in VENDORPATH\stripe\stripe-php\lib\HttpClient\CurlClient.php on line 570.
 1 VENDORPATH\stripe\stripe-php\lib\HttpClient\CurlClient.php(522): Stripe\HttpClient\CurlClient->handleCurlError('https://api.stripe.com/v1/payment_intents?created[gte]=1725231082&created[lt]=1727736682', 35, 'OpenSSL SSL_connect: Connection was reset in connection to api.stripe.com:443 ', 0)
 2 VENDORPATH\stripe\stripe-php\lib\HttpClient\CurlClient.php(281): Stripe\HttpClient\CurlClient->executeRequestWithRetries([...], 'https://api.stripe.com/v1/payment_intents?created[gte]=1725231082&created[lt]=1727736682')
 3 VENDORPATH\stripe\stripe-php\lib\ApiRequestor.php(465): Stripe\HttpClient\CurlClient->request('get', 'https://api.stripe.com/v1/payment_intents?created[gte]=1725231082&created[lt]=1727736682', [...], [...], false)
 4 VENDORPATH\stripe\stripe-php\lib\ApiRequestor.php(134): Stripe\ApiRequestor->_requestRaw('get', '/v1/payment_intents', [...], [], [])
 5 VENDORPATH\stripe\stripe-php\lib\ApiOperations\Request.php(109): Stripe\ApiRequestor->request('get', '/v1/payment_intents', [...], [], [])
 6 VENDORPATH\stripe\stripe-php\lib\ApiOperations\Request.php(64): Stripe\ApiResource::_staticRequest('get', '/v1/payment_intents', [...], null, [])
 7 VENDORPATH\stripe\stripe-php\lib\PaymentIntent.php(140): Stripe\ApiResource::_requestPage('/v1/payment_intents', 'Stripe\\Collection', [...], null)
 8 APPPATH\Controllers\StripeController.php(25): Stripe\PaymentIntent::all([...])
 9 SYSTEMPATH\CodeIgniter.php(941): App\Controllers\StripeController->getPagamentos()
10 SYSTEMPATH\CodeIgniter.php(502): CodeIgniter\CodeIgniter->runController(Object(App\Controllers\StripeController))
11 SYSTEMPATH\CodeIgniter.php(361): CodeIgniter\CodeIgniter->handleRequest(null, Object(Config\Cache), false)
12 FCPATH\index.php(85): CodeIgniter\CodeIgniter->run()
CRITICAL - 2024-09-10 23:00:18 --> Stripe\Exception\ApiConnectionException: Unexpected error communicating with Stripe.  If this problem persists, let us know at support@stripe.com.

(Network error [errno 35]: OpenSSL SSL_connect: Connection was reset in connection to api.stripe.com:443 )
in VENDORPATH\stripe\stripe-php\lib\HttpClient\CurlClient.php on line 570.
 1 VENDORPATH\stripe\stripe-php\lib\HttpClient\CurlClient.php(522): Stripe\HttpClient\CurlClient->handleCurlError('https://api.stripe.com/v1/payment_intents?created[gte]=1725231618&created[lt]=1727737218', 35, 'OpenSSL SSL_connect: Connection was reset in connection to api.stripe.com:443 ', 0)
 2 VENDORPATH\stripe\stripe-php\lib\HttpClient\CurlClient.php(281): Stripe\HttpClient\CurlClient->executeRequestWithRetries([...], 'https://api.stripe.com/v1/payment_intents?created[gte]=1725231618&created[lt]=1727737218')
 3 VENDORPATH\stripe\stripe-php\lib\ApiRequestor.php(465): Stripe\HttpClient\CurlClient->request('get', 'https://api.stripe.com/v1/payment_intents?created[gte]=1725231618&created[lt]=1727737218', [...], [...], false)
 4 VENDORPATH\stripe\stripe-php\lib\ApiRequestor.php(134): Stripe\ApiRequestor->_requestRaw('get', '/v1/payment_intents', [...], [], [])
 5 VENDORPATH\stripe\stripe-php\lib\ApiOperations\Request.php(109): Stripe\ApiRequestor->request('get', '/v1/payment_intents', [...], [], [])
 6 VENDORPATH\stripe\stripe-php\lib\ApiOperations\Request.php(64): Stripe\ApiResource::_staticRequest('get', '/v1/payment_intents', [...], null, [])
 7 VENDORPATH\stripe\stripe-php\lib\PaymentIntent.php(140): Stripe\ApiResource::_requestPage('/v1/payment_intents', 'Stripe\\Collection', [...], null)
 8 APPPATH\Controllers\StripeController.php(25): Stripe\PaymentIntent::all([...])
 9 SYSTEMPATH\CodeIgniter.php(941): App\Controllers\StripeController->getPagamentos()
10 SYSTEMPATH\CodeIgniter.php(502): CodeIgniter\CodeIgniter->runController(Object(App\Controllers\StripeController))
11 SYSTEMPATH\CodeIgniter.php(361): CodeIgniter\CodeIgniter->handleRequest(null, Object(Config\Cache), false)
12 FCPATH\index.php(85): CodeIgniter\CodeIgniter->run()
