CRITICAL - 2025-04-08 05:37:06 --> TypeError: Illegal offset type
in SYSTEMPATH\Model.php on line 685.
 1 APPPATH\Controllers\Anamnese.php(97): CodeIgniter\Model->set(Object(stdClass))
 2 SYSTEMPATH\CodeIgniter.php(941): App\Controllers\Anamnese->update()
 3 SYSTEMPATH\CodeIgniter.php(502): CodeIgniter\CodeIgniter->runController(Object(App\Controllers\Anamnese))
 4 SYSTEMPATH\CodeIgniter.php(361): CodeIgniter\CodeIgniter->handleRequest(null, Object(Config\Cache), false)
 5 FCPATH\index.php(85): CodeIgniter\CodeIgniter->run()
CRITICAL - 2025-04-08 05:37:27 --> TypeError: Illegal offset type
in SYSTEMPATH\Model.php on line 685.
 1 APPPATH\Controllers\Anamnese.php(97): CodeIgniter\Model->set(Object(stdClass))
 2 SYSTEMPATH\CodeIgniter.php(941): App\Controllers\Anamnese->update()
 3 SYSTEMPATH\CodeIgniter.php(502): CodeIgniter\CodeIgniter->runController(Object(App\Controllers\Anamnese))
 4 SYSTEMPATH\CodeIgniter.php(361): CodeIgniter\CodeIgniter->handleRequest(null, Object(Config\Cache), false)
 5 FCPATH\index.php(85): CodeIgniter\CodeIgniter->run()
CRITICAL - 2025-04-08 05:37:57 --> TypeError: Illegal offset type
in SYSTEMPATH\Model.php on line 685.
 1 APPPATH\Controllers\Anamnese.php(97): CodeIgniter\Model->set(Object(stdClass))
 2 SYSTEMPATH\CodeIgniter.php(941): App\Controllers\Anamnese->update()
 3 SYSTEMPATH\CodeIgniter.php(502): CodeIgniter\CodeIgniter->runController(Object(App\Controllers\Anamnese))
 4 SYSTEMPATH\CodeIgniter.php(361): CodeIgniter\CodeIgniter->handleRequest(null, Object(Config\Cache), false)
 5 FCPATH\index.php(85): CodeIgniter\CodeIgniter->run()
CRITICAL - 2025-04-08 05:37:58 --> TypeError: Illegal offset type
in SYSTEMPATH\Model.php on line 685.
 1 APPPATH\Controllers\Anamnese.php(97): CodeIgniter\Model->set(Object(stdClass))
 2 SYSTEMPATH\CodeIgniter.php(941): App\Controllers\Anamnese->update()
 3 SYSTEMPATH\CodeIgniter.php(502): CodeIgniter\CodeIgniter->runController(Object(App\Controllers\Anamnese))
 4 SYSTEMPATH\CodeIgniter.php(361): CodeIgniter\CodeIgniter->handleRequest(null, Object(Config\Cache), false)
 5 FCPATH\index.php(85): CodeIgniter\CodeIgniter->run()
CRITICAL - 2025-04-08 05:37:59 --> TypeError: Illegal offset type
in SYSTEMPATH\Model.php on line 685.
 1 APPPATH\Controllers\Anamnese.php(97): CodeIgniter\Model->set(Object(stdClass))
 2 SYSTEMPATH\CodeIgniter.php(941): App\Controllers\Anamnese->update()
 3 SYSTEMPATH\CodeIgniter.php(502): CodeIgniter\CodeIgniter->runController(Object(App\Controllers\Anamnese))
 4 SYSTEMPATH\CodeIgniter.php(361): CodeIgniter\CodeIgniter->handleRequest(null, Object(Config\Cache), false)
 5 FCPATH\index.php(85): CodeIgniter\CodeIgniter->run()
CRITICAL - 2025-04-08 05:38:40 --> TypeError: Illegal offset type
in SYSTEMPATH\Model.php on line 685.
 1 APPPATH\Controllers\Anamnese.php(97): CodeIgniter\Model->set(Object(stdClass))
 2 SYSTEMPATH\CodeIgniter.php(941): App\Controllers\Anamnese->update()
 3 SYSTEMPATH\CodeIgniter.php(502): CodeIgniter\CodeIgniter->runController(Object(App\Controllers\Anamnese))
 4 SYSTEMPATH\CodeIgniter.php(361): CodeIgniter\CodeIgniter->handleRequest(null, Object(Config\Cache), false)
 5 FCPATH\index.php(85): CodeIgniter\CodeIgniter->run()
CRITICAL - 2025-04-08 05:39:45 --> TypeError: Illegal offset type
in SYSTEMPATH\Model.php on line 685.
 1 APPPATH\Controllers\Anamnese.php(97): CodeIgniter\Model->set(Object(stdClass))
 2 SYSTEMPATH\CodeIgniter.php(941): App\Controllers\Anamnese->update()
 3 SYSTEMPATH\CodeIgniter.php(502): CodeIgniter\CodeIgniter->runController(Object(App\Controllers\Anamnese))
 4 SYSTEMPATH\CodeIgniter.php(361): CodeIgniter\CodeIgniter->handleRequest(null, Object(Config\Cache), false)
 5 FCPATH\index.php(85): CodeIgniter\CodeIgniter->run()
CRITICAL - 2025-04-08 23:17:13 --> Stripe\Exception\ApiConnectionException: Unexpected error communicating with Stripe.  If this problem persists, let us know at support@stripe.com.

(Network error [errno 35]: OpenSSL SSL_connect: Connection was reset in connection to api.stripe.com:443 )
in VENDORPATH\stripe\stripe-php\lib\HttpClient\CurlClient.php on line 570.
 1 VENDORPATH\stripe\stripe-php\lib\HttpClient\CurlClient.php(522): Stripe\HttpClient\CurlClient->handleCurlError('https://api.stripe.com/v1/payment_intents?created[gte]=1743549432&created[lt]=1746055032', 35, 'OpenSSL SSL_connect: Connection was reset in connection to api.stripe.com:443 ', 0)
 2 VENDORPATH\stripe\stripe-php\lib\HttpClient\CurlClient.php(281): Stripe\HttpClient\CurlClient->executeRequestWithRetries([...], 'https://api.stripe.com/v1/payment_intents?created[gte]=1743549432&created[lt]=1746055032')
 3 VENDORPATH\stripe\stripe-php\lib\ApiRequestor.php(465): Stripe\HttpClient\CurlClient->request('get', 'https://api.stripe.com/v1/payment_intents?created[gte]=1743549432&created[lt]=1746055032', [...], [...], false)
 4 VENDORPATH\stripe\stripe-php\lib\ApiRequestor.php(134): Stripe\ApiRequestor->_requestRaw('get', '/v1/payment_intents', [...], [], [])
 5 VENDORPATH\stripe\stripe-php\lib\ApiOperations\Request.php(109): Stripe\ApiRequestor->request('get', '/v1/payment_intents', [...], [], [])
 6 VENDORPATH\stripe\stripe-php\lib\ApiOperations\Request.php(64): Stripe\ApiResource::_staticRequest('get', '/v1/payment_intents', [...], null, [])
 7 VENDORPATH\stripe\stripe-php\lib\PaymentIntent.php(140): Stripe\ApiResource::_requestPage('/v1/payment_intents', 'Stripe\\Collection', [...], null)
 8 APPPATH\Controllers\StripeController.php(31): Stripe\PaymentIntent::all([...])
 9 SYSTEMPATH\CodeIgniter.php(941): App\Controllers\StripeController->getPagamentos()
10 SYSTEMPATH\CodeIgniter.php(502): CodeIgniter\CodeIgniter->runController(Object(App\Controllers\StripeController))
11 SYSTEMPATH\CodeIgniter.php(361): CodeIgniter\CodeIgniter->handleRequest(null, Object(Config\Cache), false)
12 FCPATH\index.php(85): CodeIgniter\CodeIgniter->run()
