ERROR - 2025-04-02 00:22:11 --> mysqli_sql_exception: Not unique table/alias: 'anamnese' in C:\wamp64\www\sites\Projeto1\Back-end\system\Database\MySQLi\Connection.php:306
Stack trace:
#0 C:\wamp64\www\sites\Projeto1\Back-end\system\Database\MySQLi\Connection.php(306): mysqli->query('SELECT `cliente...', 0)
#1 C:\wamp64\www\sites\Projeto1\Back-end\system\Database\BaseConnection.php(693): CodeIgniter\Database\MySQLi\Connection->execute('SELECT `cliente...')
#2 C:\wamp64\www\sites\Projeto1\Back-end\system\Database\BaseConnection.php(607): CodeIgniter\Database\BaseConnection->simpleQuery('SELECT `cliente...')
#3 C:\wamp64\www\sites\Projeto1\Back-end\system\Database\BaseBuilder.php(1616): CodeIgniter\Database\BaseConnection->query('SELECT `cliente...', Array, false)
#4 C:\wamp64\www\sites\Projeto1\Back-end\system\Model.php(242): CodeIgniter\Database\BaseBuilder->get()
#5 C:\wamp64\www\sites\Projeto1\Back-end\system\BaseModel.php(638): CodeIgniter\Model->doFindAll(0, 0)
#6 C:\wamp64\www\sites\Projeto1\Back-end\app\Controllers\Anamnese.php(50): CodeIgniter\BaseModel->findAll()
#7 C:\wamp64\www\sites\Projeto1\Back-end\system\CodeIgniter.php(941): App\Controllers\Anamnese->read()
#8 C:\wamp64\www\sites\Projeto1\Back-end\system\CodeIgniter.php(502): CodeIgniter\CodeIgniter->runController(Object(App\Controllers\Anamnese))
#9 C:\wamp64\www\sites\Projeto1\Back-end\system\CodeIgniter.php(361): CodeIgniter\CodeIgniter->handleRequest(NULL, Object(Config\Cache), false)
#10 C:\wamp64\www\sites\Projeto1\Back-end\public\index.php(85): CodeIgniter\CodeIgniter->run()
#11 {main}
CRITICAL - 2025-04-02 00:22:11 --> CodeIgniter\Database\Exceptions\DatabaseException: Not unique table/alias: 'anamnese'
in SYSTEMPATH\Database\BaseConnection.php on line 647.
 1 SYSTEMPATH\Database\BaseBuilder.php(1616): CodeIgniter\Database\BaseConnection->query('SELECT `cliente`.`nome`
FROM `anamnese`
JOIN `anamnese` ON `anamnese`.`cliente_id` = `cliente`.`id`', [], false)
 2 SYSTEMPATH\Model.php(242): CodeIgniter\Database\BaseBuilder->get()
 3 SYSTEMPATH\BaseModel.php(638): CodeIgniter\Model->doFindAll(0, 0)
 4 APPPATH\Controllers\Anamnese.php(50): CodeIgniter\BaseModel->findAll()
 5 SYSTEMPATH\CodeIgniter.php(941): App\Controllers\Anamnese->read()
 6 SYSTEMPATH\CodeIgniter.php(502): CodeIgniter\CodeIgniter->runController(Object(App\Controllers\Anamnese))
 7 SYSTEMPATH\CodeIgniter.php(361): CodeIgniter\CodeIgniter->handleRequest(null, Object(Config\Cache), false)
 8 FCPATH\index.php(85): CodeIgniter\CodeIgniter->run()
CRITICAL - 2025-04-02 00:22:11 --> [Caused by] CodeIgniter\Database\Exceptions\DatabaseException: Not unique table/alias: 'anamnese'
in SYSTEMPATH\Database\MySQLi\Connection.php on line 311.
 1 SYSTEMPATH\Database\BaseConnection.php(693): CodeIgniter\Database\MySQLi\Connection->execute('SELECT `cliente`.`nome`
FROM `anamnese`
JOIN `anamnese` ON `anamnese`.`cliente_id` = `cliente`.`id`')
 2 SYSTEMPATH\Database\BaseConnection.php(607): CodeIgniter\Database\BaseConnection->simpleQuery('SELECT `cliente`.`nome`
FROM `anamnese`
JOIN `anamnese` ON `anamnese`.`cliente_id` = `cliente`.`id`')
 3 SYSTEMPATH\Database\BaseBuilder.php(1616): CodeIgniter\Database\BaseConnection->query('SELECT `cliente`.`nome`
FROM `anamnese`
JOIN `anamnese` ON `anamnese`.`cliente_id` = `cliente`.`id`', [], false)
 4 SYSTEMPATH\Model.php(242): CodeIgniter\Database\BaseBuilder->get()
 5 SYSTEMPATH\BaseModel.php(638): CodeIgniter\Model->doFindAll(0, 0)
 6 APPPATH\Controllers\Anamnese.php(50): CodeIgniter\BaseModel->findAll()
 7 SYSTEMPATH\CodeIgniter.php(941): App\Controllers\Anamnese->read()
 8 SYSTEMPATH\CodeIgniter.php(502): CodeIgniter\CodeIgniter->runController(Object(App\Controllers\Anamnese))
 9 SYSTEMPATH\CodeIgniter.php(361): CodeIgniter\CodeIgniter->handleRequest(null, Object(Config\Cache), false)
10 FCPATH\index.php(85): CodeIgniter\CodeIgniter->run()
CRITICAL - 2025-04-02 00:22:11 --> [Caused by] mysqli_sql_exception: Not unique table/alias: 'anamnese'
in SYSTEMPATH\Database\MySQLi\Connection.php on line 306.
 1 SYSTEMPATH\Database\MySQLi\Connection.php(306): mysqli->query('SELECT `cliente`.`nome`
FROM `anamnese`
JOIN `anamnese` ON `anamnese`.`cliente_id` = `cliente`.`id`', 0)
 2 SYSTEMPATH\Database\BaseConnection.php(693): CodeIgniter\Database\MySQLi\Connection->execute('SELECT `cliente`.`nome`
FROM `anamnese`
JOIN `anamnese` ON `anamnese`.`cliente_id` = `cliente`.`id`')
 3 SYSTEMPATH\Database\BaseConnection.php(607): CodeIgniter\Database\BaseConnection->simpleQuery('SELECT `cliente`.`nome`
FROM `anamnese`
JOIN `anamnese` ON `anamnese`.`cliente_id` = `cliente`.`id`')
 4 SYSTEMPATH\Database\BaseBuilder.php(1616): CodeIgniter\Database\BaseConnection->query('SELECT `cliente`.`nome`
FROM `anamnese`
JOIN `anamnese` ON `anamnese`.`cliente_id` = `cliente`.`id`', [], false)
 5 SYSTEMPATH\Model.php(242): CodeIgniter\Database\BaseBuilder->get()
 6 SYSTEMPATH\BaseModel.php(638): CodeIgniter\Model->doFindAll(0, 0)
 7 APPPATH\Controllers\Anamnese.php(50): CodeIgniter\BaseModel->findAll()
 8 SYSTEMPATH\CodeIgniter.php(941): App\Controllers\Anamnese->read()
 9 SYSTEMPATH\CodeIgniter.php(502): CodeIgniter\CodeIgniter->runController(Object(App\Controllers\Anamnese))
10 SYSTEMPATH\CodeIgniter.php(361): CodeIgniter\CodeIgniter->handleRequest(null, Object(Config\Cache), false)
11 FCPATH\index.php(85): CodeIgniter\CodeIgniter->run()
ERROR - 2025-04-02 00:24:54 --> mysqli_sql_exception: Unknown column 'cliente' in 'field list' in C:\wamp64\www\sites\Projeto1\Back-end\system\Database\MySQLi\Connection.php:306
Stack trace:
#0 C:\wamp64\www\sites\Projeto1\Back-end\system\Database\MySQLi\Connection.php(306): mysqli->query('SELECT `cliente...', 0)
#1 C:\wamp64\www\sites\Projeto1\Back-end\system\Database\BaseConnection.php(693): CodeIgniter\Database\MySQLi\Connection->execute('SELECT `cliente...')
#2 C:\wamp64\www\sites\Projeto1\Back-end\system\Database\BaseConnection.php(607): CodeIgniter\Database\BaseConnection->simpleQuery('SELECT `cliente...')
#3 C:\wamp64\www\sites\Projeto1\Back-end\system\Database\BaseBuilder.php(1616): CodeIgniter\Database\BaseConnection->query('SELECT `cliente...', Array, false)
#4 C:\wamp64\www\sites\Projeto1\Back-end\system\Model.php(242): CodeIgniter\Database\BaseBuilder->get()
#5 C:\wamp64\www\sites\Projeto1\Back-end\system\BaseModel.php(638): CodeIgniter\Model->doFindAll(0, 0)
#6 C:\wamp64\www\sites\Projeto1\Back-end\app\Controllers\Anamnese.php(50): CodeIgniter\BaseModel->findAll()
#7 C:\wamp64\www\sites\Projeto1\Back-end\system\CodeIgniter.php(941): App\Controllers\Anamnese->read()
#8 C:\wamp64\www\sites\Projeto1\Back-end\system\CodeIgniter.php(502): CodeIgniter\CodeIgniter->runController(Object(App\Controllers\Anamnese))
#9 C:\wamp64\www\sites\Projeto1\Back-end\system\CodeIgniter.php(361): CodeIgniter\CodeIgniter->handleRequest(NULL, Object(Config\Cache), false)
#10 C:\wamp64\www\sites\Projeto1\Back-end\public\index.php(85): CodeIgniter\CodeIgniter->run()
#11 {main}
CRITICAL - 2025-04-02 00:24:54 --> CodeIgniter\Database\Exceptions\DatabaseException: Unknown column 'cliente' in 'field list'
in SYSTEMPATH\Database\BaseConnection.php on line 647.
 1 SYSTEMPATH\Database\BaseBuilder.php(1616): CodeIgniter\Database\BaseConnection->query('SELECT `cliente`
FROM `anamnese`
JOIN `cliente` ON `cliente`.`id` = `anamnese`.`cliente_id`', [], false)
 2 SYSTEMPATH\Model.php(242): CodeIgniter\Database\BaseBuilder->get()
 3 SYSTEMPATH\BaseModel.php(638): CodeIgniter\Model->doFindAll(0, 0)
 4 APPPATH\Controllers\Anamnese.php(50): CodeIgniter\BaseModel->findAll()
 5 SYSTEMPATH\CodeIgniter.php(941): App\Controllers\Anamnese->read()
 6 SYSTEMPATH\CodeIgniter.php(502): CodeIgniter\CodeIgniter->runController(Object(App\Controllers\Anamnese))
 7 SYSTEMPATH\CodeIgniter.php(361): CodeIgniter\CodeIgniter->handleRequest(null, Object(Config\Cache), false)
 8 FCPATH\index.php(85): CodeIgniter\CodeIgniter->run()
CRITICAL - 2025-04-02 00:24:54 --> [Caused by] CodeIgniter\Database\Exceptions\DatabaseException: Unknown column 'cliente' in 'field list'
in SYSTEMPATH\Database\MySQLi\Connection.php on line 311.
 1 SYSTEMPATH\Database\BaseConnection.php(693): CodeIgniter\Database\MySQLi\Connection->execute('SELECT `cliente`
FROM `anamnese`
JOIN `cliente` ON `cliente`.`id` = `anamnese`.`cliente_id`')
 2 SYSTEMPATH\Database\BaseConnection.php(607): CodeIgniter\Database\BaseConnection->simpleQuery('SELECT `cliente`
FROM `anamnese`
JOIN `cliente` ON `cliente`.`id` = `anamnese`.`cliente_id`')
 3 SYSTEMPATH\Database\BaseBuilder.php(1616): CodeIgniter\Database\BaseConnection->query('SELECT `cliente`
FROM `anamnese`
JOIN `cliente` ON `cliente`.`id` = `anamnese`.`cliente_id`', [], false)
 4 SYSTEMPATH\Model.php(242): CodeIgniter\Database\BaseBuilder->get()
 5 SYSTEMPATH\BaseModel.php(638): CodeIgniter\Model->doFindAll(0, 0)
 6 APPPATH\Controllers\Anamnese.php(50): CodeIgniter\BaseModel->findAll()
 7 SYSTEMPATH\CodeIgniter.php(941): App\Controllers\Anamnese->read()
 8 SYSTEMPATH\CodeIgniter.php(502): CodeIgniter\CodeIgniter->runController(Object(App\Controllers\Anamnese))
 9 SYSTEMPATH\CodeIgniter.php(361): CodeIgniter\CodeIgniter->handleRequest(null, Object(Config\Cache), false)
10 FCPATH\index.php(85): CodeIgniter\CodeIgniter->run()
CRITICAL - 2025-04-02 00:24:54 --> [Caused by] mysqli_sql_exception: Unknown column 'cliente' in 'field list'
in SYSTEMPATH\Database\MySQLi\Connection.php on line 306.
 1 SYSTEMPATH\Database\MySQLi\Connection.php(306): mysqli->query('SELECT `cliente`
FROM `anamnese`
JOIN `cliente` ON `cliente`.`id` = `anamnese`.`cliente_id`', 0)
 2 SYSTEMPATH\Database\BaseConnection.php(693): CodeIgniter\Database\MySQLi\Connection->execute('SELECT `cliente`
FROM `anamnese`
JOIN `cliente` ON `cliente`.`id` = `anamnese`.`cliente_id`')
 3 SYSTEMPATH\Database\BaseConnection.php(607): CodeIgniter\Database\BaseConnection->simpleQuery('SELECT `cliente`
FROM `anamnese`
JOIN `cliente` ON `cliente`.`id` = `anamnese`.`cliente_id`')
 4 SYSTEMPATH\Database\BaseBuilder.php(1616): CodeIgniter\Database\BaseConnection->query('SELECT `cliente`
FROM `anamnese`
JOIN `cliente` ON `cliente`.`id` = `anamnese`.`cliente_id`', [], false)
 5 SYSTEMPATH\Model.php(242): CodeIgniter\Database\BaseBuilder->get()
 6 SYSTEMPATH\BaseModel.php(638): CodeIgniter\Model->doFindAll(0, 0)
 7 APPPATH\Controllers\Anamnese.php(50): CodeIgniter\BaseModel->findAll()
 8 SYSTEMPATH\CodeIgniter.php(941): App\Controllers\Anamnese->read()
 9 SYSTEMPATH\CodeIgniter.php(502): CodeIgniter\CodeIgniter->runController(Object(App\Controllers\Anamnese))
10 SYSTEMPATH\CodeIgniter.php(361): CodeIgniter\CodeIgniter->handleRequest(null, Object(Config\Cache), false)
11 FCPATH\index.php(85): CodeIgniter\CodeIgniter->run()
ERROR - 2025-04-02 00:25:01 --> mysqli_sql_exception: Unknown column 'anamnese' in 'field list' in C:\wamp64\www\sites\Projeto1\Back-end\system\Database\MySQLi\Connection.php:306
Stack trace:
#0 C:\wamp64\www\sites\Projeto1\Back-end\system\Database\MySQLi\Connection.php(306): mysqli->query('SELECT `anamnes...', 0)
#1 C:\wamp64\www\sites\Projeto1\Back-end\system\Database\BaseConnection.php(693): CodeIgniter\Database\MySQLi\Connection->execute('SELECT `anamnes...')
#2 C:\wamp64\www\sites\Projeto1\Back-end\system\Database\BaseConnection.php(607): CodeIgniter\Database\BaseConnection->simpleQuery('SELECT `anamnes...')
#3 C:\wamp64\www\sites\Projeto1\Back-end\system\Database\BaseBuilder.php(1616): CodeIgniter\Database\BaseConnection->query('SELECT `anamnes...', Array, false)
#4 C:\wamp64\www\sites\Projeto1\Back-end\system\Model.php(242): CodeIgniter\Database\BaseBuilder->get()
#5 C:\wamp64\www\sites\Projeto1\Back-end\system\BaseModel.php(638): CodeIgniter\Model->doFindAll(0, 0)
#6 C:\wamp64\www\sites\Projeto1\Back-end\app\Controllers\Anamnese.php(50): CodeIgniter\BaseModel->findAll()
#7 C:\wamp64\www\sites\Projeto1\Back-end\system\CodeIgniter.php(941): App\Controllers\Anamnese->read()
#8 C:\wamp64\www\sites\Projeto1\Back-end\system\CodeIgniter.php(502): CodeIgniter\CodeIgniter->runController(Object(App\Controllers\Anamnese))
#9 C:\wamp64\www\sites\Projeto1\Back-end\system\CodeIgniter.php(361): CodeIgniter\CodeIgniter->handleRequest(NULL, Object(Config\Cache), false)
#10 C:\wamp64\www\sites\Projeto1\Back-end\public\index.php(85): CodeIgniter\CodeIgniter->run()
#11 {main}
CRITICAL - 2025-04-02 00:25:01 --> CodeIgniter\Database\Exceptions\DatabaseException: Unknown column 'anamnese' in 'field list'
in SYSTEMPATH\Database\BaseConnection.php on line 647.
 1 SYSTEMPATH\Database\BaseBuilder.php(1616): CodeIgniter\Database\BaseConnection->query('SELECT `anamnese`
FROM `anamnese`
JOIN `cliente` ON `cliente`.`id` = `anamnese`.`cliente_id`', [], false)
 2 SYSTEMPATH\Model.php(242): CodeIgniter\Database\BaseBuilder->get()
 3 SYSTEMPATH\BaseModel.php(638): CodeIgniter\Model->doFindAll(0, 0)
 4 APPPATH\Controllers\Anamnese.php(50): CodeIgniter\BaseModel->findAll()
 5 SYSTEMPATH\CodeIgniter.php(941): App\Controllers\Anamnese->read()
 6 SYSTEMPATH\CodeIgniter.php(502): CodeIgniter\CodeIgniter->runController(Object(App\Controllers\Anamnese))
 7 SYSTEMPATH\CodeIgniter.php(361): CodeIgniter\CodeIgniter->handleRequest(null, Object(Config\Cache), false)
 8 FCPATH\index.php(85): CodeIgniter\CodeIgniter->run()
CRITICAL - 2025-04-02 00:25:01 --> [Caused by] CodeIgniter\Database\Exceptions\DatabaseException: Unknown column 'anamnese' in 'field list'
in SYSTEMPATH\Database\MySQLi\Connection.php on line 311.
 1 SYSTEMPATH\Database\BaseConnection.php(693): CodeIgniter\Database\MySQLi\Connection->execute('SELECT `anamnese`
FROM `anamnese`
JOIN `cliente` ON `cliente`.`id` = `anamnese`.`cliente_id`')
 2 SYSTEMPATH\Database\BaseConnection.php(607): CodeIgniter\Database\BaseConnection->simpleQuery('SELECT `anamnese`
FROM `anamnese`
JOIN `cliente` ON `cliente`.`id` = `anamnese`.`cliente_id`')
 3 SYSTEMPATH\Database\BaseBuilder.php(1616): CodeIgniter\Database\BaseConnection->query('SELECT `anamnese`
FROM `anamnese`
JOIN `cliente` ON `cliente`.`id` = `anamnese`.`cliente_id`', [], false)
 4 SYSTEMPATH\Model.php(242): CodeIgniter\Database\BaseBuilder->get()
 5 SYSTEMPATH\BaseModel.php(638): CodeIgniter\Model->doFindAll(0, 0)
 6 APPPATH\Controllers\Anamnese.php(50): CodeIgniter\BaseModel->findAll()
 7 SYSTEMPATH\CodeIgniter.php(941): App\Controllers\Anamnese->read()
 8 SYSTEMPATH\CodeIgniter.php(502): CodeIgniter\CodeIgniter->runController(Object(App\Controllers\Anamnese))
 9 SYSTEMPATH\CodeIgniter.php(361): CodeIgniter\CodeIgniter->handleRequest(null, Object(Config\Cache), false)
10 FCPATH\index.php(85): CodeIgniter\CodeIgniter->run()
CRITICAL - 2025-04-02 00:25:01 --> [Caused by] mysqli_sql_exception: Unknown column 'anamnese' in 'field list'
in SYSTEMPATH\Database\MySQLi\Connection.php on line 306.
 1 SYSTEMPATH\Database\MySQLi\Connection.php(306): mysqli->query('SELECT `anamnese`
FROM `anamnese`
JOIN `cliente` ON `cliente`.`id` = `anamnese`.`cliente_id`', 0)
 2 SYSTEMPATH\Database\BaseConnection.php(693): CodeIgniter\Database\MySQLi\Connection->execute('SELECT `anamnese`
FROM `anamnese`
JOIN `cliente` ON `cliente`.`id` = `anamnese`.`cliente_id`')
 3 SYSTEMPATH\Database\BaseConnection.php(607): CodeIgniter\Database\BaseConnection->simpleQuery('SELECT `anamnese`
FROM `anamnese`
JOIN `cliente` ON `cliente`.`id` = `anamnese`.`cliente_id`')
 4 SYSTEMPATH\Database\BaseBuilder.php(1616): CodeIgniter\Database\BaseConnection->query('SELECT `anamnese`
FROM `anamnese`
JOIN `cliente` ON `cliente`.`id` = `anamnese`.`cliente_id`', [], false)
 5 SYSTEMPATH\Model.php(242): CodeIgniter\Database\BaseBuilder->get()
 6 SYSTEMPATH\BaseModel.php(638): CodeIgniter\Model->doFindAll(0, 0)
 7 APPPATH\Controllers\Anamnese.php(50): CodeIgniter\BaseModel->findAll()
 8 SYSTEMPATH\CodeIgniter.php(941): App\Controllers\Anamnese->read()
 9 SYSTEMPATH\CodeIgniter.php(502): CodeIgniter\CodeIgniter->runController(Object(App\Controllers\Anamnese))
10 SYSTEMPATH\CodeIgniter.php(361): CodeIgniter\CodeIgniter->handleRequest(null, Object(Config\Cache), false)
11 FCPATH\index.php(85): CodeIgniter\CodeIgniter->run()
ERROR - 2025-04-02 00:28:31 --> mysqli_sql_exception: Operand should contain 1 column(s) in C:\wamp64\www\sites\Projeto1\Back-end\system\Database\MySQLi\Connection.php:306
Stack trace:
#0 C:\wamp64\www\sites\Projeto1\Back-end\system\Database\MySQLi\Connection.php(306): mysqli->query('INSERT INTO `an...', 0)
#1 C:\wamp64\www\sites\Projeto1\Back-end\system\Database\BaseConnection.php(693): CodeIgniter\Database\MySQLi\Connection->execute('INSERT INTO `an...')
#2 C:\wamp64\www\sites\Projeto1\Back-end\system\Database\BaseConnection.php(607): CodeIgniter\Database\BaseConnection->simpleQuery('INSERT INTO `an...')
#3 C:\wamp64\www\sites\Projeto1\Back-end\system\Database\BaseBuilder.php(2307): CodeIgniter\Database\BaseConnection->query('INSERT INTO `an...', Array, false)
#4 C:\wamp64\www\sites\Projeto1\Back-end\system\Model.php(326): CodeIgniter\Database\BaseBuilder->insert()
#5 C:\wamp64\www\sites\Projeto1\Back-end\system\BaseModel.php(802): CodeIgniter\Model->doInsert(Array)
#6 C:\wamp64\www\sites\Projeto1\Back-end\system\Model.php(744): CodeIgniter\BaseModel->insert(Array, true)
#7 C:\wamp64\www\sites\Projeto1\Back-end\app\Controllers\Anamnese.php(24): CodeIgniter\Model->insert(Array)
#8 C:\wamp64\www\sites\Projeto1\Back-end\system\CodeIgniter.php(941): App\Controllers\Anamnese->create()
#9 C:\wamp64\www\sites\Projeto1\Back-end\system\CodeIgniter.php(502): CodeIgniter\CodeIgniter->runController(Object(App\Controllers\Anamnese))
#10 C:\wamp64\www\sites\Projeto1\Back-end\system\CodeIgniter.php(361): CodeIgniter\CodeIgniter->handleRequest(NULL, Object(Config\Cache), false)
#11 C:\wamp64\www\sites\Projeto1\Back-end\public\index.php(85): CodeIgniter\CodeIgniter->run()
#12 {main}
CRITICAL - 2025-04-02 00:28:31 --> CodeIgniter\Database\Exceptions\DatabaseException: Operand should contain 1 column(s)
in SYSTEMPATH\Database\BaseConnection.php on line 647.
 1 SYSTEMPATH\Database\BaseBuilder.php(2307): CodeIgniter\Database\BaseConnection->query('INSERT INTO `anamnese` (`cliente_id`, `perg_problemas_saude`, `perg_sintomas`, `perg_medicamentos`, `perg_historico_familiar_cardiaco`, `perg_restricao_medica`, `perg_gravida`, `perg_fuma`, `perg_bebe_alcool`, `perg_exercicio_frequente`, `perg_qtde_aerobico`, `perg_colesterol_medido`, `perg_alimentacao_balanceada`, `perg_gordura_alta`, `perg_nivel_estresse`, `perg_objetivos_saude`, `anotacoes`) VALUES (:cliente_id:, :perg_problemas_saude:, :perg_sintomas:, :perg_medicamentos:, :perg_historico_familiar_cardiaco:, :perg_restricao_medica:, :perg_gravida:, :perg_fuma:, :perg_bebe_alcool:, :perg_exercicio_frequente:, :perg_qtde_aerobico:, :perg_colesterol_medido:, :perg_alimentacao_balanceada:, :perg_gordura_alta:, :perg_nivel_estresse:, :perg_objetivos_saude:, :anotacoes:)', [...], false)
 2 SYSTEMPATH\Model.php(326): CodeIgniter\Database\BaseBuilder->insert()
 3 SYSTEMPATH\BaseModel.php(802): CodeIgniter\Model->doInsert([...])
 4 SYSTEMPATH\Model.php(744): CodeIgniter\BaseModel->insert([...], true)
 5 APPPATH\Controllers\Anamnese.php(24): CodeIgniter\Model->insert([...])
 6 SYSTEMPATH\CodeIgniter.php(941): App\Controllers\Anamnese->create()
 7 SYSTEMPATH\CodeIgniter.php(502): CodeIgniter\CodeIgniter->runController(Object(App\Controllers\Anamnese))
 8 SYSTEMPATH\CodeIgniter.php(361): CodeIgniter\CodeIgniter->handleRequest(null, Object(Config\Cache), false)
 9 FCPATH\index.php(85): CodeIgniter\CodeIgniter->run()
CRITICAL - 2025-04-02 00:28:31 --> [Caused by] CodeIgniter\Database\Exceptions\DatabaseException: Operand should contain 1 column(s)
in SYSTEMPATH\Database\MySQLi\Connection.php on line 311.
 1 SYSTEMPATH\Database\BaseConnection.php(693): CodeIgniter\Database\MySQLi\Connection->execute('INSERT INTO `anamnese` (`cliente_id`, `perg_problemas_saude`, `perg_sintomas`, `perg_medicamentos`, `perg_historico_familiar_cardiaco`, `perg_restricao_medica`, `perg_gravida`, `perg_fuma`, `perg_bebe_alcool`, `perg_exercicio_frequente`, `perg_qtde_aerobico`, `perg_colesterol_medido`, `perg_alimentacao_balanceada`, `perg_gordura_alta`, `perg_nivel_estresse`, `perg_objetivos_saude`, `anotacoes`) VALUES (\'1\', (\'Doença cardiaca coronariana\',\'descricao:teste\'), (\'Dor nas costas\'), \'sss\', \'1\', \'ssss\', \'1\', \'n\', \'n\', \'1\', 20, \'1\', \'0\', \'1\', \'elevado\', (\'Melhorar a condição muscular\',\'descricao:ss\'), \'sddfsfss\')')
 2 SYSTEMPATH\Database\BaseConnection.php(607): CodeIgniter\Database\BaseConnection->simpleQuery('INSERT INTO `anamnese` (`cliente_id`, `perg_problemas_saude`, `perg_sintomas`, `perg_medicamentos`, `perg_historico_familiar_cardiaco`, `perg_restricao_medica`, `perg_gravida`, `perg_fuma`, `perg_bebe_alcool`, `perg_exercicio_frequente`, `perg_qtde_aerobico`, `perg_colesterol_medido`, `perg_alimentacao_balanceada`, `perg_gordura_alta`, `perg_nivel_estresse`, `perg_objetivos_saude`, `anotacoes`) VALUES (\'1\', (\'Doença cardiaca coronariana\',\'descricao:teste\'), (\'Dor nas costas\'), \'sss\', \'1\', \'ssss\', \'1\', \'n\', \'n\', \'1\', 20, \'1\', \'0\', \'1\', \'elevado\', (\'Melhorar a condição muscular\',\'descricao:ss\'), \'sddfsfss\')')
 3 SYSTEMPATH\Database\BaseBuilder.php(2307): CodeIgniter\Database\BaseConnection->query('INSERT INTO `anamnese` (`cliente_id`, `perg_problemas_saude`, `perg_sintomas`, `perg_medicamentos`, `perg_historico_familiar_cardiaco`, `perg_restricao_medica`, `perg_gravida`, `perg_fuma`, `perg_bebe_alcool`, `perg_exercicio_frequente`, `perg_qtde_aerobico`, `perg_colesterol_medido`, `perg_alimentacao_balanceada`, `perg_gordura_alta`, `perg_nivel_estresse`, `perg_objetivos_saude`, `anotacoes`) VALUES (:cliente_id:, :perg_problemas_saude:, :perg_sintomas:, :perg_medicamentos:, :perg_historico_familiar_cardiaco:, :perg_restricao_medica:, :perg_gravida:, :perg_fuma:, :perg_bebe_alcool:, :perg_exercicio_frequente:, :perg_qtde_aerobico:, :perg_colesterol_medido:, :perg_alimentacao_balanceada:, :perg_gordura_alta:, :perg_nivel_estresse:, :perg_objetivos_saude:, :anotacoes:)', [...], false)
 4 SYSTEMPATH\Model.php(326): CodeIgniter\Database\BaseBuilder->insert()
 5 SYSTEMPATH\BaseModel.php(802): CodeIgniter\Model->doInsert([...])
 6 SYSTEMPATH\Model.php(744): CodeIgniter\BaseModel->insert([...], true)
 7 APPPATH\Controllers\Anamnese.php(24): CodeIgniter\Model->insert([...])
 8 SYSTEMPATH\CodeIgniter.php(941): App\Controllers\Anamnese->create()
 9 SYSTEMPATH\CodeIgniter.php(502): CodeIgniter\CodeIgniter->runController(Object(App\Controllers\Anamnese))
10 SYSTEMPATH\CodeIgniter.php(361): CodeIgniter\CodeIgniter->handleRequest(null, Object(Config\Cache), false)
11 FCPATH\index.php(85): CodeIgniter\CodeIgniter->run()
CRITICAL - 2025-04-02 00:28:31 --> [Caused by] mysqli_sql_exception: Operand should contain 1 column(s)
in SYSTEMPATH\Database\MySQLi\Connection.php on line 306.
 1 SYSTEMPATH\Database\MySQLi\Connection.php(306): mysqli->query('INSERT INTO `anamnese` (`cliente_id`, `perg_problemas_saude`, `perg_sintomas`, `perg_medicamentos`, `perg_historico_familiar_cardiaco`, `perg_restricao_medica`, `perg_gravida`, `perg_fuma`, `perg_bebe_alcool`, `perg_exercicio_frequente`, `perg_qtde_aerobico`, `perg_colesterol_medido`, `perg_alimentacao_balanceada`, `perg_gordura_alta`, `perg_nivel_estresse`, `perg_objetivos_saude`, `anotacoes`) VALUES (\'1\', (\'Doença cardiaca coronariana\',\'descricao:teste\'), (\'Dor nas costas\'), \'sss\', \'1\', \'ssss\', \'1\', \'n\', \'n\', \'1\', 20, \'1\', \'0\', \'1\', \'elevado\', (\'Melhorar a condição muscular\',\'descricao:ss\'), \'sddfsfss\')', 0)
 2 SYSTEMPATH\Database\BaseConnection.php(693): CodeIgniter\Database\MySQLi\Connection->execute('INSERT INTO `anamnese` (`cliente_id`, `perg_problemas_saude`, `perg_sintomas`, `perg_medicamentos`, `perg_historico_familiar_cardiaco`, `perg_restricao_medica`, `perg_gravida`, `perg_fuma`, `perg_bebe_alcool`, `perg_exercicio_frequente`, `perg_qtde_aerobico`, `perg_colesterol_medido`, `perg_alimentacao_balanceada`, `perg_gordura_alta`, `perg_nivel_estresse`, `perg_objetivos_saude`, `anotacoes`) VALUES (\'1\', (\'Doença cardiaca coronariana\',\'descricao:teste\'), (\'Dor nas costas\'), \'sss\', \'1\', \'ssss\', \'1\', \'n\', \'n\', \'1\', 20, \'1\', \'0\', \'1\', \'elevado\', (\'Melhorar a condição muscular\',\'descricao:ss\'), \'sddfsfss\')')
 3 SYSTEMPATH\Database\BaseConnection.php(607): CodeIgniter\Database\BaseConnection->simpleQuery('INSERT INTO `anamnese` (`cliente_id`, `perg_problemas_saude`, `perg_sintomas`, `perg_medicamentos`, `perg_historico_familiar_cardiaco`, `perg_restricao_medica`, `perg_gravida`, `perg_fuma`, `perg_bebe_alcool`, `perg_exercicio_frequente`, `perg_qtde_aerobico`, `perg_colesterol_medido`, `perg_alimentacao_balanceada`, `perg_gordura_alta`, `perg_nivel_estresse`, `perg_objetivos_saude`, `anotacoes`) VALUES (\'1\', (\'Doença cardiaca coronariana\',\'descricao:teste\'), (\'Dor nas costas\'), \'sss\', \'1\', \'ssss\', \'1\', \'n\', \'n\', \'1\', 20, \'1\', \'0\', \'1\', \'elevado\', (\'Melhorar a condição muscular\',\'descricao:ss\'), \'sddfsfss\')')
 4 SYSTEMPATH\Database\BaseBuilder.php(2307): CodeIgniter\Database\BaseConnection->query('INSERT INTO `anamnese` (`cliente_id`, `perg_problemas_saude`, `perg_sintomas`, `perg_medicamentos`, `perg_historico_familiar_cardiaco`, `perg_restricao_medica`, `perg_gravida`, `perg_fuma`, `perg_bebe_alcool`, `perg_exercicio_frequente`, `perg_qtde_aerobico`, `perg_colesterol_medido`, `perg_alimentacao_balanceada`, `perg_gordura_alta`, `perg_nivel_estresse`, `perg_objetivos_saude`, `anotacoes`) VALUES (:cliente_id:, :perg_problemas_saude:, :perg_sintomas:, :perg_medicamentos:, :perg_historico_familiar_cardiaco:, :perg_restricao_medica:, :perg_gravida:, :perg_fuma:, :perg_bebe_alcool:, :perg_exercicio_frequente:, :perg_qtde_aerobico:, :perg_colesterol_medido:, :perg_alimentacao_balanceada:, :perg_gordura_alta:, :perg_nivel_estresse:, :perg_objetivos_saude:, :anotacoes:)', [...], false)
 5 SYSTEMPATH\Model.php(326): CodeIgniter\Database\BaseBuilder->insert()
 6 SYSTEMPATH\BaseModel.php(802): CodeIgniter\Model->doInsert([...])
 7 SYSTEMPATH\Model.php(744): CodeIgniter\BaseModel->insert([...], true)
 8 APPPATH\Controllers\Anamnese.php(24): CodeIgniter\Model->insert([...])
 9 SYSTEMPATH\CodeIgniter.php(941): App\Controllers\Anamnese->create()
10 SYSTEMPATH\CodeIgniter.php(502): CodeIgniter\CodeIgniter->runController(Object(App\Controllers\Anamnese))
11 SYSTEMPATH\CodeIgniter.php(361): CodeIgniter\CodeIgniter->handleRequest(null, Object(Config\Cache), false)
12 FCPATH\index.php(85): CodeIgniter\CodeIgniter->run()
CRITICAL - 2025-04-02 01:36:21 --> ErrorException: Undefined property: App\Controllers\Cliente::$db
in APPPATH\Controllers\Cliente.php on line 272.
 1 APPPATH\Controllers\Cliente.php(272): CodeIgniter\Debug\Exceptions->errorHandler(2, 'Undefined property: App\\Controllers\\Cliente::$db', 'C:\\wamp64\\www\\sites\\Projeto1\\Back-end\\app\\Controllers\\Cliente.php', 272)
 2 SYSTEMPATH\CodeIgniter.php(941): App\Controllers\Cliente->getClientesSemFicha()
 3 SYSTEMPATH\CodeIgniter.php(502): CodeIgniter\CodeIgniter->runController(Object(App\Controllers\Cliente))
 4 SYSTEMPATH\CodeIgniter.php(361): CodeIgniter\CodeIgniter->handleRequest(null, Object(Config\Cache), false)
 5 FCPATH\index.php(85): CodeIgniter\CodeIgniter->run()
