CRITICAL - 2024-06-09 17:50:49 --> ErrorException: Trying to access array offset on value of type null
in APPPATH\Controllers\Cliente.php on line 143.
 1 APPPATH\Controllers\Cliente.php(143): CodeIgniter\Debug\Exceptions->errorHandler(2, 'Trying to access array offset on value of type null', 'C:\\wamp64\\www\\sites\\Projeto1\\Back-end\\app\\Controllers\\Cliente.php', 143)
 2 APPPATH\Controllers\Cliente.php(115): App\Controllers\Cliente->pegarFoto()
 3 SYSTEMPATH\CodeIgniter.php(941): App\Controllers\Cliente->inserirFoto()
 4 SYSTEMPATH\CodeIgniter.php(502): CodeIgniter\CodeIgniter->runController(Object(App\Controllers\Cliente))
 5 SYSTEMPATH\CodeIgniter.php(361): CodeIgniter\CodeIgniter->handleRequest(null, Object(Config\Cache), false)
 6 FCPATH\index.php(85): CodeIgniter\CodeIgniter->run()
CRITICAL - 2024-06-09 17:50:58 --> ErrorException: Trying to access array offset on value of type null
in APPPATH\Controllers\Cliente.php on line 143.
 1 APPPATH\Controllers\Cliente.php(143): CodeIgniter\Debug\Exceptions->errorHandler(2, 'Trying to access array offset on value of type null', 'C:\\wamp64\\www\\sites\\Projeto1\\Back-end\\app\\Controllers\\Cliente.php', 143)
 2 APPPATH\Controllers\Cliente.php(115): App\Controllers\Cliente->pegarFoto()
 3 SYSTEMPATH\CodeIgniter.php(941): App\Controllers\Cliente->inserirFoto()
 4 SYSTEMPATH\CodeIgniter.php(502): CodeIgniter\CodeIgniter->runController(Object(App\Controllers\Cliente))
 5 SYSTEMPATH\CodeIgniter.php(361): CodeIgniter\CodeIgniter->handleRequest(null, Object(Config\Cache), false)
 6 FCPATH\index.php(85): CodeIgniter\CodeIgniter->run()
CRITICAL - 2024-06-09 17:52:47 --> ErrorException: Undefined array key "id"
in APPPATH\Controllers\Cliente.php on line 145.
 1 APPPATH\Controllers\Cliente.php(145): CodeIgniter\Debug\Exceptions->errorHandler(2, 'Undefined array key "id"', 'C:\\wamp64\\www\\sites\\Projeto1\\Back-end\\app\\Controllers\\Cliente.php', 145)
 2 APPPATH\Controllers\Cliente.php(115): App\Controllers\Cliente->pegarFoto()
 3 SYSTEMPATH\CodeIgniter.php(941): App\Controllers\Cliente->inserirFoto()
 4 SYSTEMPATH\CodeIgniter.php(502): CodeIgniter\CodeIgniter->runController(Object(App\Controllers\Cliente))
 5 SYSTEMPATH\CodeIgniter.php(361): CodeIgniter\CodeIgniter->handleRequest(null, Object(Config\Cache), false)
 6 FCPATH\index.php(85): CodeIgniter\CodeIgniter->run()
CRITICAL - 2024-06-09 17:52:53 --> ErrorException: Undefined array key "id"
in APPPATH\Controllers\Cliente.php on line 145.
 1 APPPATH\Controllers\Cliente.php(145): CodeIgniter\Debug\Exceptions->errorHandler(2, 'Undefined array key "id"', 'C:\\wamp64\\www\\sites\\Projeto1\\Back-end\\app\\Controllers\\Cliente.php', 145)
 2 APPPATH\Controllers\Cliente.php(115): App\Controllers\Cliente->pegarFoto()
 3 SYSTEMPATH\CodeIgniter.php(941): App\Controllers\Cliente->inserirFoto()
 4 SYSTEMPATH\CodeIgniter.php(502): CodeIgniter\CodeIgniter->runController(Object(App\Controllers\Cliente))
 5 SYSTEMPATH\CodeIgniter.php(361): CodeIgniter\CodeIgniter->handleRequest(null, Object(Config\Cache), false)
 6 FCPATH\index.php(85): CodeIgniter\CodeIgniter->run()
CRITICAL - 2024-06-09 17:53:05 --> ErrorException: Undefined array key "id"
in APPPATH\Controllers\Cliente.php on line 145.
 1 APPPATH\Controllers\Cliente.php(145): CodeIgniter\Debug\Exceptions->errorHandler(2, 'Undefined array key "id"', 'C:\\wamp64\\www\\sites\\Projeto1\\Back-end\\app\\Controllers\\Cliente.php', 145)
 2 APPPATH\Controllers\Cliente.php(115): App\Controllers\Cliente->pegarFoto()
 3 SYSTEMPATH\CodeIgniter.php(941): App\Controllers\Cliente->inserirFoto()
 4 SYSTEMPATH\CodeIgniter.php(502): CodeIgniter\CodeIgniter->runController(Object(App\Controllers\Cliente))
 5 SYSTEMPATH\CodeIgniter.php(361): CodeIgniter\CodeIgniter->handleRequest(null, Object(Config\Cache), false)
 6 FCPATH\index.php(85): CodeIgniter\CodeIgniter->run()
CRITICAL - 2024-06-09 17:53:06 --> ErrorException: Undefined array key "id"
in APPPATH\Controllers\Cliente.php on line 145.
 1 APPPATH\Controllers\Cliente.php(145): CodeIgniter\Debug\Exceptions->errorHandler(2, 'Undefined array key "id"', 'C:\\wamp64\\www\\sites\\Projeto1\\Back-end\\app\\Controllers\\Cliente.php', 145)
 2 APPPATH\Controllers\Cliente.php(115): App\Controllers\Cliente->pegarFoto()
 3 SYSTEMPATH\CodeIgniter.php(941): App\Controllers\Cliente->inserirFoto()
 4 SYSTEMPATH\CodeIgniter.php(502): CodeIgniter\CodeIgniter->runController(Object(App\Controllers\Cliente))
 5 SYSTEMPATH\CodeIgniter.php(361): CodeIgniter\CodeIgniter->handleRequest(null, Object(Config\Cache), false)
 6 FCPATH\index.php(85): CodeIgniter\CodeIgniter->run()
CRITICAL - 2024-06-09 17:54:05 --> Error: Cannot use object of type CodeIgniter\HTTP\Response as array
in APPPATH\Controllers\Cliente.php on line 119.
 1 SYSTEMPATH\CodeIgniter.php(941): App\Controllers\Cliente->inserirFoto()
 2 SYSTEMPATH\CodeIgniter.php(502): CodeIgniter\CodeIgniter->runController(Object(App\Controllers\Cliente))
 3 SYSTEMPATH\CodeIgniter.php(361): CodeIgniter\CodeIgniter->handleRequest(null, Object(Config\Cache), false)
 4 FCPATH\index.php(85): CodeIgniter\CodeIgniter->run()
CRITICAL - 2024-06-09 17:54:13 --> Error: Cannot use object of type CodeIgniter\HTTP\Response as array
in APPPATH\Controllers\Cliente.php on line 119.
 1 SYSTEMPATH\CodeIgniter.php(941): App\Controllers\Cliente->inserirFoto()
 2 SYSTEMPATH\CodeIgniter.php(502): CodeIgniter\CodeIgniter->runController(Object(App\Controllers\Cliente))
 3 SYSTEMPATH\CodeIgniter.php(361): CodeIgniter\CodeIgniter->handleRequest(null, Object(Config\Cache), false)
 4 FCPATH\index.php(85): CodeIgniter\CodeIgniter->run()
CRITICAL - 2024-06-09 17:54:14 --> Error: Cannot use object of type CodeIgniter\HTTP\Response as array
in APPPATH\Controllers\Cliente.php on line 119.
 1 SYSTEMPATH\CodeIgniter.php(941): App\Controllers\Cliente->inserirFoto()
 2 SYSTEMPATH\CodeIgniter.php(502): CodeIgniter\CodeIgniter->runController(Object(App\Controllers\Cliente))
 3 SYSTEMPATH\CodeIgniter.php(361): CodeIgniter\CodeIgniter->handleRequest(null, Object(Config\Cache), false)
 4 FCPATH\index.php(85): CodeIgniter\CodeIgniter->run()
CRITICAL - 2024-06-09 17:57:33 --> Error: Cannot use object of type App\Models\ClienteModel as array
in APPPATH\Controllers\Cliente.php on line 121.
 1 SYSTEMPATH\CodeIgniter.php(941): App\Controllers\Cliente->inserirFoto()
 2 SYSTEMPATH\CodeIgniter.php(502): CodeIgniter\CodeIgniter->runController(Object(App\Controllers\Cliente))
 3 SYSTEMPATH\CodeIgniter.php(361): CodeIgniter\CodeIgniter->handleRequest(null, Object(Config\Cache), false)
 4 FCPATH\index.php(85): CodeIgniter\CodeIgniter->run()
CRITICAL - 2024-06-09 17:57:35 --> Error: Cannot use object of type App\Models\ClienteModel as array
in APPPATH\Controllers\Cliente.php on line 121.
 1 SYSTEMPATH\CodeIgniter.php(941): App\Controllers\Cliente->inserirFoto()
 2 SYSTEMPATH\CodeIgniter.php(502): CodeIgniter\CodeIgniter->runController(Object(App\Controllers\Cliente))
 3 SYSTEMPATH\CodeIgniter.php(361): CodeIgniter\CodeIgniter->handleRequest(null, Object(Config\Cache), false)
 4 FCPATH\index.php(85): CodeIgniter\CodeIgniter->run()
CRITICAL - 2024-06-09 17:57:55 --> Error: Cannot use object of type App\Models\ClienteModel as array
in APPPATH\Controllers\Cliente.php on line 121.
 1 SYSTEMPATH\CodeIgniter.php(941): App\Controllers\Cliente->inserirFoto()
 2 SYSTEMPATH\CodeIgniter.php(502): CodeIgniter\CodeIgniter->runController(Object(App\Controllers\Cliente))
 3 SYSTEMPATH\CodeIgniter.php(361): CodeIgniter\CodeIgniter->handleRequest(null, Object(Config\Cache), false)
 4 FCPATH\index.php(85): CodeIgniter\CodeIgniter->run()
CRITICAL - 2024-06-09 17:57:56 --> Error: Cannot use object of type App\Models\ClienteModel as array
in APPPATH\Controllers\Cliente.php on line 121.
 1 SYSTEMPATH\CodeIgniter.php(941): App\Controllers\Cliente->inserirFoto()
 2 SYSTEMPATH\CodeIgniter.php(502): CodeIgniter\CodeIgniter->runController(Object(App\Controllers\Cliente))
 3 SYSTEMPATH\CodeIgniter.php(361): CodeIgniter\CodeIgniter->handleRequest(null, Object(Config\Cache), false)
 4 FCPATH\index.php(85): CodeIgniter\CodeIgniter->run()
CRITICAL - 2024-06-09 17:58:23 --> Error: Object of class App\Models\ClienteModel could not be converted to string
in APPPATH\Controllers\Cliente.php on line 121.
 1 SYSTEMPATH\CodeIgniter.php(941): App\Controllers\Cliente->inserirFoto()
 2 SYSTEMPATH\CodeIgniter.php(502): CodeIgniter\CodeIgniter->runController(Object(App\Controllers\Cliente))
 3 SYSTEMPATH\CodeIgniter.php(361): CodeIgniter\CodeIgniter->handleRequest(null, Object(Config\Cache), false)
 4 FCPATH\index.php(85): CodeIgniter\CodeIgniter->run()
CRITICAL - 2024-06-09 17:58:28 --> Error: Object of class App\Models\ClienteModel could not be converted to string
in APPPATH\Controllers\Cliente.php on line 121.
 1 SYSTEMPATH\CodeIgniter.php(941): App\Controllers\Cliente->inserirFoto()
 2 SYSTEMPATH\CodeIgniter.php(502): CodeIgniter\CodeIgniter->runController(Object(App\Controllers\Cliente))
 3 SYSTEMPATH\CodeIgniter.php(361): CodeIgniter\CodeIgniter->handleRequest(null, Object(Config\Cache), false)
 4 FCPATH\index.php(85): CodeIgniter\CodeIgniter->run()
CRITICAL - 2024-06-09 17:58:31 --> Error: Object of class App\Models\ClienteModel could not be converted to string
in APPPATH\Controllers\Cliente.php on line 121.
 1 SYSTEMPATH\CodeIgniter.php(941): App\Controllers\Cliente->inserirFoto()
 2 SYSTEMPATH\CodeIgniter.php(502): CodeIgniter\CodeIgniter->runController(Object(App\Controllers\Cliente))
 3 SYSTEMPATH\CodeIgniter.php(361): CodeIgniter\CodeIgniter->handleRequest(null, Object(Config\Cache), false)
 4 FCPATH\index.php(85): CodeIgniter\CodeIgniter->run()
CRITICAL - 2024-06-09 17:58:40 --> Error: Cannot use object of type App\Models\ClienteModel as array
in APPPATH\Controllers\Cliente.php on line 121.
 1 SYSTEMPATH\CodeIgniter.php(941): App\Controllers\Cliente->inserirFoto()
 2 SYSTEMPATH\CodeIgniter.php(502): CodeIgniter\CodeIgniter->runController(Object(App\Controllers\Cliente))
 3 SYSTEMPATH\CodeIgniter.php(361): CodeIgniter\CodeIgniter->handleRequest(null, Object(Config\Cache), false)
 4 FCPATH\index.php(85): CodeIgniter\CodeIgniter->run()
CRITICAL - 2024-06-09 17:58:42 --> Error: Cannot use object of type App\Models\ClienteModel as array
in APPPATH\Controllers\Cliente.php on line 121.
 1 SYSTEMPATH\CodeIgniter.php(941): App\Controllers\Cliente->inserirFoto()
 2 SYSTEMPATH\CodeIgniter.php(502): CodeIgniter\CodeIgniter->runController(Object(App\Controllers\Cliente))
 3 SYSTEMPATH\CodeIgniter.php(361): CodeIgniter\CodeIgniter->handleRequest(null, Object(Config\Cache), false)
 4 FCPATH\index.php(85): CodeIgniter\CodeIgniter->run()
