ERROR - 2024-08-21 01:02:17 --> mysqli_sql_exception: Unknown column 'c.frequencia' in 'field list' in C:\wamp64\www\sites\Projeto1\Back-end\system\Database\MySQLi\Connection.php:306
Stack trace:
#0 C:\wamp64\www\sites\Projeto1\Back-end\system\Database\MySQLi\Connection.php(306): mysqli->query('SELECT `c`.`id`...', 0)
#1 C:\wamp64\www\sites\Projeto1\Back-end\system\Database\BaseConnection.php(693): CodeIgniter\Database\MySQLi\Connection->execute('SELECT `c`.`id`...')
#2 C:\wamp64\www\sites\Projeto1\Back-end\system\Database\BaseConnection.php(607): CodeIgniter\Database\BaseConnection->simpleQuery('SELECT `c`.`id`...')
#3 C:\wamp64\www\sites\Projeto1\Back-end\system\Database\BaseBuilder.php(1616): CodeIgniter\Database\BaseConnection->query('SELECT `c`.`id`...', Array, false)
#4 C:\wamp64\www\sites\Projeto1\Back-end\system\Model.php(872): CodeIgniter\Database\BaseBuilder->get()
#5 C:\wamp64\www\sites\Projeto1\Back-end\app\Controllers\Cliente.php(98): CodeIgniter\Model->__call('get', Array)
#6 C:\wamp64\www\sites\Projeto1\Back-end\system\CodeIgniter.php(941): App\Controllers\Cliente->pesquisar()
#7 C:\wamp64\www\sites\Projeto1\Back-end\system\CodeIgniter.php(502): CodeIgniter\CodeIgniter->runController(Object(App\Controllers\Cliente))
#8 C:\wamp64\www\sites\Projeto1\Back-end\system\CodeIgniter.php(361): CodeIgniter\CodeIgniter->handleRequest(NULL, Object(Config\Cache), false)
#9 C:\wamp64\www\sites\Projeto1\Back-end\public\index.php(85): CodeIgniter\CodeIgniter->run()
#10 {main}
CRITICAL - 2024-08-21 01:02:17 --> CodeIgniter\Database\Exceptions\DatabaseException: Unknown column 'c.frequencia' in 'field list'
in SYSTEMPATH\Database\BaseConnection.php on line 647.
 1 SYSTEMPATH\Database\BaseBuilder.php(1616): CodeIgniter\Database\BaseConnection->query('SELECT `c`.`id`, `c`.`nome` AS `cliente_nome`, `c`.`CPF`, `c`.`email`, `c`.`frequencia`, `c`.`ultimo_login`, `c`.`status`, `p`.`nome` AS `nome_personal`, `p`.`id` as `id_func`
FROM (`cliente`, `cliente` AS `c`)
INNER JOIN `funcionarios` AS `p` ON `c`.`personal_id` = `p`.`id`
GROUP BY `c`.`id`', [], false)
 2 SYSTEMPATH\Model.php(872): CodeIgniter\Database\BaseBuilder->get()
 3 APPPATH\Controllers\Cliente.php(98): CodeIgniter\Model->__call('get', [])
 4 SYSTEMPATH\CodeIgniter.php(941): App\Controllers\Cliente->pesquisar()
 5 SYSTEMPATH\CodeIgniter.php(502): CodeIgniter\CodeIgniter->runController(Object(App\Controllers\Cliente))
 6 SYSTEMPATH\CodeIgniter.php(361): CodeIgniter\CodeIgniter->handleRequest(null, Object(Config\Cache), false)
 7 FCPATH\index.php(85): CodeIgniter\CodeIgniter->run()
CRITICAL - 2024-08-21 01:02:17 --> [Caused by] CodeIgniter\Database\Exceptions\DatabaseException: Unknown column 'c.frequencia' in 'field list'
in SYSTEMPATH\Database\MySQLi\Connection.php on line 311.
 1 SYSTEMPATH\Database\BaseConnection.php(693): CodeIgniter\Database\MySQLi\Connection->execute('SELECT `c`.`id`, `c`.`nome` AS `cliente_nome`, `c`.`CPF`, `c`.`email`, `c`.`frequencia`, `c`.`ultimo_login`, `c`.`status`, `p`.`nome` AS `nome_personal`, `p`.`id` as `id_func`
FROM (`cliente`, `cliente` AS `c`)
INNER JOIN `funcionarios` AS `p` ON `c`.`personal_id` = `p`.`id`
GROUP BY `c`.`id`')
 2 SYSTEMPATH\Database\BaseConnection.php(607): CodeIgniter\Database\BaseConnection->simpleQuery('SELECT `c`.`id`, `c`.`nome` AS `cliente_nome`, `c`.`CPF`, `c`.`email`, `c`.`frequencia`, `c`.`ultimo_login`, `c`.`status`, `p`.`nome` AS `nome_personal`, `p`.`id` as `id_func`
FROM (`cliente`, `cliente` AS `c`)
INNER JOIN `funcionarios` AS `p` ON `c`.`personal_id` = `p`.`id`
GROUP BY `c`.`id`')
 3 SYSTEMPATH\Database\BaseBuilder.php(1616): CodeIgniter\Database\BaseConnection->query('SELECT `c`.`id`, `c`.`nome` AS `cliente_nome`, `c`.`CPF`, `c`.`email`, `c`.`frequencia`, `c`.`ultimo_login`, `c`.`status`, `p`.`nome` AS `nome_personal`, `p`.`id` as `id_func`
FROM (`cliente`, `cliente` AS `c`)
INNER JOIN `funcionarios` AS `p` ON `c`.`personal_id` = `p`.`id`
GROUP BY `c`.`id`', [], false)
 4 SYSTEMPATH\Model.php(872): CodeIgniter\Database\BaseBuilder->get()
 5 APPPATH\Controllers\Cliente.php(98): CodeIgniter\Model->__call('get', [])
 6 SYSTEMPATH\CodeIgniter.php(941): App\Controllers\Cliente->pesquisar()
 7 SYSTEMPATH\CodeIgniter.php(502): CodeIgniter\CodeIgniter->runController(Object(App\Controllers\Cliente))
 8 SYSTEMPATH\CodeIgniter.php(361): CodeIgniter\CodeIgniter->handleRequest(null, Object(Config\Cache), false)
 9 FCPATH\index.php(85): CodeIgniter\CodeIgniter->run()
CRITICAL - 2024-08-21 01:02:17 --> [Caused by] mysqli_sql_exception: Unknown column 'c.frequencia' in 'field list'
in SYSTEMPATH\Database\MySQLi\Connection.php on line 306.
 1 SYSTEMPATH\Database\MySQLi\Connection.php(306): mysqli->query('SELECT `c`.`id`, `c`.`nome` AS `cliente_nome`, `c`.`CPF`, `c`.`email`, `c`.`frequencia`, `c`.`ultimo_login`, `c`.`status`, `p`.`nome` AS `nome_personal`, `p`.`id` as `id_func`
FROM (`cliente`, `cliente` AS `c`)
INNER JOIN `funcionarios` AS `p` ON `c`.`personal_id` = `p`.`id`
GROUP BY `c`.`id`', 0)
 2 SYSTEMPATH\Database\BaseConnection.php(693): CodeIgniter\Database\MySQLi\Connection->execute('SELECT `c`.`id`, `c`.`nome` AS `cliente_nome`, `c`.`CPF`, `c`.`email`, `c`.`frequencia`, `c`.`ultimo_login`, `c`.`status`, `p`.`nome` AS `nome_personal`, `p`.`id` as `id_func`
FROM (`cliente`, `cliente` AS `c`)
INNER JOIN `funcionarios` AS `p` ON `c`.`personal_id` = `p`.`id`
GROUP BY `c`.`id`')
 3 SYSTEMPATH\Database\BaseConnection.php(607): CodeIgniter\Database\BaseConnection->simpleQuery('SELECT `c`.`id`, `c`.`nome` AS `cliente_nome`, `c`.`CPF`, `c`.`email`, `c`.`frequencia`, `c`.`ultimo_login`, `c`.`status`, `p`.`nome` AS `nome_personal`, `p`.`id` as `id_func`
FROM (`cliente`, `cliente` AS `c`)
INNER JOIN `funcionarios` AS `p` ON `c`.`personal_id` = `p`.`id`
GROUP BY `c`.`id`')
 4 SYSTEMPATH\Database\BaseBuilder.php(1616): CodeIgniter\Database\BaseConnection->query('SELECT `c`.`id`, `c`.`nome` AS `cliente_nome`, `c`.`CPF`, `c`.`email`, `c`.`frequencia`, `c`.`ultimo_login`, `c`.`status`, `p`.`nome` AS `nome_personal`, `p`.`id` as `id_func`
FROM (`cliente`, `cliente` AS `c`)
INNER JOIN `funcionarios` AS `p` ON `c`.`personal_id` = `p`.`id`
GROUP BY `c`.`id`', [], false)
 5 SYSTEMPATH\Model.php(872): CodeIgniter\Database\BaseBuilder->get()
 6 APPPATH\Controllers\Cliente.php(98): CodeIgniter\Model->__call('get', [])
 7 SYSTEMPATH\CodeIgniter.php(941): App\Controllers\Cliente->pesquisar()
 8 SYSTEMPATH\CodeIgniter.php(502): CodeIgniter\CodeIgniter->runController(Object(App\Controllers\Cliente))
 9 SYSTEMPATH\CodeIgniter.php(361): CodeIgniter\CodeIgniter->handleRequest(null, Object(Config\Cache), false)
10 FCPATH\index.php(85): CodeIgniter\CodeIgniter->run()
ERROR - 2024-08-21 01:02:18 --> mysqli_sql_exception: Unknown column 'c.frequencia' in 'field list' in C:\wamp64\www\sites\Projeto1\Back-end\system\Database\MySQLi\Connection.php:306
Stack trace:
#0 C:\wamp64\www\sites\Projeto1\Back-end\system\Database\MySQLi\Connection.php(306): mysqli->query('SELECT `c`.`id`...', 0)
#1 C:\wamp64\www\sites\Projeto1\Back-end\system\Database\BaseConnection.php(693): CodeIgniter\Database\MySQLi\Connection->execute('SELECT `c`.`id`...')
#2 C:\wamp64\www\sites\Projeto1\Back-end\system\Database\BaseConnection.php(607): CodeIgniter\Database\BaseConnection->simpleQuery('SELECT `c`.`id`...')
#3 C:\wamp64\www\sites\Projeto1\Back-end\system\Database\BaseBuilder.php(1616): CodeIgniter\Database\BaseConnection->query('SELECT `c`.`id`...', Array, false)
#4 C:\wamp64\www\sites\Projeto1\Back-end\system\Model.php(872): CodeIgniter\Database\BaseBuilder->get()
#5 C:\wamp64\www\sites\Projeto1\Back-end\app\Controllers\Cliente.php(98): CodeIgniter\Model->__call('get', Array)
#6 C:\wamp64\www\sites\Projeto1\Back-end\system\CodeIgniter.php(941): App\Controllers\Cliente->pesquisar()
#7 C:\wamp64\www\sites\Projeto1\Back-end\system\CodeIgniter.php(502): CodeIgniter\CodeIgniter->runController(Object(App\Controllers\Cliente))
#8 C:\wamp64\www\sites\Projeto1\Back-end\system\CodeIgniter.php(361): CodeIgniter\CodeIgniter->handleRequest(NULL, Object(Config\Cache), false)
#9 C:\wamp64\www\sites\Projeto1\Back-end\public\index.php(85): CodeIgniter\CodeIgniter->run()
#10 {main}
CRITICAL - 2024-08-21 01:02:18 --> CodeIgniter\Database\Exceptions\DatabaseException: Unknown column 'c.frequencia' in 'field list'
in SYSTEMPATH\Database\BaseConnection.php on line 647.
 1 SYSTEMPATH\Database\BaseBuilder.php(1616): CodeIgniter\Database\BaseConnection->query('SELECT `c`.`id`, `c`.`nome` AS `cliente_nome`, `c`.`CPF`, `c`.`email`, `c`.`frequencia`, `c`.`ultimo_login`, `c`.`status`, `p`.`nome` AS `nome_personal`, `p`.`id` as `id_func`
FROM (`cliente`, `cliente` AS `c`)
INNER JOIN `funcionarios` AS `p` ON `c`.`personal_id` = `p`.`id`
GROUP BY `c`.`id`', [], false)
 2 SYSTEMPATH\Model.php(872): CodeIgniter\Database\BaseBuilder->get()
 3 APPPATH\Controllers\Cliente.php(98): CodeIgniter\Model->__call('get', [])
 4 SYSTEMPATH\CodeIgniter.php(941): App\Controllers\Cliente->pesquisar()
 5 SYSTEMPATH\CodeIgniter.php(502): CodeIgniter\CodeIgniter->runController(Object(App\Controllers\Cliente))
 6 SYSTEMPATH\CodeIgniter.php(361): CodeIgniter\CodeIgniter->handleRequest(null, Object(Config\Cache), false)
 7 FCPATH\index.php(85): CodeIgniter\CodeIgniter->run()
CRITICAL - 2024-08-21 01:02:18 --> [Caused by] CodeIgniter\Database\Exceptions\DatabaseException: Unknown column 'c.frequencia' in 'field list'
in SYSTEMPATH\Database\MySQLi\Connection.php on line 311.
 1 SYSTEMPATH\Database\BaseConnection.php(693): CodeIgniter\Database\MySQLi\Connection->execute('SELECT `c`.`id`, `c`.`nome` AS `cliente_nome`, `c`.`CPF`, `c`.`email`, `c`.`frequencia`, `c`.`ultimo_login`, `c`.`status`, `p`.`nome` AS `nome_personal`, `p`.`id` as `id_func`
FROM (`cliente`, `cliente` AS `c`)
INNER JOIN `funcionarios` AS `p` ON `c`.`personal_id` = `p`.`id`
GROUP BY `c`.`id`')
 2 SYSTEMPATH\Database\BaseConnection.php(607): CodeIgniter\Database\BaseConnection->simpleQuery('SELECT `c`.`id`, `c`.`nome` AS `cliente_nome`, `c`.`CPF`, `c`.`email`, `c`.`frequencia`, `c`.`ultimo_login`, `c`.`status`, `p`.`nome` AS `nome_personal`, `p`.`id` as `id_func`
FROM (`cliente`, `cliente` AS `c`)
INNER JOIN `funcionarios` AS `p` ON `c`.`personal_id` = `p`.`id`
GROUP BY `c`.`id`')
 3 SYSTEMPATH\Database\BaseBuilder.php(1616): CodeIgniter\Database\BaseConnection->query('SELECT `c`.`id`, `c`.`nome` AS `cliente_nome`, `c`.`CPF`, `c`.`email`, `c`.`frequencia`, `c`.`ultimo_login`, `c`.`status`, `p`.`nome` AS `nome_personal`, `p`.`id` as `id_func`
FROM (`cliente`, `cliente` AS `c`)
INNER JOIN `funcionarios` AS `p` ON `c`.`personal_id` = `p`.`id`
GROUP BY `c`.`id`', [], false)
 4 SYSTEMPATH\Model.php(872): CodeIgniter\Database\BaseBuilder->get()
 5 APPPATH\Controllers\Cliente.php(98): CodeIgniter\Model->__call('get', [])
 6 SYSTEMPATH\CodeIgniter.php(941): App\Controllers\Cliente->pesquisar()
 7 SYSTEMPATH\CodeIgniter.php(502): CodeIgniter\CodeIgniter->runController(Object(App\Controllers\Cliente))
 8 SYSTEMPATH\CodeIgniter.php(361): CodeIgniter\CodeIgniter->handleRequest(null, Object(Config\Cache), false)
 9 FCPATH\index.php(85): CodeIgniter\CodeIgniter->run()
CRITICAL - 2024-08-21 01:02:18 --> [Caused by] mysqli_sql_exception: Unknown column 'c.frequencia' in 'field list'
in SYSTEMPATH\Database\MySQLi\Connection.php on line 306.
 1 SYSTEMPATH\Database\MySQLi\Connection.php(306): mysqli->query('SELECT `c`.`id`, `c`.`nome` AS `cliente_nome`, `c`.`CPF`, `c`.`email`, `c`.`frequencia`, `c`.`ultimo_login`, `c`.`status`, `p`.`nome` AS `nome_personal`, `p`.`id` as `id_func`
FROM (`cliente`, `cliente` AS `c`)
INNER JOIN `funcionarios` AS `p` ON `c`.`personal_id` = `p`.`id`
GROUP BY `c`.`id`', 0)
 2 SYSTEMPATH\Database\BaseConnection.php(693): CodeIgniter\Database\MySQLi\Connection->execute('SELECT `c`.`id`, `c`.`nome` AS `cliente_nome`, `c`.`CPF`, `c`.`email`, `c`.`frequencia`, `c`.`ultimo_login`, `c`.`status`, `p`.`nome` AS `nome_personal`, `p`.`id` as `id_func`
FROM (`cliente`, `cliente` AS `c`)
INNER JOIN `funcionarios` AS `p` ON `c`.`personal_id` = `p`.`id`
GROUP BY `c`.`id`')
 3 SYSTEMPATH\Database\BaseConnection.php(607): CodeIgniter\Database\BaseConnection->simpleQuery('SELECT `c`.`id`, `c`.`nome` AS `cliente_nome`, `c`.`CPF`, `c`.`email`, `c`.`frequencia`, `c`.`ultimo_login`, `c`.`status`, `p`.`nome` AS `nome_personal`, `p`.`id` as `id_func`
FROM (`cliente`, `cliente` AS `c`)
INNER JOIN `funcionarios` AS `p` ON `c`.`personal_id` = `p`.`id`
GROUP BY `c`.`id`')
 4 SYSTEMPATH\Database\BaseBuilder.php(1616): CodeIgniter\Database\BaseConnection->query('SELECT `c`.`id`, `c`.`nome` AS `cliente_nome`, `c`.`CPF`, `c`.`email`, `c`.`frequencia`, `c`.`ultimo_login`, `c`.`status`, `p`.`nome` AS `nome_personal`, `p`.`id` as `id_func`
FROM (`cliente`, `cliente` AS `c`)
INNER JOIN `funcionarios` AS `p` ON `c`.`personal_id` = `p`.`id`
GROUP BY `c`.`id`', [], false)
 5 SYSTEMPATH\Model.php(872): CodeIgniter\Database\BaseBuilder->get()
 6 APPPATH\Controllers\Cliente.php(98): CodeIgniter\Model->__call('get', [])
 7 SYSTEMPATH\CodeIgniter.php(941): App\Controllers\Cliente->pesquisar()
 8 SYSTEMPATH\CodeIgniter.php(502): CodeIgniter\CodeIgniter->runController(Object(App\Controllers\Cliente))
 9 SYSTEMPATH\CodeIgniter.php(361): CodeIgniter\CodeIgniter->handleRequest(null, Object(Config\Cache), false)
10 FCPATH\index.php(85): CodeIgniter\CodeIgniter->run()
ERROR - 2024-08-21 01:02:25 --> mysqli_sql_exception: Unknown column 'c.frequencia' in 'field list' in C:\wamp64\www\sites\Projeto1\Back-end\system\Database\MySQLi\Connection.php:306
Stack trace:
#0 C:\wamp64\www\sites\Projeto1\Back-end\system\Database\MySQLi\Connection.php(306): mysqli->query('SELECT `c`.`id`...', 0)
#1 C:\wamp64\www\sites\Projeto1\Back-end\system\Database\BaseConnection.php(693): CodeIgniter\Database\MySQLi\Connection->execute('SELECT `c`.`id`...')
#2 C:\wamp64\www\sites\Projeto1\Back-end\system\Database\BaseConnection.php(607): CodeIgniter\Database\BaseConnection->simpleQuery('SELECT `c`.`id`...')
#3 C:\wamp64\www\sites\Projeto1\Back-end\system\Database\BaseBuilder.php(1616): CodeIgniter\Database\BaseConnection->query('SELECT `c`.`id`...', Array, false)
#4 C:\wamp64\www\sites\Projeto1\Back-end\system\Model.php(872): CodeIgniter\Database\BaseBuilder->get()
#5 C:\wamp64\www\sites\Projeto1\Back-end\app\Controllers\Cliente.php(98): CodeIgniter\Model->__call('get', Array)
#6 C:\wamp64\www\sites\Projeto1\Back-end\system\CodeIgniter.php(941): App\Controllers\Cliente->pesquisar()
#7 C:\wamp64\www\sites\Projeto1\Back-end\system\CodeIgniter.php(502): CodeIgniter\CodeIgniter->runController(Object(App\Controllers\Cliente))
#8 C:\wamp64\www\sites\Projeto1\Back-end\system\CodeIgniter.php(361): CodeIgniter\CodeIgniter->handleRequest(NULL, Object(Config\Cache), false)
#9 C:\wamp64\www\sites\Projeto1\Back-end\public\index.php(85): CodeIgniter\CodeIgniter->run()
#10 {main}
CRITICAL - 2024-08-21 01:02:25 --> CodeIgniter\Database\Exceptions\DatabaseException: Unknown column 'c.frequencia' in 'field list'
in SYSTEMPATH\Database\BaseConnection.php on line 647.
 1 SYSTEMPATH\Database\BaseBuilder.php(1616): CodeIgniter\Database\BaseConnection->query('SELECT `c`.`id`, `c`.`nome` AS `cliente_nome`, `c`.`CPF`, `c`.`email`, `c`.`frequencia`, `c`.`ultimo_login`, `c`.`status`, `p`.`nome` AS `nome_personal`, `p`.`id` as `id_func`
FROM (`cliente`, `cliente` AS `c`)
INNER JOIN `funcionarios` AS `p` ON `c`.`personal_id` = `p`.`id`
GROUP BY `c`.`id`', [], false)
 2 SYSTEMPATH\Model.php(872): CodeIgniter\Database\BaseBuilder->get()
 3 APPPATH\Controllers\Cliente.php(98): CodeIgniter\Model->__call('get', [])
 4 SYSTEMPATH\CodeIgniter.php(941): App\Controllers\Cliente->pesquisar()
 5 SYSTEMPATH\CodeIgniter.php(502): CodeIgniter\CodeIgniter->runController(Object(App\Controllers\Cliente))
 6 SYSTEMPATH\CodeIgniter.php(361): CodeIgniter\CodeIgniter->handleRequest(null, Object(Config\Cache), false)
 7 FCPATH\index.php(85): CodeIgniter\CodeIgniter->run()
CRITICAL - 2024-08-21 01:02:25 --> [Caused by] CodeIgniter\Database\Exceptions\DatabaseException: Unknown column 'c.frequencia' in 'field list'
in SYSTEMPATH\Database\MySQLi\Connection.php on line 311.
 1 SYSTEMPATH\Database\BaseConnection.php(693): CodeIgniter\Database\MySQLi\Connection->execute('SELECT `c`.`id`, `c`.`nome` AS `cliente_nome`, `c`.`CPF`, `c`.`email`, `c`.`frequencia`, `c`.`ultimo_login`, `c`.`status`, `p`.`nome` AS `nome_personal`, `p`.`id` as `id_func`
FROM (`cliente`, `cliente` AS `c`)
INNER JOIN `funcionarios` AS `p` ON `c`.`personal_id` = `p`.`id`
GROUP BY `c`.`id`')
 2 SYSTEMPATH\Database\BaseConnection.php(607): CodeIgniter\Database\BaseConnection->simpleQuery('SELECT `c`.`id`, `c`.`nome` AS `cliente_nome`, `c`.`CPF`, `c`.`email`, `c`.`frequencia`, `c`.`ultimo_login`, `c`.`status`, `p`.`nome` AS `nome_personal`, `p`.`id` as `id_func`
FROM (`cliente`, `cliente` AS `c`)
INNER JOIN `funcionarios` AS `p` ON `c`.`personal_id` = `p`.`id`
GROUP BY `c`.`id`')
 3 SYSTEMPATH\Database\BaseBuilder.php(1616): CodeIgniter\Database\BaseConnection->query('SELECT `c`.`id`, `c`.`nome` AS `cliente_nome`, `c`.`CPF`, `c`.`email`, `c`.`frequencia`, `c`.`ultimo_login`, `c`.`status`, `p`.`nome` AS `nome_personal`, `p`.`id` as `id_func`
FROM (`cliente`, `cliente` AS `c`)
INNER JOIN `funcionarios` AS `p` ON `c`.`personal_id` = `p`.`id`
GROUP BY `c`.`id`', [], false)
 4 SYSTEMPATH\Model.php(872): CodeIgniter\Database\BaseBuilder->get()
 5 APPPATH\Controllers\Cliente.php(98): CodeIgniter\Model->__call('get', [])
 6 SYSTEMPATH\CodeIgniter.php(941): App\Controllers\Cliente->pesquisar()
 7 SYSTEMPATH\CodeIgniter.php(502): CodeIgniter\CodeIgniter->runController(Object(App\Controllers\Cliente))
 8 SYSTEMPATH\CodeIgniter.php(361): CodeIgniter\CodeIgniter->handleRequest(null, Object(Config\Cache), false)
 9 FCPATH\index.php(85): CodeIgniter\CodeIgniter->run()
CRITICAL - 2024-08-21 01:02:25 --> [Caused by] mysqli_sql_exception: Unknown column 'c.frequencia' in 'field list'
in SYSTEMPATH\Database\MySQLi\Connection.php on line 306.
 1 SYSTEMPATH\Database\MySQLi\Connection.php(306): mysqli->query('SELECT `c`.`id`, `c`.`nome` AS `cliente_nome`, `c`.`CPF`, `c`.`email`, `c`.`frequencia`, `c`.`ultimo_login`, `c`.`status`, `p`.`nome` AS `nome_personal`, `p`.`id` as `id_func`
FROM (`cliente`, `cliente` AS `c`)
INNER JOIN `funcionarios` AS `p` ON `c`.`personal_id` = `p`.`id`
GROUP BY `c`.`id`', 0)
 2 SYSTEMPATH\Database\BaseConnection.php(693): CodeIgniter\Database\MySQLi\Connection->execute('SELECT `c`.`id`, `c`.`nome` AS `cliente_nome`, `c`.`CPF`, `c`.`email`, `c`.`frequencia`, `c`.`ultimo_login`, `c`.`status`, `p`.`nome` AS `nome_personal`, `p`.`id` as `id_func`
FROM (`cliente`, `cliente` AS `c`)
INNER JOIN `funcionarios` AS `p` ON `c`.`personal_id` = `p`.`id`
GROUP BY `c`.`id`')
 3 SYSTEMPATH\Database\BaseConnection.php(607): CodeIgniter\Database\BaseConnection->simpleQuery('SELECT `c`.`id`, `c`.`nome` AS `cliente_nome`, `c`.`CPF`, `c`.`email`, `c`.`frequencia`, `c`.`ultimo_login`, `c`.`status`, `p`.`nome` AS `nome_personal`, `p`.`id` as `id_func`
FROM (`cliente`, `cliente` AS `c`)
INNER JOIN `funcionarios` AS `p` ON `c`.`personal_id` = `p`.`id`
GROUP BY `c`.`id`')
 4 SYSTEMPATH\Database\BaseBuilder.php(1616): CodeIgniter\Database\BaseConnection->query('SELECT `c`.`id`, `c`.`nome` AS `cliente_nome`, `c`.`CPF`, `c`.`email`, `c`.`frequencia`, `c`.`ultimo_login`, `c`.`status`, `p`.`nome` AS `nome_personal`, `p`.`id` as `id_func`
FROM (`cliente`, `cliente` AS `c`)
INNER JOIN `funcionarios` AS `p` ON `c`.`personal_id` = `p`.`id`
GROUP BY `c`.`id`', [], false)
 5 SYSTEMPATH\Model.php(872): CodeIgniter\Database\BaseBuilder->get()
 6 APPPATH\Controllers\Cliente.php(98): CodeIgniter\Model->__call('get', [])
 7 SYSTEMPATH\CodeIgniter.php(941): App\Controllers\Cliente->pesquisar()
 8 SYSTEMPATH\CodeIgniter.php(502): CodeIgniter\CodeIgniter->runController(Object(App\Controllers\Cliente))
 9 SYSTEMPATH\CodeIgniter.php(361): CodeIgniter\CodeIgniter->handleRequest(null, Object(Config\Cache), false)
10 FCPATH\index.php(85): CodeIgniter\CodeIgniter->run()
