ERROR - 2025-05-27 00:12:51 --> mysqli_sql_exception: Operand should contain 1 column(s) in C:\wamp64\www\sites\Projeto1\Back-end\system\Database\MySQLi\Connection.php:306
Stack trace:
#0 C:\wamp64\www\sites\Projeto1\Back-end\system\Database\MySQLi\Connection.php(306): mysqli->query('UPDATE `cliente...', 0)
#1 C:\wamp64\www\sites\Projeto1\Back-end\system\Database\BaseConnection.php(693): CodeIgniter\Database\MySQLi\Connection->execute('UPDATE `cliente...')
#2 C:\wamp64\www\sites\Projeto1\Back-end\system\Database\BaseConnection.php(607): CodeIgniter\Database\BaseConnection->simpleQuery('UPDATE `cliente...')
#3 C:\wamp64\www\sites\Projeto1\Back-end\system\Database\BaseBuilder.php(2474): CodeIgniter\Database\BaseConnection->query('UPDATE `cliente...', Array, false)
#4 C:\wamp64\www\sites\Projeto1\Back-end\system\Model.php(393): CodeIgniter\Database\BaseBuilder->update()
#5 C:\wamp64\www\sites\Projeto1\Back-end\system\BaseModel.php(987): CodeIgniter\Model->doUpdate(NULL, Array)
#6 C:\wamp64\www\sites\Projeto1\Back-end\system\Model.php(807): CodeIgniter\BaseModel->update(NULL, Array)
#7 C:\wamp64\www\sites\Projeto1\Back-end\app\Controllers\Admin.php(160): CodeIgniter\Model->update()
#8 C:\wamp64\www\sites\Projeto1\Back-end\system\CodeIgniter.php(941): App\Controllers\Admin->editar()
#9 C:\wamp64\www\sites\Projeto1\Back-end\system\CodeIgniter.php(502): CodeIgniter\CodeIgniter->runController(Object(App\Controllers\Admin))
#10 C:\wamp64\www\sites\Projeto1\Back-end\system\CodeIgniter.php(361): CodeIgniter\CodeIgniter->handleRequest(NULL, Object(Config\Cache), false)
#11 C:\wamp64\www\sites\Projeto1\Back-end\public\index.php(85): CodeIgniter\CodeIgniter->run()
#12 {main}
CRITICAL - 2025-05-27 00:12:51 --> CodeIgniter\Database\Exceptions\DatabaseException: Operand should contain 1 column(s)
in SYSTEMPATH\Database\BaseConnection.php on line 647.
 1 SYSTEMPATH\Database\BaseBuilder.php(2474): CodeIgniter\Database\BaseConnection->query('UPDATE `cliente` SET `nome` = :nome:, `email` = :email:, `CPF` = :CPF:, `personal_id` = :personal_id:, `foto_perfil` = :foto_perfil:, `RG` = :RG:, `telefone` = :telefone:, `endereco` = :endereco:, `datanascimento` = :datanascimento:, `nivel_experiencia` = :nivel_experiencia:, `atestado_medico` = :atestado_medico:, `treino_com_personal` = :treino_com_personal:, `termo_responsabilidade` = :termo_responsabilidade:
WHERE `id` = :id:', [...], false)
 2 SYSTEMPATH\Model.php(393): CodeIgniter\Database\BaseBuilder->update()
 3 SYSTEMPATH\BaseModel.php(987): CodeIgniter\Model->doUpdate(null, [...])
 4 SYSTEMPATH\Model.php(807): CodeIgniter\BaseModel->update(null, [...])
 5 APPPATH\Controllers\Admin.php(160): CodeIgniter\Model->update()
 6 SYSTEMPATH\CodeIgniter.php(941): App\Controllers\Admin->editar()
 7 SYSTEMPATH\CodeIgniter.php(502): CodeIgniter\CodeIgniter->runController(Object(App\Controllers\Admin))
 8 SYSTEMPATH\CodeIgniter.php(361): CodeIgniter\CodeIgniter->handleRequest(null, Object(Config\Cache), false)
 9 FCPATH\index.php(85): CodeIgniter\CodeIgniter->run()
CRITICAL - 2025-05-27 00:12:51 --> [Caused by] CodeIgniter\Database\Exceptions\DatabaseException: Operand should contain 1 column(s)
in SYSTEMPATH\Database\MySQLi\Connection.php on line 311.
 1 SYSTEMPATH\Database\BaseConnection.php(693): CodeIgniter\Database\MySQLi\Connection->execute('UPDATE `cliente` SET `nome` = NULL, `email` = \'ana.costa@email.com\', `CPF` = \'45678912300\', `personal_id` = \'1\', `foto_perfil` = (\'\'), `RG` = (\'\'), `telefone` = (\'\'), `endereco` = (\'\'), `datanascimento` = (\'\'), `nivel_experiencia` = (\'iniciante\',NULL), `atestado_medico` = (\'\'), `treino_com_personal` = (\'nao\'), `termo_responsabilidade` = (\'\')
WHERE `id` = \'74\'')
 2 SYSTEMPATH\Database\BaseConnection.php(607): CodeIgniter\Database\BaseConnection->simpleQuery('UPDATE `cliente` SET `nome` = NULL, `email` = \'ana.costa@email.com\', `CPF` = \'45678912300\', `personal_id` = \'1\', `foto_perfil` = (\'\'), `RG` = (\'\'), `telefone` = (\'\'), `endereco` = (\'\'), `datanascimento` = (\'\'), `nivel_experiencia` = (\'iniciante\',NULL), `atestado_medico` = (\'\'), `treino_com_personal` = (\'nao\'), `termo_responsabilidade` = (\'\')
WHERE `id` = \'74\'')
 3 SYSTEMPATH\Database\BaseBuilder.php(2474): CodeIgniter\Database\BaseConnection->query('UPDATE `cliente` SET `nome` = :nome:, `email` = :email:, `CPF` = :CPF:, `personal_id` = :personal_id:, `foto_perfil` = :foto_perfil:, `RG` = :RG:, `telefone` = :telefone:, `endereco` = :endereco:, `datanascimento` = :datanascimento:, `nivel_experiencia` = :nivel_experiencia:, `atestado_medico` = :atestado_medico:, `treino_com_personal` = :treino_com_personal:, `termo_responsabilidade` = :termo_responsabilidade:
WHERE `id` = :id:', [...], false)
 4 SYSTEMPATH\Model.php(393): CodeIgniter\Database\BaseBuilder->update()
 5 SYSTEMPATH\BaseModel.php(987): CodeIgniter\Model->doUpdate(null, [...])
 6 SYSTEMPATH\Model.php(807): CodeIgniter\BaseModel->update(null, [...])
 7 APPPATH\Controllers\Admin.php(160): CodeIgniter\Model->update()
 8 SYSTEMPATH\CodeIgniter.php(941): App\Controllers\Admin->editar()
 9 SYSTEMPATH\CodeIgniter.php(502): CodeIgniter\CodeIgniter->runController(Object(App\Controllers\Admin))
10 SYSTEMPATH\CodeIgniter.php(361): CodeIgniter\CodeIgniter->handleRequest(null, Object(Config\Cache), false)
11 FCPATH\index.php(85): CodeIgniter\CodeIgniter->run()
CRITICAL - 2025-05-27 00:12:51 --> [Caused by] mysqli_sql_exception: Operand should contain 1 column(s)
in SYSTEMPATH\Database\MySQLi\Connection.php on line 306.
 1 SYSTEMPATH\Database\MySQLi\Connection.php(306): mysqli->query('UPDATE `cliente` SET `nome` = NULL, `email` = \'ana.costa@email.com\', `CPF` = \'45678912300\', `personal_id` = \'1\', `foto_perfil` = (\'\'), `RG` = (\'\'), `telefone` = (\'\'), `endereco` = (\'\'), `datanascimento` = (\'\'), `nivel_experiencia` = (\'iniciante\',NULL), `atestado_medico` = (\'\'), `treino_com_personal` = (\'nao\'), `termo_responsabilidade` = (\'\')
WHERE `id` = \'74\'', 0)
 2 SYSTEMPATH\Database\BaseConnection.php(693): CodeIgniter\Database\MySQLi\Connection->execute('UPDATE `cliente` SET `nome` = NULL, `email` = \'ana.costa@email.com\', `CPF` = \'45678912300\', `personal_id` = \'1\', `foto_perfil` = (\'\'), `RG` = (\'\'), `telefone` = (\'\'), `endereco` = (\'\'), `datanascimento` = (\'\'), `nivel_experiencia` = (\'iniciante\',NULL), `atestado_medico` = (\'\'), `treino_com_personal` = (\'nao\'), `termo_responsabilidade` = (\'\')
WHERE `id` = \'74\'')
 3 SYSTEMPATH\Database\BaseConnection.php(607): CodeIgniter\Database\BaseConnection->simpleQuery('UPDATE `cliente` SET `nome` = NULL, `email` = \'ana.costa@email.com\', `CPF` = \'45678912300\', `personal_id` = \'1\', `foto_perfil` = (\'\'), `RG` = (\'\'), `telefone` = (\'\'), `endereco` = (\'\'), `datanascimento` = (\'\'), `nivel_experiencia` = (\'iniciante\',NULL), `atestado_medico` = (\'\'), `treino_com_personal` = (\'nao\'), `termo_responsabilidade` = (\'\')
WHERE `id` = \'74\'')
 4 SYSTEMPATH\Database\BaseBuilder.php(2474): CodeIgniter\Database\BaseConnection->query('UPDATE `cliente` SET `nome` = :nome:, `email` = :email:, `CPF` = :CPF:, `personal_id` = :personal_id:, `foto_perfil` = :foto_perfil:, `RG` = :RG:, `telefone` = :telefone:, `endereco` = :endereco:, `datanascimento` = :datanascimento:, `nivel_experiencia` = :nivel_experiencia:, `atestado_medico` = :atestado_medico:, `treino_com_personal` = :treino_com_personal:, `termo_responsabilidade` = :termo_responsabilidade:
WHERE `id` = :id:', [...], false)
 5 SYSTEMPATH\Model.php(393): CodeIgniter\Database\BaseBuilder->update()
 6 SYSTEMPATH\BaseModel.php(987): CodeIgniter\Model->doUpdate(null, [...])
 7 SYSTEMPATH\Model.php(807): CodeIgniter\BaseModel->update(null, [...])
 8 APPPATH\Controllers\Admin.php(160): CodeIgniter\Model->update()
 9 SYSTEMPATH\CodeIgniter.php(941): App\Controllers\Admin->editar()
10 SYSTEMPATH\CodeIgniter.php(502): CodeIgniter\CodeIgniter->runController(Object(App\Controllers\Admin))
11 SYSTEMPATH\CodeIgniter.php(361): CodeIgniter\CodeIgniter->handleRequest(null, Object(Config\Cache), false)
12 FCPATH\index.php(85): CodeIgniter\CodeIgniter->run()
